2023-06-08 00:10:24.168 [JavaFX Application Thread] WARN  at.fhtw.businessLogic.BusinessLogic - BusinessLogic.createTour() - TourService.createTour() - bad request
2023-06-08 01:15:24.456 [JavaFX Application Thread] WARN  at.fhtw.businessLogic.BusinessLogic - BusinessLogic.createTour() - TourService.createTour() - bad request
2023-06-08 01:15:45.025 [JavaFX Application Thread] WARN  at.fhtw.businessLogic.BusinessLogic - BusinessLogic.createTour() - TourService.createTour() - bad request
2023-06-08 01:17:22.097 [JavaFX Application Thread] WARN  at.fhtw.businessLogic.BusinessLogic - BusinessLogic.createTour() - TourService.createTour() - bad request
2023-06-08 01:30:59.655 [JavaFX Application Thread] WARN  at.fhtw.businessLogic.BusinessLogic - BusinessLogic.createTour() - TourService.createTour() - bad request
2023-06-08 01:37:09.229 [JavaFX Application Thread] WARN  at.fhtw.businessLogic.BusinessLogic - BusinessLogic.createTour() - TourService.createTour() - bad request
2023-06-08 04:11:31.259 [JavaFX Application Thread] INFO  at.fhtw.viewmodel.ListToursViewModel - BusinessLogic.deleteTour() - TourService.deleteTour() - tourId not found: 1
2023-06-08 04:11:31.691 [JavaFX Application Thread] INFO  at.fhtw.viewmodel.ListToursViewModel - BusinessLogic.deleteTour() - TourService.deleteTour() - tourId not found: 1
2023-06-08 04:13:11.976 [JavaFX Application Thread] INFO  at.fhtw.viewmodel.ListToursViewModel - BusinessLogic.deleteTour() - TourService.deleteTour() - tourId not found: 1
2023-06-08 04:24:35.424 [JavaFX Application Thread] INFO  at.fhtw.viewmodel.ListToursViewModel - BusinessLogic.deleteTour() - TourService.deleteTour() - tourId not found: 1
2023-06-08 04:24:40.726 [JavaFX Application Thread] INFO  at.fhtw.viewmodel.ListToursViewModel - BusinessLogic.deleteTour() - TourService.deleteTour() - tourId not found: 1
2023-06-08 04:25:17.465 [JavaFX Application Thread] INFO  at.fhtw.viewmodel.ListToursViewModel - BusinessLogic.deleteTour() - TourService.deleteTour() - tourId not found: 1
2023-06-08 10:29:27.947 [JavaFX Application Thread] INFO  at.fhtw.utils.ImageHandler - ImageHandler.saveBase64EncodedImageToFile() - image saved successfully: data/images/1.jpg
2023-06-08 10:29:27.958 [JavaFX Application Thread] INFO  at.fhtw.viewmodel.AddTourViewModel - BusinessLogic.createTour() - tour created successfully: Tour{tourId=1, name='tour', tourDescription='tour', start='vienna', destination='berlin', transportType='car', tourDistance=80.5, estimatedTime=3480000, popularity=1, childFriendliness=3, tourLogs=null}
2023-06-08 10:30:03.188 [JavaFX Application Thread] INFO  at.fhtw.utils.ImageHandler - ImageHandler.saveBase64EncodedImageToFile() - image saved successfully: data/images/2.jpg
2023-06-08 10:30:03.188 [JavaFX Application Thread] INFO  at.fhtw.viewmodel.AddTourViewModel - BusinessLogic.createTour() - tour created successfully: Tour{tourId=2, name='tour2', tourDescription='tour', start='berlin', destination='vienna', transportType='car', tourDistance=80.5, estimatedTime=3480000, popularity=1, childFriendliness=3, tourLogs=null}
2023-06-08 10:56:15.678 [JavaFX Application Thread] INFO  at.fhtw.utils.ImageHandler - ImageHandler.saveBase64EncodedImageToFile() - image saved successfully: data/images/1.jpg
2023-06-08 10:56:15.686 [JavaFX Application Thread] INFO  at.fhtw.viewmodel.AddTourViewModel - BusinessLogic.createTour() - tour created successfully: Tour{tourId=1, name='tour1', tourDescription='tour1', start='Arizona', destination='Ohio', transportType='car', tourDistance=3025.4, estimatedTime=94535, popularity=1, childFriendliness=3, tourLogs=null}
2023-06-08 10:58:31.741 [JavaFX Application Thread] WARN  at.fhtw.viewmodel.AddTourViewModel - BusinessLogic.createTour() - TourService.createTour() - bad request
2023-06-08 10:59:14.815 [JavaFX Application Thread] INFO  at.fhtw.utils.ImageHandler - ImageHandler.saveBase64EncodedImageToFile() - image saved successfully: data/images/2.jpg
2023-06-08 10:59:14.822 [JavaFX Application Thread] INFO  at.fhtw.viewmodel.AddTourViewModel - BusinessLogic.createTour() - tour created successfully: Tour{tourId=2, name='tour2', tourDescription='tour2', start='Oregon', destination='New York', transportType='car', tourDistance=4739.2, estimatedTime=148651, popularity=1, childFriendliness=3, tourLogs=null}
2023-06-08 11:16:57.414 [JavaFX Application Thread] INFO  at.fhtw.utils.ImageHandler - ImageHandler.saveBase64EncodedImageToFile() - image saved successfully: data/images/3.jpg
2023-06-08 11:16:57.426 [JavaFX Application Thread] INFO  at.fhtw.viewmodel.AddTourViewModel - BusinessLogic.createTour() - tour created successfully: Tour{tourId=3, name='tour3', tourDescription='tour3', start='Ohio', destination='New York', transportType='car', tourDistance=868.2, estimatedTime=29348, popularity=1, childFriendliness=3, tourLogs=null}
2023-06-08 11:23:54.156 [JavaFX Application Thread] INFO  at.fhtw.utils.ImageHandler - ImageHandler.saveBase64EncodedImageToFile() - image saved successfully: data/images/4.jpg
2023-06-08 11:23:54.170 [JavaFX Application Thread] INFO  at.fhtw.viewmodel.AddTourViewModel - BusinessLogic.createTour() - tour created successfully: Tour{tourId=4, name='tour4', tourDescription='tour4', start='Ohio', destination='New York', transportType='car', tourDistance=868.2, estimatedTime=29348, popularity=1, childFriendliness=3, tourLogs=null}
2023-06-08 11:26:37.871 [JavaFX Application Thread] INFO  at.fhtw.utils.ImageHandler - ImageHandler.saveBase64EncodedImageToFile() - image saved successfully: data/images/5.jpg
2023-06-08 11:26:37.882 [JavaFX Application Thread] INFO  at.fhtw.viewmodel.AddTourViewModel - BusinessLogic.createTour() - tour created successfully: Tour{tourId=5, name='tour5', tourDescription='tour5', start='Arizona', destination='New York', transportType='car', tourDistance=3891.7, estimatedTime=123540, popularity=1, childFriendliness=3, tourLogs=null}
2023-06-08 11:31:36.856 [JavaFX Application Thread] INFO  at.fhtw.utils.ImageHandler - ImageHandler.saveBase64EncodedImageToFile() - image saved successfully: data/images/6.jpg
2023-06-08 11:31:36.873 [JavaFX Application Thread] INFO  at.fhtw.viewmodel.AddTourViewModel - BusinessLogic.createTour() - tour created successfully: Tour{tourId=6, name='tour5', tourDescription='tour5', start='Ohio', destination='New Yotk', transportType='car', tourDistance=868.2, estimatedTime=29348, popularity=1, childFriendliness=3, tourLogs=null}
2023-06-08 11:34:36.646 [JavaFX Application Thread] INFO  at.fhtw.utils.ImageHandler - ImageHandler.saveBase64EncodedImageToFile() - image saved successfully: data/images/7.jpg
2023-06-08 11:34:36.657 [JavaFX Application Thread] INFO  at.fhtw.viewmodel.AddTourViewModel - BusinessLogic.createTour() - tour created successfully: Tour{tourId=7, name='tour6', tourDescription='tour', start='Arizona', destination='Ohio', transportType='car', tourDistance=3025.4, estimatedTime=94535, popularity=1, childFriendliness=3, tourLogs=null}
2023-06-08 11:35:48.892 [JavaFX Application Thread] INFO  at.fhtw.utils.ImageHandler - ImageHandler.saveBase64EncodedImageToFile() - image saved successfully: data/images/8.jpg
2023-06-08 11:35:48.904 [JavaFX Application Thread] INFO  at.fhtw.viewmodel.AddTourViewModel - BusinessLogic.createTour() - tour created successfully: Tour{tourId=8, name='tour7', tourDescription='tour7', start='Ohio', destination='Arizona', transportType='car', tourDistance=3025.0, estimatedTime=95186, popularity=1, childFriendliness=3, tourLogs=null}
2023-06-08 11:54:03.175 [JavaFX Application Thread] INFO  at.fhtw.viewmodel.ListToursViewModel - BusinessLogic.searchTour() - TourService.searchTour() - keyword not found: hey
2023-06-08 11:54:03.307 [JavaFX Application Thread] INFO  at.fhtw.viewmodel.ListToursViewModel - BusinessLogic.searchTour() - TourService.searchTour() - keyword not found: hey
2023-06-08 11:54:08.589 [JavaFX Application Thread] INFO  at.fhtw.viewmodel.ListToursViewModel - BusinessLogic.searchTour() - TourService.searchTour() - keyword not found: 
2023-06-08 11:54:08.599 [JavaFX Application Thread] INFO  at.fhtw.viewmodel.ListToursViewModel - BusinessLogic.searchTour() - TourService.searchTour() - keyword not found: 
2023-06-08 11:55:44.749 [JavaFX Application Thread] INFO  at.fhtw.viewmodel.ListToursViewModel - BusinessLogic.searchTour() - tourList retrieved successfully: [TourListEntry{tourId=1, name='tour1'}, TourListEntry{tourId=2, name='tour2'}, TourListEntry{tourId=3, name='tour3'}, TourListEntry{tourId=4, name='tour4'}, TourListEntry{tourId=5, name='tour5'}, TourListEntry{tourId=6, name='tour5'}, TourListEntry{tourId=7, name='tour6'}, TourListEntry{tourId=8, name='tour7'}]
2023-06-08 11:55:44.927 [JavaFX Application Thread] INFO  at.fhtw.viewmodel.ListToursViewModel - BusinessLogic.searchTour() - tourList retrieved successfully: [TourListEntry{tourId=1, name='tour1'}, TourListEntry{tourId=2, name='tour2'}, TourListEntry{tourId=3, name='tour3'}, TourListEntry{tourId=4, name='tour4'}, TourListEntry{tourId=5, name='tour5'}, TourListEntry{tourId=6, name='tour5'}, TourListEntry{tourId=7, name='tour6'}, TourListEntry{tourId=8, name='tour7'}]
2023-06-08 11:55:50.997 [JavaFX Application Thread] INFO  at.fhtw.viewmodel.ListToursViewModel - BusinessLogic.searchTour() - TourService.searchTour() - keyword not found: t1
2023-06-08 11:55:51.128 [JavaFX Application Thread] INFO  at.fhtw.viewmodel.ListToursViewModel - BusinessLogic.searchTour() - TourService.searchTour() - keyword not found: t1
2023-06-08 11:55:55.249 [JavaFX Application Thread] INFO  at.fhtw.viewmodel.ListToursViewModel - BusinessLogic.searchTour() - tourList retrieved successfully: [TourListEntry{tourId=1, name='tour1'}, TourListEntry{tourId=2, name='tour2'}, TourListEntry{tourId=3, name='tour3'}, TourListEntry{tourId=4, name='tour4'}, TourListEntry{tourId=5, name='tour5'}, TourListEntry{tourId=6, name='tour5'}, TourListEntry{tourId=7, name='tour6'}, TourListEntry{tourId=8, name='tour7'}]
2023-06-08 11:55:55.398 [JavaFX Application Thread] INFO  at.fhtw.viewmodel.ListToursViewModel - BusinessLogic.searchTour() - tourList retrieved successfully: [TourListEntry{tourId=1, name='tour1'}, TourListEntry{tourId=2, name='tour2'}, TourListEntry{tourId=3, name='tour3'}, TourListEntry{tourId=4, name='tour4'}, TourListEntry{tourId=5, name='tour5'}, TourListEntry{tourId=6, name='tour5'}, TourListEntry{tourId=7, name='tour6'}, TourListEntry{tourId=8, name='tour7'}]
2023-06-08 11:56:07.913 [JavaFX Application Thread] INFO  at.fhtw.viewmodel.ListToursViewModel - BusinessLogic.searchTour() - TourService.searchTour() - keyword not found: 
2023-06-08 11:56:07.922 [JavaFX Application Thread] INFO  at.fhtw.viewmodel.ListToursViewModel - BusinessLogic.searchTour() - TourService.searchTour() - keyword not found: 
2023-06-08 11:58:22.423 [JavaFX Application Thread] INFO  at.fhtw.viewmodel.ListToursViewModel - BusinessLogic.searchTour() - TourService.searchTour() - keyword not found: hu
2023-06-08 11:58:22.588 [JavaFX Application Thread] INFO  at.fhtw.viewmodel.ListToursViewModel - BusinessLogic.searchTour() - TourService.searchTour() - keyword not found: hu
2023-06-08 11:58:26.059 [JavaFX Application Thread] INFO  at.fhtw.viewmodel.ListToursViewModel - BusinessLogic.searchTour() - tourList retrieved successfully: [TourListEntry{tourId=1, name='tour1'}, TourListEntry{tourId=2, name='tour2'}, TourListEntry{tourId=3, name='tour3'}, TourListEntry{tourId=4, name='tour4'}, TourListEntry{tourId=5, name='tour5'}, TourListEntry{tourId=6, name='tour5'}, TourListEntry{tourId=7, name='tour6'}, TourListEntry{tourId=8, name='tour7'}]
2023-06-08 11:58:26.206 [JavaFX Application Thread] INFO  at.fhtw.viewmodel.ListToursViewModel - BusinessLogic.searchTour() - tourList retrieved successfully: [TourListEntry{tourId=1, name='tour1'}, TourListEntry{tourId=2, name='tour2'}, TourListEntry{tourId=3, name='tour3'}, TourListEntry{tourId=4, name='tour4'}, TourListEntry{tourId=5, name='tour5'}, TourListEntry{tourId=6, name='tour5'}, TourListEntry{tourId=7, name='tour6'}, TourListEntry{tourId=8, name='tour7'}]
2023-06-08 11:58:34.046 [JavaFX Application Thread] INFO  at.fhtw.viewmodel.ListToursViewModel - BusinessLogic.searchTour() - tourList retrieved successfully: [TourListEntry{tourId=1, name='tour1'}]
2023-06-08 11:58:34.180 [JavaFX Application Thread] INFO  at.fhtw.viewmodel.ListToursViewModel - BusinessLogic.searchTour() - tourList retrieved successfully: [TourListEntry{tourId=1, name='tour1'}]
2023-06-08 12:00:15.963 [JavaFX Application Thread] INFO  at.fhtw.viewmodel.ListToursViewModel - BusinessLogic.searchTour() - tourList retrieved successfully: [TourListEntry{tourId=1, name='tour1'}]
2023-06-08 12:00:16.090 [JavaFX Application Thread] INFO  at.fhtw.viewmodel.ListToursViewModel - BusinessLogic.searchTour() - tourList retrieved successfully: [TourListEntry{tourId=1, name='tour1'}]
2023-06-08 12:00:28.124 [JavaFX Application Thread] INFO  at.fhtw.viewmodel.ListToursViewModel - BusinessLogic.searchTour() - tourList retrieved successfully: [TourListEntry{tourId=1, name='tour1'}, TourListEntry{tourId=2, name='tour2'}, TourListEntry{tourId=3, name='tour3'}, TourListEntry{tourId=4, name='tour4'}, TourListEntry{tourId=5, name='tour5'}, TourListEntry{tourId=6, name='tour5'}, TourListEntry{tourId=7, name='tour6'}, TourListEntry{tourId=8, name='tour7'}]
2023-06-08 12:00:28.258 [JavaFX Application Thread] INFO  at.fhtw.viewmodel.ListToursViewModel - BusinessLogic.searchTour() - tourList retrieved successfully: [TourListEntry{tourId=1, name='tour1'}, TourListEntry{tourId=2, name='tour2'}, TourListEntry{tourId=3, name='tour3'}, TourListEntry{tourId=4, name='tour4'}, TourListEntry{tourId=5, name='tour5'}, TourListEntry{tourId=6, name='tour5'}, TourListEntry{tourId=7, name='tour6'}, TourListEntry{tourId=8, name='tour7'}]
2023-06-08 12:11:07.529 [JavaFX Application Thread] INFO  at.fhtw.viewmodel.ListToursViewModel - BusinessLogic.searchTour() - tourList retrieved successfully: [TourListEntry{tourId=1, name='tour1'}]
2023-06-08 12:11:07.669 [JavaFX Application Thread] INFO  at.fhtw.viewmodel.ListToursViewModel - BusinessLogic.searchTour() - tourList retrieved successfully: [TourListEntry{tourId=1, name='tour1'}]
2023-06-08 12:12:43.360 [JavaFX Application Thread] INFO  at.fhtw.viewmodel.ListToursViewModel - BusinessLogic.searchTour() - tourList retrieved successfully: [TourListEntry{tourId=1, name='tour1'}]
2023-06-08 12:12:51.073 [JavaFX Application Thread] INFO  at.fhtw.viewmodel.ListToursViewModel - BusinessLogic.searchTour() - tourList retrieved successfully: [TourListEntry{tourId=1, name='tour1'}]
2023-06-08 12:17:58.272 [JavaFX Application Thread] INFO  at.fhtw.utils.ImageHandler - ImageHandler.saveBase64EncodedImageToFile() - image saved successfully: data/images/9.jpg
2023-06-08 12:17:58.284 [JavaFX Application Thread] INFO  at.fhtw.viewmodel.AddTourViewModel - BusinessLogic.createTour() - tour created successfully: Tour{tourId=9, name='tour8', tourDescription='tour8', start='Vienna', destination='Berlin', transportType='car', tourDistance=686.8, estimatedTime=24222, popularity=1, childFriendliness=3, tourLogs=null}
2023-06-08 12:26:18.602 [JavaFX Application Thread] INFO  at.fhtw.utils.ImageHandler - ImageHandler.saveBase64EncodedImageToFile() - image saved successfully: data/images/10.jpg
2023-06-08 12:26:18.617 [JavaFX Application Thread] INFO  at.fhtw.viewmodel.AddTourViewModel - BusinessLogic.createTour() - tour created successfully: Tour{tourId=10, name='test', tourDescription='test', start='Berlin', destination='Vienna', transportType='car', tourDistance=680.8, estimatedTime=23883, popularity=1, childFriendliness=3, tourLogs=null}
2023-06-08 12:26:21.672 [JavaFX Application Thread] INFO  at.fhtw.utils.ImageHandler - ImageHandler.saveBase64EncodedImageToFile() - image saved successfully: data/images/11.jpg
2023-06-08 12:26:21.673 [JavaFX Application Thread] INFO  at.fhtw.viewmodel.AddTourViewModel - BusinessLogic.createTour() - tour created successfully: Tour{tourId=11, name='test', tourDescription='test', start='Berlin', destination='Vienna', transportType='car', tourDistance=680.8, estimatedTime=23883, popularity=1, childFriendliness=3, tourLogs=null}
2023-06-08 12:26:25.186 [JavaFX Application Thread] INFO  at.fhtw.utils.ImageHandler - ImageHandler.saveBase64EncodedImageToFile() - image saved successfully: data/images/12.jpg
2023-06-08 12:26:25.188 [JavaFX Application Thread] INFO  at.fhtw.viewmodel.AddTourViewModel - BusinessLogic.createTour() - tour created successfully: Tour{tourId=12, name='test', tourDescription='test', start='Berlin', destination='Vienna', transportType='car', tourDistance=680.8, estimatedTime=23883, popularity=1, childFriendliness=3, tourLogs=null}
2023-06-08 12:26:28.708 [JavaFX Application Thread] INFO  at.fhtw.utils.ImageHandler - ImageHandler.saveBase64EncodedImageToFile() - image saved successfully: data/images/13.jpg
2023-06-08 12:26:28.708 [JavaFX Application Thread] INFO  at.fhtw.viewmodel.AddTourViewModel - BusinessLogic.createTour() - tour created successfully: Tour{tourId=13, name='test', tourDescription='test', start='Berlin', destination='Vienna', transportType='car', tourDistance=680.8, estimatedTime=23883, popularity=1, childFriendliness=3, tourLogs=null}
2023-06-08 12:26:35.586 [JavaFX Application Thread] INFO  at.fhtw.utils.ImageHandler - ImageHandler.saveBase64EncodedImageToFile() - image saved successfully: data/images/14.jpg
2023-06-08 12:26:35.586 [JavaFX Application Thread] INFO  at.fhtw.viewmodel.AddTourViewModel - BusinessLogic.createTour() - tour created successfully: Tour{tourId=14, name='test', tourDescription='test', start='Berlin', destination='Vienna', transportType='car', tourDistance=680.8, estimatedTime=23883, popularity=1, childFriendliness=3, tourLogs=null}
2023-06-08 12:26:38.933 [JavaFX Application Thread] INFO  at.fhtw.utils.ImageHandler - ImageHandler.saveBase64EncodedImageToFile() - image saved successfully: data/images/15.jpg
2023-06-08 12:26:38.934 [JavaFX Application Thread] INFO  at.fhtw.viewmodel.AddTourViewModel - BusinessLogic.createTour() - tour created successfully: Tour{tourId=15, name='test', tourDescription='test', start='Berlin', destination='Vienna', transportType='car', tourDistance=680.8, estimatedTime=23883, popularity=1, childFriendliness=3, tourLogs=null}
2023-06-08 12:26:43.072 [JavaFX Application Thread] INFO  at.fhtw.utils.ImageHandler - ImageHandler.saveBase64EncodedImageToFile() - image saved successfully: data/images/16.jpg
2023-06-08 12:26:43.072 [JavaFX Application Thread] INFO  at.fhtw.viewmodel.AddTourViewModel - BusinessLogic.createTour() - tour created successfully: Tour{tourId=16, name='test', tourDescription='test', start='Berlin', destination='Vienna', transportType='car', tourDistance=680.8, estimatedTime=23883, popularity=1, childFriendliness=3, tourLogs=null}
2023-06-08 12:26:52.030 [JavaFX Application Thread] INFO  at.fhtw.utils.ImageHandler - ImageHandler.saveBase64EncodedImageToFile() - image saved successfully: data/images/17.jpg
2023-06-08 12:26:52.030 [JavaFX Application Thread] INFO  at.fhtw.viewmodel.AddTourViewModel - BusinessLogic.createTour() - tour created successfully: Tour{tourId=17, name='test', tourDescription='test', start='Berlin', destination='Vienna', transportType='car', tourDistance=680.8, estimatedTime=23883, popularity=1, childFriendliness=3, tourLogs=null}
2023-06-08 12:27:00.491 [JavaFX Application Thread] INFO  at.fhtw.utils.ImageHandler - ImageHandler.saveBase64EncodedImageToFile() - image saved successfully: data/images/18.jpg
2023-06-08 12:27:00.491 [JavaFX Application Thread] INFO  at.fhtw.viewmodel.AddTourViewModel - BusinessLogic.createTour() - tour created successfully: Tour{tourId=18, name='test', tourDescription='test', start='Berlin', destination='Vienna', transportType='car', tourDistance=680.8, estimatedTime=23883, popularity=1, childFriendliness=3, tourLogs=null}
2023-06-08 12:31:51.102 [JavaFX Application Thread] INFO  at.fhtw.utils.ImageHandler - ImageHandler.saveBase64EncodedImageToFile() - image saved successfully: data/images/19.jpg
2023-06-08 12:31:51.113 [JavaFX Application Thread] INFO  at.fhtw.viewmodel.AddTourViewModel - BusinessLogic.createTour() - tour created successfully: Tour{tourId=19, name='dad', tourDescription='ad', start='berlin', destination='vienna', transportType='car', tourDistance=680.6, estimatedTime=23850, popularity=1, childFriendliness=3, tourLogs=null}
2023-06-08 12:39:13.913 [JavaFX Application Thread] INFO  at.fhtw.utils.ImageHandler - ImageHandler.saveBase64EncodedImageToFile() - image saved successfully: data/images/1.jpg
2023-06-08 12:39:13.920 [JavaFX Application Thread] INFO  at.fhtw.viewmodel.AddTourViewModel - BusinessLogic.createTour() - tour created successfully: Tour{tourId=1, name='tour1', tourDescription='tour1', start='Berlin', destination='Vienna', transportType='car', tourDistance=682.1, estimatedTime=24019, popularity=1, childFriendliness=3, tourLogs=null}
2023-06-08 12:42:19.552 [JavaFX Application Thread] INFO  at.fhtw.utils.ImageHandler - ImageHandler.saveBase64EncodedImageToFile() - image saved successfully: data/images/2.jpg
2023-06-08 12:42:19.569 [JavaFX Application Thread] INFO  at.fhtw.viewmodel.AddTourViewModel - BusinessLogic.createTour() - tour created successfully: Tour{tourId=2, name='tour2', tourDescription='tour2', start='Vienna', destination='Berlin', transportType='car', tourDistance=684.7, estimatedTime=24292, popularity=1, childFriendliness=3, tourLogs=null}
2023-06-08 12:49:00.266 [JavaFX Application Thread] WARN  at.fhtw.viewmodel.AddTourViewModel - BusinessLogic.createTour() - at.fhtw.exceptions.BadRequestException: TourService.createTour() - bad request
2023-06-08 12:49:29.352 [JavaFX Application Thread] INFO  at.fhtw.utils.ImageHandler - ImageHandler.saveBase64EncodedImageToFile() - image saved successfully: data/images/3.jpg
2023-06-08 12:49:29.362 [JavaFX Application Thread] INFO  at.fhtw.viewmodel.AddTourViewModel - BusinessLogic.createTour() - tour created successfully: Tour{tourId=3, name='tour', tourDescription='ewe', start='Berlin', destination='Vienna', transportType='car', tourDistance=680.6, estimatedTime=23850, popularity=1, childFriendliness=3, tourLogs=null}
