2023-05-25 12:40:57.086 [main] INFO  at.fhtw.TourPlannerClient - test
2023-05-25 12:41:29.786 [main] INFO  at.fhtw.TourPlannerClient - test
2023-05-25 12:44:53.202 [main] INFO  at.fhtw.TourPlannerClient - test
2023-05-25 12:49:33.412 [main] INFO  at.fhtw.TourPlannerClient - test
2023-05-25 12:52:10.939 [main] INFO  at.fhtw.TourPlannerClient - test
2023-05-25 12:53:13.212 [main] INFO  at.fhtw.TourPlannerClient - test
2023-05-25 12:55:17.968 [main] INFO  at.fhtw.TourPlannerClient - test
2023-05-25 14:44:47.251 [main] INFO  at.fhtw.utils.pdfFileHandler.PdfFileHandler - PdfFileHandler.createSummarizeReport() - summarize report created successfully: C:\Users\Felix\Desktop\summarizeReport.pdf
2023-05-25 14:44:47.255 [main] INFO  at.fhtw.businessLogic.BusinessLogic - BusinessLogic.createSummarizeReport() - report created successfully: C:\Users\Felix\Desktop\summarizeReport.pdf
2023-05-25 14:44:47.286 [main] INFO  at.fhtw.businessLogic.BusinessLogic - BusinessLogic.getTour() - tour retrieved successfully: Tour{tourId=2, name='MyTour', tourDescription='My beautiful tour 2', start='Vienna', destination='Bratislava', transportType='Car', tourDistance=80.0, estimatedTime=3358, popularity=1, childFriendliness=3, tourLogs=[]}
2023-05-25 14:48:07.866 [main] INFO  at.fhtw.utils.ImageHandler - ImageHandler.saveBase64EncodedImageToFile() - image saved successfully: data/images/1.jpg
2023-05-25 14:48:07.872 [main] INFO  at.fhtw.utils.ImageHandler - ImageHandler.saveBase64EncodedImageToFile() - image saved successfully: data/images/2.jpg
2023-05-25 14:48:07.873 [main] INFO  at.fhtw.utils.ImageHandler - ImageHandler.saveBase64EncodedImageToFile() - image saved successfully: data/images/3.jpg
2023-05-25 14:48:08.460 [main] INFO  at.fhtw.utils.pdfFileHandler.PdfFileHandler - PdfFileHandler.createSummarizeReport() - summarize report created successfully: C:\Users\Felix\Desktop\summarizeReport.pdf
2023-05-25 14:48:08.461 [main] INFO  at.fhtw.businessLogic.BusinessLogic - BusinessLogic.createSummarizeReport() - report created successfully: C:\Users\Felix\Desktop\summarizeReport.pdf
2023-05-25 14:48:08.483 [main] INFO  at.fhtw.utils.ImageHandler - ImageHandler.saveBase64EncodedImageToFile() - image saved successfully: data/images/1.jpg
2023-05-25 14:48:08.544 [main] INFO  at.fhtw.utils.pdfFileHandler.PdfFileHandler - PdfFileHandler.createTourReport() - tour report created successfully: C:\Users\Felix\Desktop\tourReport.pdf
2023-05-25 14:48:08.544 [main] INFO  at.fhtw.businessLogic.BusinessLogic - BusinessLogic.createTourReport() - report created successfully: C:\Users\Felix\Desktop\tourReport.pdf
2023-05-25 14:48:08.587 [main] INFO  at.fhtw.utils.ImageHandler - ImageHandler.saveBase64EncodedImageToFile() - image saved successfully: data/images/1.jpg
2023-05-25 14:48:08.588 [main] INFO  at.fhtw.utils.ImageHandler - ImageHandler.saveBase64EncodedImageToFile() - image saved successfully: data/images/2.jpg
2023-05-25 14:48:08.589 [main] INFO  at.fhtw.utils.ImageHandler - ImageHandler.saveBase64EncodedImageToFile() - image saved successfully: data/images/3.jpg
2023-05-25 14:48:08.687 [main] INFO  at.fhtw.utils.pdfFileHandler.PdfFileHandler - PdfFileHandler.createSummarizeReport() - summarize report created successfully: C:\Users\Felix\Desktop\summarizeReport1.pdf
2023-05-25 14:48:08.687 [main] INFO  at.fhtw.businessLogic.BusinessLogic - BusinessLogic.createSummarizeReport() - report created successfully: C:\Users\Felix\Desktop\summarizeReport1.pdf
2023-05-25 14:48:08.689 [main] ERROR at.fhtw.businessLogic.BusinessLogic - BusinessLogic.importTours() - JsonFileHandler.readJsonStringFromFile() - failed to read json file: C:\Users\Felix\Desktop\export.json
2023-05-25 14:48:08.752 [main] INFO  at.fhtw.utils.ImageHandler - ImageHandler.saveBase64EncodedImageToFile() - image saved successfully: data/images/1.jpg
2023-05-25 14:48:08.754 [main] INFO  at.fhtw.utils.ImageHandler - ImageHandler.saveBase64EncodedImageToFile() - image saved successfully: data/images/2.jpg
2023-05-25 14:48:08.755 [main] INFO  at.fhtw.utils.ImageHandler - ImageHandler.saveBase64EncodedImageToFile() - image saved successfully: data/images/3.jpg
2023-05-25 14:48:08.847 [main] INFO  at.fhtw.utils.pdfFileHandler.PdfFileHandler - PdfFileHandler.createSummarizeReport() - summarize report created successfully: C:\Users\Felix\Desktop\summarizeReport2.pdf
2023-05-25 14:48:08.847 [main] INFO  at.fhtw.businessLogic.BusinessLogic - BusinessLogic.createSummarizeReport() - report created successfully: C:\Users\Felix\Desktop\summarizeReport2.pdf
2023-05-25 14:48:10.483 [main] INFO  at.fhtw.utils.ImageHandler - ImageHandler.saveBase64EncodedImageToFile() - image saved successfully: data/images/4.jpg
2023-05-25 14:48:10.488 [main] INFO  at.fhtw.businessLogic.BusinessLogic - BusinessLogic.createTour() - tour created successfully: Tour{tourId=4, name='Vienna-Bratislava tour', tourDescription='Vienna-Bratislava (car)', start='Vienna', destination='Bratislava', transportType='car', tourDistance=80.8, estimatedTime=3375, popularity=1, childFriendliness=3, tourLogs=null}
2023-05-25 14:48:10.503 [main] INFO  at.fhtw.utils.ImageHandler - ImageHandler.saveBase64EncodedImageToFile() - image saved successfully: data/images/2.jpg
2023-05-25 14:48:10.503 [main] INFO  at.fhtw.businessLogic.BusinessLogic - BusinessLogic.getTour() - tour retrieved successfully: Tour{tourId=2, name='MyTour', tourDescription='My beautiful tour 2', start='Vienna', destination='Bratislava', transportType='Car', tourDistance=80.0, estimatedTime=3358, popularity=1, childFriendliness=3, tourLogs=[]}
2023-05-25 14:48:10.570 [main] INFO  at.fhtw.businessLogic.BusinessLogic - BusinessLogic.searchTour() - TourService.searchTour() - keyword not found: aaaaaaaaaa
2023-05-25 14:48:10.588 [main] INFO  at.fhtw.utils.ImageHandler - ImageHandler.saveBase64EncodedImageToFile() - image saved successfully: data/images/1.jpg
2023-05-25 14:48:10.591 [main] INFO  at.fhtw.businessLogic.BusinessLogic - BusinessLogic.getTour() - tour retrieved successfully: Tour{tourId=1, name='MyTour', tourDescription='My beautiful tour 1', start='Vienna', destination='Bratislava', transportType='Car', tourDistance=80.0, estimatedTime=3358, popularity=2, childFriendliness=5, tourLogs=[TourLog{tourLogId=1, date='2023-05-25 12:37:47', comment='Me likes!', difficulty=1, totalTime=3480, rating=5}, TourLog{tourLogId=2, date='2023-05-25 12:37:47', comment='Me likes!', difficulty=1, totalTime=3480, rating=5}, TourLog{tourLogId=3, date='2023-05-25 12:37:47', comment='Me likes!', difficulty=1, totalTime=3480, rating=5}, TourLog{tourLogId=4, date='2023-05-25 12:37:47', comment='Me likes!', difficulty=1, totalTime=3480, rating=5}]}
2023-05-25 14:48:10.630 [main] INFO  at.fhtw.businessLogic.BusinessLogic - BusinessLogic.getTourList() - tourList retrieved successfully: [TourListEntry{tourId=1, name='MyTour'}, TourListEntry{tourId=2, name='MyTour'}, TourListEntry{tourId=3, name='MyTour'}, TourListEntry{tourId=4, name='Vienna-Bratislava tour'}]
2023-05-25 14:48:10.649 [main] INFO  at.fhtw.utils.ImageHandler - ImageHandler.saveBase64EncodedImageToFile() - image saved successfully: data/images/1.jpg
2023-05-25 14:48:10.650 [main] INFO  at.fhtw.businessLogic.BusinessLogic - BusinessLogic.getTour() - tour retrieved successfully: Tour{tourId=1, name='MyTour', tourDescription='My beautiful tour 1', start='Vienna', destination='Bratislava', transportType='Car', tourDistance=80.0, estimatedTime=3358, popularity=2, childFriendliness=5, tourLogs=[TourLog{tourLogId=1, date='2023-05-25 12:37:47', comment='Me likes!', difficulty=1, totalTime=3480, rating=5}, TourLog{tourLogId=2, date='2023-05-25 12:37:47', comment='Me likes!', difficulty=1, totalTime=3480, rating=5}, TourLog{tourLogId=3, date='2023-05-25 12:37:47', comment='Me likes!', difficulty=1, totalTime=3480, rating=5}, TourLog{tourLogId=4, date='2023-05-25 12:37:47', comment='Me likes!', difficulty=1, totalTime=3480, rating=5}]}
2023-05-25 14:48:11.517 [main] INFO  at.fhtw.utils.ImageHandler - ImageHandler.saveBase64EncodedImageToFile() - image saved successfully: data/images/1.jpg
2023-05-25 14:48:11.518 [main] INFO  at.fhtw.businessLogic.BusinessLogic - BusinessLogic.updateTour() - tour updated successfully: Tour{tourId=1, name='MyTour', tourDescription='New description', start='Vienna', destination='Wien Mitte', transportType='Car', tourDistance=1.6, estimatedTime=220, popularity=2, childFriendliness=5, tourLogs=[TourLog{tourLogId=1, date='2023-05-25 12:37:47', comment='Me likes!', difficulty=1, totalTime=3480, rating=5}, TourLog{tourLogId=2, date='2023-05-25 12:37:47', comment='Me likes!', difficulty=1, totalTime=3480, rating=5}, TourLog{tourLogId=3, date='2023-05-25 12:37:47', comment='Me likes!', difficulty=1, totalTime=3480, rating=5}, TourLog{tourLogId=4, date='2023-05-25 12:37:47', comment='Me likes!', difficulty=1, totalTime=3480, rating=5}]}
2023-05-25 14:48:11.589 [main] INFO  at.fhtw.businessLogic.BusinessLogic - BusinessLogic.deleteTour() - tour deleted successfully: 1
2023-05-25 14:48:11.596 [main] INFO  at.fhtw.businessLogic.BusinessLogic - BusinessLogic.getTour() - TourService.getTour() - tourId not found: 1
2023-05-25 14:48:12.584 [main] INFO  at.fhtw.utils.ImageHandler - ImageHandler.saveBase64EncodedImageToFile() - image saved successfully: data/images/5.jpg
2023-05-25 14:48:12.584 [main] INFO  at.fhtw.businessLogic.BusinessLogic - BusinessLogic.createTour() - tour created successfully: Tour{tourId=5, name='Vienna-Bratislava tour', tourDescription='Vienna-Bratislava (car)', start='Vienna', destination='Bratislava', transportType='car', tourDistance=80.8, estimatedTime=3375, popularity=1, childFriendliness=3, tourLogs=null}
2023-05-25 14:48:12.606 [main] INFO  at.fhtw.businessLogic.BusinessLogic - BusinessLogic.getTourLogs() - tourLogs retrieved successfully: []
2023-05-25 14:48:12.621 [main] INFO  at.fhtw.businessLogic.BusinessLogic - BusinessLogic.getTourLogs() - tourLogs retrieved successfully: [TourLog{tourLogId=5, date='2023-05-25 12:37:47', comment='Me likes!', difficulty=1, totalTime=3480, rating=5}, TourLog{tourLogId=6, date='2023-05-25 12:37:47', comment='Me likes!', difficulty=1, totalTime=3480, rating=5}]
2023-05-25 14:48:12.642 [main] INFO  at.fhtw.businessLogic.BusinessLogic - BusinessLogic.createTourLog() - tourLog created successfully: TourLog{tourLogId=7, date='2023-05-25 14:48:12', comment='My comment', difficulty=3, totalTime=8500, rating=2}
2023-05-25 14:48:12.655 [main] INFO  at.fhtw.businessLogic.BusinessLogic - BusinessLogic.createTourLog() - tourLog created successfully: TourLog{tourLogId=8, date='2023-05-25 14:48:12', comment='My comment', difficulty=3, totalTime=8500, rating=2}
2023-05-25 14:48:12.668 [main] INFO  at.fhtw.businessLogic.BusinessLogic - BusinessLogic.getTourLogs() - tourLogs retrieved successfully: [TourLog{tourLogId=7, date='2023-05-25 14:48:12', comment='My comment', difficulty=3, totalTime=8500, rating=2}, TourLog{tourLogId=8, date='2023-05-25 14:48:12', comment='My comment', difficulty=3, totalTime=8500, rating=2}]
2023-05-25 14:48:12.674 [main] INFO  at.fhtw.businessLogic.BusinessLogic - BusinessLogic.getTourLog() - TourLogService.getTourLog() - not found
2023-05-25 14:48:12.679 [main] INFO  at.fhtw.businessLogic.BusinessLogic - BusinessLogic.getTourLog() - TourLogService.getTourLog() - not found
2023-05-25 14:48:12.683 [main] INFO  at.fhtw.businessLogic.BusinessLogic - BusinessLogic.getTourLog() - TourLogService.getTourLog() - not found
2023-05-25 14:48:12.689 [main] INFO  at.fhtw.businessLogic.BusinessLogic - BusinessLogic.updateTourLog() - TourLogService.updateTourLog() - not found
2023-05-25 14:48:12.701 [main] INFO  at.fhtw.businessLogic.BusinessLogic - BusinessLogic.getTourLogs() - tourLogs retrieved successfully: [TourLog{tourLogId=7, date='2023-05-25 14:48:12', comment='My comment', difficulty=3, totalTime=8500, rating=2}, TourLog{tourLogId=8, date='2023-05-25 14:48:12', comment='My comment', difficulty=3, totalTime=8500, rating=2}]
2023-05-25 14:48:12.707 [main] INFO  at.fhtw.businessLogic.BusinessLogic - BusinessLogic.deleteTourLog() - TourLogService.deleteTourLog() - not found
2023-05-25 14:48:12.712 [main] INFO  at.fhtw.businessLogic.BusinessLogic - BusinessLogic.getTourLog() - TourLogService.getTourLog() - not found
2023-05-25 14:48:12.725 [main] INFO  at.fhtw.businessLogic.BusinessLogic - BusinessLogic.getTourLogs() - tourLogs retrieved successfully: [TourLog{tourLogId=7, date='2023-05-25 14:48:12', comment='My comment', difficulty=3, totalTime=8500, rating=2}, TourLog{tourLogId=8, date='2023-05-25 14:48:12', comment='My comment', difficulty=3, totalTime=8500, rating=2}]
2023-05-25 14:48:12.772 [main] INFO  at.fhtw.businessLogic.BusinessLogic - BusinessLogic.exportTours() - tours exported successfully: C:\Users\Felix\Desktop\export.json
2023-05-25 14:48:12.772 [main] ERROR at.fhtw.businessLogic.BusinessLogic - BusinessLogic.importTours() - JsonFileHandler.readJsonStringFromFile() - failed to read json file: C:\Users\Felix\Desktop\import.json
