2023-06-16 19:57:27.911 [JavaFX Application Thread] ERROR at.fhtw.viewmodel.ListToursViewModel - ListToursViewModel.getTourList() - TourService.getTourList() - failed to send request
2023-06-16 19:58:43.737 [JavaFX Application Thread] INFO  at.fhtw.viewmodel.ListToursViewModel - ListToursViewModel.getTourList() - TourService.getTourList() - no content
2023-06-16 19:59:10.988 [JavaFX Application Thread] INFO  at.fhtw.utils.ImageHandler - ImageHandler.saveBase64EncodedImageToFile() - directory created: data\images
2023-06-16 19:59:10.992 [JavaFX Application Thread] INFO  at.fhtw.utils.ImageHandler - ImageHandler.saveBase64EncodedImageToFile() - image saved successfully: data/images/1.jpg
2023-06-16 19:59:10.999 [JavaFX Application Thread] INFO  at.fhtw.viewmodel.ListToursViewModel - ListToursViewModel.createTour() - tour created successfully: Tour{tourId=1, name='test', tourDescription='test', start='vienna', destination='bratislava', transportType='pedestrian', tourDistance=63.1, estimatedTime=63339, popularity=1, childFriendliness=3, tourLogs=null}
2023-06-16 19:59:12.071 [JavaFX Application Thread] INFO  at.fhtw.viewmodel.ListToursViewModel - ListToursViewModel.getTourList() - tourList retrieved successfully: [TourListEntry{tourId=1, name='test'}]
2023-06-16 19:59:13.856 [JavaFX Application Thread] INFO  at.fhtw.utils.ImageHandler - ImageHandler.saveBase64EncodedImageToFile() - image saved successfully: data/images/1.jpg
2023-06-16 19:59:13.856 [JavaFX Application Thread] INFO  at.fhtw.viewmodel.ListToursViewModel - ListToursViewModel.getTour() - tour retrieved successfully: Tour{tourId=1, name='test', tourDescription='test', start='vienna', destination='bratislava', transportType='pedestrian', tourDistance=63.1, estimatedTime=63339, popularity=1, childFriendliness=3, tourLogs=[]}
2023-06-16 19:59:13.857 [JavaFX Application Thread] INFO  at.fhtw.utils.ImageHandler - ImageHandler.saveBase64EncodedImageToFile() - image saved successfully: data/images/1.jpg
2023-06-16 19:59:13.858 [JavaFX Application Thread] INFO  at.fhtw.viewmodel.ShowTourInformationViewModel - ShowTourInformationViewModel.getTour() - tour retrieved successfully: Tour{tourId=1, name='test', tourDescription='test', start='vienna', destination='bratislava', transportType='pedestrian', tourDistance=63.1, estimatedTime=63339, popularity=1, childFriendliness=3, tourLogs=[]}
2023-06-16 19:59:13.883 [JavaFX Application Thread] INFO  at.fhtw.viewmodel.ShowTourLogsViewModel - ListToursView.getTourLogs() - TourLogService.getTourList() - no content
2023-06-16 19:59:14.038 [JavaFX Application Thread] INFO  at.fhtw.utils.ImageHandler - ImageHandler.saveBase64EncodedImageToFile() - image saved successfully: data/images/1.jpg
2023-06-16 19:59:14.039 [JavaFX Application Thread] INFO  at.fhtw.viewmodel.ListToursViewModel - ListToursViewModel.getTour() - tour retrieved successfully: Tour{tourId=1, name='test', tourDescription='test', start='vienna', destination='bratislava', transportType='pedestrian', tourDistance=63.1, estimatedTime=63339, popularity=1, childFriendliness=3, tourLogs=[]}
2023-06-16 19:59:14.040 [JavaFX Application Thread] INFO  at.fhtw.utils.ImageHandler - ImageHandler.saveBase64EncodedImageToFile() - image saved successfully: data/images/1.jpg
2023-06-16 19:59:14.040 [JavaFX Application Thread] INFO  at.fhtw.viewmodel.ShowTourInformationViewModel - ShowTourInformationViewModel.getTour() - tour retrieved successfully: Tour{tourId=1, name='test', tourDescription='test', start='vienna', destination='bratislava', transportType='pedestrian', tourDistance=63.1, estimatedTime=63339, popularity=1, childFriendliness=3, tourLogs=[]}
2023-06-16 19:59:14.055 [JavaFX Application Thread] INFO  at.fhtw.viewmodel.ShowTourLogsViewModel - ListToursView.getTourLogs() - TourLogService.getTourList() - no content
2023-06-16 19:59:34.083 [JavaFX Application Thread] INFO  at.fhtw.utils.ImageHandler - ImageHandler.saveBase64EncodedImageToFile() - image saved successfully: data/images/2.jpg
2023-06-16 19:59:34.083 [JavaFX Application Thread] INFO  at.fhtw.viewmodel.ListToursViewModel - ListToursViewModel.createTour() - tour created successfully: Tour{tourId=2, name='test2', tourDescription='test', start='vienna', destination='bratislava', transportType='car', tourDistance=80.3, estimatedTime=3302, popularity=1, childFriendliness=3, tourLogs=null}
2023-06-16 19:59:34.981 [JavaFX Application Thread] INFO  at.fhtw.viewmodel.ListToursViewModel - ListToursViewModel.getTourList() - tourList retrieved successfully: [TourListEntry{tourId=1, name='test'}, TourListEntry{tourId=2, name='test2'}]
2023-06-16 19:59:36.662 [JavaFX Application Thread] INFO  at.fhtw.utils.ImageHandler - ImageHandler.saveBase64EncodedImageToFile() - image saved successfully: data/images/2.jpg
2023-06-16 19:59:36.662 [JavaFX Application Thread] INFO  at.fhtw.viewmodel.ListToursViewModel - ListToursViewModel.getTour() - tour retrieved successfully: Tour{tourId=2, name='test2', tourDescription='test', start='vienna', destination='bratislava', transportType='car', tourDistance=80.3, estimatedTime=3302, popularity=1, childFriendliness=3, tourLogs=[]}
2023-06-16 19:59:36.663 [JavaFX Application Thread] INFO  at.fhtw.utils.ImageHandler - ImageHandler.saveBase64EncodedImageToFile() - image saved successfully: data/images/2.jpg
2023-06-16 19:59:36.663 [JavaFX Application Thread] INFO  at.fhtw.viewmodel.ShowTourInformationViewModel - ShowTourInformationViewModel.getTour() - tour retrieved successfully: Tour{tourId=2, name='test2', tourDescription='test', start='vienna', destination='bratislava', transportType='car', tourDistance=80.3, estimatedTime=3302, popularity=1, childFriendliness=3, tourLogs=[]}
2023-06-16 19:59:36.675 [JavaFX Application Thread] INFO  at.fhtw.viewmodel.ShowTourLogsViewModel - ListToursView.getTourLogs() - TourLogService.getTourList() - no content
2023-06-16 19:59:36.802 [JavaFX Application Thread] INFO  at.fhtw.utils.ImageHandler - ImageHandler.saveBase64EncodedImageToFile() - image saved successfully: data/images/2.jpg
2023-06-16 19:59:36.802 [JavaFX Application Thread] INFO  at.fhtw.viewmodel.ListToursViewModel - ListToursViewModel.getTour() - tour retrieved successfully: Tour{tourId=2, name='test2', tourDescription='test', start='vienna', destination='bratislava', transportType='car', tourDistance=80.3, estimatedTime=3302, popularity=1, childFriendliness=3, tourLogs=[]}
2023-06-16 19:59:36.803 [JavaFX Application Thread] INFO  at.fhtw.utils.ImageHandler - ImageHandler.saveBase64EncodedImageToFile() - image saved successfully: data/images/2.jpg
2023-06-16 19:59:36.804 [JavaFX Application Thread] INFO  at.fhtw.viewmodel.ShowTourInformationViewModel - ShowTourInformationViewModel.getTour() - tour retrieved successfully: Tour{tourId=2, name='test2', tourDescription='test', start='vienna', destination='bratislava', transportType='car', tourDistance=80.3, estimatedTime=3302, popularity=1, childFriendliness=3, tourLogs=[]}
2023-06-16 19:59:36.816 [JavaFX Application Thread] INFO  at.fhtw.viewmodel.ShowTourLogsViewModel - ListToursView.getTourLogs() - TourLogService.getTourList() - no content
2023-06-16 19:59:37.603 [JavaFX Application Thread] INFO  at.fhtw.utils.ImageHandler - ImageHandler.saveBase64EncodedImageToFile() - image saved successfully: data/images/1.jpg
2023-06-16 19:59:37.604 [JavaFX Application Thread] INFO  at.fhtw.viewmodel.ListToursViewModel - ListToursViewModel.getTour() - tour retrieved successfully: Tour{tourId=1, name='test', tourDescription='test', start='vienna', destination='bratislava', transportType='pedestrian', tourDistance=63.1, estimatedTime=63339, popularity=1, childFriendliness=3, tourLogs=[]}
2023-06-16 19:59:37.605 [JavaFX Application Thread] INFO  at.fhtw.utils.ImageHandler - ImageHandler.saveBase64EncodedImageToFile() - image saved successfully: data/images/1.jpg
2023-06-16 19:59:37.605 [JavaFX Application Thread] INFO  at.fhtw.viewmodel.ShowTourInformationViewModel - ShowTourInformationViewModel.getTour() - tour retrieved successfully: Tour{tourId=1, name='test', tourDescription='test', start='vienna', destination='bratislava', transportType='pedestrian', tourDistance=63.1, estimatedTime=63339, popularity=1, childFriendliness=3, tourLogs=[]}
2023-06-16 19:59:37.618 [JavaFX Application Thread] INFO  at.fhtw.viewmodel.ShowTourLogsViewModel - ListToursView.getTourLogs() - TourLogService.getTourList() - no content
2023-06-16 19:59:37.761 [JavaFX Application Thread] INFO  at.fhtw.utils.ImageHandler - ImageHandler.saveBase64EncodedImageToFile() - image saved successfully: data/images/1.jpg
2023-06-16 19:59:37.762 [JavaFX Application Thread] INFO  at.fhtw.viewmodel.ListToursViewModel - ListToursViewModel.getTour() - tour retrieved successfully: Tour{tourId=1, name='test', tourDescription='test', start='vienna', destination='bratislava', transportType='pedestrian', tourDistance=63.1, estimatedTime=63339, popularity=1, childFriendliness=3, tourLogs=[]}
2023-06-16 19:59:37.762 [JavaFX Application Thread] INFO  at.fhtw.utils.ImageHandler - ImageHandler.saveBase64EncodedImageToFile() - image saved successfully: data/images/1.jpg
2023-06-16 19:59:37.763 [JavaFX Application Thread] INFO  at.fhtw.viewmodel.ShowTourInformationViewModel - ShowTourInformationViewModel.getTour() - tour retrieved successfully: Tour{tourId=1, name='test', tourDescription='test', start='vienna', destination='bratislava', transportType='pedestrian', tourDistance=63.1, estimatedTime=63339, popularity=1, childFriendliness=3, tourLogs=[]}
2023-06-16 19:59:37.775 [JavaFX Application Thread] INFO  at.fhtw.viewmodel.ShowTourLogsViewModel - ListToursView.getTourLogs() - TourLogService.getTourList() - no content
2023-06-16 19:59:39.746 [JavaFX Application Thread] INFO  at.fhtw.utils.ImageHandler - ImageHandler.saveBase64EncodedImageToFile() - image saved successfully: data/images/2.jpg
2023-06-16 19:59:39.746 [JavaFX Application Thread] INFO  at.fhtw.viewmodel.ListToursViewModel - ListToursViewModel.getTour() - tour retrieved successfully: Tour{tourId=2, name='test2', tourDescription='test', start='vienna', destination='bratislava', transportType='car', tourDistance=80.3, estimatedTime=3302, popularity=1, childFriendliness=3, tourLogs=[]}
2023-06-16 19:59:39.747 [JavaFX Application Thread] INFO  at.fhtw.utils.ImageHandler - ImageHandler.saveBase64EncodedImageToFile() - image saved successfully: data/images/2.jpg
2023-06-16 19:59:39.747 [JavaFX Application Thread] INFO  at.fhtw.viewmodel.ShowTourInformationViewModel - ShowTourInformationViewModel.getTour() - tour retrieved successfully: Tour{tourId=2, name='test2', tourDescription='test', start='vienna', destination='bratislava', transportType='car', tourDistance=80.3, estimatedTime=3302, popularity=1, childFriendliness=3, tourLogs=[]}
2023-06-16 19:59:39.760 [JavaFX Application Thread] INFO  at.fhtw.viewmodel.ShowTourLogsViewModel - ListToursView.getTourLogs() - TourLogService.getTourList() - no content
2023-06-16 19:59:39.897 [JavaFX Application Thread] INFO  at.fhtw.utils.ImageHandler - ImageHandler.saveBase64EncodedImageToFile() - image saved successfully: data/images/2.jpg
2023-06-16 19:59:39.897 [JavaFX Application Thread] INFO  at.fhtw.viewmodel.ListToursViewModel - ListToursViewModel.getTour() - tour retrieved successfully: Tour{tourId=2, name='test2', tourDescription='test', start='vienna', destination='bratislava', transportType='car', tourDistance=80.3, estimatedTime=3302, popularity=1, childFriendliness=3, tourLogs=[]}
2023-06-16 19:59:39.898 [JavaFX Application Thread] INFO  at.fhtw.utils.ImageHandler - ImageHandler.saveBase64EncodedImageToFile() - image saved successfully: data/images/2.jpg
2023-06-16 19:59:39.898 [JavaFX Application Thread] INFO  at.fhtw.viewmodel.ShowTourInformationViewModel - ShowTourInformationViewModel.getTour() - tour retrieved successfully: Tour{tourId=2, name='test2', tourDescription='test', start='vienna', destination='bratislava', transportType='car', tourDistance=80.3, estimatedTime=3302, popularity=1, childFriendliness=3, tourLogs=[]}
2023-06-16 19:59:39.911 [JavaFX Application Thread] INFO  at.fhtw.viewmodel.ShowTourLogsViewModel - ListToursView.getTourLogs() - TourLogService.getTourList() - no content
2023-06-16 19:59:42.069 [JavaFX Application Thread] INFO  at.fhtw.utils.ImageHandler - ImageHandler.saveBase64EncodedImageToFile() - image saved successfully: data/images/1.jpg
2023-06-16 19:59:42.069 [JavaFX Application Thread] INFO  at.fhtw.viewmodel.ListToursViewModel - ListToursViewModel.getTour() - tour retrieved successfully: Tour{tourId=1, name='test', tourDescription='test', start='vienna', destination='bratislava', transportType='pedestrian', tourDistance=63.1, estimatedTime=63339, popularity=1, childFriendliness=3, tourLogs=[]}
2023-06-16 19:59:42.070 [JavaFX Application Thread] INFO  at.fhtw.utils.ImageHandler - ImageHandler.saveBase64EncodedImageToFile() - image saved successfully: data/images/1.jpg
2023-06-16 19:59:42.070 [JavaFX Application Thread] INFO  at.fhtw.viewmodel.ShowTourInformationViewModel - ShowTourInformationViewModel.getTour() - tour retrieved successfully: Tour{tourId=1, name='test', tourDescription='test', start='vienna', destination='bratislava', transportType='pedestrian', tourDistance=63.1, estimatedTime=63339, popularity=1, childFriendliness=3, tourLogs=[]}
2023-06-16 19:59:42.082 [JavaFX Application Thread] INFO  at.fhtw.viewmodel.ShowTourLogsViewModel - ListToursView.getTourLogs() - TourLogService.getTourList() - no content
2023-06-16 19:59:42.225 [JavaFX Application Thread] INFO  at.fhtw.utils.ImageHandler - ImageHandler.saveBase64EncodedImageToFile() - image saved successfully: data/images/1.jpg
2023-06-16 19:59:42.225 [JavaFX Application Thread] INFO  at.fhtw.viewmodel.ListToursViewModel - ListToursViewModel.getTour() - tour retrieved successfully: Tour{tourId=1, name='test', tourDescription='test', start='vienna', destination='bratislava', transportType='pedestrian', tourDistance=63.1, estimatedTime=63339, popularity=1, childFriendliness=3, tourLogs=[]}
2023-06-16 19:59:42.226 [JavaFX Application Thread] INFO  at.fhtw.utils.ImageHandler - ImageHandler.saveBase64EncodedImageToFile() - image saved successfully: data/images/1.jpg
2023-06-16 19:59:42.226 [JavaFX Application Thread] INFO  at.fhtw.viewmodel.ShowTourInformationViewModel - ShowTourInformationViewModel.getTour() - tour retrieved successfully: Tour{tourId=1, name='test', tourDescription='test', start='vienna', destination='bratislava', transportType='pedestrian', tourDistance=63.1, estimatedTime=63339, popularity=1, childFriendliness=3, tourLogs=[]}
2023-06-16 19:59:42.239 [JavaFX Application Thread] INFO  at.fhtw.viewmodel.ShowTourLogsViewModel - ListToursView.getTourLogs() - TourLogService.getTourList() - no content
2023-06-16 20:00:02.238 [JavaFX Application Thread] WARN  at.fhtw.viewmodel.ListToursViewModel - ListToursViewModel.createTour() - TourService.createTour() - bad request
2023-06-16 20:00:04.776 [JavaFX Application Thread] INFO  at.fhtw.viewmodel.ListToursViewModel - ListToursViewModel.getTourList() - tourList retrieved successfully: [TourListEntry{tourId=1, name='test'}, TourListEntry{tourId=2, name='test2'}]
2023-06-16 20:00:44.684 [JavaFX Application Thread] INFO  at.fhtw.utils.ImageHandler - ImageHandler.saveBase64EncodedImageToFile() - image saved successfully: data/images/3.jpg
2023-06-16 20:00:44.684 [JavaFX Application Thread] INFO  at.fhtw.viewmodel.ListToursViewModel - ListToursViewModel.createTour() - tour created successfully: Tour{tourId=3, name='test4', tourDescription='test', start='palermo', destination='hamburg', transportType='pedestrian', tourDistance=5492.300000000001, estimatedTime=689495, popularity=1, childFriendliness=3, tourLogs=null}
2023-06-16 20:00:45.691 [JavaFX Application Thread] INFO  at.fhtw.viewmodel.ListToursViewModel - ListToursViewModel.getTourList() - tourList retrieved successfully: [TourListEntry{tourId=1, name='test'}, TourListEntry{tourId=2, name='test2'}, TourListEntry{tourId=3, name='test4'}]
2023-06-16 20:00:47.298 [JavaFX Application Thread] INFO  at.fhtw.utils.ImageHandler - ImageHandler.saveBase64EncodedImageToFile() - image saved successfully: data/images/3.jpg
2023-06-16 20:00:47.298 [JavaFX Application Thread] INFO  at.fhtw.viewmodel.ListToursViewModel - ListToursViewModel.getTour() - tour retrieved successfully: Tour{tourId=3, name='test4', tourDescription='test', start='palermo', destination='hamburg', transportType='pedestrian', tourDistance=5492.300000000001, estimatedTime=689495, popularity=1, childFriendliness=3, tourLogs=[]}
2023-06-16 20:00:47.299 [JavaFX Application Thread] INFO  at.fhtw.utils.ImageHandler - ImageHandler.saveBase64EncodedImageToFile() - image saved successfully: data/images/3.jpg
2023-06-16 20:00:47.300 [JavaFX Application Thread] INFO  at.fhtw.viewmodel.ShowTourInformationViewModel - ShowTourInformationViewModel.getTour() - tour retrieved successfully: Tour{tourId=3, name='test4', tourDescription='test', start='palermo', destination='hamburg', transportType='pedestrian', tourDistance=5492.300000000001, estimatedTime=689495, popularity=1, childFriendliness=3, tourLogs=[]}
2023-06-16 20:00:47.315 [JavaFX Application Thread] INFO  at.fhtw.viewmodel.ShowTourLogsViewModel - ListToursView.getTourLogs() - TourLogService.getTourList() - no content
2023-06-16 20:00:47.456 [JavaFX Application Thread] INFO  at.fhtw.utils.ImageHandler - ImageHandler.saveBase64EncodedImageToFile() - image saved successfully: data/images/3.jpg
2023-06-16 20:00:47.456 [JavaFX Application Thread] INFO  at.fhtw.viewmodel.ListToursViewModel - ListToursViewModel.getTour() - tour retrieved successfully: Tour{tourId=3, name='test4', tourDescription='test', start='palermo', destination='hamburg', transportType='pedestrian', tourDistance=5492.300000000001, estimatedTime=689495, popularity=1, childFriendliness=3, tourLogs=[]}
2023-06-16 20:00:47.457 [JavaFX Application Thread] INFO  at.fhtw.utils.ImageHandler - ImageHandler.saveBase64EncodedImageToFile() - image saved successfully: data/images/3.jpg
2023-06-16 20:00:47.457 [JavaFX Application Thread] INFO  at.fhtw.viewmodel.ShowTourInformationViewModel - ShowTourInformationViewModel.getTour() - tour retrieved successfully: Tour{tourId=3, name='test4', tourDescription='test', start='palermo', destination='hamburg', transportType='pedestrian', tourDistance=5492.300000000001, estimatedTime=689495, popularity=1, childFriendliness=3, tourLogs=[]}
2023-06-16 20:00:47.470 [JavaFX Application Thread] INFO  at.fhtw.viewmodel.ShowTourLogsViewModel - ListToursView.getTourLogs() - TourLogService.getTourList() - no content
2023-06-16 20:04:03.961 [JavaFX Application Thread] INFO  at.fhtw.utils.ImageHandler - ImageHandler.saveBase64EncodedImageToFile() - image saved successfully: data/images/4.jpg
2023-06-16 20:04:03.961 [JavaFX Application Thread] INFO  at.fhtw.viewmodel.ListToursViewModel - ListToursViewModel.createTour() - tour created successfully: Tour{tourId=4, name='test5', tourDescription='test', start='palermo', destination='hamburg', transportType='pedestrian', tourDistance=5492.300000000001, estimatedTime=689495, popularity=1, childFriendliness=3, tourLogs=null}
2023-06-16 20:04:05.064 [JavaFX Application Thread] INFO  at.fhtw.viewmodel.ListToursViewModel - ListToursViewModel.getTourList() - tourList retrieved successfully: [TourListEntry{tourId=1, name='test'}, TourListEntry{tourId=2, name='test2'}, TourListEntry{tourId=3, name='test4'}, TourListEntry{tourId=4, name='test5'}]
2023-06-16 20:04:06.359 [JavaFX Application Thread] INFO  at.fhtw.utils.ImageHandler - ImageHandler.saveBase64EncodedImageToFile() - image saved successfully: data/images/4.jpg
2023-06-16 20:04:06.359 [JavaFX Application Thread] INFO  at.fhtw.viewmodel.ListToursViewModel - ListToursViewModel.getTour() - tour retrieved successfully: Tour{tourId=4, name='test5', tourDescription='test', start='palermo', destination='hamburg', transportType='pedestrian', tourDistance=5492.300000000001, estimatedTime=689495, popularity=1, childFriendliness=3, tourLogs=[]}
2023-06-16 20:04:06.360 [JavaFX Application Thread] INFO  at.fhtw.utils.ImageHandler - ImageHandler.saveBase64EncodedImageToFile() - image saved successfully: data/images/4.jpg
2023-06-16 20:04:06.361 [JavaFX Application Thread] INFO  at.fhtw.viewmodel.ShowTourInformationViewModel - ShowTourInformationViewModel.getTour() - tour retrieved successfully: Tour{tourId=4, name='test5', tourDescription='test', start='palermo', destination='hamburg', transportType='pedestrian', tourDistance=5492.300000000001, estimatedTime=689495, popularity=1, childFriendliness=3, tourLogs=[]}
2023-06-16 20:04:06.377 [JavaFX Application Thread] INFO  at.fhtw.viewmodel.ShowTourLogsViewModel - ListToursView.getTourLogs() - TourLogService.getTourList() - no content
2023-06-16 20:04:06.492 [JavaFX Application Thread] INFO  at.fhtw.utils.ImageHandler - ImageHandler.saveBase64EncodedImageToFile() - image saved successfully: data/images/4.jpg
2023-06-16 20:04:06.493 [JavaFX Application Thread] INFO  at.fhtw.viewmodel.ListToursViewModel - ListToursViewModel.getTour() - tour retrieved successfully: Tour{tourId=4, name='test5', tourDescription='test', start='palermo', destination='hamburg', transportType='pedestrian', tourDistance=5492.300000000001, estimatedTime=689495, popularity=1, childFriendliness=3, tourLogs=[]}
2023-06-16 20:04:06.493 [JavaFX Application Thread] INFO  at.fhtw.utils.ImageHandler - ImageHandler.saveBase64EncodedImageToFile() - image saved successfully: data/images/4.jpg
2023-06-16 20:04:06.494 [JavaFX Application Thread] INFO  at.fhtw.viewmodel.ShowTourInformationViewModel - ShowTourInformationViewModel.getTour() - tour retrieved successfully: Tour{tourId=4, name='test5', tourDescription='test', start='palermo', destination='hamburg', transportType='pedestrian', tourDistance=5492.300000000001, estimatedTime=689495, popularity=1, childFriendliness=3, tourLogs=[]}
2023-06-16 20:04:06.506 [JavaFX Application Thread] INFO  at.fhtw.viewmodel.ShowTourLogsViewModel - ListToursView.getTourLogs() - TourLogService.getTourList() - no content
2023-06-16 20:04:11.805 [JavaFX Application Thread] INFO  at.fhtw.utils.ImageHandler - ImageHandler.saveBase64EncodedImageToFile() - image saved successfully: data/images/3.jpg
2023-06-16 20:04:11.806 [JavaFX Application Thread] INFO  at.fhtw.viewmodel.ListToursViewModel - ListToursViewModel.getTour() - tour retrieved successfully: Tour{tourId=3, name='test4', tourDescription='test', start='palermo', destination='hamburg', transportType='pedestrian', tourDistance=5492.300000000001, estimatedTime=689495, popularity=1, childFriendliness=3, tourLogs=[]}
2023-06-16 20:04:11.807 [JavaFX Application Thread] INFO  at.fhtw.utils.ImageHandler - ImageHandler.saveBase64EncodedImageToFile() - image saved successfully: data/images/3.jpg
2023-06-16 20:04:11.807 [JavaFX Application Thread] INFO  at.fhtw.viewmodel.ShowTourInformationViewModel - ShowTourInformationViewModel.getTour() - tour retrieved successfully: Tour{tourId=3, name='test4', tourDescription='test', start='palermo', destination='hamburg', transportType='pedestrian', tourDistance=5492.300000000001, estimatedTime=689495, popularity=1, childFriendliness=3, tourLogs=[]}
2023-06-16 20:04:11.820 [JavaFX Application Thread] INFO  at.fhtw.viewmodel.ShowTourLogsViewModel - ListToursView.getTourLogs() - TourLogService.getTourList() - no content
2023-06-16 20:04:11.941 [JavaFX Application Thread] INFO  at.fhtw.utils.ImageHandler - ImageHandler.saveBase64EncodedImageToFile() - image saved successfully: data/images/3.jpg
2023-06-16 20:04:11.942 [JavaFX Application Thread] INFO  at.fhtw.viewmodel.ListToursViewModel - ListToursViewModel.getTour() - tour retrieved successfully: Tour{tourId=3, name='test4', tourDescription='test', start='palermo', destination='hamburg', transportType='pedestrian', tourDistance=5492.300000000001, estimatedTime=689495, popularity=1, childFriendliness=3, tourLogs=[]}
2023-06-16 20:04:11.943 [JavaFX Application Thread] INFO  at.fhtw.utils.ImageHandler - ImageHandler.saveBase64EncodedImageToFile() - image saved successfully: data/images/3.jpg
2023-06-16 20:04:11.943 [JavaFX Application Thread] INFO  at.fhtw.viewmodel.ShowTourInformationViewModel - ShowTourInformationViewModel.getTour() - tour retrieved successfully: Tour{tourId=3, name='test4', tourDescription='test', start='palermo', destination='hamburg', transportType='pedestrian', tourDistance=5492.300000000001, estimatedTime=689495, popularity=1, childFriendliness=3, tourLogs=[]}
2023-06-16 20:04:11.955 [JavaFX Application Thread] INFO  at.fhtw.viewmodel.ShowTourLogsViewModel - ListToursView.getTourLogs() - TourLogService.getTourList() - no content
2023-06-16 20:04:12.686 [JavaFX Application Thread] INFO  at.fhtw.utils.ImageHandler - ImageHandler.saveBase64EncodedImageToFile() - image saved successfully: data/images/4.jpg
2023-06-16 20:04:12.686 [JavaFX Application Thread] INFO  at.fhtw.viewmodel.ListToursViewModel - ListToursViewModel.getTour() - tour retrieved successfully: Tour{tourId=4, name='test5', tourDescription='test', start='palermo', destination='hamburg', transportType='pedestrian', tourDistance=5492.300000000001, estimatedTime=689495, popularity=1, childFriendliness=3, tourLogs=[]}
2023-06-16 20:04:12.687 [JavaFX Application Thread] INFO  at.fhtw.utils.ImageHandler - ImageHandler.saveBase64EncodedImageToFile() - image saved successfully: data/images/4.jpg
2023-06-16 20:04:12.687 [JavaFX Application Thread] INFO  at.fhtw.viewmodel.ShowTourInformationViewModel - ShowTourInformationViewModel.getTour() - tour retrieved successfully: Tour{tourId=4, name='test5', tourDescription='test', start='palermo', destination='hamburg', transportType='pedestrian', tourDistance=5492.300000000001, estimatedTime=689495, popularity=1, childFriendliness=3, tourLogs=[]}
2023-06-16 20:04:12.699 [JavaFX Application Thread] INFO  at.fhtw.viewmodel.ShowTourLogsViewModel - ListToursView.getTourLogs() - TourLogService.getTourList() - no content
2023-06-16 20:04:12.829 [JavaFX Application Thread] INFO  at.fhtw.utils.ImageHandler - ImageHandler.saveBase64EncodedImageToFile() - image saved successfully: data/images/4.jpg
2023-06-16 20:04:12.829 [JavaFX Application Thread] INFO  at.fhtw.viewmodel.ListToursViewModel - ListToursViewModel.getTour() - tour retrieved successfully: Tour{tourId=4, name='test5', tourDescription='test', start='palermo', destination='hamburg', transportType='pedestrian', tourDistance=5492.300000000001, estimatedTime=689495, popularity=1, childFriendliness=3, tourLogs=[]}
2023-06-16 20:04:12.830 [JavaFX Application Thread] INFO  at.fhtw.utils.ImageHandler - ImageHandler.saveBase64EncodedImageToFile() - image saved successfully: data/images/4.jpg
2023-06-16 20:04:12.830 [JavaFX Application Thread] INFO  at.fhtw.viewmodel.ShowTourInformationViewModel - ShowTourInformationViewModel.getTour() - tour retrieved successfully: Tour{tourId=4, name='test5', tourDescription='test', start='palermo', destination='hamburg', transportType='pedestrian', tourDistance=5492.300000000001, estimatedTime=689495, popularity=1, childFriendliness=3, tourLogs=[]}
2023-06-16 20:04:12.843 [JavaFX Application Thread] INFO  at.fhtw.viewmodel.ShowTourLogsViewModel - ListToursView.getTourLogs() - TourLogService.getTourList() - no content
2023-06-16 20:08:31.962 [JavaFX Application Thread] INFO  at.fhtw.viewmodel.ListToursViewModel - ListToursViewModel.getTourList() - TourService.getTourList() - no content
2023-06-16 20:08:46.456 [JavaFX Application Thread] WARN  at.fhtw.viewmodel.ListToursViewModel - ListToursViewModel.createTour() - TourService.createTour() - bad request
2023-06-16 20:08:47.803 [JavaFX Application Thread] INFO  at.fhtw.viewmodel.ListToursViewModel - ListToursViewModel.getTourList() - TourService.getTourList() - no content
2023-06-16 20:09:08.301 [JavaFX Application Thread] WARN  at.fhtw.viewmodel.ListToursViewModel - ListToursViewModel.createTour() - TourService.createTour() - bad request
2023-06-16 20:09:11.813 [JavaFX Application Thread] INFO  at.fhtw.viewmodel.ListToursViewModel - ListToursViewModel.getTourList() - TourService.getTourList() - no content
2023-06-16 20:10:11.103 [JavaFX Application Thread] INFO  at.fhtw.viewmodel.ListToursViewModel - ListToursViewModel.getTourList() - TourService.getTourList() - no content
2023-06-16 20:10:39.746 [JavaFX Application Thread] INFO  at.fhtw.utils.ImageHandler - ImageHandler.saveBase64EncodedImageToFile() - image saved successfully: data/images/1.jpg
2023-06-16 20:10:39.747 [JavaFX Application Thread] INFO  at.fhtw.viewmodel.ListToursViewModel - ListToursViewModel.createTour() - tour created successfully: Tour{tourId=1, name='test', tourDescription='test', start='hamburg', destination='palermo', transportType='pedestrian', tourDistance=5492.299999999999, estimatedTime=689519, popularity=1, childFriendliness=3, tourLogs=null}
2023-06-16 20:10:42.459 [JavaFX Application Thread] INFO  at.fhtw.viewmodel.ListToursViewModel - ListToursViewModel.getTourList() - tourList retrieved successfully: [TourListEntry{tourId=1, name='test'}]
2023-06-16 20:10:43.790 [JavaFX Application Thread] INFO  at.fhtw.utils.ImageHandler - ImageHandler.saveBase64EncodedImageToFile() - image saved successfully: data/images/1.jpg
2023-06-16 20:10:43.790 [JavaFX Application Thread] INFO  at.fhtw.viewmodel.ListToursViewModel - ListToursViewModel.getTour() - tour retrieved successfully: Tour{tourId=1, name='test', tourDescription='test', start='hamburg', destination='palermo', transportType='pedestrian', tourDistance=5492.299999999999, estimatedTime=689519, popularity=1, childFriendliness=3, tourLogs=[]}
2023-06-16 20:10:43.791 [JavaFX Application Thread] INFO  at.fhtw.utils.ImageHandler - ImageHandler.saveBase64EncodedImageToFile() - image saved successfully: data/images/1.jpg
2023-06-16 20:10:43.791 [JavaFX Application Thread] INFO  at.fhtw.viewmodel.ShowTourInformationViewModel - ShowTourInformationViewModel.getTour() - tour retrieved successfully: Tour{tourId=1, name='test', tourDescription='test', start='hamburg', destination='palermo', transportType='pedestrian', tourDistance=5492.299999999999, estimatedTime=689519, popularity=1, childFriendliness=3, tourLogs=[]}
2023-06-16 20:10:43.809 [JavaFX Application Thread] INFO  at.fhtw.viewmodel.ShowTourLogsViewModel - ListToursView.getTourLogs() - TourLogService.getTourList() - no content
2023-06-16 20:10:43.933 [JavaFX Application Thread] INFO  at.fhtw.utils.ImageHandler - ImageHandler.saveBase64EncodedImageToFile() - image saved successfully: data/images/1.jpg
2023-06-16 20:10:43.934 [JavaFX Application Thread] INFO  at.fhtw.viewmodel.ListToursViewModel - ListToursViewModel.getTour() - tour retrieved successfully: Tour{tourId=1, name='test', tourDescription='test', start='hamburg', destination='palermo', transportType='pedestrian', tourDistance=5492.299999999999, estimatedTime=689519, popularity=1, childFriendliness=3, tourLogs=[]}
2023-06-16 20:10:43.935 [JavaFX Application Thread] INFO  at.fhtw.utils.ImageHandler - ImageHandler.saveBase64EncodedImageToFile() - image saved successfully: data/images/1.jpg
2023-06-16 20:10:43.935 [JavaFX Application Thread] INFO  at.fhtw.viewmodel.ShowTourInformationViewModel - ShowTourInformationViewModel.getTour() - tour retrieved successfully: Tour{tourId=1, name='test', tourDescription='test', start='hamburg', destination='palermo', transportType='pedestrian', tourDistance=5492.299999999999, estimatedTime=689519, popularity=1, childFriendliness=3, tourLogs=[]}
2023-06-16 20:10:43.948 [JavaFX Application Thread] INFO  at.fhtw.viewmodel.ShowTourLogsViewModel - ListToursView.getTourLogs() - TourLogService.getTourList() - no content
2023-06-16 20:11:44.380 [JavaFX Application Thread] INFO  at.fhtw.viewmodel.ListToursViewModel - ListToursViewModel.getTourList() - TourService.getTourList() - no content
2023-06-16 20:11:47.481 [JavaFX Application Thread] INFO  at.fhtw.viewmodel.ListToursViewModel - ListToursViewModel.getTourList() - TourService.getTourList() - no content
2023-06-16 20:11:59.013 [JavaFX Application Thread] WARN  at.fhtw.viewmodel.ListToursViewModel - ListToursViewModel.createTour() - TourService.createTour() - bad request
2023-06-16 20:12:01.588 [JavaFX Application Thread] INFO  at.fhtw.viewmodel.ListToursViewModel - ListToursViewModel.getTourList() - TourService.getTourList() - no content
2023-06-16 20:12:56.744 [JavaFX Application Thread] WARN  at.fhtw.viewmodel.ListToursViewModel - ListToursViewModel.createTour() - TourService.createTour() - bad request
2023-06-16 20:13:01.710 [JavaFX Application Thread] INFO  at.fhtw.viewmodel.ListToursViewModel - ListToursViewModel.getTourList() - TourService.getTourList() - no content
2023-06-16 20:13:31.356 [JavaFX Application Thread] INFO  at.fhtw.viewmodel.ListToursViewModel - ListToursViewModel.getTourList() - TourService.getTourList() - no content
2023-06-16 20:13:46.359 [JavaFX Application Thread] WARN  at.fhtw.viewmodel.ListToursViewModel - ListToursViewModel.createTour() - TourService.createTour() - bad request
2023-06-16 20:13:48.515 [JavaFX Application Thread] INFO  at.fhtw.viewmodel.ListToursViewModel - ListToursViewModel.getTourList() - TourService.getTourList() - no content
2023-06-16 20:15:33.328 [JavaFX Application Thread] INFO  at.fhtw.viewmodel.ListToursViewModel - ListToursViewModel.getTourList() - TourService.getTourList() - no content
2023-06-16 20:16:37.532 [JavaFX Application Thread] INFO  at.fhtw.viewmodel.ListToursViewModel - ListToursViewModel.getTourList() - TourService.getTourList() - no content
2023-06-16 20:16:56.480 [JavaFX Application Thread] INFO  at.fhtw.utils.ImageHandler - ImageHandler.saveBase64EncodedImageToFile() - image saved successfully: data/images/1.jpg
2023-06-16 20:16:56.486 [JavaFX Application Thread] INFO  at.fhtw.viewmodel.ListToursViewModel - ListToursViewModel.createTour() - tour created successfully: Tour{tourId=1, name='test', tourDescription='test', start='hamburg', destination='palermo', transportType='pedestrian', tourDistance=5492.3, estimatedTime=689519, popularity=1, childFriendliness=3, tourLogs=null}
2023-06-16 20:16:57.544 [JavaFX Application Thread] INFO  at.fhtw.viewmodel.ListToursViewModel - ListToursViewModel.getTourList() - tourList retrieved successfully: [TourListEntry{tourId=1, name='test'}]
2023-06-16 20:16:59.236 [JavaFX Application Thread] INFO  at.fhtw.utils.ImageHandler - ImageHandler.saveBase64EncodedImageToFile() - image saved successfully: data/images/1.jpg
2023-06-16 20:16:59.237 [JavaFX Application Thread] INFO  at.fhtw.viewmodel.ListToursViewModel - ListToursViewModel.getTour() - tour retrieved successfully: Tour{tourId=1, name='test', tourDescription='test', start='hamburg', destination='palermo', transportType='pedestrian', tourDistance=5492.3, estimatedTime=689519, popularity=1, childFriendliness=3, tourLogs=[]}
2023-06-16 20:16:59.238 [JavaFX Application Thread] INFO  at.fhtw.utils.ImageHandler - ImageHandler.saveBase64EncodedImageToFile() - image saved successfully: data/images/1.jpg
2023-06-16 20:16:59.238 [JavaFX Application Thread] INFO  at.fhtw.viewmodel.ShowTourInformationViewModel - ShowTourInformationViewModel.getTour() - tour retrieved successfully: Tour{tourId=1, name='test', tourDescription='test', start='hamburg', destination='palermo', transportType='pedestrian', tourDistance=5492.3, estimatedTime=689519, popularity=1, childFriendliness=3, tourLogs=[]}
2023-06-16 20:16:59.259 [JavaFX Application Thread] INFO  at.fhtw.viewmodel.ShowTourLogsViewModel - ListToursView.getTourLogs() - TourLogService.getTourList() - no content
2023-06-16 20:16:59.355 [JavaFX Application Thread] INFO  at.fhtw.utils.ImageHandler - ImageHandler.saveBase64EncodedImageToFile() - image saved successfully: data/images/1.jpg
2023-06-16 20:16:59.355 [JavaFX Application Thread] INFO  at.fhtw.viewmodel.ListToursViewModel - ListToursViewModel.getTour() - tour retrieved successfully: Tour{tourId=1, name='test', tourDescription='test', start='hamburg', destination='palermo', transportType='pedestrian', tourDistance=5492.3, estimatedTime=689519, popularity=1, childFriendliness=3, tourLogs=[]}
2023-06-16 20:16:59.356 [JavaFX Application Thread] INFO  at.fhtw.utils.ImageHandler - ImageHandler.saveBase64EncodedImageToFile() - image saved successfully: data/images/1.jpg
2023-06-16 20:16:59.356 [JavaFX Application Thread] INFO  at.fhtw.viewmodel.ShowTourInformationViewModel - ShowTourInformationViewModel.getTour() - tour retrieved successfully: Tour{tourId=1, name='test', tourDescription='test', start='hamburg', destination='palermo', transportType='pedestrian', tourDistance=5492.3, estimatedTime=689519, popularity=1, childFriendliness=3, tourLogs=[]}
2023-06-16 20:16:59.371 [JavaFX Application Thread] INFO  at.fhtw.viewmodel.ShowTourLogsViewModel - ListToursView.getTourLogs() - TourLogService.getTourList() - no content
2023-06-16 20:17:38.081 [JavaFX Application Thread] INFO  at.fhtw.viewmodel.ListToursViewModel - ListToursViewModel.getTourList() - tourList retrieved successfully: [TourListEntry{tourId=1, name='test'}]
2023-06-16 20:17:52.104 [JavaFX Application Thread] INFO  at.fhtw.utils.ImageHandler - ImageHandler.saveBase64EncodedImageToFile() - image saved successfully: data/images/2.jpg
2023-06-16 20:17:52.109 [JavaFX Application Thread] INFO  at.fhtw.viewmodel.ListToursViewModel - ListToursViewModel.createTour() - tour created successfully: Tour{tourId=2, name='test', tourDescription='test', start='berlin', destination='vienna', transportType='pedestrian', tourDistance=591.6, estimatedTime=593613, popularity=1, childFriendliness=3, tourLogs=null}
2023-06-16 20:17:53.044 [JavaFX Application Thread] INFO  at.fhtw.viewmodel.ListToursViewModel - ListToursViewModel.getTourList() - tourList retrieved successfully: [TourListEntry{tourId=1, name='test'}, TourListEntry{tourId=2, name='test'}]
2023-06-16 20:17:54.460 [JavaFX Application Thread] INFO  at.fhtw.utils.ImageHandler - ImageHandler.saveBase64EncodedImageToFile() - image saved successfully: data/images/2.jpg
2023-06-16 20:17:54.461 [JavaFX Application Thread] INFO  at.fhtw.viewmodel.ListToursViewModel - ListToursViewModel.getTour() - tour retrieved successfully: Tour{tourId=2, name='test', tourDescription='test', start='berlin', destination='vienna', transportType='pedestrian', tourDistance=591.6, estimatedTime=593613, popularity=1, childFriendliness=3, tourLogs=[]}
2023-06-16 20:17:54.462 [JavaFX Application Thread] INFO  at.fhtw.utils.ImageHandler - ImageHandler.saveBase64EncodedImageToFile() - image saved successfully: data/images/2.jpg
2023-06-16 20:17:54.463 [JavaFX Application Thread] INFO  at.fhtw.viewmodel.ShowTourInformationViewModel - ShowTourInformationViewModel.getTour() - tour retrieved successfully: Tour{tourId=2, name='test', tourDescription='test', start='berlin', destination='vienna', transportType='pedestrian', tourDistance=591.6, estimatedTime=593613, popularity=1, childFriendliness=3, tourLogs=[]}
2023-06-16 20:17:54.482 [JavaFX Application Thread] INFO  at.fhtw.viewmodel.ShowTourLogsViewModel - ListToursView.getTourLogs() - TourLogService.getTourList() - no content
2023-06-16 20:17:54.589 [JavaFX Application Thread] INFO  at.fhtw.utils.ImageHandler - ImageHandler.saveBase64EncodedImageToFile() - image saved successfully: data/images/2.jpg
2023-06-16 20:17:54.589 [JavaFX Application Thread] INFO  at.fhtw.viewmodel.ListToursViewModel - ListToursViewModel.getTour() - tour retrieved successfully: Tour{tourId=2, name='test', tourDescription='test', start='berlin', destination='vienna', transportType='pedestrian', tourDistance=591.6, estimatedTime=593613, popularity=1, childFriendliness=3, tourLogs=[]}
2023-06-16 20:17:54.591 [JavaFX Application Thread] INFO  at.fhtw.utils.ImageHandler - ImageHandler.saveBase64EncodedImageToFile() - image saved successfully: data/images/2.jpg
2023-06-16 20:17:54.591 [JavaFX Application Thread] INFO  at.fhtw.viewmodel.ShowTourInformationViewModel - ShowTourInformationViewModel.getTour() - tour retrieved successfully: Tour{tourId=2, name='test', tourDescription='test', start='berlin', destination='vienna', transportType='pedestrian', tourDistance=591.6, estimatedTime=593613, popularity=1, childFriendliness=3, tourLogs=[]}
2023-06-16 20:17:54.606 [JavaFX Application Thread] INFO  at.fhtw.viewmodel.ShowTourLogsViewModel - ListToursView.getTourLogs() - TourLogService.getTourList() - no content
2023-06-16 20:17:56.326 [JavaFX Application Thread] INFO  at.fhtw.utils.ImageHandler - ImageHandler.saveBase64EncodedImageToFile() - image saved successfully: data/images/1.jpg
2023-06-16 20:17:56.326 [JavaFX Application Thread] INFO  at.fhtw.viewmodel.ListToursViewModel - ListToursViewModel.getTour() - tour retrieved successfully: Tour{tourId=1, name='test', tourDescription='test', start='hamburg', destination='palermo', transportType='pedestrian', tourDistance=5492.3, estimatedTime=689519, popularity=1, childFriendliness=3, tourLogs=[]}
2023-06-16 20:17:56.328 [JavaFX Application Thread] INFO  at.fhtw.utils.ImageHandler - ImageHandler.saveBase64EncodedImageToFile() - image saved successfully: data/images/1.jpg
2023-06-16 20:17:56.328 [JavaFX Application Thread] INFO  at.fhtw.viewmodel.ShowTourInformationViewModel - ShowTourInformationViewModel.getTour() - tour retrieved successfully: Tour{tourId=1, name='test', tourDescription='test', start='hamburg', destination='palermo', transportType='pedestrian', tourDistance=5492.3, estimatedTime=689519, popularity=1, childFriendliness=3, tourLogs=[]}
2023-06-16 20:17:56.342 [JavaFX Application Thread] INFO  at.fhtw.viewmodel.ShowTourLogsViewModel - ListToursView.getTourLogs() - TourLogService.getTourList() - no content
2023-06-16 20:17:56.483 [JavaFX Application Thread] INFO  at.fhtw.utils.ImageHandler - ImageHandler.saveBase64EncodedImageToFile() - image saved successfully: data/images/1.jpg
2023-06-16 20:17:56.483 [JavaFX Application Thread] INFO  at.fhtw.viewmodel.ListToursViewModel - ListToursViewModel.getTour() - tour retrieved successfully: Tour{tourId=1, name='test', tourDescription='test', start='hamburg', destination='palermo', transportType='pedestrian', tourDistance=5492.3, estimatedTime=689519, popularity=1, childFriendliness=3, tourLogs=[]}
2023-06-16 20:17:56.484 [JavaFX Application Thread] INFO  at.fhtw.utils.ImageHandler - ImageHandler.saveBase64EncodedImageToFile() - image saved successfully: data/images/1.jpg
2023-06-16 20:17:56.485 [JavaFX Application Thread] INFO  at.fhtw.viewmodel.ShowTourInformationViewModel - ShowTourInformationViewModel.getTour() - tour retrieved successfully: Tour{tourId=1, name='test', tourDescription='test', start='hamburg', destination='palermo', transportType='pedestrian', tourDistance=5492.3, estimatedTime=689519, popularity=1, childFriendliness=3, tourLogs=[]}
2023-06-16 20:17:56.497 [JavaFX Application Thread] INFO  at.fhtw.viewmodel.ShowTourLogsViewModel - ListToursView.getTourLogs() - TourLogService.getTourList() - no content
2023-06-16 20:17:59.157 [JavaFX Application Thread] INFO  at.fhtw.utils.ImageHandler - ImageHandler.saveBase64EncodedImageToFile() - image saved successfully: data/images/1.jpg
2023-06-16 20:17:59.158 [JavaFX Application Thread] INFO  at.fhtw.utils.ImageHandler - ImageHandler.saveBase64EncodedImageToFile() - image saved successfully: data/images/2.jpg
2023-06-16 20:17:59.395 [JavaFX Application Thread] ERROR at.fhtw.viewmodel.ApplicationViewModel - ApplicationViewModel.createSummarizeReport() - createSummarizeReport - Invalid value for SecondOfDay (valid values 0 - 86399): 689519
2023-06-16 20:20:29.177 [JavaFX Application Thread] INFO  at.fhtw.viewmodel.ListToursViewModel - ListToursViewModel.getTourList() - tourList retrieved successfully: [TourListEntry{tourId=1, name='test'}, TourListEntry{tourId=2, name='test'}]
2023-06-16 20:20:31.548 [JavaFX Application Thread] INFO  at.fhtw.utils.ImageHandler - ImageHandler.saveBase64EncodedImageToFile() - image saved successfully: data/images/2.jpg
2023-06-16 20:20:31.556 [JavaFX Application Thread] INFO  at.fhtw.viewmodel.ListToursViewModel - ListToursViewModel.getTour() - tour retrieved successfully: Tour{tourId=2, name='test', tourDescription='test', start='berlin', destination='vienna', transportType='pedestrian', tourDistance=591.6, estimatedTime=593613, popularity=1, childFriendliness=3, tourLogs=[]}
2023-06-16 20:20:31.558 [JavaFX Application Thread] INFO  at.fhtw.utils.ImageHandler - ImageHandler.saveBase64EncodedImageToFile() - image saved successfully: data/images/2.jpg
2023-06-16 20:20:31.558 [JavaFX Application Thread] INFO  at.fhtw.viewmodel.ShowTourInformationViewModel - ShowTourInformationViewModel.getTour() - tour retrieved successfully: Tour{tourId=2, name='test', tourDescription='test', start='berlin', destination='vienna', transportType='pedestrian', tourDistance=591.6, estimatedTime=593613, popularity=1, childFriendliness=3, tourLogs=[]}
2023-06-16 20:20:31.585 [JavaFX Application Thread] INFO  at.fhtw.viewmodel.ShowTourLogsViewModel - ListToursView.getTourLogs() - TourLogService.getTourList() - no content
2023-06-16 20:20:31.654 [JavaFX Application Thread] INFO  at.fhtw.utils.ImageHandler - ImageHandler.saveBase64EncodedImageToFile() - image saved successfully: data/images/2.jpg
2023-06-16 20:20:31.654 [JavaFX Application Thread] INFO  at.fhtw.viewmodel.ListToursViewModel - ListToursViewModel.getTour() - tour retrieved successfully: Tour{tourId=2, name='test', tourDescription='test', start='berlin', destination='vienna', transportType='pedestrian', tourDistance=591.6, estimatedTime=593613, popularity=1, childFriendliness=3, tourLogs=[]}
2023-06-16 20:20:31.656 [JavaFX Application Thread] INFO  at.fhtw.utils.ImageHandler - ImageHandler.saveBase64EncodedImageToFile() - image saved successfully: data/images/2.jpg
2023-06-16 20:20:31.656 [JavaFX Application Thread] INFO  at.fhtw.viewmodel.ShowTourInformationViewModel - ShowTourInformationViewModel.getTour() - tour retrieved successfully: Tour{tourId=2, name='test', tourDescription='test', start='berlin', destination='vienna', transportType='pedestrian', tourDistance=591.6, estimatedTime=593613, popularity=1, childFriendliness=3, tourLogs=[]}
2023-06-16 20:20:31.672 [JavaFX Application Thread] INFO  at.fhtw.viewmodel.ShowTourLogsViewModel - ListToursView.getTourLogs() - TourLogService.getTourList() - no content
2023-06-16 20:20:33.962 [JavaFX Application Thread] INFO  at.fhtw.utils.ImageHandler - ImageHandler.saveBase64EncodedImageToFile() - image saved successfully: data/images/1.jpg
2023-06-16 20:20:33.964 [JavaFX Application Thread] INFO  at.fhtw.utils.ImageHandler - ImageHandler.saveBase64EncodedImageToFile() - image saved successfully: data/images/2.jpg
2023-06-16 20:20:34.378 [JavaFX Application Thread] INFO  at.fhtw.utils.pdfFileHandler.PdfFileHandler - PdfFileHandler.createSummarizeReport() - summarize report created successfully: summarize_report.pdf
2023-06-16 20:20:34.378 [JavaFX Application Thread] INFO  at.fhtw.viewmodel.ApplicationViewModel - ApplicationViewModel.createSummarizeReport() - report created successfully: summarize_report
2023-06-16 20:21:04.820 [JavaFX Application Thread] INFO  at.fhtw.utils.ImageHandler - ImageHandler.saveBase64EncodedImageToFile() - image saved successfully: data/images/1.jpg
2023-06-16 20:21:04.822 [JavaFX Application Thread] INFO  at.fhtw.utils.ImageHandler - ImageHandler.saveBase64EncodedImageToFile() - image saved successfully: data/images/2.jpg
2023-06-16 20:21:04.897 [JavaFX Application Thread] INFO  at.fhtw.utils.pdfFileHandler.PdfFileHandler - PdfFileHandler.createSummarizeReport() - summarize report created successfully: summarize_report.pdf
2023-06-16 20:21:04.897 [JavaFX Application Thread] INFO  at.fhtw.viewmodel.ApplicationViewModel - ApplicationViewModel.createSummarizeReport() - report created successfully: summarize_report
2023-06-16 20:23:33.082 [JavaFX Application Thread] INFO  at.fhtw.viewmodel.ListToursViewModel - ListToursViewModel.getTourList() - tourList retrieved successfully: [TourListEntry{tourId=1, name='test'}, TourListEntry{tourId=2, name='test'}]
2023-06-16 20:23:35.406 [JavaFX Application Thread] INFO  at.fhtw.utils.ImageHandler - ImageHandler.saveBase64EncodedImageToFile() - image saved successfully: data/images/2.jpg
2023-06-16 20:23:35.412 [JavaFX Application Thread] INFO  at.fhtw.viewmodel.ListToursViewModel - ListToursViewModel.getTour() - tour retrieved successfully: Tour{tourId=2, name='test', tourDescription='test', start='berlin', destination='vienna', transportType='pedestrian', tourDistance=591.6, estimatedTime=593613, popularity=1, childFriendliness=3, tourLogs=[]}
2023-06-16 20:23:35.414 [JavaFX Application Thread] INFO  at.fhtw.utils.ImageHandler - ImageHandler.saveBase64EncodedImageToFile() - image saved successfully: data/images/2.jpg
2023-06-16 20:23:35.414 [JavaFX Application Thread] INFO  at.fhtw.viewmodel.ShowTourInformationViewModel - ShowTourInformationViewModel.getTour() - tour retrieved successfully: Tour{tourId=2, name='test', tourDescription='test', start='berlin', destination='vienna', transportType='pedestrian', tourDistance=591.6, estimatedTime=593613, popularity=1, childFriendliness=3, tourLogs=[]}
2023-06-16 20:23:35.438 [JavaFX Application Thread] INFO  at.fhtw.viewmodel.ShowTourLogsViewModel - ListToursView.getTourLogs() - TourLogService.getTourList() - no content
2023-06-16 20:23:35.528 [JavaFX Application Thread] INFO  at.fhtw.utils.ImageHandler - ImageHandler.saveBase64EncodedImageToFile() - image saved successfully: data/images/2.jpg
2023-06-16 20:23:35.528 [JavaFX Application Thread] INFO  at.fhtw.viewmodel.ListToursViewModel - ListToursViewModel.getTour() - tour retrieved successfully: Tour{tourId=2, name='test', tourDescription='test', start='berlin', destination='vienna', transportType='pedestrian', tourDistance=591.6, estimatedTime=593613, popularity=1, childFriendliness=3, tourLogs=[]}
2023-06-16 20:23:35.531 [JavaFX Application Thread] INFO  at.fhtw.utils.ImageHandler - ImageHandler.saveBase64EncodedImageToFile() - image saved successfully: data/images/2.jpg
2023-06-16 20:23:35.531 [JavaFX Application Thread] INFO  at.fhtw.viewmodel.ShowTourInformationViewModel - ShowTourInformationViewModel.getTour() - tour retrieved successfully: Tour{tourId=2, name='test', tourDescription='test', start='berlin', destination='vienna', transportType='pedestrian', tourDistance=591.6, estimatedTime=593613, popularity=1, childFriendliness=3, tourLogs=[]}
2023-06-16 20:23:35.548 [JavaFX Application Thread] INFO  at.fhtw.viewmodel.ShowTourLogsViewModel - ListToursView.getTourLogs() - TourLogService.getTourList() - no content
2023-06-16 20:23:37.601 [JavaFX Application Thread] INFO  at.fhtw.utils.ImageHandler - ImageHandler.saveBase64EncodedImageToFile() - image saved successfully: data/images/1.jpg
2023-06-16 20:23:37.602 [JavaFX Application Thread] INFO  at.fhtw.utils.ImageHandler - ImageHandler.saveBase64EncodedImageToFile() - image saved successfully: data/images/2.jpg
2023-06-16 20:23:37.637 [JavaFX Application Thread] ERROR at.fhtw.viewmodel.ApplicationViewModel - ApplicationViewModel.createSummarizeReport() - createSummarizeReport - summarize_report.pdf (Der Prozess kann nicht auf die Datei zugreifen, da sie von einem anderen Prozess verwendet wird)
2023-06-16 20:24:19.225 [JavaFX Application Thread] INFO  at.fhtw.viewmodel.ListToursViewModel - ListToursViewModel.getTourList() - tourList retrieved successfully: [TourListEntry{tourId=1, name='test'}, TourListEntry{tourId=2, name='test'}]
2023-06-16 20:24:22.501 [JavaFX Application Thread] INFO  at.fhtw.utils.ImageHandler - ImageHandler.saveBase64EncodedImageToFile() - image saved successfully: data/images/1.jpg
2023-06-16 20:24:22.505 [JavaFX Application Thread] INFO  at.fhtw.utils.ImageHandler - ImageHandler.saveBase64EncodedImageToFile() - image saved successfully: data/images/2.jpg
2023-06-16 20:24:22.879 [JavaFX Application Thread] INFO  at.fhtw.utils.pdfFileHandler.PdfFileHandler - PdfFileHandler.createSummarizeReport() - summarize report created successfully: summarize_report.pdf
2023-06-16 20:24:22.880 [JavaFX Application Thread] INFO  at.fhtw.viewmodel.ApplicationViewModel - ApplicationViewModel.createSummarizeReport() - report created successfully: summarize_report
2023-06-16 23:31:55.599 [JavaFX Application Thread] ERROR at.fhtw.viewmodel.ListToursViewModel - ListToursViewModel.getTourList() - TourService.getTourList() - failed to send request
2023-06-16 23:32:48.949 [JavaFX Application Thread] INFO  at.fhtw.viewmodel.ListToursViewModel - ListToursViewModel.getTourList() - TourService.getTourList() - no content
2023-06-16 23:33:04.753 [JavaFX Application Thread] INFO  at.fhtw.utils.ImageHandler - ImageHandler.saveBase64EncodedImageToFile() - image saved successfully: data/images/1.jpg
2023-06-16 23:33:04.758 [JavaFX Application Thread] INFO  at.fhtw.viewmodel.ListToursViewModel - ListToursViewModel.createTour() - tour created successfully: Tour{tourId=1, name='test', tourDescription='test', start='vienna', destination='bratislava', transportType='car', tourDistance=80.3, estimatedTime=3302, popularity=1, childFriendliness=3, tourLogs=null}
2023-06-16 23:33:05.552 [JavaFX Application Thread] INFO  at.fhtw.viewmodel.ListToursViewModel - ListToursViewModel.getTourList() - tourList retrieved successfully: [TourListEntry{tourId=1, name='test'}]
2023-06-16 23:33:07.078 [JavaFX Application Thread] INFO  at.fhtw.utils.ImageHandler - ImageHandler.saveBase64EncodedImageToFile() - image saved successfully: data/images/1.jpg
2023-06-16 23:33:07.078 [JavaFX Application Thread] INFO  at.fhtw.viewmodel.ListToursViewModel - ListToursViewModel.getTour() - tour retrieved successfully: Tour{tourId=1, name='test', tourDescription='test', start='vienna', destination='bratislava', transportType='car', tourDistance=80.3, estimatedTime=3302, popularity=1, childFriendliness=3, tourLogs=[]}
2023-06-16 23:33:07.079 [JavaFX Application Thread] INFO  at.fhtw.utils.ImageHandler - ImageHandler.saveBase64EncodedImageToFile() - image saved successfully: data/images/1.jpg
2023-06-16 23:33:07.079 [JavaFX Application Thread] INFO  at.fhtw.viewmodel.ShowTourInformationViewModel - ShowTourInformationViewModel.getTour() - tour retrieved successfully: Tour{tourId=1, name='test', tourDescription='test', start='vienna', destination='bratislava', transportType='car', tourDistance=80.3, estimatedTime=3302, popularity=1, childFriendliness=3, tourLogs=[]}
2023-06-16 23:33:07.098 [JavaFX Application Thread] INFO  at.fhtw.viewmodel.ShowTourLogsViewModel - ListToursView.getTourLogs() - TourLogService.getTourList() - no content
2023-06-16 23:33:23.208 [JavaFX Application Thread] INFO  at.fhtw.viewmodel.ShowTourLogsViewModel - ShowTourLogsViewModel.createTourLog() - tourLog created successfully: TourLog{tourLogId=1, date='2023-06-16 23:33:23', comment='test', difficulty=2, totalTime=356520, rating=4}
2023-06-16 23:33:23.228 [JavaFX Application Thread] INFO  at.fhtw.viewmodel.ShowTourLogsViewModel - ShowTourLogsViewModel.getTourLogs() - tourLogs retrieved successfully: [TourLog{tourLogId=1, date='2023-06-16 23:33:23', comment='test', difficulty=2, totalTime=356520, rating=4}]
2023-06-16 23:33:24.307 [JavaFX Application Thread] INFO  at.fhtw.viewmodel.ShowTourLogsViewModel - ShowTourLogsViewModel.getTourLogs() - tourLogs retrieved successfully: [TourLog{tourLogId=1, date='2023-06-16 23:33:23', comment='test', difficulty=2, totalTime=356520, rating=4}]
2023-06-16 23:33:52.366 [JavaFX Application Thread] INFO  at.fhtw.utils.ImageHandler - ImageHandler.saveBase64EncodedImageToFile() - image saved successfully: data/images/1.jpg
2023-06-16 23:33:52.686 [JavaFX Application Thread] WARN  com.itextpdf.layout.renderer.TableRenderer - Last row is not completed. Table bottom border may collapse as you do not expect it
2023-06-16 23:33:52.774 [JavaFX Application Thread] INFO  at.fhtw.utils.pdfFileHandler.PdfFileHandler - PdfFileHandler.createSummarizeReport() - summarize report created successfully: summarize_report.pdf
2023-06-16 23:33:52.774 [JavaFX Application Thread] INFO  at.fhtw.viewmodel.ApplicationViewModel - ApplicationViewModel.createSummarizeReport() - report created successfully: summarize_report
2023-06-16 23:33:59.522 [JavaFX Application Thread] INFO  at.fhtw.utils.ImageHandler - ImageHandler.saveBase64EncodedImageToFile() - image saved successfully: data/images/1.jpg
2023-06-16 23:33:59.522 [JavaFX Application Thread] INFO  at.fhtw.viewmodel.ListToursViewModel - ListToursViewModel.getTour() - tour retrieved successfully: Tour{tourId=1, name='test', tourDescription='test', start='vienna', destination='bratislava', transportType='car', tourDistance=80.3, estimatedTime=3302, popularity=1, childFriendliness=4, tourLogs=[TourLog{tourLogId=1, date='2023-06-16 23:33:23', comment='test', difficulty=2, totalTime=356520, rating=4}]}
2023-06-16 23:33:59.523 [JavaFX Application Thread] INFO  at.fhtw.utils.ImageHandler - ImageHandler.saveBase64EncodedImageToFile() - image saved successfully: data/images/1.jpg
2023-06-16 23:33:59.523 [JavaFX Application Thread] INFO  at.fhtw.viewmodel.ShowTourInformationViewModel - ShowTourInformationViewModel.getTour() - tour retrieved successfully: Tour{tourId=1, name='test', tourDescription='test', start='vienna', destination='bratislava', transportType='car', tourDistance=80.3, estimatedTime=3302, popularity=1, childFriendliness=4, tourLogs=[TourLog{tourLogId=1, date='2023-06-16 23:33:23', comment='test', difficulty=2, totalTime=356520, rating=4}]}
2023-06-16 23:33:59.540 [JavaFX Application Thread] INFO  at.fhtw.viewmodel.ShowTourLogsViewModel - ShowTourLogsViewModel.getTourLogs() - tourLogs retrieved successfully: [TourLog{tourLogId=1, date='2023-06-16 23:33:23', comment='test', difficulty=2, totalTime=356520, rating=4}]
2023-06-16 23:33:59.929 [JavaFX Application Thread] INFO  at.fhtw.utils.ImageHandler - ImageHandler.saveBase64EncodedImageToFile() - image saved successfully: data/images/1.jpg
2023-06-16 23:33:59.929 [JavaFX Application Thread] INFO  at.fhtw.viewmodel.ListToursViewModel - ListToursViewModel.getTour() - tour retrieved successfully: Tour{tourId=1, name='test', tourDescription='test', start='vienna', destination='bratislava', transportType='car', tourDistance=80.3, estimatedTime=3302, popularity=1, childFriendliness=4, tourLogs=[TourLog{tourLogId=1, date='2023-06-16 23:33:23', comment='test', difficulty=2, totalTime=356520, rating=4}]}
2023-06-16 23:33:59.930 [JavaFX Application Thread] INFO  at.fhtw.utils.ImageHandler - ImageHandler.saveBase64EncodedImageToFile() - image saved successfully: data/images/1.jpg
2023-06-16 23:33:59.930 [JavaFX Application Thread] INFO  at.fhtw.viewmodel.ShowTourInformationViewModel - ShowTourInformationViewModel.getTour() - tour retrieved successfully: Tour{tourId=1, name='test', tourDescription='test', start='vienna', destination='bratislava', transportType='car', tourDistance=80.3, estimatedTime=3302, popularity=1, childFriendliness=4, tourLogs=[TourLog{tourLogId=1, date='2023-06-16 23:33:23', comment='test', difficulty=2, totalTime=356520, rating=4}]}
2023-06-16 23:33:59.944 [JavaFX Application Thread] INFO  at.fhtw.viewmodel.ShowTourLogsViewModel - ShowTourLogsViewModel.getTourLogs() - tourLogs retrieved successfully: [TourLog{tourLogId=1, date='2023-06-16 23:33:23', comment='test', difficulty=2, totalTime=356520, rating=4}]
2023-06-16 23:34:01.329 [JavaFX Application Thread] INFO  at.fhtw.viewmodel.ListToursViewModel - ListToursViewModel.deleteTour() - tour deleted successfully: 1
2023-06-16 23:34:02.079 [JavaFX Application Thread] INFO  at.fhtw.viewmodel.ListToursViewModel - ListToursViewModel.getTourList() - TourService.getTourList() - no content
2023-06-16 23:34:09.772 [JavaFX Application Thread] INFO  at.fhtw.viewmodel.ListToursViewModel - ListToursViewModel.getTourList() - TourService.getTourList() - no content
2023-06-16 23:34:11.515 [JavaFX Application Thread] INFO  at.fhtw.viewmodel.ListToursViewModel - ListToursViewModel.getTourList() - TourService.getTourList() - no content
2023-06-16 23:34:12.138 [JavaFX Application Thread] INFO  at.fhtw.viewmodel.ListToursViewModel - ListToursViewModel.getTourList() - TourService.getTourList() - no content
2023-06-16 23:34:12.290 [JavaFX Application Thread] INFO  at.fhtw.viewmodel.ListToursViewModel - ListToursViewModel.getTourList() - TourService.getTourList() - no content
2023-06-16 23:34:12.450 [JavaFX Application Thread] INFO  at.fhtw.viewmodel.ListToursViewModel - ListToursViewModel.getTourList() - TourService.getTourList() - no content
2023-06-16 23:34:14.002 [JavaFX Application Thread] INFO  at.fhtw.viewmodel.ListToursViewModel - ListToursViewModel.getTourList() - TourService.getTourList() - no content
2023-06-16 23:34:15.666 [JavaFX Application Thread] INFO  at.fhtw.viewmodel.ListToursViewModel - ListToursViewModel.getTourList() - TourService.getTourList() - no content
2023-06-16 23:34:16.659 [JavaFX Application Thread] INFO  at.fhtw.viewmodel.ListToursViewModel - ListToursViewModel.getTourList() - TourService.getTourList() - no content
2023-06-16 23:34:17.458 [JavaFX Application Thread] INFO  at.fhtw.viewmodel.ListToursViewModel - ListToursViewModel.getTourList() - TourService.getTourList() - no content
