2023-06-09 00:15:34.660 [JavaFX Application Thread] INFO  at.fhtw.viewmodel.ListToursViewModel - BusinessLogic.searchTour() - tourList retrieved successfully: [TourListEntry{tourId=3, name='tour1'}]
2023-06-09 00:18:47.917 [JavaFX Application Thread] INFO  at.fhtw.viewmodel.ListToursViewModel - BusinessLogic.searchTour() - TourService.searchTour() - keyword not found: hey
2023-06-09 00:18:54.662 [JavaFX Application Thread] INFO  at.fhtw.viewmodel.ListToursViewModel - BusinessLogic.searchTour() - TourService.searchTour() - keyword not found: huh
2023-06-09 00:36:15.595 [JavaFX Application Thread] INFO  at.fhtw.utils.ImageHandler - ImageHandler.saveBase64EncodedImageToFile() - image saved successfully: data/images/4.jpg
2023-06-09 00:36:15.611 [JavaFX Application Thread] INFO  at.fhtw.viewmodel.ListToursViewModel - BusinessLogic.createTour() - tour created successfully: Tour{tourId=4, name='tour2', tourDescription='tour2', start='Arizona', destination='New York', transportType='car', tourDistance=3888.6, estimatedTime=123593, popularity=1, childFriendliness=3, tourLogs=null}
2023-06-09 01:07:02.273 [JavaFX Application Thread] INFO  at.fhtw.viewmodel.ListToursViewModel - ListToursViewModel.getTourList() - tourList retrieved successfully: [TourListEntry{tourId=3, name='tour1'}, TourListEntry{tourId=4, name='tour2'}]
2023-06-09 01:07:16.033 [JavaFX Application Thread] INFO  at.fhtw.viewmodel.ListToursViewModel - ListToursViewModel.getTourList() - tourList retrieved successfully: [TourListEntry{tourId=3, name='tour1'}, TourListEntry{tourId=4, name='tour2'}]
2023-06-09 01:07:22.263 [JavaFX Application Thread] INFO  at.fhtw.viewmodel.ListToursViewModel - ListToursViewModel.deleteTour() - tour deleted successfully: 4
2023-06-09 01:07:22.278 [JavaFX Application Thread] INFO  at.fhtw.viewmodel.ListToursViewModel - ListToursViewModel.getTourList() - tourList retrieved successfully: [TourListEntry{tourId=3, name='tour1'}]
2023-06-09 01:07:56.746 [JavaFX Application Thread] INFO  at.fhtw.utils.ImageHandler - ImageHandler.saveBase64EncodedImageToFile() - image saved successfully: data/images/5.jpg
2023-06-09 01:07:56.755 [JavaFX Application Thread] INFO  at.fhtw.viewmodel.ListToursViewModel - ListToursViewModel.createTour() - tour created successfully: Tour{tourId=5, name='tour2', tourDescription='tour2', start='Ohio', destination='Arizona', transportType='car', tourDistance=3024.4, estimatedTime=95129, popularity=1, childFriendliness=3, tourLogs=null}
2023-06-09 01:07:58.622 [JavaFX Application Thread] INFO  at.fhtw.viewmodel.ListToursViewModel - ListToursViewModel.getTourList() - tourList retrieved successfully: [TourListEntry{tourId=3, name='tour1'}, TourListEntry{tourId=5, name='tour2'}]
2023-06-09 01:08:07.207 [JavaFX Application Thread] WARN  at.fhtw.view.AddTourView - AddTourViewModel.createTour() - at.fhtw.exceptions.BadRequestException: TourService.createTour() - bad request
2023-06-09 01:08:22.695 [JavaFX Application Thread] INFO  at.fhtw.viewmodel.ListToursViewModel - ListToursViewModel.searchTour() - tourList retrieved successfully: [TourListEntry{tourId=3, name='tour1'}]
2023-06-09 01:08:26.894 [JavaFX Application Thread] INFO  at.fhtw.viewmodel.ListToursViewModel - ListToursViewModel.getTourList() - tourList retrieved successfully: [TourListEntry{tourId=3, name='tour1'}, TourListEntry{tourId=5, name='tour2'}]
2023-06-09 01:08:30.414 [JavaFX Application Thread] INFO  at.fhtw.viewmodel.ListToursViewModel - ListToursViewModel.getTourList() - tourList retrieved successfully: [TourListEntry{tourId=3, name='tour1'}, TourListEntry{tourId=5, name='tour2'}]
2023-06-09 01:14:30.648 [JavaFX Application Thread] INFO  at.fhtw.viewmodel.ListToursViewModel - ListToursViewModel.getTourList() - tourList retrieved successfully: [TourListEntry{tourId=3, name='tour1'}, TourListEntry{tourId=5, name='tour2'}]
2023-06-09 01:15:40.778 [JavaFX Application Thread] INFO  at.fhtw.viewmodel.ListToursViewModel - ListToursViewModel.getTourList() - tourList retrieved successfully: [TourListEntry{tourId=3, name='tour1'}, TourListEntry{tourId=5, name='tour2'}]
2023-06-09 01:15:59.611 [JavaFX Application Thread] INFO  at.fhtw.viewmodel.ListToursViewModel - ListToursViewModel.getTourList() - tourList retrieved successfully: [TourListEntry{tourId=3, name='tour1'}, TourListEntry{tourId=5, name='tour2'}]
2023-06-09 01:16:36.490 [JavaFX Application Thread] INFO  at.fhtw.viewmodel.ListToursViewModel - ListToursViewModel.getTourList() - tourList retrieved successfully: [TourListEntry{tourId=3, name='tour1'}, TourListEntry{tourId=5, name='tour2'}]
2023-06-09 01:16:54.526 [JavaFX Application Thread] INFO  at.fhtw.viewmodel.ListToursViewModel - ListToursViewModel.getTourList() - tourList retrieved successfully: [TourListEntry{tourId=3, name='tour1'}, TourListEntry{tourId=5, name='tour2'}]
2023-06-09 01:17:59.180 [JavaFX Application Thread] INFO  at.fhtw.viewmodel.ListToursViewModel - ListToursViewModel.getTourList() - tourList retrieved successfully: [TourListEntry{tourId=3, name='tour1'}, TourListEntry{tourId=5, name='tour2'}]
2023-06-09 01:18:58.075 [JavaFX Application Thread] INFO  at.fhtw.viewmodel.ListToursViewModel - ListToursViewModel.getTourList() - tourList retrieved successfully: [TourListEntry{tourId=3, name='tour1'}, TourListEntry{tourId=5, name='tour2'}]
2023-06-09 01:21:54.419 [JavaFX Application Thread] INFO  at.fhtw.viewmodel.ListToursViewModel - ListToursViewModel.getTourList() - tourList retrieved successfully: [TourListEntry{tourId=3, name='tour1'}, TourListEntry{tourId=5, name='tour2'}]
2023-06-09 01:22:27.088 [JavaFX Application Thread] INFO  at.fhtw.viewmodel.ListToursViewModel - ListToursViewModel.getTourList() - tourList retrieved successfully: [TourListEntry{tourId=3, name='tour1'}, TourListEntry{tourId=5, name='tour2'}]
2023-06-09 01:24:20.605 [JavaFX Application Thread] INFO  at.fhtw.viewmodel.ListToursViewModel - ListToursViewModel.getTourList() - tourList retrieved successfully: [TourListEntry{tourId=3, name='tour1'}, TourListEntry{tourId=5, name='tour2'}]
2023-06-09 01:24:43.327 [JavaFX Application Thread] INFO  at.fhtw.viewmodel.ListToursViewModel - ListToursViewModel.getTourList() - tourList retrieved successfully: [TourListEntry{tourId=3, name='tour1'}, TourListEntry{tourId=5, name='tour2'}]
2023-06-09 01:27:22.546 [JavaFX Application Thread] INFO  at.fhtw.viewmodel.ListToursViewModel - ListToursViewModel.getTourList() - tourList retrieved successfully: [TourListEntry{tourId=3, name='tour1'}, TourListEntry{tourId=5, name='tour2'}]
2023-06-09 01:27:52.423 [JavaFX Application Thread] INFO  at.fhtw.viewmodel.ListToursViewModel - ListToursViewModel.getTourList() - tourList retrieved successfully: [TourListEntry{tourId=3, name='tour1'}, TourListEntry{tourId=5, name='tour2'}]
2023-06-09 01:28:07.650 [JavaFX Application Thread] INFO  at.fhtw.viewmodel.ListToursViewModel - ListToursViewModel.getTourList() - tourList retrieved successfully: [TourListEntry{tourId=3, name='tour1'}, TourListEntry{tourId=5, name='tour2'}]
2023-06-09 01:28:52.585 [JavaFX Application Thread] INFO  at.fhtw.viewmodel.ListToursViewModel - ListToursViewModel.getTourList() - tourList retrieved successfully: [TourListEntry{tourId=3, name='tour1'}, TourListEntry{tourId=5, name='tour2'}]
2023-06-09 01:29:07.327 [JavaFX Application Thread] INFO  at.fhtw.viewmodel.ListToursViewModel - ListToursViewModel.getTourList() - tourList retrieved successfully: [TourListEntry{tourId=3, name='tour1'}, TourListEntry{tourId=5, name='tour2'}]
2023-06-09 01:30:09.352 [JavaFX Application Thread] INFO  at.fhtw.viewmodel.ListToursViewModel - ListToursViewModel.getTourList() - tourList retrieved successfully: [TourListEntry{tourId=3, name='tour1'}, TourListEntry{tourId=5, name='tour2'}]
2023-06-09 01:31:53.999 [JavaFX Application Thread] INFO  at.fhtw.viewmodel.ListToursViewModel - ListToursViewModel.getTourList() - tourList retrieved successfully: [TourListEntry{tourId=3, name='tour1'}, TourListEntry{tourId=5, name='tour2'}]
2023-06-09 01:35:21.473 [JavaFX Application Thread] INFO  at.fhtw.viewmodel.ListToursViewModel - ListToursViewModel.getTourList() - tourList retrieved successfully: [TourListEntry{tourId=3, name='tour1'}, TourListEntry{tourId=5, name='tour2'}]
2023-06-09 01:36:18.693 [JavaFX Application Thread] INFO  at.fhtw.viewmodel.ListToursViewModel - ListToursViewModel.getTourList() - tourList retrieved successfully: [TourListEntry{tourId=3, name='tour1'}, TourListEntry{tourId=5, name='tour2'}]
2023-06-09 01:40:09.282 [JavaFX Application Thread] INFO  at.fhtw.viewmodel.ListToursViewModel - ListToursViewModel.getTourList() - tourList retrieved successfully: [TourListEntry{tourId=3, name='tour1'}, TourListEntry{tourId=5, name='tour2'}]
2023-06-09 01:40:37.274 [JavaFX Application Thread] INFO  at.fhtw.viewmodel.ListToursViewModel - ListToursViewModel.getTourList() - tourList retrieved successfully: [TourListEntry{tourId=3, name='tour1'}, TourListEntry{tourId=5, name='tour2'}]
2023-06-09 01:40:55.177 [JavaFX Application Thread] INFO  at.fhtw.viewmodel.ListToursViewModel - ListToursViewModel.getTourList() - tourList retrieved successfully: [TourListEntry{tourId=3, name='tour1'}, TourListEntry{tourId=5, name='tour2'}]
2023-06-09 01:41:36.145 [JavaFX Application Thread] INFO  at.fhtw.viewmodel.ListToursViewModel - ListToursViewModel.getTourList() - tourList retrieved successfully: [TourListEntry{tourId=3, name='tour1'}, TourListEntry{tourId=5, name='tour2'}]
2023-06-09 01:42:41.770 [JavaFX Application Thread] INFO  at.fhtw.viewmodel.ListToursViewModel - ListToursViewModel.getTourList() - tourList retrieved successfully: [TourListEntry{tourId=3, name='tour1'}, TourListEntry{tourId=5, name='tour2'}]
2023-06-09 01:43:22.949 [JavaFX Application Thread] INFO  at.fhtw.viewmodel.ListToursViewModel - ListToursViewModel.getTourList() - tourList retrieved successfully: [TourListEntry{tourId=3, name='tour1'}, TourListEntry{tourId=5, name='tour2'}]
2023-06-09 01:46:34.581 [JavaFX Application Thread] INFO  at.fhtw.viewmodel.ListToursViewModel - ListToursViewModel.getTourList() - tourList retrieved successfully: [TourListEntry{tourId=3, name='tour1'}, TourListEntry{tourId=5, name='tour2'}]
2023-06-09 01:50:04.852 [JavaFX Application Thread] INFO  at.fhtw.viewmodel.ListToursViewModel - ListToursViewModel.getTourList() - tourList retrieved successfully: [TourListEntry{tourId=3, name='tour1'}, TourListEntry{tourId=5, name='tour2'}]
2023-06-09 01:51:54.016 [JavaFX Application Thread] INFO  at.fhtw.viewmodel.ListToursViewModel - ListToursViewModel.getTourList() - tourList retrieved successfully: [TourListEntry{tourId=3, name='tour1'}, TourListEntry{tourId=5, name='tour2'}]
2023-06-09 01:52:28.836 [JavaFX Application Thread] INFO  at.fhtw.viewmodel.ListToursViewModel - ListToursViewModel.getTourList() - tourList retrieved successfully: [TourListEntry{tourId=3, name='tour1'}, TourListEntry{tourId=5, name='tour2'}]
2023-06-09 01:54:36.488 [JavaFX Application Thread] INFO  at.fhtw.viewmodel.ListToursViewModel - ListToursViewModel.getTourList() - tourList retrieved successfully: [TourListEntry{tourId=3, name='tour1'}, TourListEntry{tourId=5, name='tour2'}]
2023-06-09 01:56:12.775 [JavaFX Application Thread] INFO  at.fhtw.viewmodel.ListToursViewModel - ListToursViewModel.getTourList() - tourList retrieved successfully: [TourListEntry{tourId=3, name='tour1'}, TourListEntry{tourId=5, name='tour2'}]
2023-06-09 01:56:44.663 [JavaFX Application Thread] INFO  at.fhtw.viewmodel.ListToursViewModel - ListToursViewModel.getTourList() - tourList retrieved successfully: [TourListEntry{tourId=3, name='tour1'}, TourListEntry{tourId=5, name='tour2'}]
2023-06-09 01:57:22.492 [JavaFX Application Thread] INFO  at.fhtw.viewmodel.ListToursViewModel - ListToursViewModel.getTourList() - tourList retrieved successfully: [TourListEntry{tourId=3, name='tour1'}, TourListEntry{tourId=5, name='tour2'}]
2023-06-09 01:57:38.809 [JavaFX Application Thread] INFO  at.fhtw.viewmodel.ListToursViewModel - ListToursViewModel.getTourList() - tourList retrieved successfully: [TourListEntry{tourId=3, name='tour1'}, TourListEntry{tourId=5, name='tour2'}]
2023-06-09 01:58:41.672 [JavaFX Application Thread] INFO  at.fhtw.viewmodel.ListToursViewModel - ListToursViewModel.getTourList() - tourList retrieved successfully: [TourListEntry{tourId=3, name='tour1'}, TourListEntry{tourId=5, name='tour2'}]
2023-06-09 01:59:47.691 [JavaFX Application Thread] INFO  at.fhtw.viewmodel.ListToursViewModel - ListToursViewModel.getTourList() - tourList retrieved successfully: [TourListEntry{tourId=3, name='tour1'}, TourListEntry{tourId=5, name='tour2'}]
2023-06-09 02:00:02.001 [JavaFX Application Thread] INFO  at.fhtw.viewmodel.ListToursViewModel - ListToursViewModel.getTourList() - tourList retrieved successfully: [TourListEntry{tourId=3, name='tour1'}, TourListEntry{tourId=5, name='tour2'}]
2023-06-09 02:03:01.654 [JavaFX Application Thread] INFO  at.fhtw.viewmodel.ListToursViewModel - ListToursViewModel.getTourList() - tourList retrieved successfully: [TourListEntry{tourId=3, name='tour1'}, TourListEntry{tourId=5, name='tour2'}]
2023-06-09 02:03:13.385 [JavaFX Application Thread] INFO  at.fhtw.viewmodel.ListToursViewModel - ListToursViewModel.getTourList() - tourList retrieved successfully: [TourListEntry{tourId=3, name='tour1'}, TourListEntry{tourId=5, name='tour2'}]
2023-06-09 02:03:45.260 [JavaFX Application Thread] INFO  at.fhtw.viewmodel.ListToursViewModel - ListToursViewModel.getTourList() - tourList retrieved successfully: [TourListEntry{tourId=3, name='tour1'}, TourListEntry{tourId=5, name='tour2'}]
2023-06-09 02:04:19.375 [JavaFX Application Thread] INFO  at.fhtw.viewmodel.ListToursViewModel - ListToursViewModel.getTourList() - tourList retrieved successfully: [TourListEntry{tourId=3, name='tour1'}, TourListEntry{tourId=5, name='tour2'}]
2023-06-09 02:04:35.921 [JavaFX Application Thread] INFO  at.fhtw.viewmodel.ListToursViewModel - ListToursViewModel.getTourList() - tourList retrieved successfully: [TourListEntry{tourId=3, name='tour1'}, TourListEntry{tourId=5, name='tour2'}]
2023-06-09 02:08:16.225 [JavaFX Application Thread] INFO  at.fhtw.viewmodel.ListToursViewModel - ListToursViewModel.getTourList() - tourList retrieved successfully: [TourListEntry{tourId=3, name='tour1'}, TourListEntry{tourId=5, name='tour2'}]
2023-06-09 02:08:49.014 [JavaFX Application Thread] INFO  at.fhtw.viewmodel.ListToursViewModel - ListToursViewModel.getTourList() - tourList retrieved successfully: [TourListEntry{tourId=3, name='tour1'}, TourListEntry{tourId=5, name='tour2'}]
2023-06-09 02:11:21.426 [JavaFX Application Thread] INFO  at.fhtw.viewmodel.ListToursViewModel - ListToursViewModel.getTourList() - tourList retrieved successfully: [TourListEntry{tourId=3, name='tour1'}, TourListEntry{tourId=5, name='tour2'}]
2023-06-09 02:11:55.277 [JavaFX Application Thread] INFO  at.fhtw.viewmodel.ListToursViewModel - ListToursViewModel.getTourList() - tourList retrieved successfully: [TourListEntry{tourId=3, name='tour1'}, TourListEntry{tourId=5, name='tour2'}]
2023-06-09 02:15:43.580 [JavaFX Application Thread] INFO  at.fhtw.viewmodel.ListToursViewModel - ListToursViewModel.getTourList() - tourList retrieved successfully: [TourListEntry{tourId=3, name='tour1'}, TourListEntry{tourId=5, name='tour2'}]
2023-06-09 02:16:16.226 [JavaFX Application Thread] INFO  at.fhtw.viewmodel.ListToursViewModel - ListToursViewModel.getTourList() - tourList retrieved successfully: [TourListEntry{tourId=3, name='tour1'}, TourListEntry{tourId=5, name='tour2'}]
2023-06-09 02:16:54.510 [JavaFX Application Thread] INFO  at.fhtw.viewmodel.ListToursViewModel - ListToursViewModel.getTourList() - tourList retrieved successfully: [TourListEntry{tourId=3, name='tour1'}, TourListEntry{tourId=5, name='tour2'}]
2023-06-09 02:18:05.204 [JavaFX Application Thread] INFO  at.fhtw.viewmodel.ListToursViewModel - ListToursViewModel.getTourList() - tourList retrieved successfully: [TourListEntry{tourId=3, name='tour1'}, TourListEntry{tourId=5, name='tour2'}]
2023-06-09 02:18:44.747 [JavaFX Application Thread] INFO  at.fhtw.viewmodel.ListToursViewModel - ListToursViewModel.getTourList() - tourList retrieved successfully: [TourListEntry{tourId=3, name='tour1'}, TourListEntry{tourId=5, name='tour2'}]
2023-06-09 02:19:09.129 [JavaFX Application Thread] INFO  at.fhtw.viewmodel.ListToursViewModel - ListToursViewModel.getTourList() - tourList retrieved successfully: [TourListEntry{tourId=3, name='tour1'}, TourListEntry{tourId=5, name='tour2'}]
2023-06-09 02:19:21.466 [JavaFX Application Thread] INFO  at.fhtw.viewmodel.ListToursViewModel - ListToursViewModel.getTourList() - tourList retrieved successfully: [TourListEntry{tourId=3, name='tour1'}, TourListEntry{tourId=5, name='tour2'}]
2023-06-09 02:19:58.374 [JavaFX Application Thread] INFO  at.fhtw.viewmodel.ListToursViewModel - ListToursViewModel.getTourList() - tourList retrieved successfully: [TourListEntry{tourId=3, name='tour1'}, TourListEntry{tourId=5, name='tour2'}]
2023-06-09 02:20:09.741 [JavaFX Application Thread] INFO  at.fhtw.viewmodel.ListToursViewModel - ListToursViewModel.getTourList() - tourList retrieved successfully: [TourListEntry{tourId=3, name='tour1'}, TourListEntry{tourId=5, name='tour2'}]
2023-06-09 02:22:17.976 [JavaFX Application Thread] INFO  at.fhtw.viewmodel.ListToursViewModel - ListToursViewModel.getTourList() - tourList retrieved successfully: [TourListEntry{tourId=3, name='tour1'}, TourListEntry{tourId=5, name='tour2'}]
2023-06-09 02:23:39.512 [JavaFX Application Thread] INFO  at.fhtw.viewmodel.ListToursViewModel - ListToursViewModel.getTourList() - tourList retrieved successfully: [TourListEntry{tourId=3, name='tour1'}, TourListEntry{tourId=5, name='tour2'}]
2023-06-09 02:24:31.576 [JavaFX Application Thread] INFO  at.fhtw.viewmodel.ListToursViewModel - ListToursViewModel.getTourList() - tourList retrieved successfully: [TourListEntry{tourId=3, name='tour1'}, TourListEntry{tourId=5, name='tour2'}]
2023-06-09 02:24:51.704 [JavaFX Application Thread] INFO  at.fhtw.viewmodel.ListToursViewModel - ListToursViewModel.getTourList() - tourList retrieved successfully: [TourListEntry{tourId=3, name='tour1'}, TourListEntry{tourId=5, name='tour2'}]
2023-06-09 02:25:14.223 [JavaFX Application Thread] INFO  at.fhtw.viewmodel.ListToursViewModel - ListToursViewModel.getTourList() - tourList retrieved successfully: [TourListEntry{tourId=3, name='tour1'}, TourListEntry{tourId=5, name='tour2'}]
2023-06-09 02:26:33.707 [JavaFX Application Thread] INFO  at.fhtw.viewmodel.ListToursViewModel - ListToursViewModel.getTourList() - tourList retrieved successfully: [TourListEntry{tourId=3, name='tour1'}, TourListEntry{tourId=5, name='tour2'}]
2023-06-09 02:28:19.423 [JavaFX Application Thread] INFO  at.fhtw.viewmodel.ListToursViewModel - ListToursViewModel.getTourList() - tourList retrieved successfully: [TourListEntry{tourId=3, name='tour1'}, TourListEntry{tourId=5, name='tour2'}]
2023-06-09 02:30:22.659 [JavaFX Application Thread] INFO  at.fhtw.viewmodel.ListToursViewModel - ListToursViewModel.getTourList() - tourList retrieved successfully: [TourListEntry{tourId=3, name='tour1'}, TourListEntry{tourId=5, name='tour2'}]
2023-06-09 02:31:29.041 [JavaFX Application Thread] INFO  at.fhtw.viewmodel.ListToursViewModel - ListToursViewModel.getTourList() - tourList retrieved successfully: [TourListEntry{tourId=3, name='tour1'}, TourListEntry{tourId=5, name='tour2'}]
2023-06-09 02:31:56.237 [JavaFX Application Thread] INFO  at.fhtw.viewmodel.ListToursViewModel - ListToursViewModel.getTourList() - tourList retrieved successfully: [TourListEntry{tourId=3, name='tour1'}, TourListEntry{tourId=5, name='tour2'}]
2023-06-09 02:32:31.470 [JavaFX Application Thread] INFO  at.fhtw.viewmodel.ListToursViewModel - ListToursViewModel.getTourList() - tourList retrieved successfully: [TourListEntry{tourId=3, name='tour1'}, TourListEntry{tourId=5, name='tour2'}]
2023-06-09 02:32:46.519 [JavaFX Application Thread] INFO  at.fhtw.viewmodel.ListToursViewModel - ListToursViewModel.getTourList() - tourList retrieved successfully: [TourListEntry{tourId=3, name='tour1'}, TourListEntry{tourId=5, name='tour2'}]
2023-06-09 02:33:53.252 [JavaFX Application Thread] INFO  at.fhtw.viewmodel.ListToursViewModel - ListToursViewModel.getTourList() - tourList retrieved successfully: [TourListEntry{tourId=3, name='tour1'}, TourListEntry{tourId=5, name='tour2'}]
2023-06-09 02:34:22.676 [JavaFX Application Thread] INFO  at.fhtw.viewmodel.ListToursViewModel - ListToursViewModel.getTourList() - tourList retrieved successfully: [TourListEntry{tourId=3, name='tour1'}, TourListEntry{tourId=5, name='tour2'}]
2023-06-09 02:34:59.858 [JavaFX Application Thread] INFO  at.fhtw.viewmodel.ListToursViewModel - ListToursViewModel.getTourList() - tourList retrieved successfully: [TourListEntry{tourId=3, name='tour1'}, TourListEntry{tourId=5, name='tour2'}]
2023-06-09 02:35:11.296 [JavaFX Application Thread] INFO  at.fhtw.viewmodel.ListToursViewModel - ListToursViewModel.getTourList() - tourList retrieved successfully: [TourListEntry{tourId=3, name='tour1'}, TourListEntry{tourId=5, name='tour2'}]
2023-06-09 02:36:28.492 [JavaFX Application Thread] INFO  at.fhtw.viewmodel.ListToursViewModel - ListToursViewModel.getTourList() - tourList retrieved successfully: [TourListEntry{tourId=3, name='tour1'}, TourListEntry{tourId=5, name='tour2'}]
2023-06-09 02:36:45.058 [JavaFX Application Thread] INFO  at.fhtw.viewmodel.ListToursViewModel - ListToursViewModel.getTourList() - tourList retrieved successfully: [TourListEntry{tourId=3, name='tour1'}, TourListEntry{tourId=5, name='tour2'}]
2023-06-09 02:37:57.484 [JavaFX Application Thread] INFO  at.fhtw.viewmodel.ListToursViewModel - ListToursViewModel.getTourList() - tourList retrieved successfully: [TourListEntry{tourId=3, name='tour1'}, TourListEntry{tourId=5, name='tour2'}]
2023-06-09 02:38:21.150 [JavaFX Application Thread] INFO  at.fhtw.viewmodel.ListToursViewModel - ListToursViewModel.getTourList() - tourList retrieved successfully: [TourListEntry{tourId=3, name='tour1'}, TourListEntry{tourId=5, name='tour2'}]
2023-06-09 02:39:47.675 [JavaFX Application Thread] INFO  at.fhtw.viewmodel.ListToursViewModel - ListToursViewModel.getTourList() - tourList retrieved successfully: [TourListEntry{tourId=3, name='tour1'}, TourListEntry{tourId=5, name='tour2'}]
2023-06-09 02:40:02.954 [JavaFX Application Thread] INFO  at.fhtw.viewmodel.ListToursViewModel - ListToursViewModel.getTourList() - tourList retrieved successfully: [TourListEntry{tourId=3, name='tour1'}, TourListEntry{tourId=5, name='tour2'}]
2023-06-09 02:40:31.475 [JavaFX Application Thread] INFO  at.fhtw.viewmodel.ListToursViewModel - ListToursViewModel.getTourList() - tourList retrieved successfully: [TourListEntry{tourId=3, name='tour1'}, TourListEntry{tourId=5, name='tour2'}]
2023-06-09 02:41:47.328 [JavaFX Application Thread] INFO  at.fhtw.viewmodel.ListToursViewModel - ListToursViewModel.getTourList() - tourList retrieved successfully: [TourListEntry{tourId=3, name='tour1'}, TourListEntry{tourId=5, name='tour2'}]
2023-06-09 02:42:21.893 [JavaFX Application Thread] INFO  at.fhtw.viewmodel.ListToursViewModel - ListToursViewModel.getTourList() - tourList retrieved successfully: [TourListEntry{tourId=3, name='tour1'}, TourListEntry{tourId=5, name='tour2'}]
2023-06-09 02:45:17.811 [JavaFX Application Thread] INFO  at.fhtw.viewmodel.ListToursViewModel - ListToursViewModel.getTourList() - tourList retrieved successfully: [TourListEntry{tourId=3, name='tour1'}, TourListEntry{tourId=5, name='tour2'}]
2023-06-09 02:45:54.321 [JavaFX Application Thread] INFO  at.fhtw.viewmodel.ListToursViewModel - ListToursViewModel.getTourList() - tourList retrieved successfully: [TourListEntry{tourId=3, name='tour1'}, TourListEntry{tourId=5, name='tour2'}]
2023-06-09 02:46:14.098 [JavaFX Application Thread] INFO  at.fhtw.viewmodel.ListToursViewModel - ListToursViewModel.getTourList() - tourList retrieved successfully: [TourListEntry{tourId=3, name='tour1'}, TourListEntry{tourId=5, name='tour2'}]
2023-06-09 02:46:40.014 [JavaFX Application Thread] INFO  at.fhtw.viewmodel.ListToursViewModel - ListToursViewModel.getTourList() - tourList retrieved successfully: [TourListEntry{tourId=3, name='tour1'}, TourListEntry{tourId=5, name='tour2'}]
2023-06-09 02:46:52.490 [JavaFX Application Thread] INFO  at.fhtw.viewmodel.ListToursViewModel - ListToursViewModel.getTourList() - tourList retrieved successfully: [TourListEntry{tourId=3, name='tour1'}, TourListEntry{tourId=5, name='tour2'}]
2023-06-09 02:47:15.071 [JavaFX Application Thread] INFO  at.fhtw.viewmodel.ListToursViewModel - ListToursViewModel.getTourList() - tourList retrieved successfully: [TourListEntry{tourId=3, name='tour1'}, TourListEntry{tourId=5, name='tour2'}]
2023-06-09 02:48:18.215 [JavaFX Application Thread] INFO  at.fhtw.viewmodel.ListToursViewModel - ListToursViewModel.getTourList() - tourList retrieved successfully: [TourListEntry{tourId=3, name='tour1'}, TourListEntry{tourId=5, name='tour2'}]
2023-06-09 02:48:40.330 [JavaFX Application Thread] INFO  at.fhtw.viewmodel.ListToursViewModel - ListToursViewModel.getTourList() - tourList retrieved successfully: [TourListEntry{tourId=3, name='tour1'}, TourListEntry{tourId=5, name='tour2'}]
2023-06-09 03:13:06.429 [JavaFX Application Thread] INFO  at.fhtw.viewmodel.ListToursViewModel - ListToursViewModel.getTourList() - tourList retrieved successfully: [TourListEntry{tourId=3, name='tour1'}, TourListEntry{tourId=5, name='tour2'}]
2023-06-09 03:13:43.709 [JavaFX Application Thread] INFO  at.fhtw.viewmodel.ListToursViewModel - ListToursViewModel.getTourList() - tourList retrieved successfully: [TourListEntry{tourId=3, name='tour1'}, TourListEntry{tourId=5, name='tour2'}]
2023-06-09 03:14:13.719 [JavaFX Application Thread] INFO  at.fhtw.viewmodel.ListToursViewModel - ListToursViewModel.getTourList() - tourList retrieved successfully: [TourListEntry{tourId=3, name='tour1'}, TourListEntry{tourId=5, name='tour2'}]
2023-06-09 03:14:16.098 [JavaFX Application Thread] INFO  at.fhtw.utils.ImageHandler - ImageHandler.saveBase64EncodedImageToFile() - image saved successfully: data/images/3.jpg
2023-06-09 03:14:16.119 [JavaFX Application Thread] INFO  at.fhtw.viewmodel.ShowTourInformationViewModel - ShowTourInformationViewModel.getTour() - tour retrieved successfully: Tour{tourId=3, name='tour1', tourDescription='tour1', start='vienna', destination='berlin', transportType='car', tourDistance=683.6, estimatedTime=24112, popularity=1, childFriendliness=3, tourLogs=[]}
2023-06-09 03:14:19.558 [JavaFX Application Thread] INFO  at.fhtw.utils.ImageHandler - ImageHandler.saveBase64EncodedImageToFile() - image saved successfully: data/images/5.jpg
2023-06-09 03:14:19.558 [JavaFX Application Thread] INFO  at.fhtw.viewmodel.ShowTourInformationViewModel - ShowTourInformationViewModel.getTour() - tour retrieved successfully: Tour{tourId=5, name='tour2', tourDescription='tour2', start='Ohio', destination='Arizona', transportType='car', tourDistance=3024.4, estimatedTime=95129, popularity=1, childFriendliness=3, tourLogs=[]}
2023-06-09 03:37:43.118 [JavaFX Application Thread] INFO  at.fhtw.viewmodel.ListToursViewModel - ListToursViewModel.getTourList() - tourList retrieved successfully: [TourListEntry{tourId=3, name='tour1'}, TourListEntry{tourId=5, name='tour2'}]
2023-06-09 03:42:26.653 [JavaFX Application Thread] INFO  at.fhtw.viewmodel.ListToursViewModel - ListToursViewModel.getTourList() - tourList retrieved successfully: [TourListEntry{tourId=3, name='tour1'}, TourListEntry{tourId=5, name='tour2'}]
2023-06-09 03:42:29.546 [JavaFX Application Thread] INFO  at.fhtw.utils.ImageHandler - ImageHandler.saveBase64EncodedImageToFile() - image saved successfully: data/images/3.jpg
2023-06-09 03:42:29.555 [JavaFX Application Thread] INFO  at.fhtw.viewmodel.ShowTourInformationViewModel - ShowTourInformationViewModel.getTour() - tour retrieved successfully: Tour{tourId=3, name='tour1', tourDescription='tour1', start='vienna', destination='berlin', transportType='car', tourDistance=683.6, estimatedTime=24112, popularity=1, childFriendliness=3, tourLogs=[]}
2023-06-09 03:42:32.565 [JavaFX Application Thread] INFO  at.fhtw.utils.ImageHandler - ImageHandler.saveBase64EncodedImageToFile() - image saved successfully: data/images/5.jpg
2023-06-09 03:42:32.565 [JavaFX Application Thread] INFO  at.fhtw.viewmodel.ShowTourInformationViewModel - ShowTourInformationViewModel.getTour() - tour retrieved successfully: Tour{tourId=5, name='tour2', tourDescription='tour2', start='Ohio', destination='Arizona', transportType='car', tourDistance=3024.4, estimatedTime=95129, popularity=1, childFriendliness=3, tourLogs=[]}
2023-06-09 03:42:38.390 [JavaFX Application Thread] INFO  at.fhtw.utils.ImageHandler - ImageHandler.saveBase64EncodedImageToFile() - image saved successfully: data/images/3.jpg
2023-06-09 03:42:38.391 [JavaFX Application Thread] INFO  at.fhtw.viewmodel.ShowTourInformationViewModel - ShowTourInformationViewModel.getTour() - tour retrieved successfully: Tour{tourId=3, name='tour1', tourDescription='tour1', start='vienna', destination='berlin', transportType='car', tourDistance=683.6, estimatedTime=24112, popularity=1, childFriendliness=3, tourLogs=[]}
2023-06-09 03:43:19.560 [JavaFX Application Thread] INFO  at.fhtw.viewmodel.ListToursViewModel - ListToursViewModel.getTourList() - tourList retrieved successfully: [TourListEntry{tourId=3, name='tour1'}, TourListEntry{tourId=5, name='tour2'}]
2023-06-09 03:43:47.822 [JavaFX Application Thread] INFO  at.fhtw.viewmodel.ListToursViewModel - ListToursViewModel.getTourList() - tourList retrieved successfully: [TourListEntry{tourId=3, name='tour1'}, TourListEntry{tourId=5, name='tour2'}]
2023-06-09 03:43:50.154 [JavaFX Application Thread] INFO  at.fhtw.utils.ImageHandler - ImageHandler.saveBase64EncodedImageToFile() - image saved successfully: data/images/3.jpg
2023-06-09 03:43:50.160 [JavaFX Application Thread] INFO  at.fhtw.viewmodel.ShowTourInformationViewModel - ShowTourInformationViewModel.getTour() - tour retrieved successfully: Tour{tourId=3, name='tour1', tourDescription='tour1', start='vienna', destination='berlin', transportType='car', tourDistance=683.6, estimatedTime=24112, popularity=1, childFriendliness=3, tourLogs=[]}
2023-06-09 03:50:01.015 [JavaFX Application Thread] INFO  at.fhtw.viewmodel.ListToursViewModel - ListToursViewModel.getTourList() - tourList retrieved successfully: [TourListEntry{tourId=3, name='tour1'}, TourListEntry{tourId=5, name='tour2'}]
2023-06-09 03:50:04.839 [JavaFX Application Thread] INFO  at.fhtw.utils.ImageHandler - ImageHandler.saveBase64EncodedImageToFile() - image saved successfully: data/images/3.jpg
2023-06-09 03:50:04.848 [JavaFX Application Thread] INFO  at.fhtw.viewmodel.ShowTourInformationViewModel - ShowTourInformationViewModel.getTour() - tour retrieved successfully: Tour{tourId=3, name='tour1', tourDescription='tour1', start='vienna', destination='berlin', transportType='car', tourDistance=683.6, estimatedTime=24112, popularity=1, childFriendliness=3, tourLogs=[]}
2023-06-09 03:50:25.538 [JavaFX Application Thread] INFO  at.fhtw.viewmodel.ListToursViewModel - ListToursViewModel.getTourList() - tourList retrieved successfully: [TourListEntry{tourId=3, name='tour1'}, TourListEntry{tourId=5, name='tour2'}]
2023-06-09 03:50:28.656 [JavaFX Application Thread] INFO  at.fhtw.utils.ImageHandler - ImageHandler.saveBase64EncodedImageToFile() - image saved successfully: data/images/3.jpg
2023-06-09 03:50:28.666 [JavaFX Application Thread] INFO  at.fhtw.viewmodel.ShowTourInformationViewModel - ShowTourInformationViewModel.getTour() - tour retrieved successfully: Tour{tourId=3, name='tour1', tourDescription='tour1', start='vienna', destination='berlin', transportType='car', tourDistance=683.6, estimatedTime=24112, popularity=1, childFriendliness=3, tourLogs=[]}
2023-06-09 03:53:24.939 [JavaFX Application Thread] INFO  at.fhtw.viewmodel.ListToursViewModel - ListToursViewModel.getTourList() - tourList retrieved successfully: [TourListEntry{tourId=3, name='tour1'}, TourListEntry{tourId=5, name='tour2'}]
2023-06-09 03:53:28.822 [JavaFX Application Thread] INFO  at.fhtw.utils.ImageHandler - ImageHandler.saveBase64EncodedImageToFile() - image saved successfully: data/images/3.jpg
2023-06-09 03:53:28.828 [JavaFX Application Thread] INFO  at.fhtw.viewmodel.ShowTourInformationViewModel - ShowTourInformationViewModel.getTour() - tour retrieved successfully: Tour{tourId=3, name='tour1', tourDescription='tour1', start='vienna', destination='berlin', transportType='car', tourDistance=683.6, estimatedTime=24112, popularity=1, childFriendliness=3, tourLogs=[]}
2023-06-09 03:55:10.249 [JavaFX Application Thread] INFO  at.fhtw.viewmodel.ListToursViewModel - ListToursViewModel.getTourList() - tourList retrieved successfully: [TourListEntry{tourId=3, name='tour1'}, TourListEntry{tourId=5, name='tour2'}]
2023-06-09 03:55:13.068 [JavaFX Application Thread] INFO  at.fhtw.utils.ImageHandler - ImageHandler.saveBase64EncodedImageToFile() - image saved successfully: data/images/5.jpg
2023-06-09 03:55:13.077 [JavaFX Application Thread] INFO  at.fhtw.viewmodel.ShowTourInformationViewModel - ShowTourInformationViewModel.getTour() - tour retrieved successfully: Tour{tourId=5, name='tour2', tourDescription='tour2', start='Ohio', destination='Arizona', transportType='car', tourDistance=3024.4, estimatedTime=95129, popularity=1, childFriendliness=3, tourLogs=[]}
2023-06-09 03:57:05.733 [JavaFX Application Thread] INFO  at.fhtw.viewmodel.ListToursViewModel - ListToursViewModel.getTourList() - tourList retrieved successfully: [TourListEntry{tourId=3, name='tour1'}, TourListEntry{tourId=5, name='tour2'}]
2023-06-09 03:57:10.188 [JavaFX Application Thread] INFO  at.fhtw.utils.ImageHandler - ImageHandler.saveBase64EncodedImageToFile() - image saved successfully: data/images/3.jpg
2023-06-09 03:57:10.195 [JavaFX Application Thread] INFO  at.fhtw.viewmodel.ShowTourInformationViewModel - ShowTourInformationViewModel.getTour() - tour retrieved successfully: Tour{tourId=3, name='tour1', tourDescription='tour1', start='vienna', destination='berlin', transportType='car', tourDistance=683.6, estimatedTime=24112, popularity=1, childFriendliness=3, tourLogs=[]}
2023-06-09 03:58:45.156 [JavaFX Application Thread] INFO  at.fhtw.viewmodel.ListToursViewModel - ListToursViewModel.getTourList() - tourList retrieved successfully: [TourListEntry{tourId=3, name='tour1'}, TourListEntry{tourId=5, name='tour2'}]
2023-06-09 03:58:48.206 [JavaFX Application Thread] INFO  at.fhtw.utils.ImageHandler - ImageHandler.saveBase64EncodedImageToFile() - image saved successfully: data/images/3.jpg
2023-06-09 03:58:48.214 [JavaFX Application Thread] INFO  at.fhtw.viewmodel.ShowTourInformationViewModel - ShowTourInformationViewModel.getTour() - tour retrieved successfully: Tour{tourId=3, name='tour1', tourDescription='tour1', start='vienna', destination='berlin', transportType='car', tourDistance=683.6, estimatedTime=24112, popularity=1, childFriendliness=3, tourLogs=[]}
2023-06-09 03:59:54.990 [JavaFX Application Thread] INFO  at.fhtw.viewmodel.ListToursViewModel - ListToursViewModel.getTourList() - tourList retrieved successfully: [TourListEntry{tourId=3, name='tour1'}, TourListEntry{tourId=5, name='tour2'}]
2023-06-09 03:59:58.384 [JavaFX Application Thread] INFO  at.fhtw.utils.ImageHandler - ImageHandler.saveBase64EncodedImageToFile() - image saved successfully: data/images/3.jpg
2023-06-09 03:59:58.393 [JavaFX Application Thread] INFO  at.fhtw.viewmodel.ShowTourInformationViewModel - ShowTourInformationViewModel.getTour() - tour retrieved successfully: Tour{tourId=3, name='tour1', tourDescription='tour1', start='vienna', destination='berlin', transportType='car', tourDistance=683.6, estimatedTime=24112, popularity=1, childFriendliness=3, tourLogs=[]}
2023-06-09 04:13:06.835 [JavaFX Application Thread] INFO  at.fhtw.viewmodel.ListToursViewModel - ListToursViewModel.getTourList() - tourList retrieved successfully: [TourListEntry{tourId=3, name='tour1'}, TourListEntry{tourId=5, name='tour2'}]
2023-06-09 04:13:56.896 [JavaFX Application Thread] INFO  at.fhtw.viewmodel.ListToursViewModel - ListToursViewModel.getTourList() - tourList retrieved successfully: [TourListEntry{tourId=3, name='tour1'}, TourListEntry{tourId=5, name='tour2'}]
2023-06-09 04:14:41.292 [JavaFX Application Thread] INFO  at.fhtw.viewmodel.ListToursViewModel - ListToursViewModel.getTourList() - tourList retrieved successfully: [TourListEntry{tourId=3, name='tour1'}, TourListEntry{tourId=5, name='tour2'}]
2023-06-09 04:14:44.493 [JavaFX Application Thread] INFO  at.fhtw.utils.ImageHandler - ImageHandler.saveBase64EncodedImageToFile() - image saved successfully: data/images/3.jpg
2023-06-09 04:14:44.499 [JavaFX Application Thread] INFO  at.fhtw.viewmodel.ShowTourInformationViewModel - ShowTourInformationViewModel.getTour() - tour retrieved successfully: Tour{tourId=3, name='tour1', tourDescription='tour1', start='vienna', destination='berlin', transportType='car', tourDistance=683.6, estimatedTime=24112, popularity=1, childFriendliness=3, tourLogs=[]}
2023-06-09 04:16:05.366 [JavaFX Application Thread] INFO  at.fhtw.viewmodel.ListToursViewModel - ListToursViewModel.getTourList() - tourList retrieved successfully: [TourListEntry{tourId=3, name='tour1'}, TourListEntry{tourId=5, name='tour2'}]
2023-06-09 04:16:08.394 [JavaFX Application Thread] INFO  at.fhtw.utils.ImageHandler - ImageHandler.saveBase64EncodedImageToFile() - image saved successfully: data/images/3.jpg
2023-06-09 04:16:08.401 [JavaFX Application Thread] INFO  at.fhtw.viewmodel.ShowTourInformationViewModel - ShowTourInformationViewModel.getTour() - tour retrieved successfully: Tour{tourId=3, name='tour1', tourDescription='tour1', start='vienna', destination='berlin', transportType='car', tourDistance=683.6, estimatedTime=24112, popularity=1, childFriendliness=3, tourLogs=[]}
2023-06-09 04:16:24.677 [JavaFX Application Thread] INFO  at.fhtw.viewmodel.ListToursViewModel - ListToursViewModel.getTourList() - tourList retrieved successfully: [TourListEntry{tourId=3, name='tour1'}, TourListEntry{tourId=5, name='tour2'}]
2023-06-09 04:16:27.701 [JavaFX Application Thread] INFO  at.fhtw.utils.ImageHandler - ImageHandler.saveBase64EncodedImageToFile() - image saved successfully: data/images/3.jpg
2023-06-09 04:16:27.713 [JavaFX Application Thread] INFO  at.fhtw.viewmodel.ShowTourInformationViewModel - ShowTourInformationViewModel.getTour() - tour retrieved successfully: Tour{tourId=3, name='tour1', tourDescription='tour1', start='vienna', destination='berlin', transportType='car', tourDistance=683.6, estimatedTime=24112, popularity=1, childFriendliness=3, tourLogs=[]}
2023-06-09 04:17:34.964 [JavaFX Application Thread] INFO  at.fhtw.viewmodel.ListToursViewModel - ListToursViewModel.getTourList() - tourList retrieved successfully: [TourListEntry{tourId=3, name='tour1'}, TourListEntry{tourId=5, name='tour2'}]
2023-06-09 04:17:38.154 [JavaFX Application Thread] INFO  at.fhtw.utils.ImageHandler - ImageHandler.saveBase64EncodedImageToFile() - image saved successfully: data/images/3.jpg
2023-06-09 04:17:38.160 [JavaFX Application Thread] INFO  at.fhtw.viewmodel.ShowTourInformationViewModel - ShowTourInformationViewModel.getTour() - tour retrieved successfully: Tour{tourId=3, name='tour1', tourDescription='tour1', start='vienna', destination='berlin', transportType='car', tourDistance=683.6, estimatedTime=24112, popularity=1, childFriendliness=3, tourLogs=[]}
2023-06-09 04:20:22.338 [JavaFX Application Thread] INFO  at.fhtw.viewmodel.ListToursViewModel - ListToursViewModel.getTourList() - tourList retrieved successfully: [TourListEntry{tourId=3, name='tour1'}, TourListEntry{tourId=5, name='tour2'}]
2023-06-09 04:20:24.997 [JavaFX Application Thread] INFO  at.fhtw.utils.ImageHandler - ImageHandler.saveBase64EncodedImageToFile() - image saved successfully: data/images/3.jpg
2023-06-09 04:20:25.001 [JavaFX Application Thread] INFO  at.fhtw.viewmodel.ShowTourInformationViewModel - ShowTourInformationViewModel.getTour() - tour retrieved successfully: Tour{tourId=3, name='tour1', tourDescription='tour1', start='vienna', destination='berlin', transportType='car', tourDistance=683.6, estimatedTime=24112, popularity=1, childFriendliness=3, tourLogs=[]}
2023-06-09 04:21:41.640 [JavaFX Application Thread] INFO  at.fhtw.viewmodel.ListToursViewModel - ListToursViewModel.getTourList() - tourList retrieved successfully: [TourListEntry{tourId=3, name='tour1'}, TourListEntry{tourId=5, name='tour2'}]
2023-06-09 04:21:44.432 [JavaFX Application Thread] INFO  at.fhtw.utils.ImageHandler - ImageHandler.saveBase64EncodedImageToFile() - image saved successfully: data/images/3.jpg
2023-06-09 04:21:44.438 [JavaFX Application Thread] INFO  at.fhtw.viewmodel.ShowTourInformationViewModel - ShowTourInformationViewModel.getTour() - tour retrieved successfully: Tour{tourId=3, name='tour1', tourDescription='tour1', start='vienna', destination='berlin', transportType='car', tourDistance=683.6, estimatedTime=24112, popularity=1, childFriendliness=3, tourLogs=[]}
2023-06-09 04:22:44.808 [JavaFX Application Thread] INFO  at.fhtw.viewmodel.ListToursViewModel - ListToursViewModel.getTourList() - tourList retrieved successfully: [TourListEntry{tourId=3, name='tour1'}, TourListEntry{tourId=5, name='tour2'}]
2023-06-09 04:24:53.553 [JavaFX Application Thread] INFO  at.fhtw.viewmodel.ListToursViewModel - ListToursViewModel.getTourList() - tourList retrieved successfully: [TourListEntry{tourId=3, name='tour1'}, TourListEntry{tourId=5, name='tour2'}]
2023-06-09 04:32:12.487 [JavaFX Application Thread] INFO  at.fhtw.viewmodel.ListToursViewModel - ListToursViewModel.getTourList() - tourList retrieved successfully: [TourListEntry{tourId=3, name='tour1'}, TourListEntry{tourId=5, name='tour2'}]
2023-06-09 04:32:15.174 [JavaFX Application Thread] INFO  at.fhtw.utils.ImageHandler - ImageHandler.saveBase64EncodedImageToFile() - image saved successfully: data/images/3.jpg
2023-06-09 04:32:15.186 [JavaFX Application Thread] INFO  at.fhtw.viewmodel.ShowTourInformationViewModel - ShowTourInformationViewModel.getTour() - tour retrieved successfully: Tour{tourId=3, name='tour1', tourDescription='tour1', start='vienna', destination='berlin', transportType='car', tourDistance=683.6, estimatedTime=24112, popularity=1, childFriendliness=3, tourLogs=[]}
2023-06-09 04:32:59.860 [JavaFX Application Thread] INFO  at.fhtw.viewmodel.ListToursViewModel - ListToursViewModel.getTourList() - tourList retrieved successfully: [TourListEntry{tourId=3, name='tour1'}, TourListEntry{tourId=5, name='tour2'}]
2023-06-09 04:33:02.566 [JavaFX Application Thread] INFO  at.fhtw.utils.ImageHandler - ImageHandler.saveBase64EncodedImageToFile() - image saved successfully: data/images/3.jpg
2023-06-09 04:33:02.577 [JavaFX Application Thread] INFO  at.fhtw.viewmodel.ShowTourInformationViewModel - ShowTourInformationViewModel.getTour() - tour retrieved successfully: Tour{tourId=3, name='tour1', tourDescription='tour1', start='vienna', destination='berlin', transportType='car', tourDistance=683.6, estimatedTime=24112, popularity=1, childFriendliness=3, tourLogs=[]}
2023-06-09 04:35:03.047 [JavaFX Application Thread] INFO  at.fhtw.viewmodel.ListToursViewModel - ListToursViewModel.getTourList() - tourList retrieved successfully: [TourListEntry{tourId=3, name='tour1'}, TourListEntry{tourId=5, name='tour2'}]
2023-06-09 04:35:05.646 [JavaFX Application Thread] INFO  at.fhtw.utils.ImageHandler - ImageHandler.saveBase64EncodedImageToFile() - image saved successfully: data/images/3.jpg
2023-06-09 04:35:05.659 [JavaFX Application Thread] INFO  at.fhtw.viewmodel.ShowTourInformationViewModel - ShowTourInformationViewModel.getTour() - tour retrieved successfully: Tour{tourId=3, name='tour1', tourDescription='tour1', start='vienna', destination='berlin', transportType='car', tourDistance=683.6, estimatedTime=24112, popularity=1, childFriendliness=3, tourLogs=[]}
2023-06-09 04:35:10.366 [JavaFX Application Thread] INFO  at.fhtw.utils.ImageHandler - ImageHandler.saveBase64EncodedImageToFile() - image saved successfully: data/images/5.jpg
2023-06-09 04:35:10.366 [JavaFX Application Thread] INFO  at.fhtw.viewmodel.ShowTourInformationViewModel - ShowTourInformationViewModel.getTour() - tour retrieved successfully: Tour{tourId=5, name='tour2', tourDescription='tour2', start='Ohio', destination='Arizona', transportType='car', tourDistance=3024.4, estimatedTime=95129, popularity=1, childFriendliness=3, tourLogs=[]}
2023-06-09 04:35:14.825 [JavaFX Application Thread] INFO  at.fhtw.utils.ImageHandler - ImageHandler.saveBase64EncodedImageToFile() - image saved successfully: data/images/3.jpg
2023-06-09 04:35:14.825 [JavaFX Application Thread] INFO  at.fhtw.viewmodel.ShowTourInformationViewModel - ShowTourInformationViewModel.getTour() - tour retrieved successfully: Tour{tourId=3, name='tour1', tourDescription='tour1', start='vienna', destination='berlin', transportType='car', tourDistance=683.6, estimatedTime=24112, popularity=1, childFriendliness=3, tourLogs=[]}
2023-06-09 04:35:15.725 [JavaFX Application Thread] INFO  at.fhtw.utils.ImageHandler - ImageHandler.saveBase64EncodedImageToFile() - image saved successfully: data/images/5.jpg
2023-06-09 04:35:15.725 [JavaFX Application Thread] INFO  at.fhtw.viewmodel.ShowTourInformationViewModel - ShowTourInformationViewModel.getTour() - tour retrieved successfully: Tour{tourId=5, name='tour2', tourDescription='tour2', start='Ohio', destination='Arizona', transportType='car', tourDistance=3024.4, estimatedTime=95129, popularity=1, childFriendliness=3, tourLogs=[]}
2023-06-09 04:35:16.740 [JavaFX Application Thread] INFO  at.fhtw.utils.ImageHandler - ImageHandler.saveBase64EncodedImageToFile() - image saved successfully: data/images/3.jpg
2023-06-09 04:35:16.740 [JavaFX Application Thread] INFO  at.fhtw.viewmodel.ShowTourInformationViewModel - ShowTourInformationViewModel.getTour() - tour retrieved successfully: Tour{tourId=3, name='tour1', tourDescription='tour1', start='vienna', destination='berlin', transportType='car', tourDistance=683.6, estimatedTime=24112, popularity=1, childFriendliness=3, tourLogs=[]}
2023-06-09 04:39:00.384 [JavaFX Application Thread] INFO  at.fhtw.viewmodel.ListToursViewModel - ListToursViewModel.getTourList() - tourList retrieved successfully: [TourListEntry{tourId=3, name='tour1'}, TourListEntry{tourId=5, name='tour2'}]
2023-06-09 04:39:02.601 [JavaFX Application Thread] INFO  at.fhtw.utils.ImageHandler - ImageHandler.saveBase64EncodedImageToFile() - image saved successfully: data/images/3.jpg
2023-06-09 04:39:02.606 [JavaFX Application Thread] INFO  at.fhtw.viewmodel.ShowTourInformationViewModel - ShowTourInformationViewModel.getTour() - tour retrieved successfully: Tour{tourId=3, name='tour1', tourDescription='tour1', start='vienna', destination='berlin', transportType='car', tourDistance=683.6, estimatedTime=24112, popularity=1, childFriendliness=3, tourLogs=[]}
2023-06-09 04:39:39.393 [JavaFX Application Thread] INFO  at.fhtw.viewmodel.ListToursViewModel - ListToursViewModel.getTourList() - tourList retrieved successfully: [TourListEntry{tourId=3, name='tour1'}, TourListEntry{tourId=5, name='tour2'}]
2023-06-09 04:39:41.436 [JavaFX Application Thread] INFO  at.fhtw.utils.ImageHandler - ImageHandler.saveBase64EncodedImageToFile() - image saved successfully: data/images/3.jpg
2023-06-09 04:39:41.445 [JavaFX Application Thread] INFO  at.fhtw.viewmodel.ShowTourInformationViewModel - ShowTourInformationViewModel.getTour() - tour retrieved successfully: Tour{tourId=3, name='tour1', tourDescription='tour1', start='vienna', destination='berlin', transportType='car', tourDistance=683.6, estimatedTime=24112, popularity=1, childFriendliness=3, tourLogs=[]}
2023-06-09 04:40:23.262 [JavaFX Application Thread] INFO  at.fhtw.viewmodel.ListToursViewModel - ListToursViewModel.getTourList() - tourList retrieved successfully: [TourListEntry{tourId=3, name='tour1'}, TourListEntry{tourId=5, name='tour2'}]
2023-06-09 04:40:26.883 [JavaFX Application Thread] INFO  at.fhtw.utils.ImageHandler - ImageHandler.saveBase64EncodedImageToFile() - image saved successfully: data/images/3.jpg
2023-06-09 04:40:26.887 [JavaFX Application Thread] INFO  at.fhtw.viewmodel.ShowTourInformationViewModel - ShowTourInformationViewModel.getTour() - tour retrieved successfully: Tour{tourId=3, name='tour1', tourDescription='tour1', start='vienna', destination='berlin', transportType='car', tourDistance=683.6, estimatedTime=24112, popularity=1, childFriendliness=3, tourLogs=[]}
2023-06-09 04:40:57.423 [JavaFX Application Thread] INFO  at.fhtw.viewmodel.ListToursViewModel - ListToursViewModel.getTourList() - tourList retrieved successfully: [TourListEntry{tourId=3, name='tour1'}, TourListEntry{tourId=5, name='tour2'}]
2023-06-09 04:41:00.231 [JavaFX Application Thread] INFO  at.fhtw.utils.ImageHandler - ImageHandler.saveBase64EncodedImageToFile() - image saved successfully: data/images/3.jpg
2023-06-09 04:41:00.237 [JavaFX Application Thread] INFO  at.fhtw.viewmodel.ShowTourInformationViewModel - ShowTourInformationViewModel.getTour() - tour retrieved successfully: Tour{tourId=3, name='tour1', tourDescription='tour1', start='vienna', destination='berlin', transportType='car', tourDistance=683.6, estimatedTime=24112, popularity=1, childFriendliness=3, tourLogs=[]}
2023-06-09 04:41:28.546 [JavaFX Application Thread] INFO  at.fhtw.viewmodel.ListToursViewModel - ListToursViewModel.getTourList() - tourList retrieved successfully: [TourListEntry{tourId=3, name='tour1'}, TourListEntry{tourId=5, name='tour2'}]
2023-06-09 04:41:31.013 [JavaFX Application Thread] INFO  at.fhtw.utils.ImageHandler - ImageHandler.saveBase64EncodedImageToFile() - image saved successfully: data/images/5.jpg
2023-06-09 04:41:31.018 [JavaFX Application Thread] INFO  at.fhtw.viewmodel.ShowTourInformationViewModel - ShowTourInformationViewModel.getTour() - tour retrieved successfully: Tour{tourId=5, name='tour2', tourDescription='tour2', start='Ohio', destination='Arizona', transportType='car', tourDistance=3024.4, estimatedTime=95129, popularity=1, childFriendliness=3, tourLogs=[]}
2023-06-09 04:41:45.579 [JavaFX Application Thread] INFO  at.fhtw.viewmodel.ListToursViewModel - ListToursViewModel.getTourList() - tourList retrieved successfully: [TourListEntry{tourId=3, name='tour1'}, TourListEntry{tourId=5, name='tour2'}]
2023-06-09 04:41:48.572 [JavaFX Application Thread] INFO  at.fhtw.utils.ImageHandler - ImageHandler.saveBase64EncodedImageToFile() - image saved successfully: data/images/3.jpg
2023-06-09 04:41:48.578 [JavaFX Application Thread] INFO  at.fhtw.viewmodel.ShowTourInformationViewModel - ShowTourInformationViewModel.getTour() - tour retrieved successfully: Tour{tourId=3, name='tour1', tourDescription='tour1', start='vienna', destination='berlin', transportType='car', tourDistance=683.6, estimatedTime=24112, popularity=1, childFriendliness=3, tourLogs=[]}
2023-06-09 04:42:21.600 [JavaFX Application Thread] INFO  at.fhtw.viewmodel.ListToursViewModel - ListToursViewModel.getTourList() - tourList retrieved successfully: [TourListEntry{tourId=3, name='tour1'}, TourListEntry{tourId=5, name='tour2'}]
2023-06-09 04:42:24.653 [JavaFX Application Thread] INFO  at.fhtw.utils.ImageHandler - ImageHandler.saveBase64EncodedImageToFile() - image saved successfully: data/images/3.jpg
2023-06-09 04:42:24.661 [JavaFX Application Thread] INFO  at.fhtw.viewmodel.ShowTourInformationViewModel - ShowTourInformationViewModel.getTour() - tour retrieved successfully: Tour{tourId=3, name='tour1', tourDescription='tour1', start='vienna', destination='berlin', transportType='car', tourDistance=683.6, estimatedTime=24112, popularity=1, childFriendliness=3, tourLogs=[]}
2023-06-09 04:42:46.026 [JavaFX Application Thread] INFO  at.fhtw.viewmodel.ListToursViewModel - ListToursViewModel.getTourList() - tourList retrieved successfully: [TourListEntry{tourId=3, name='tour1'}, TourListEntry{tourId=5, name='tour2'}]
2023-06-09 04:42:48.464 [JavaFX Application Thread] INFO  at.fhtw.utils.ImageHandler - ImageHandler.saveBase64EncodedImageToFile() - image saved successfully: data/images/3.jpg
2023-06-09 04:42:48.468 [JavaFX Application Thread] INFO  at.fhtw.viewmodel.ShowTourInformationViewModel - ShowTourInformationViewModel.getTour() - tour retrieved successfully: Tour{tourId=3, name='tour1', tourDescription='tour1', start='vienna', destination='berlin', transportType='car', tourDistance=683.6, estimatedTime=24112, popularity=1, childFriendliness=3, tourLogs=[]}
2023-06-09 04:43:18.776 [JavaFX Application Thread] INFO  at.fhtw.utils.ImageHandler - ImageHandler.saveBase64EncodedImageToFile() - image saved successfully: data/images/5.jpg
2023-06-09 04:43:18.776 [JavaFX Application Thread] INFO  at.fhtw.viewmodel.ShowTourInformationViewModel - ShowTourInformationViewModel.getTour() - tour retrieved successfully: Tour{tourId=5, name='tour2', tourDescription='tour2', start='Ohio', destination='Arizona', transportType='car', tourDistance=3024.4, estimatedTime=95129, popularity=1, childFriendliness=3, tourLogs=[]}
2023-06-09 04:43:21.830 [JavaFX Application Thread] INFO  at.fhtw.viewmodel.ListToursViewModel - ListToursViewModel.getTourList() - tourList retrieved successfully: [TourListEntry{tourId=3, name='tour1'}, TourListEntry{tourId=5, name='tour2'}]
2023-06-09 04:44:56.890 [JavaFX Application Thread] INFO  at.fhtw.viewmodel.ListToursViewModel - ListToursViewModel.getTourList() - tourList retrieved successfully: [TourListEntry{tourId=3, name='tour1'}, TourListEntry{tourId=5, name='tour2'}]
2023-06-09 04:45:19.779 [JavaFX Application Thread] INFO  at.fhtw.viewmodel.ListToursViewModel - ListToursViewModel.getTourList() - tourList retrieved successfully: [TourListEntry{tourId=3, name='tour1'}, TourListEntry{tourId=5, name='tour2'}]
2023-06-09 04:45:56.697 [JavaFX Application Thread] INFO  at.fhtw.viewmodel.ListToursViewModel - ListToursViewModel.getTourList() - tourList retrieved successfully: [TourListEntry{tourId=3, name='tour1'}, TourListEntry{tourId=5, name='tour2'}]
2023-06-09 04:52:09.197 [JavaFX Application Thread] INFO  at.fhtw.viewmodel.ListToursViewModel - ListToursViewModel.getTourList() - tourList retrieved successfully: [TourListEntry{tourId=3, name='tour1'}, TourListEntry{tourId=5, name='tour2'}]
2023-06-09 04:52:11.938 [JavaFX Application Thread] INFO  at.fhtw.utils.ImageHandler - ImageHandler.saveBase64EncodedImageToFile() - image saved successfully: data/images/3.jpg
2023-06-09 04:52:11.944 [JavaFX Application Thread] INFO  at.fhtw.viewmodel.ShowTourInformationViewModel - ShowTourInformationViewModel.getTour() - tour retrieved successfully: Tour{tourId=3, name='tour1', tourDescription='tour1', start='vienna', destination='berlin', transportType='car', tourDistance=683.6, estimatedTime=24112, popularity=1, childFriendliness=3, tourLogs=[]}
2023-06-09 04:52:15.152 [JavaFX Application Thread] INFO  at.fhtw.utils.ImageHandler - ImageHandler.saveBase64EncodedImageToFile() - image saved successfully: data/images/5.jpg
2023-06-09 04:52:15.152 [JavaFX Application Thread] INFO  at.fhtw.viewmodel.ShowTourInformationViewModel - ShowTourInformationViewModel.getTour() - tour retrieved successfully: Tour{tourId=5, name='tour2', tourDescription='tour2', start='Ohio', destination='Arizona', transportType='car', tourDistance=3024.4, estimatedTime=95129, popularity=1, childFriendliness=3, tourLogs=[]}
2023-06-09 04:52:24.216 [JavaFX Application Thread] INFO  at.fhtw.utils.ImageHandler - ImageHandler.saveBase64EncodedImageToFile() - image saved successfully: data/images/3.jpg
2023-06-09 04:52:24.216 [JavaFX Application Thread] INFO  at.fhtw.viewmodel.ShowTourInformationViewModel - ShowTourInformationViewModel.getTour() - tour retrieved successfully: Tour{tourId=3, name='tour1', tourDescription='tour1', start='vienna', destination='berlin', transportType='car', tourDistance=683.6, estimatedTime=24112, popularity=1, childFriendliness=3, tourLogs=[]}
2023-06-09 04:52:26.779 [JavaFX Application Thread] INFO  at.fhtw.utils.ImageHandler - ImageHandler.saveBase64EncodedImageToFile() - image saved successfully: data/images/5.jpg
2023-06-09 04:52:26.779 [JavaFX Application Thread] INFO  at.fhtw.viewmodel.ShowTourInformationViewModel - ShowTourInformationViewModel.getTour() - tour retrieved successfully: Tour{tourId=5, name='tour2', tourDescription='tour2', start='Ohio', destination='Arizona', transportType='car', tourDistance=3024.4, estimatedTime=95129, popularity=1, childFriendliness=3, tourLogs=[]}
2023-06-09 04:52:28.661 [JavaFX Application Thread] INFO  at.fhtw.viewmodel.ListToursViewModel - ListToursViewModel.deleteTour() - tour deleted successfully: 5
2023-06-09 04:52:28.685 [JavaFX Application Thread] INFO  at.fhtw.viewmodel.ListToursViewModel - ListToursViewModel.getTourList() - tourList retrieved successfully: [TourListEntry{tourId=3, name='tour1'}]
2023-06-09 04:54:19.109 [JavaFX Application Thread] INFO  at.fhtw.viewmodel.ListToursViewModel - ListToursViewModel.getTourList() - tourList retrieved successfully: [TourListEntry{tourId=3, name='tour1'}]
2023-06-09 04:54:21.837 [JavaFX Application Thread] INFO  at.fhtw.utils.ImageHandler - ImageHandler.saveBase64EncodedImageToFile() - image saved successfully: data/images/3.jpg
2023-06-09 04:54:21.842 [JavaFX Application Thread] INFO  at.fhtw.viewmodel.ShowTourInformationViewModel - ShowTourInformationViewModel.getTour() - tour retrieved successfully: Tour{tourId=3, name='tour1', tourDescription='tour1', start='vienna', destination='berlin', transportType='car', tourDistance=683.6, estimatedTime=24112, popularity=1, childFriendliness=3, tourLogs=[]}
2023-06-09 04:54:46.732 [JavaFX Application Thread] INFO  at.fhtw.utils.ImageHandler - ImageHandler.saveBase64EncodedImageToFile() - image saved successfully: data/images/6.jpg
2023-06-09 04:54:46.732 [JavaFX Application Thread] INFO  at.fhtw.viewmodel.ListToursViewModel - ListToursViewModel.createTour() - tour created successfully: Tour{tourId=6, name='tour2', tourDescription='tour2', start='Arizona', destination='New York', transportType='car', tourDistance=3891.7, estimatedTime=123540, popularity=1, childFriendliness=3, tourLogs=null}
2023-06-09 04:54:48.255 [JavaFX Application Thread] INFO  at.fhtw.viewmodel.ListToursViewModel - ListToursViewModel.getTourList() - tourList retrieved successfully: [TourListEntry{tourId=3, name='tour1'}, TourListEntry{tourId=6, name='tour2'}]
2023-06-09 04:55:33.011 [JavaFX Application Thread] INFO  at.fhtw.utils.ImageHandler - ImageHandler.saveBase64EncodedImageToFile() - image saved successfully: data/images/6.jpg
2023-06-09 04:55:33.011 [JavaFX Application Thread] INFO  at.fhtw.viewmodel.ShowTourInformationViewModel - ShowTourInformationViewModel.getTour() - tour retrieved successfully: Tour{tourId=6, name='tour2', tourDescription='tour2', start='Arizona', destination='New York', transportType='car', tourDistance=3891.7, estimatedTime=123540, popularity=1, childFriendliness=3, tourLogs=[]}
2023-06-09 04:55:41.023 [JavaFX Application Thread] INFO  at.fhtw.viewmodel.ListToursViewModel - ListToursViewModel.deleteTour() - tour deleted successfully: 6
2023-06-09 04:55:41.053 [JavaFX Application Thread] INFO  at.fhtw.viewmodel.ListToursViewModel - ListToursViewModel.getTourList() - tourList retrieved successfully: [TourListEntry{tourId=3, name='tour1'}]
2023-06-09 04:55:51.269 [JavaFX Application Thread] INFO  at.fhtw.utils.ImageHandler - ImageHandler.saveBase64EncodedImageToFile() - image saved successfully: data/images/3.jpg
2023-06-09 04:55:51.270 [JavaFX Application Thread] INFO  at.fhtw.viewmodel.ShowTourInformationViewModel - ShowTourInformationViewModel.getTour() - tour retrieved successfully: Tour{tourId=3, name='tour1', tourDescription='tour1', start='vienna', destination='berlin', transportType='car', tourDistance=683.6, estimatedTime=24112, popularity=1, childFriendliness=3, tourLogs=[]}
2023-06-09 04:55:53.556 [JavaFX Application Thread] INFO  at.fhtw.viewmodel.ListToursViewModel - ListToursViewModel.searchTour() - tourList retrieved successfully: [TourListEntry{tourId=3, name='tour1'}]
2023-06-09 04:57:02.967 [JavaFX Application Thread] INFO  at.fhtw.viewmodel.ListToursViewModel - ListToursViewModel.getTourList() - tourList retrieved successfully: [TourListEntry{tourId=3, name='tour1'}]
2023-06-09 04:57:07.897 [JavaFX Application Thread] INFO  at.fhtw.utils.ImageHandler - ImageHandler.saveBase64EncodedImageToFile() - image saved successfully: data/images/3.jpg
2023-06-09 04:57:07.905 [JavaFX Application Thread] INFO  at.fhtw.viewmodel.ShowTourInformationViewModel - ShowTourInformationViewModel.getTour() - tour retrieved successfully: Tour{tourId=3, name='tour1', tourDescription='tour1', start='vienna', destination='berlin', transportType='car', tourDistance=683.6, estimatedTime=24112, popularity=1, childFriendliness=3, tourLogs=[]}
2023-06-09 04:57:28.835 [JavaFX Application Thread] INFO  at.fhtw.utils.ImageHandler - ImageHandler.saveBase64EncodedImageToFile() - image saved successfully: data/images/7.jpg
2023-06-09 04:57:28.836 [JavaFX Application Thread] INFO  at.fhtw.viewmodel.ListToursViewModel - ListToursViewModel.createTour() - tour created successfully: Tour{tourId=7, name='tour2', tourDescription='tour2', start='Arizona', destination='New York', transportType='car', tourDistance=3891.7, estimatedTime=123540, popularity=1, childFriendliness=3, tourLogs=null}
2023-06-09 04:57:30.897 [JavaFX Application Thread] INFO  at.fhtw.viewmodel.ListToursViewModel - ListToursViewModel.getTourList() - tourList retrieved successfully: [TourListEntry{tourId=3, name='tour1'}, TourListEntry{tourId=7, name='tour2'}]
2023-06-09 04:57:34.118 [JavaFX Application Thread] INFO  at.fhtw.utils.ImageHandler - ImageHandler.saveBase64EncodedImageToFile() - image saved successfully: data/images/7.jpg
2023-06-09 04:57:34.118 [JavaFX Application Thread] INFO  at.fhtw.viewmodel.ShowTourInformationViewModel - ShowTourInformationViewModel.getTour() - tour retrieved successfully: Tour{tourId=7, name='tour2', tourDescription='tour2', start='Arizona', destination='New York', transportType='car', tourDistance=3891.7, estimatedTime=123540, popularity=1, childFriendliness=3, tourLogs=[]}
2023-06-09 04:57:37.159 [JavaFX Application Thread] INFO  at.fhtw.utils.ImageHandler - ImageHandler.saveBase64EncodedImageToFile() - image saved successfully: data/images/3.jpg
2023-06-09 04:57:37.159 [JavaFX Application Thread] INFO  at.fhtw.viewmodel.ShowTourInformationViewModel - ShowTourInformationViewModel.getTour() - tour retrieved successfully: Tour{tourId=3, name='tour1', tourDescription='tour1', start='vienna', destination='berlin', transportType='car', tourDistance=683.6, estimatedTime=24112, popularity=1, childFriendliness=3, tourLogs=[]}
2023-06-09 04:57:41.530 [JavaFX Application Thread] INFO  at.fhtw.utils.ImageHandler - ImageHandler.saveBase64EncodedImageToFile() - image saved successfully: data/images/7.jpg
2023-06-09 04:57:41.530 [JavaFX Application Thread] INFO  at.fhtw.viewmodel.ShowTourInformationViewModel - ShowTourInformationViewModel.getTour() - tour retrieved successfully: Tour{tourId=7, name='tour2', tourDescription='tour2', start='Arizona', destination='New York', transportType='car', tourDistance=3891.7, estimatedTime=123540, popularity=1, childFriendliness=3, tourLogs=[]}
2023-06-09 04:57:43.090 [JavaFX Application Thread] INFO  at.fhtw.viewmodel.ListToursViewModel - ListToursViewModel.getTourList() - tourList retrieved successfully: [TourListEntry{tourId=3, name='tour1'}, TourListEntry{tourId=7, name='tour2'}]
2023-06-09 04:57:45.630 [JavaFX Application Thread] INFO  at.fhtw.utils.ImageHandler - ImageHandler.saveBase64EncodedImageToFile() - image saved successfully: data/images/3.jpg
2023-06-09 04:57:45.631 [JavaFX Application Thread] INFO  at.fhtw.viewmodel.ShowTourInformationViewModel - ShowTourInformationViewModel.getTour() - tour retrieved successfully: Tour{tourId=3, name='tour1', tourDescription='tour1', start='vienna', destination='berlin', transportType='car', tourDistance=683.6, estimatedTime=24112, popularity=1, childFriendliness=3, tourLogs=[]}
2023-06-09 04:57:47.336 [JavaFX Application Thread] INFO  at.fhtw.viewmodel.ListToursViewModel - ListToursViewModel.getTourList() - tourList retrieved successfully: [TourListEntry{tourId=3, name='tour1'}, TourListEntry{tourId=7, name='tour2'}]
2023-06-09 04:57:50.066 [JavaFX Application Thread] INFO  at.fhtw.utils.ImageHandler - ImageHandler.saveBase64EncodedImageToFile() - image saved successfully: data/images/7.jpg
2023-06-09 04:57:50.066 [JavaFX Application Thread] INFO  at.fhtw.viewmodel.ShowTourInformationViewModel - ShowTourInformationViewModel.getTour() - tour retrieved successfully: Tour{tourId=7, name='tour2', tourDescription='tour2', start='Arizona', destination='New York', transportType='car', tourDistance=3891.7, estimatedTime=123540, popularity=1, childFriendliness=3, tourLogs=[]}
2023-06-09 04:57:55.280 [JavaFX Application Thread] INFO  at.fhtw.viewmodel.ListToursViewModel - ListToursViewModel.deleteTour() - tour deleted successfully: 7
2023-06-09 04:57:55.307 [JavaFX Application Thread] INFO  at.fhtw.viewmodel.ListToursViewModel - ListToursViewModel.getTourList() - tourList retrieved successfully: [TourListEntry{tourId=3, name='tour1'}]
2023-06-09 04:57:57.578 [JavaFX Application Thread] INFO  at.fhtw.utils.ImageHandler - ImageHandler.saveBase64EncodedImageToFile() - image saved successfully: data/images/3.jpg
2023-06-09 04:57:57.578 [JavaFX Application Thread] INFO  at.fhtw.viewmodel.ShowTourInformationViewModel - ShowTourInformationViewModel.getTour() - tour retrieved successfully: Tour{tourId=3, name='tour1', tourDescription='tour1', start='vienna', destination='berlin', transportType='car', tourDistance=683.6, estimatedTime=24112, popularity=1, childFriendliness=3, tourLogs=[]}
2023-06-09 04:58:36.566 [JavaFX Application Thread] INFO  at.fhtw.utils.ImageHandler - ImageHandler.saveBase64EncodedImageToFile() - image saved successfully: data/images/3.jpg
2023-06-09 04:58:36.566 [JavaFX Application Thread] INFO  at.fhtw.viewmodel.ShowTourInformationViewModel - ShowTourInformationViewModel.getTour() - tour retrieved successfully: Tour{tourId=3, name='tour1', tourDescription='tour1', start='vienna', destination='berlin', transportType='car', tourDistance=683.6, estimatedTime=24112, popularity=1, childFriendliness=3, tourLogs=[]}
2023-06-09 04:58:39.461 [JavaFX Application Thread] INFO  at.fhtw.viewmodel.ListToursViewModel - ListToursViewModel.getTourList() - tourList retrieved successfully: [TourListEntry{tourId=3, name='tour1'}]
2023-06-09 04:58:40.724 [JavaFX Application Thread] INFO  at.fhtw.utils.ImageHandler - ImageHandler.saveBase64EncodedImageToFile() - image saved successfully: data/images/3.jpg
2023-06-09 04:58:40.724 [JavaFX Application Thread] INFO  at.fhtw.viewmodel.ShowTourInformationViewModel - ShowTourInformationViewModel.getTour() - tour retrieved successfully: Tour{tourId=3, name='tour1', tourDescription='tour1', start='vienna', destination='berlin', transportType='car', tourDistance=683.6, estimatedTime=24112, popularity=1, childFriendliness=3, tourLogs=[]}
2023-06-09 05:02:36.971 [JavaFX Application Thread] INFO  at.fhtw.viewmodel.ListToursViewModel - ListToursViewModel.getTourList() - tourList retrieved successfully: [TourListEntry{tourId=3, name='tour1'}]
2023-06-09 05:02:39.792 [JavaFX Application Thread] INFO  at.fhtw.utils.ImageHandler - ImageHandler.saveBase64EncodedImageToFile() - image saved successfully: data/images/3.jpg
2023-06-09 05:02:39.800 [JavaFX Application Thread] INFO  at.fhtw.viewmodel.ShowTourInformationViewModel - ShowTourInformationViewModel.getTour() - tour retrieved successfully: Tour{tourId=3, name='tour1', tourDescription='tour1', start='vienna', destination='berlin', transportType='car', tourDistance=683.6, estimatedTime=24112, popularity=1, childFriendliness=3, tourLogs=[]}
2023-06-09 05:06:18.025 [JavaFX Application Thread] INFO  at.fhtw.viewmodel.ListToursViewModel - ListToursViewModel.getTourList() - tourList retrieved successfully: [TourListEntry{tourId=3, name='tour1'}]
2023-06-09 05:06:21.147 [JavaFX Application Thread] INFO  at.fhtw.utils.ImageHandler - ImageHandler.saveBase64EncodedImageToFile() - image saved successfully: data/images/3.jpg
2023-06-09 05:06:21.155 [JavaFX Application Thread] INFO  at.fhtw.viewmodel.ShowTourInformationViewModel - ShowTourInformationViewModel.getTour() - tour retrieved successfully: Tour{tourId=3, name='tour1', tourDescription='tour1', start='vienna', destination='berlin', transportType='car', tourDistance=683.6, estimatedTime=24112, popularity=1, childFriendliness=3, tourLogs=[]}
2023-06-09 05:06:37.390 [JavaFX Application Thread] INFO  at.fhtw.utils.ImageHandler - ImageHandler.saveBase64EncodedImageToFile() - image saved successfully: data/images/3.jpg
2023-06-09 05:06:37.391 [JavaFX Application Thread] INFO  at.fhtw.viewmodel.ShowTourInformationViewModel - ShowTourInformationViewModel.getTour() - tour retrieved successfully: Tour{tourId=3, name='tour1', tourDescription='tour1', start='vienna', destination='berlin', transportType='car', tourDistance=683.6, estimatedTime=24112, popularity=1, childFriendliness=3, tourLogs=[]}
2023-06-09 05:07:16.755 [JavaFX Application Thread] INFO  at.fhtw.viewmodel.ListToursViewModel - ListToursViewModel.getTourList() - tourList retrieved successfully: [TourListEntry{tourId=3, name='tour1'}]
2023-06-09 05:07:20.065 [JavaFX Application Thread] INFO  at.fhtw.utils.ImageHandler - ImageHandler.saveBase64EncodedImageToFile() - image saved successfully: data/images/3.jpg
2023-06-09 05:07:20.073 [JavaFX Application Thread] INFO  at.fhtw.viewmodel.ShowTourInformationViewModel - ShowTourInformationViewModel.getTour() - tour retrieved successfully: Tour{tourId=3, name='tour1', tourDescription='tour1', start='vienna', destination='berlin', transportType='car', tourDistance=683.6, estimatedTime=24112, popularity=1, childFriendliness=3, tourLogs=[]}
2023-06-09 05:07:29.053 [JavaFX Application Thread] INFO  at.fhtw.viewmodel.ListToursViewModel - ListToursViewModel.getTourList() - tourList retrieved successfully: [TourListEntry{tourId=3, name='tour1'}]
2023-06-09 05:07:30.511 [JavaFX Application Thread] INFO  at.fhtw.utils.ImageHandler - ImageHandler.saveBase64EncodedImageToFile() - image saved successfully: data/images/3.jpg
2023-06-09 05:07:30.511 [JavaFX Application Thread] INFO  at.fhtw.viewmodel.ShowTourInformationViewModel - ShowTourInformationViewModel.getTour() - tour retrieved successfully: Tour{tourId=3, name='tour1', tourDescription='tour1', start='vienna', destination='berlin', transportType='car', tourDistance=683.6, estimatedTime=24112, popularity=1, childFriendliness=3, tourLogs=[]}
2023-06-09 05:08:26.288 [JavaFX Application Thread] INFO  at.fhtw.viewmodel.ListToursViewModel - ListToursViewModel.getTourList() - tourList retrieved successfully: [TourListEntry{tourId=3, name='tour1'}]
2023-06-09 05:08:31.784 [JavaFX Application Thread] INFO  at.fhtw.utils.ImageHandler - ImageHandler.saveBase64EncodedImageToFile() - image saved successfully: data/images/3.jpg
2023-06-09 05:08:31.792 [JavaFX Application Thread] INFO  at.fhtw.viewmodel.ShowTourInformationViewModel - ShowTourInformationViewModel.getTour() - tour retrieved successfully: Tour{tourId=3, name='tour1', tourDescription='tour1', start='vienna', destination='berlin', transportType='car', tourDistance=683.6, estimatedTime=24112, popularity=1, childFriendliness=3, tourLogs=[]}
2023-06-09 05:40:40.919 [JavaFX Application Thread] INFO  at.fhtw.viewmodel.ListToursViewModel - ListToursViewModel.getTourList() - tourList retrieved successfully: [TourListEntry{tourId=3, name='tour1'}]
2023-06-09 05:40:43.678 [JavaFX Application Thread] INFO  at.fhtw.utils.ImageHandler - ImageHandler.saveBase64EncodedImageToFile() - image saved successfully: data/images/3.jpg
2023-06-09 05:40:43.686 [JavaFX Application Thread] INFO  at.fhtw.viewmodel.ShowTourInformationViewModel - ShowTourInformationViewModel.getTour() - tour retrieved successfully: Tour{tourId=3, name='tour1', tourDescription='tour1', start='vienna', destination='berlin', transportType='car', tourDistance=683.6, estimatedTime=24112, popularity=1, childFriendliness=3, tourLogs=[]}
2023-06-09 05:41:13.396 [JavaFX Application Thread] INFO  at.fhtw.viewmodel.ListToursViewModel - ListToursViewModel.getTourList() - tourList retrieved successfully: [TourListEntry{tourId=3, name='tour1'}]
2023-06-09 05:49:07.775 [JavaFX Application Thread] INFO  at.fhtw.viewmodel.ListToursViewModel - ListToursViewModel.getTourList() - tourList retrieved successfully: [TourListEntry{tourId=3, name='tour1'}]
2023-06-09 05:55:02.377 [JavaFX Application Thread] INFO  at.fhtw.viewmodel.ListToursViewModel - ListToursViewModel.getTourList() - tourList retrieved successfully: [TourListEntry{tourId=3, name='tour1'}]
2023-06-09 05:55:21.374 [JavaFX Application Thread] INFO  at.fhtw.viewmodel.ListToursViewModel - ListToursViewModel.getTourList() - tourList retrieved successfully: [TourListEntry{tourId=3, name='tour1'}]
2023-06-09 05:55:37.261 [JavaFX Application Thread] INFO  at.fhtw.viewmodel.ListToursViewModel - ListToursViewModel.getTourList() - tourList retrieved successfully: [TourListEntry{tourId=3, name='tour1'}]
2023-06-09 05:56:25.297 [JavaFX Application Thread] INFO  at.fhtw.viewmodel.ListToursViewModel - ListToursViewModel.getTourList() - tourList retrieved successfully: [TourListEntry{tourId=3, name='tour1'}]
2023-06-09 05:56:43.200 [JavaFX Application Thread] INFO  at.fhtw.viewmodel.ListToursViewModel - ListToursViewModel.getTourList() - tourList retrieved successfully: [TourListEntry{tourId=3, name='tour1'}]
2023-06-09 06:00:01.284 [JavaFX Application Thread] INFO  at.fhtw.viewmodel.ListToursViewModel - ListToursViewModel.getTourList() - tourList retrieved successfully: [TourListEntry{tourId=3, name='tour1'}]
2023-06-09 06:00:37.354 [JavaFX Application Thread] INFO  at.fhtw.viewmodel.ListToursViewModel - ListToursViewModel.getTourList() - tourList retrieved successfully: [TourListEntry{tourId=3, name='tour1'}]
2023-06-09 06:01:12.304 [JavaFX Application Thread] INFO  at.fhtw.viewmodel.ListToursViewModel - ListToursViewModel.getTourList() - tourList retrieved successfully: [TourListEntry{tourId=3, name='tour1'}]
2023-06-09 06:01:19.741 [JavaFX Application Thread] INFO  at.fhtw.utils.ImageHandler - ImageHandler.saveBase64EncodedImageToFile() - image saved successfully: data/images/3.jpg
2023-06-09 06:01:19.752 [JavaFX Application Thread] INFO  at.fhtw.viewmodel.ShowTourInformationViewModel - ShowTourInformationViewModel.getTour() - tour retrieved successfully: Tour{tourId=3, name='tour1', tourDescription='tour1', start='vienna', destination='berlin', transportType='car', tourDistance=683.6, estimatedTime=24112, popularity=1, childFriendliness=3, tourLogs=[]}
2023-06-09 06:07:27.512 [JavaFX Application Thread] INFO  at.fhtw.viewmodel.ListToursViewModel - ListToursViewModel.getTourList() - tourList retrieved successfully: [TourListEntry{tourId=3, name='tour1'}]
2023-06-09 06:08:29.135 [JavaFX Application Thread] INFO  at.fhtw.viewmodel.ListToursViewModel - ListToursViewModel.getTourList() - tourList retrieved successfully: [TourListEntry{tourId=3, name='tour1'}]
2023-06-09 06:19:29.713 [JavaFX Application Thread] INFO  at.fhtw.viewmodel.ListToursViewModel - ListToursViewModel.getTourList() - tourList retrieved successfully: [TourListEntry{tourId=3, name='tour1'}]
2023-06-09 06:30:11.202 [JavaFX Application Thread] INFO  at.fhtw.viewmodel.ListToursViewModel - ListToursViewModel.getTourList() - tourList retrieved successfully: [TourListEntry{tourId=3, name='tour1'}]
2023-06-09 06:31:06.293 [JavaFX Application Thread] INFO  at.fhtw.viewmodel.ListToursViewModel - ListToursViewModel.getTourList() - tourList retrieved successfully: [TourListEntry{tourId=3, name='tour1'}]
2023-06-09 06:31:28.432 [JavaFX Application Thread] INFO  at.fhtw.viewmodel.ListToursViewModel - ListToursViewModel.getTourList() - tourList retrieved successfully: [TourListEntry{tourId=3, name='tour1'}]
2023-06-09 06:32:26.007 [JavaFX Application Thread] INFO  at.fhtw.viewmodel.ListToursViewModel - ListToursViewModel.getTourList() - tourList retrieved successfully: [TourListEntry{tourId=3, name='tour1'}]
2023-06-09 06:42:43.000 [JavaFX Application Thread] INFO  at.fhtw.viewmodel.ListToursViewModel - ListToursViewModel.getTourList() - tourList retrieved successfully: [TourListEntry{tourId=3, name='tour1'}]
2023-06-09 06:43:25.914 [JavaFX Application Thread] INFO  at.fhtw.viewmodel.ListToursViewModel - ListToursViewModel.getTourList() - tourList retrieved successfully: [TourListEntry{tourId=3, name='tour1'}]
2023-06-09 06:45:33.527 [JavaFX Application Thread] INFO  at.fhtw.viewmodel.ListToursViewModel - ListToursViewModel.getTourList() - tourList retrieved successfully: [TourListEntry{tourId=3, name='tour1'}]
2023-06-09 06:45:48.102 [JavaFX Application Thread] INFO  at.fhtw.viewmodel.ListToursViewModel - ListToursViewModel.getTourList() - tourList retrieved successfully: [TourListEntry{tourId=3, name='tour1'}]
2023-06-09 06:46:28.081 [JavaFX Application Thread] INFO  at.fhtw.viewmodel.ListToursViewModel - ListToursViewModel.getTourList() - tourList retrieved successfully: [TourListEntry{tourId=3, name='tour1'}]
2023-06-09 06:46:45.307 [JavaFX Application Thread] INFO  at.fhtw.viewmodel.ListToursViewModel - ListToursViewModel.getTourList() - tourList retrieved successfully: [TourListEntry{tourId=3, name='tour1'}]
2023-06-09 06:47:00.605 [JavaFX Application Thread] INFO  at.fhtw.viewmodel.ListToursViewModel - ListToursViewModel.getTourList() - tourList retrieved successfully: [TourListEntry{tourId=3, name='tour1'}]
2023-06-09 06:53:33.129 [JavaFX Application Thread] INFO  at.fhtw.viewmodel.ListToursViewModel - ListToursViewModel.getTourList() - tourList retrieved successfully: [TourListEntry{tourId=3, name='tour1'}]
2023-06-09 06:54:15.912 [JavaFX Application Thread] INFO  at.fhtw.viewmodel.ListToursViewModel - ListToursViewModel.getTourList() - tourList retrieved successfully: [TourListEntry{tourId=3, name='tour1'}]
2023-06-09 06:55:06.307 [JavaFX Application Thread] INFO  at.fhtw.viewmodel.ListToursViewModel - ListToursViewModel.getTourList() - tourList retrieved successfully: [TourListEntry{tourId=3, name='tour1'}]
2023-06-09 06:56:12.783 [JavaFX Application Thread] INFO  at.fhtw.viewmodel.ListToursViewModel - ListToursViewModel.getTourList() - tourList retrieved successfully: [TourListEntry{tourId=3, name='tour1'}]
2023-06-09 06:56:38.578 [JavaFX Application Thread] INFO  at.fhtw.viewmodel.ListToursViewModel - ListToursViewModel.getTourList() - tourList retrieved successfully: [TourListEntry{tourId=3, name='tour1'}]
2023-06-09 06:56:45.466 [JavaFX Application Thread] INFO  at.fhtw.utils.ImageHandler - ImageHandler.saveBase64EncodedImageToFile() - image saved successfully: data/images/3.jpg
2023-06-09 06:56:45.474 [JavaFX Application Thread] INFO  at.fhtw.viewmodel.ShowTourInformationViewModel - ShowTourInformationViewModel.getTour() - tour retrieved successfully: Tour{tourId=3, name='tour1', tourDescription='tour1', start='vienna', destination='berlin', transportType='car', tourDistance=683.6, estimatedTime=24112, popularity=1, childFriendliness=3, tourLogs=[]}
2023-06-09 06:59:04.051 [JavaFX Application Thread] INFO  at.fhtw.viewmodel.ListToursViewModel - ListToursViewModel.getTourList() - tourList retrieved successfully: [TourListEntry{tourId=3, name='tour1'}]
2023-06-09 06:59:12.491 [JavaFX Application Thread] INFO  at.fhtw.utils.ImageHandler - ImageHandler.saveBase64EncodedImageToFile() - image saved successfully: data/images/3.jpg
2023-06-09 06:59:12.500 [JavaFX Application Thread] INFO  at.fhtw.viewmodel.ShowTourInformationViewModel - ShowTourInformationViewModel.getTour() - tour retrieved successfully: Tour{tourId=3, name='tour1', tourDescription='tour1', start='vienna', destination='berlin', transportType='car', tourDistance=683.6, estimatedTime=24112, popularity=2, childFriendliness=5, tourLogs=[TourLog{tourLogId=1, date='2023-06-09 06:58:03', comment='Me likes3!', difficulty=1, totalTime=3480000, rating=5}, TourLog{tourLogId=2, date='2023-06-09 06:58:13', comment='Me likes1!', difficulty=1, totalTime=3480000, rating=5}, TourLog{tourLogId=3, date='2023-06-09 06:58:22', comment='Me likes2!', difficulty=1, totalTime=3480000, rating=5}]}
2023-06-09 07:00:13.025 [JavaFX Application Thread] INFO  at.fhtw.viewmodel.ListToursViewModel - ListToursViewModel.getTourList() - tourList retrieved successfully: [TourListEntry{tourId=3, name='tour1'}]
2023-06-09 07:00:26.451 [JavaFX Application Thread] INFO  at.fhtw.viewmodel.ListToursViewModel - ListToursViewModel.getTourList() - tourList retrieved successfully: [TourListEntry{tourId=3, name='tour1'}]
2023-06-09 07:02:49.931 [JavaFX Application Thread] INFO  at.fhtw.viewmodel.ListToursViewModel - ListToursViewModel.getTourList() - tourList retrieved successfully: [TourListEntry{tourId=3, name='tour1'}]
2023-06-09 07:03:00.177 [JavaFX Application Thread] INFO  at.fhtw.utils.ImageHandler - ImageHandler.saveBase64EncodedImageToFile() - image saved successfully: data/images/3.jpg
2023-06-09 07:03:00.186 [JavaFX Application Thread] INFO  at.fhtw.viewmodel.ShowTourInformationViewModel - ShowTourInformationViewModel.getTour() - tour retrieved successfully: Tour{tourId=3, name='tour1', tourDescription='tour1', start='vienna', destination='berlin', transportType='car', tourDistance=683.6, estimatedTime=24112, popularity=2, childFriendliness=5, tourLogs=[TourLog{tourLogId=1, date='2023-06-09 06:58:03', comment='Me likes3!', difficulty=1, totalTime=3480000, rating=5}, TourLog{tourLogId=2, date='2023-06-09 06:58:13', comment='Me likes1!', difficulty=1, totalTime=3480000, rating=5}, TourLog{tourLogId=3, date='2023-06-09 06:58:22', comment='Me likes2!', difficulty=1, totalTime=3480000, rating=5}, TourLog{tourLogId=4, date='2023-06-09 07:00:00', comment='Me likes2!', difficulty=1, totalTime=3480000, rating=5}, TourLog{tourLogId=5, date='2023-06-09 07:00:09', comment='Me likes2!', difficulty=1, totalTime=3480000, rating=5}]}
2023-06-09 07:03:01.809 [JavaFX Application Thread] INFO  at.fhtw.utils.ImageHandler - ImageHandler.saveBase64EncodedImageToFile() - image saved successfully: data/images/3.jpg
2023-06-09 07:03:01.810 [JavaFX Application Thread] INFO  at.fhtw.viewmodel.ShowTourInformationViewModel - ShowTourInformationViewModel.getTour() - tour retrieved successfully: Tour{tourId=3, name='tour1', tourDescription='tour1', start='vienna', destination='berlin', transportType='car', tourDistance=683.6, estimatedTime=24112, popularity=2, childFriendliness=5, tourLogs=[TourLog{tourLogId=1, date='2023-06-09 06:58:03', comment='Me likes3!', difficulty=1, totalTime=3480000, rating=5}, TourLog{tourLogId=2, date='2023-06-09 06:58:13', comment='Me likes1!', difficulty=1, totalTime=3480000, rating=5}, TourLog{tourLogId=3, date='2023-06-09 06:58:22', comment='Me likes2!', difficulty=1, totalTime=3480000, rating=5}, TourLog{tourLogId=4, date='2023-06-09 07:00:00', comment='Me likes2!', difficulty=1, totalTime=3480000, rating=5}, TourLog{tourLogId=5, date='2023-06-09 07:00:09', comment='Me likes2!', difficulty=1, totalTime=3480000, rating=5}]}
2023-06-09 07:03:18.458 [JavaFX Application Thread] INFO  at.fhtw.viewmodel.ListToursViewModel - ListToursViewModel.getTourList() - tourList retrieved successfully: [TourListEntry{tourId=3, name='tour1'}]
2023-06-09 07:05:11.188 [JavaFX Application Thread] INFO  at.fhtw.viewmodel.ListToursViewModel - ListToursViewModel.getTourList() - tourList retrieved successfully: [TourListEntry{tourId=3, name='tour1'}]
2023-06-09 07:05:51.921 [JavaFX Application Thread] INFO  at.fhtw.viewmodel.ListToursViewModel - ListToursViewModel.getTourList() - tourList retrieved successfully: [TourListEntry{tourId=3, name='tour1'}]
2023-06-09 07:06:24.262 [JavaFX Application Thread] INFO  at.fhtw.viewmodel.ListToursViewModel - ListToursViewModel.getTourList() - tourList retrieved successfully: [TourListEntry{tourId=3, name='tour1'}]
2023-06-09 07:09:39.788 [JavaFX Application Thread] INFO  at.fhtw.viewmodel.ListToursViewModel - ListToursViewModel.getTourList() - tourList retrieved successfully: [TourListEntry{tourId=3, name='tour1'}]
2023-06-09 07:09:54.860 [JavaFX Application Thread] INFO  at.fhtw.viewmodel.ListToursViewModel - ListToursViewModel.getTourList() - tourList retrieved successfully: [TourListEntry{tourId=3, name='tour1'}]
2023-06-09 07:14:44.214 [JavaFX Application Thread] INFO  at.fhtw.viewmodel.ListToursViewModel - ListToursViewModel.getTourList() - tourList retrieved successfully: [TourListEntry{tourId=3, name='tour1'}]
2023-06-09 07:16:31.437 [JavaFX Application Thread] INFO  at.fhtw.viewmodel.ListToursViewModel - ListToursViewModel.getTourList() - tourList retrieved successfully: [TourListEntry{tourId=3, name='tour1'}]
2023-06-09 07:17:08.323 [JavaFX Application Thread] INFO  at.fhtw.viewmodel.ListToursViewModel - ListToursViewModel.getTourList() - tourList retrieved successfully: [TourListEntry{tourId=3, name='tour1'}]
2023-06-09 07:19:27.517 [JavaFX Application Thread] INFO  at.fhtw.viewmodel.ListToursViewModel - ListToursViewModel.getTourList() - tourList retrieved successfully: [TourListEntry{tourId=3, name='tour1'}]
2023-06-09 07:19:54.015 [JavaFX Application Thread] INFO  at.fhtw.viewmodel.ListToursViewModel - ListToursViewModel.getTourList() - tourList retrieved successfully: [TourListEntry{tourId=3, name='tour1'}]
2023-06-09 07:20:29.165 [JavaFX Application Thread] INFO  at.fhtw.viewmodel.ListToursViewModel - ListToursViewModel.getTourList() - tourList retrieved successfully: [TourListEntry{tourId=3, name='tour1'}]
2023-06-09 07:21:50.213 [JavaFX Application Thread] INFO  at.fhtw.viewmodel.ListToursViewModel - ListToursViewModel.getTourList() - tourList retrieved successfully: [TourListEntry{tourId=3, name='tour1'}]
2023-06-09 07:22:46.155 [JavaFX Application Thread] INFO  at.fhtw.viewmodel.ListToursViewModel - ListToursViewModel.getTourList() - tourList retrieved successfully: [TourListEntry{tourId=3, name='tour1'}]
2023-06-09 07:23:23.399 [JavaFX Application Thread] INFO  at.fhtw.viewmodel.ListToursViewModel - ListToursViewModel.getTourList() - tourList retrieved successfully: [TourListEntry{tourId=3, name='tour1'}]
2023-06-09 07:23:56.440 [JavaFX Application Thread] INFO  at.fhtw.viewmodel.ListToursViewModel - ListToursViewModel.getTourList() - tourList retrieved successfully: [TourListEntry{tourId=3, name='tour1'}]
2023-06-09 07:25:37.545 [JavaFX Application Thread] INFO  at.fhtw.viewmodel.ListToursViewModel - ListToursViewModel.getTourList() - tourList retrieved successfully: [TourListEntry{tourId=3, name='tour1'}]
2023-06-09 07:26:15.517 [JavaFX Application Thread] INFO  at.fhtw.viewmodel.ListToursViewModel - ListToursViewModel.getTourList() - tourList retrieved successfully: [TourListEntry{tourId=3, name='tour1'}]
2023-06-09 07:26:57.646 [JavaFX Application Thread] INFO  at.fhtw.viewmodel.ListToursViewModel - ListToursViewModel.getTourList() - tourList retrieved successfully: [TourListEntry{tourId=3, name='tour1'}]
2023-06-09 07:29:24.725 [JavaFX Application Thread] INFO  at.fhtw.viewmodel.ListToursViewModel - ListToursViewModel.getTourList() - tourList retrieved successfully: [TourListEntry{tourId=3, name='tour1'}]
2023-06-09 07:29:41.513 [JavaFX Application Thread] INFO  at.fhtw.viewmodel.ListToursViewModel - ListToursViewModel.getTourList() - tourList retrieved successfully: [TourListEntry{tourId=3, name='tour1'}]
