2023-06-10 00:15:51.650 [JavaFX Application Thread] INFO  at.fhtw.viewmodel.ListToursViewModel - ListToursViewModel.getTourList() - tourList retrieved successfully: [TourListEntry{tourId=3, name='tour1beatest'}, TourListEntry{tourId=8, name='tour2update'}, TourListEntry{tourId=9, name='tour3'}, TourListEntry{tourId=10, name='tour4bea'}, TourListEntry{tourId=11, name='tour Paris'}, TourListEntry{tourId=12, name='tour17'}]
2023-06-10 00:15:56.057 [JavaFX Application Thread] INFO  at.fhtw.viewmodel.ApplicationViewModel - ApplicationViewModel.exportTours() - tours exported successfully: tours_export
2023-06-10 00:16:02.395 [JavaFX Application Thread] INFO  at.fhtw.utils.ImageHandler - ImageHandler.saveBase64EncodedImageToFile() - image saved successfully: data/images/9.jpg
2023-06-10 00:16:02.402 [JavaFX Application Thread] INFO  at.fhtw.utils.ImageHandler - ImageHandler.saveBase64EncodedImageToFile() - image saved successfully: data/images/10.jpg
2023-06-10 00:16:02.407 [JavaFX Application Thread] INFO  at.fhtw.utils.ImageHandler - ImageHandler.saveBase64EncodedImageToFile() - image saved successfully: data/images/8.jpg
2023-06-10 00:16:02.412 [JavaFX Application Thread] INFO  at.fhtw.utils.ImageHandler - ImageHandler.saveBase64EncodedImageToFile() - image saved successfully: data/images/3.jpg
2023-06-10 00:16:02.420 [JavaFX Application Thread] INFO  at.fhtw.utils.ImageHandler - ImageHandler.saveBase64EncodedImageToFile() - image saved successfully: data/images/11.jpg
2023-06-10 00:16:02.426 [JavaFX Application Thread] INFO  at.fhtw.utils.ImageHandler - ImageHandler.saveBase64EncodedImageToFile() - image saved successfully: data/images/12.jpg
2023-06-10 00:16:02.734 [JavaFX Application Thread] ERROR at.fhtw.viewmodel.ApplicationViewModel - ApplicationViewModel.createSummarizeReport() - createSummarizeReport - Invalid value for SecondOfDay (valid values 0 - 86399): 95133
2023-06-10 00:16:25.784 [JavaFX Application Thread] INFO  at.fhtw.utils.ImageHandler - ImageHandler.saveBase64EncodedImageToFile() - image saved successfully: data/images/9.jpg
2023-06-10 00:16:25.785 [JavaFX Application Thread] INFO  at.fhtw.utils.ImageHandler - ImageHandler.saveBase64EncodedImageToFile() - image saved successfully: data/images/10.jpg
2023-06-10 00:16:25.786 [JavaFX Application Thread] INFO  at.fhtw.utils.ImageHandler - ImageHandler.saveBase64EncodedImageToFile() - image saved successfully: data/images/8.jpg
2023-06-10 00:16:25.788 [JavaFX Application Thread] INFO  at.fhtw.utils.ImageHandler - ImageHandler.saveBase64EncodedImageToFile() - image saved successfully: data/images/3.jpg
2023-06-10 00:16:25.789 [JavaFX Application Thread] INFO  at.fhtw.utils.ImageHandler - ImageHandler.saveBase64EncodedImageToFile() - image saved successfully: data/images/11.jpg
2023-06-10 00:16:25.791 [JavaFX Application Thread] INFO  at.fhtw.utils.ImageHandler - ImageHandler.saveBase64EncodedImageToFile() - image saved successfully: data/images/12.jpg
2023-06-10 00:16:25.795 [JavaFX Application Thread] ERROR at.fhtw.viewmodel.ApplicationViewModel - ApplicationViewModel.createSummarizeReport() - createSummarizeReport - Invalid value for SecondOfDay (valid values 0 - 86399): 95133
2023-06-10 00:17:10.790 [JavaFX Application Thread] INFO  at.fhtw.viewmodel.ApplicationViewModel - ApplicationViewModel.exportTours() - tours exported successfully: tours_export
2023-06-10 00:17:21.810 [JavaFX Application Thread] INFO  at.fhtw.utils.ImageHandler - ImageHandler.saveBase64EncodedImageToFile() - image saved successfully: data/images/12.jpg
2023-06-10 00:17:21.815 [JavaFX Application Thread] INFO  at.fhtw.viewmodel.ListToursViewModel - ListToursViewModel.getTour() - tour retrieved successfully: Tour{tourId=12, name='tour17', tourDescription='dfs', start='Vienna', destination='Berlin', transportType='car', tourDistance=677.8, estimatedTime=24113, popularity=1, childFriendliness=3, tourLogs=[]}
2023-06-10 00:17:21.817 [JavaFX Application Thread] INFO  at.fhtw.utils.ImageHandler - ImageHandler.saveBase64EncodedImageToFile() - image saved successfully: data/images/12.jpg
2023-06-10 00:17:21.817 [JavaFX Application Thread] INFO  at.fhtw.viewmodel.ShowTourInformationViewModel - ShowTourInformationViewModel.getTour() - tour retrieved successfully: Tour{tourId=12, name='tour17', tourDescription='dfs', start='Vienna', destination='Berlin', transportType='car', tourDistance=677.8, estimatedTime=24113, popularity=1, childFriendliness=3, tourLogs=[]}
2023-06-10 00:17:21.854 [JavaFX Application Thread] INFO  at.fhtw.view.ListToursView - ListToursView.getTourLogs() - at.fhtw.exceptions.NoContentException: TourLogService.getTourList() - no content
2023-06-10 00:17:23.418 [JavaFX Application Thread] INFO  at.fhtw.utils.ImageHandler - ImageHandler.saveBase64EncodedImageToFile() - image saved successfully: data/images/12.jpg
2023-06-10 00:17:23.658 [JavaFX Application Thread] INFO  at.fhtw.utils.pdfFileHandler.PdfFileHandler - PdfFileHandler.createTourReport() - tour report created successfully: 12_tour17
2023-06-10 00:17:23.658 [JavaFX Application Thread] INFO  at.fhtw.viewmodel.ShowTourInformationViewModel - ShowTourInformationViewModel.createTourReport() - report created successfully: 12_tour17
