2023-06-06 19:54:29.912 [main] ERROR at.fhtw.businessLogic.BusinessLogic - BusinessLogic.createSummarizeReport() - DataTransferService.exportTours() - failed to send request
2023-06-06 20:02:24.140 [main] INFO  at.fhtw.businessLogic.BusinessLogic - BusinessLogic.createSummarizeReport() - DataTransferService.exportTours() - no content
2023-06-06 20:03:08.606 [main] INFO  at.fhtw.businessLogic.BusinessLogic - BusinessLogic.createSummarizeReport() - DataTransferService.exportTours() - no content
2023-06-06 20:05:14.211 [main] INFO  at.fhtw.businessLogic.BusinessLogic - BusinessLogic.createSummarizeReport() - DataTransferService.exportTours() - no content
2023-06-06 20:05:14.227 [main] INFO  at.fhtw.businessLogic.BusinessLogic - BusinessLogic.createTourReport() - TourService.getTour() - tourId not found: 1
2023-06-06 20:05:14.238 [main] INFO  at.fhtw.businessLogic.BusinessLogic - BusinessLogic.createSummarizeReport() - DataTransferService.exportTours() - no content
2023-06-06 20:05:14.241 [main] ERROR at.fhtw.businessLogic.BusinessLogic - BusinessLogic.importTours() - JsonFileHandler.readJsonStringFromFile() - failed to read json file: C:\Users\Felix\Desktop\export.json
2023-06-06 20:05:14.252 [main] INFO  at.fhtw.businessLogic.BusinessLogic - BusinessLogic.createSummarizeReport() - DataTransferService.exportTours() - no content
2023-06-06 20:05:16.534 [main] INFO  at.fhtw.utils.ImageHandler - ImageHandler.saveBase64EncodedImageToFile() - image saved successfully: data/images/1.jpg
2023-06-06 20:05:16.539 [main] INFO  at.fhtw.businessLogic.BusinessLogic - BusinessLogic.createTour() - tour created successfully: Tour{tourId=1, name='Vienna-Bratislava tour', tourDescription='Vienna-Bratislava (car)', start='Vienna', destination='Bratislava', transportType='car', tourDistance=80.3, estimatedTime=3302, popularity=1, childFriendliness=3, tourLogs=null}
2023-06-06 20:05:16.545 [main] INFO  at.fhtw.businessLogic.BusinessLogic - BusinessLogic.getTour() - TourService.getTour() - tourId not found: 2
2023-06-06 20:05:16.595 [main] INFO  at.fhtw.businessLogic.BusinessLogic - BusinessLogic.searchTour() - TourService.searchTour() - keyword not found: aaaaaaaaaa
2023-06-06 20:05:16.627 [main] INFO  at.fhtw.utils.ImageHandler - ImageHandler.saveBase64EncodedImageToFile() - image saved successfully: data/images/1.jpg
2023-06-06 20:05:16.628 [main] INFO  at.fhtw.businessLogic.BusinessLogic - BusinessLogic.getTour() - tour retrieved successfully: Tour{tourId=1, name='Vienna-Bratislava tour', tourDescription='Vienna-Bratislava (car)', start='Vienna', destination='Bratislava', transportType='car', tourDistance=80.3, estimatedTime=3302, popularity=1, childFriendliness=3, tourLogs=[]}
2023-06-06 20:05:16.659 [main] INFO  at.fhtw.businessLogic.BusinessLogic - BusinessLogic.getTourList() - tourList retrieved successfully: [TourListEntry{tourId=1, name='Vienna-Bratislava tour'}]
2023-06-06 20:05:16.691 [main] INFO  at.fhtw.utils.ImageHandler - ImageHandler.saveBase64EncodedImageToFile() - image saved successfully: data/images/1.jpg
2023-06-06 20:05:16.691 [main] INFO  at.fhtw.businessLogic.BusinessLogic - BusinessLogic.getTour() - tour retrieved successfully: Tour{tourId=1, name='Vienna-Bratislava tour', tourDescription='Vienna-Bratislava (car)', start='Vienna', destination='Bratislava', transportType='car', tourDistance=80.3, estimatedTime=3302, popularity=1, childFriendliness=3, tourLogs=[]}
2023-06-06 20:05:17.540 [main] INFO  at.fhtw.utils.ImageHandler - ImageHandler.saveBase64EncodedImageToFile() - image saved successfully: data/images/1.jpg
2023-06-06 20:05:17.540 [main] INFO  at.fhtw.businessLogic.BusinessLogic - BusinessLogic.updateTour() - tour updated successfully: Tour{tourId=1, name='Vienna-Bratislava tour', tourDescription='New description', start='Vienna', destination='Wien Mitte', transportType='car', tourDistance=1.6, estimatedTime=209, popularity=1, childFriendliness=3, tourLogs=[]}
2023-06-06 20:05:17.580 [main] INFO  at.fhtw.businessLogic.BusinessLogic - BusinessLogic.deleteTour() - tour deleted successfully: 1
2023-06-06 20:05:17.586 [main] INFO  at.fhtw.businessLogic.BusinessLogic - BusinessLogic.getTour() - TourService.getTour() - tourId not found: 1
2023-06-06 20:05:18.941 [main] INFO  at.fhtw.utils.ImageHandler - ImageHandler.saveBase64EncodedImageToFile() - image saved successfully: data/images/2.jpg
2023-06-06 20:05:18.941 [main] INFO  at.fhtw.businessLogic.BusinessLogic - BusinessLogic.createTour() - tour created successfully: Tour{tourId=2, name='Vienna-Bratislava tour', tourDescription='Vienna-Bratislava (car)', start='Vienna', destination='Bratislava', transportType='car', tourDistance=80.3, estimatedTime=3302, popularity=1, childFriendliness=3, tourLogs=null}
2023-06-06 20:05:18.960 [main] ERROR at.fhtw.businessLogic.BusinessLogic - BusinessLogic.getTourLogs() - TourLogService.getTourLogs() - failed to send request
2023-06-06 20:05:18.965 [main] INFO  at.fhtw.businessLogic.BusinessLogic - BusinessLogic.getTourLogs() - TourLogService.getTourLogs() - not found
2023-06-06 20:05:18.991 [main] INFO  at.fhtw.businessLogic.BusinessLogic - BusinessLogic.createTourLog() - tourLog created successfully: TourLog{tourLogId=1, date='2023-06-06 20:05:18', comment='My comment', difficulty=3, totalTime=8500, rating=2}
2023-06-06 20:05:19.006 [main] INFO  at.fhtw.businessLogic.BusinessLogic - BusinessLogic.createTourLog() - tourLog created successfully: TourLog{tourLogId=2, date='2023-06-06 20:05:18', comment='My comment', difficulty=3, totalTime=8500, rating=2}
2023-06-06 20:05:19.023 [main] INFO  at.fhtw.businessLogic.BusinessLogic - BusinessLogic.getTourLogs() - tourLogs retrieved successfully: [TourLog{tourLogId=1, date='2023-06-06 20:05:18', comment='My comment', difficulty=3, totalTime=8500, rating=2}, TourLog{tourLogId=2, date='2023-06-06 20:05:18', comment='My comment', difficulty=3, totalTime=8500, rating=2}]
2023-06-06 20:05:19.036 [main] INFO  at.fhtw.businessLogic.BusinessLogic - BusinessLogic.getTourLog() - tourLog retrieved successfully: TourLog{tourLogId=1, date='2023-06-06 20:05:18', comment='My comment', difficulty=3, totalTime=8500, rating=2}
2023-06-06 20:05:19.049 [main] INFO  at.fhtw.businessLogic.BusinessLogic - BusinessLogic.getTourLog() - tourLog retrieved successfully: TourLog{tourLogId=2, date='2023-06-06 20:05:18', comment='My comment', difficulty=3, totalTime=8500, rating=2}
2023-06-06 20:05:19.055 [main] INFO  at.fhtw.businessLogic.BusinessLogic - BusinessLogic.getTourLog() - TourLogService.getTourLog() - not found
2023-06-06 20:05:19.069 [main] INFO  at.fhtw.businessLogic.BusinessLogic - BusinessLogic.updateTourLog() - tourLog updated successfully: TourLog{tourLogId=1, date='2023-06-06 20:05:19', comment='New comment', difficulty=3, totalTime=8500, rating=2}
2023-06-06 20:05:19.081 [main] INFO  at.fhtw.businessLogic.BusinessLogic - BusinessLogic.getTourLogs() - tourLogs retrieved successfully: [TourLog{tourLogId=2, date='2023-06-06 20:05:18', comment='My comment', difficulty=3, totalTime=8500, rating=2}, TourLog{tourLogId=1, date='2023-06-06 20:05:19', comment='New comment', difficulty=3, totalTime=8500, rating=2}]
2023-06-06 20:05:19.098 [main] INFO  at.fhtw.businessLogic.BusinessLogic - BusinessLogic.deleteTourLog() - tourLog deleted successfully: 1
2023-06-06 20:05:19.105 [main] INFO  at.fhtw.businessLogic.BusinessLogic - BusinessLogic.getTourLog() - TourLogService.getTourLog() - not found
2023-06-06 20:05:19.121 [main] INFO  at.fhtw.businessLogic.BusinessLogic - BusinessLogic.getTourLogs() - tourLogs retrieved successfully: [TourLog{tourLogId=2, date='2023-06-06 20:05:18', comment='My comment', difficulty=3, totalTime=8500, rating=2}]
2023-06-06 20:05:19.149 [main] INFO  at.fhtw.businessLogic.BusinessLogic - BusinessLogic.exportTours() - tours exported successfully: C:\Users\Felix\Desktop\export.json
2023-06-06 20:05:19.150 [main] ERROR at.fhtw.businessLogic.BusinessLogic - BusinessLogic.importTours() - JsonFileHandler.readJsonStringFromFile() - failed to read json file: C:\Users\Felix\Desktop\import.json
2023-06-06 20:05:49.018 [main] INFO  at.fhtw.utils.ImageHandler - ImageHandler.saveBase64EncodedImageToFile() - image saved successfully: data/images/2.jpg
2023-06-06 20:05:49.414 [main] WARN  com.itextpdf.layout.renderer.TableRenderer - Last row is not completed. Table bottom border may collapse as you do not expect it
2023-06-06 20:05:49.497 [main] INFO  at.fhtw.utils.pdfFileHandler.PdfFileHandler - PdfFileHandler.createSummarizeReport() - summarize report created successfully: C:\Users\Felix\Desktop\summarizeReport.pdf
2023-06-06 20:05:49.497 [main] INFO  at.fhtw.businessLogic.BusinessLogic - BusinessLogic.createSummarizeReport() - report created successfully: C:\Users\Felix\Desktop\summarizeReport.pdf
2023-06-06 20:05:49.507 [main] INFO  at.fhtw.businessLogic.BusinessLogic - BusinessLogic.createTourReport() - TourService.getTour() - tourId not found: 1
2023-06-06 20:05:49.528 [main] INFO  at.fhtw.utils.ImageHandler - ImageHandler.saveBase64EncodedImageToFile() - image saved successfully: data/images/2.jpg
2023-06-06 20:05:49.564 [main] WARN  com.itextpdf.layout.renderer.TableRenderer - Last row is not completed. Table bottom border may collapse as you do not expect it
2023-06-06 20:05:49.598 [main] INFO  at.fhtw.utils.pdfFileHandler.PdfFileHandler - PdfFileHandler.createSummarizeReport() - summarize report created successfully: C:\Users\Felix\Desktop\summarizeReport1.pdf
2023-06-06 20:05:49.599 [main] INFO  at.fhtw.businessLogic.BusinessLogic - BusinessLogic.createSummarizeReport() - report created successfully: C:\Users\Felix\Desktop\summarizeReport1.pdf
2023-06-06 20:05:52.198 [main] INFO  at.fhtw.businessLogic.BusinessLogic - BusinessLogic.importTours() - tours imported successfully: [Tour{tourId=3, name='Vienna-Bratislava tour', tourDescription='Vienna-Bratislava (car)', start='Vienna', destination='Bratislava', transportType='car', tourDistance=81.7, estimatedTime=3358, popularity=1, childFriendliness=3, tourLogs=[TourLog{tourLogId=3, date='2023-06-06 20:05:49', comment='My comment', difficulty=3, totalTime=8500, rating=2}]}]
2023-06-06 20:05:52.223 [main] INFO  at.fhtw.utils.ImageHandler - ImageHandler.saveBase64EncodedImageToFile() - image saved successfully: data/images/2.jpg
2023-06-06 20:05:52.225 [main] INFO  at.fhtw.utils.ImageHandler - ImageHandler.saveBase64EncodedImageToFile() - image saved successfully: data/images/3.jpg
2023-06-06 20:05:52.245 [main] WARN  com.itextpdf.layout.renderer.TableRenderer - Last row is not completed. Table bottom border may collapse as you do not expect it
2023-06-06 20:05:52.276 [main] WARN  com.itextpdf.layout.renderer.TableRenderer - Last row is not completed. Table bottom border may collapse as you do not expect it
2023-06-06 20:05:52.307 [main] INFO  at.fhtw.utils.pdfFileHandler.PdfFileHandler - PdfFileHandler.createSummarizeReport() - summarize report created successfully: C:\Users\Felix\Desktop\summarizeReport2.pdf
2023-06-06 20:05:52.307 [main] INFO  at.fhtw.businessLogic.BusinessLogic - BusinessLogic.createSummarizeReport() - report created successfully: C:\Users\Felix\Desktop\summarizeReport2.pdf
2023-06-06 20:05:53.558 [main] INFO  at.fhtw.utils.ImageHandler - ImageHandler.saveBase64EncodedImageToFile() - image saved successfully: data/images/4.jpg
2023-06-06 20:05:53.559 [main] INFO  at.fhtw.businessLogic.BusinessLogic - BusinessLogic.createTour() - tour created successfully: Tour{tourId=4, name='Vienna-Bratislava tour', tourDescription='Vienna-Bratislava (car)', start='Vienna', destination='Bratislava', transportType='car', tourDistance=81.7, estimatedTime=3358, popularity=1, childFriendliness=3, tourLogs=null}
2023-06-06 20:05:53.574 [main] INFO  at.fhtw.utils.ImageHandler - ImageHandler.saveBase64EncodedImageToFile() - image saved successfully: data/images/2.jpg
2023-06-06 20:05:53.574 [main] INFO  at.fhtw.businessLogic.BusinessLogic - BusinessLogic.getTour() - tour retrieved successfully: Tour{tourId=2, name='Vienna-Bratislava tour', tourDescription='Vienna-Bratislava (car)', start='Vienna', destination='Bratislava', transportType='car', tourDistance=80.3, estimatedTime=3302, popularity=1, childFriendliness=3, tourLogs=[TourLog{tourLogId=2, date='2023-06-06 20:05:18', comment='My comment', difficulty=3, totalTime=8500, rating=2}]}
2023-06-06 20:05:53.600 [main] INFO  at.fhtw.businessLogic.BusinessLogic - BusinessLogic.searchTour() - TourService.searchTour() - keyword not found: aaaaaaaaaa
2023-06-06 20:05:53.605 [main] INFO  at.fhtw.businessLogic.BusinessLogic - BusinessLogic.getTour() - TourService.getTour() - tourId not found: 1
2023-06-06 20:05:53.629 [main] INFO  at.fhtw.businessLogic.BusinessLogic - BusinessLogic.getTourList() - tourList retrieved successfully: [TourListEntry{tourId=2, name='Vienna-Bratislava tour'}, TourListEntry{tourId=3, name='Vienna-Bratislava tour'}, TourListEntry{tourId=4, name='Vienna-Bratislava tour'}]
2023-06-06 20:05:53.634 [main] INFO  at.fhtw.businessLogic.BusinessLogic - BusinessLogic.getTour() - TourService.getTour() - tourId not found: 1
2023-06-06 20:05:53.640 [main] INFO  at.fhtw.businessLogic.BusinessLogic - BusinessLogic.updateTour() - TourService.updateTour() - tourId not found: 1
2023-06-06 20:05:53.646 [main] INFO  at.fhtw.businessLogic.BusinessLogic - BusinessLogic.deleteTour() - TourService.deleteTour() - tourId not found: 1
2023-06-06 20:05:53.651 [main] INFO  at.fhtw.businessLogic.BusinessLogic - BusinessLogic.getTour() - TourService.getTour() - tourId not found: 1
2023-06-06 20:05:54.868 [main] INFO  at.fhtw.utils.ImageHandler - ImageHandler.saveBase64EncodedImageToFile() - image saved successfully: data/images/5.jpg
2023-06-06 20:05:54.868 [main] INFO  at.fhtw.businessLogic.BusinessLogic - BusinessLogic.createTour() - tour created successfully: Tour{tourId=5, name='Vienna-Bratislava tour', tourDescription='Vienna-Bratislava (car)', start='Vienna', destination='Bratislava', transportType='car', tourDistance=81.7, estimatedTime=3358, popularity=1, childFriendliness=3, tourLogs=null}
2023-06-06 20:05:54.884 [main] INFO  at.fhtw.businessLogic.BusinessLogic - BusinessLogic.getTourLogs() - tourLogs retrieved successfully: [TourLog{tourLogId=2, date='2023-06-06 20:05:18', comment='My comment', difficulty=3, totalTime=8500, rating=2}]
2023-06-06 20:05:54.896 [main] INFO  at.fhtw.businessLogic.BusinessLogic - BusinessLogic.getTourLogs() - tourLogs retrieved successfully: [TourLog{tourLogId=3, date='2023-06-06 20:05:49', comment='My comment', difficulty=3, totalTime=8500, rating=2}]
2023-06-06 20:05:54.911 [main] INFO  at.fhtw.businessLogic.BusinessLogic - BusinessLogic.createTourLog() - tourLog created successfully: TourLog{tourLogId=4, date='2023-06-06 20:05:54', comment='My comment', difficulty=3, totalTime=8500, rating=2}
2023-06-06 20:05:54.923 [main] INFO  at.fhtw.businessLogic.BusinessLogic - BusinessLogic.createTourLog() - tourLog created successfully: TourLog{tourLogId=5, date='2023-06-06 20:05:54', comment='My comment', difficulty=3, totalTime=8500, rating=2}
2023-06-06 20:05:54.936 [main] INFO  at.fhtw.businessLogic.BusinessLogic - BusinessLogic.getTourLogs() - tourLogs retrieved successfully: [TourLog{tourLogId=2, date='2023-06-06 20:05:18', comment='My comment', difficulty=3, totalTime=8500, rating=2}, TourLog{tourLogId=4, date='2023-06-06 20:05:54', comment='My comment', difficulty=3, totalTime=8500, rating=2}, TourLog{tourLogId=5, date='2023-06-06 20:05:54', comment='My comment', difficulty=3, totalTime=8500, rating=2}]
2023-06-06 20:05:54.941 [main] INFO  at.fhtw.businessLogic.BusinessLogic - BusinessLogic.getTourLog() - TourLogService.getTourLog() - not found
2023-06-06 20:05:54.953 [main] INFO  at.fhtw.businessLogic.BusinessLogic - BusinessLogic.getTourLog() - tourLog retrieved successfully: TourLog{tourLogId=2, date='2023-06-06 20:05:18', comment='My comment', difficulty=3, totalTime=8500, rating=2}
2023-06-06 20:05:54.958 [main] INFO  at.fhtw.businessLogic.BusinessLogic - BusinessLogic.getTourLog() - TourLogService.getTourLog() - not found
2023-06-06 20:05:54.963 [main] INFO  at.fhtw.businessLogic.BusinessLogic - BusinessLogic.updateTourLog() - TourLogService.updateTourLog() - not found
2023-06-06 20:05:54.977 [main] INFO  at.fhtw.businessLogic.BusinessLogic - BusinessLogic.getTourLogs() - tourLogs retrieved successfully: [TourLog{tourLogId=2, date='2023-06-06 20:05:18', comment='My comment', difficulty=3, totalTime=8500, rating=2}, TourLog{tourLogId=4, date='2023-06-06 20:05:54', comment='My comment', difficulty=3, totalTime=8500, rating=2}, TourLog{tourLogId=5, date='2023-06-06 20:05:54', comment='My comment', difficulty=3, totalTime=8500, rating=2}]
2023-06-06 20:05:54.983 [main] INFO  at.fhtw.businessLogic.BusinessLogic - BusinessLogic.deleteTourLog() - TourLogService.deleteTourLog() - not found
2023-06-06 20:05:54.987 [main] INFO  at.fhtw.businessLogic.BusinessLogic - BusinessLogic.getTourLog() - TourLogService.getTourLog() - not found
2023-06-06 20:05:55.000 [main] INFO  at.fhtw.businessLogic.BusinessLogic - BusinessLogic.getTourLogs() - tourLogs retrieved successfully: [TourLog{tourLogId=2, date='2023-06-06 20:05:18', comment='My comment', difficulty=3, totalTime=8500, rating=2}, TourLog{tourLogId=4, date='2023-06-06 20:05:54', comment='My comment', difficulty=3, totalTime=8500, rating=2}, TourLog{tourLogId=5, date='2023-06-06 20:05:54', comment='My comment', difficulty=3, totalTime=8500, rating=2}]
2023-06-06 20:05:55.048 [main] INFO  at.fhtw.businessLogic.BusinessLogic - BusinessLogic.exportTours() - tours exported successfully: C:\Users\Felix\Desktop\export.json
2023-06-06 20:05:55.050 [main] ERROR at.fhtw.businessLogic.BusinessLogic - BusinessLogic.importTours() - JsonFileHandler.readJsonStringFromFile() - failed to read json file: C:\Users\Felix\Desktop\import.json
2023-06-06 20:31:53.371 [main] INFO  at.fhtw.businessLogic.BusinessLogic - BusinessLogic.createSummarizeReport() - DataTransferService.exportTours() - no content
2023-06-06 20:31:53.531 [main] INFO  at.fhtw.businessLogic.BusinessLogic - BusinessLogic.createTourReport() - TourService.getTour() - tourId not found: 1
2023-06-06 20:31:53.538 [main] INFO  at.fhtw.businessLogic.BusinessLogic - BusinessLogic.createSummarizeReport() - DataTransferService.exportTours() - no content
2023-06-06 20:31:53.540 [main] ERROR at.fhtw.businessLogic.BusinessLogic - BusinessLogic.importTours() - JsonFileHandler.readJsonStringFromFile() - failed to read json file: C:\Users\Felix\Desktop\export.json
2023-06-06 20:31:53.547 [main] INFO  at.fhtw.businessLogic.BusinessLogic - BusinessLogic.createSummarizeReport() - DataTransferService.exportTours() - no content
2023-06-06 20:31:56.634 [main] INFO  at.fhtw.utils.ImageHandler - ImageHandler.saveBase64EncodedImageToFile() - image saved successfully: data/images/1.jpg
2023-06-06 20:31:56.644 [main] INFO  at.fhtw.businessLogic.BusinessLogic - BusinessLogic.createTour() - tour created successfully: Tour{tourId=1, name='Vienna-Bratislava tour', tourDescription='Vienna-Bratislava (car)', start='Vienna', destination='Bratislava', transportType='car', tourDistance=81.7, estimatedTime=3358, popularity=1, childFriendliness=3, tourLogs=null}
2023-06-06 20:31:56.652 [main] INFO  at.fhtw.businessLogic.BusinessLogic - BusinessLogic.getTour() - TourService.getTour() - tourId not found: 2
2023-06-06 20:31:56.713 [main] INFO  at.fhtw.businessLogic.BusinessLogic - BusinessLogic.searchTour() - TourService.searchTour() - keyword not found: aaaaaaaaaa
2023-06-06 20:31:56.741 [main] INFO  at.fhtw.utils.ImageHandler - ImageHandler.saveBase64EncodedImageToFile() - image saved successfully: data/images/1.jpg
2023-06-06 20:31:56.742 [main] INFO  at.fhtw.businessLogic.BusinessLogic - BusinessLogic.getTour() - tour retrieved successfully: Tour{tourId=1, name='Vienna-Bratislava tour', tourDescription='Vienna-Bratislava (car)', start='Vienna', destination='Bratislava', transportType='car', tourDistance=81.7, estimatedTime=3358, popularity=1, childFriendliness=3, tourLogs=[]}
2023-06-06 20:31:56.764 [main] INFO  at.fhtw.businessLogic.BusinessLogic - BusinessLogic.getTourList() - tourList retrieved successfully: [TourListEntry{tourId=1, name='Vienna-Bratislava tour'}]
2023-06-06 20:31:56.793 [main] INFO  at.fhtw.utils.ImageHandler - ImageHandler.saveBase64EncodedImageToFile() - image saved successfully: data/images/1.jpg
2023-06-06 20:31:56.793 [main] INFO  at.fhtw.businessLogic.BusinessLogic - BusinessLogic.getTour() - tour retrieved successfully: Tour{tourId=1, name='Vienna-Bratislava tour', tourDescription='Vienna-Bratislava (car)', start='Vienna', destination='Bratislava', transportType='car', tourDistance=81.7, estimatedTime=3358, popularity=1, childFriendliness=3, tourLogs=[]}
2023-06-06 20:31:59.275 [main] INFO  at.fhtw.utils.ImageHandler - ImageHandler.saveBase64EncodedImageToFile() - image saved successfully: data/images/1.jpg
2023-06-06 20:31:59.275 [main] INFO  at.fhtw.businessLogic.BusinessLogic - BusinessLogic.updateTour() - tour updated successfully: Tour{tourId=1, name='Vienna-Bratislava tour', tourDescription='New description', start='Vienna', destination='Wien Mitte', transportType='car', tourDistance=1.6, estimatedTime=209, popularity=1, childFriendliness=3, tourLogs=[]}
2023-06-06 20:31:59.347 [main] INFO  at.fhtw.businessLogic.BusinessLogic - BusinessLogic.deleteTour() - tour deleted successfully: 1
2023-06-06 20:31:59.356 [main] INFO  at.fhtw.businessLogic.BusinessLogic - BusinessLogic.getTour() - TourService.getTour() - tourId not found: 1
2023-06-06 20:32:00.983 [main] INFO  at.fhtw.utils.ImageHandler - ImageHandler.saveBase64EncodedImageToFile() - image saved successfully: data/images/2.jpg
2023-06-06 20:32:00.983 [main] INFO  at.fhtw.businessLogic.BusinessLogic - BusinessLogic.createTour() - tour created successfully: Tour{tourId=2, name='Vienna-Bratislava tour', tourDescription='Vienna-Bratislava (car)', start='Vienna', destination='Bratislava', transportType='car', tourDistance=81.7, estimatedTime=3358, popularity=1, childFriendliness=3, tourLogs=null}
2023-06-06 20:32:01.015 [main] ERROR at.fhtw.businessLogic.BusinessLogic - BusinessLogic.getTourLogs() - TourLogService.getTourLogs() - failed to send request
2023-06-06 20:32:01.022 [main] INFO  at.fhtw.businessLogic.BusinessLogic - BusinessLogic.getTourLogs() - TourLogService.getTourLogs() - not found
2023-06-06 20:32:01.065 [main] INFO  at.fhtw.businessLogic.BusinessLogic - BusinessLogic.createTourLog() - tourLog created successfully: TourLog{tourLogId=1, date='2023-06-06 20:32:01', comment='My comment', difficulty=3, totalTime=8500, rating=2}
2023-06-06 20:32:01.089 [main] INFO  at.fhtw.businessLogic.BusinessLogic - BusinessLogic.createTourLog() - tourLog created successfully: TourLog{tourLogId=2, date='2023-06-06 20:32:01', comment='My comment', difficulty=3, totalTime=8500, rating=2}
2023-06-06 20:32:01.117 [main] INFO  at.fhtw.businessLogic.BusinessLogic - BusinessLogic.getTourLogs() - tourLogs retrieved successfully: [TourLog{tourLogId=1, date='2023-06-06 20:32:01', comment='My comment', difficulty=3, totalTime=8500, rating=2}, TourLog{tourLogId=2, date='2023-06-06 20:32:01', comment='My comment', difficulty=3, totalTime=8500, rating=2}]
2023-06-06 20:32:01.138 [main] INFO  at.fhtw.businessLogic.BusinessLogic - BusinessLogic.getTourLog() - tourLog retrieved successfully: TourLog{tourLogId=1, date='2023-06-06 20:32:01', comment='My comment', difficulty=3, totalTime=8500, rating=2}
2023-06-06 20:32:01.158 [main] INFO  at.fhtw.businessLogic.BusinessLogic - BusinessLogic.getTourLog() - tourLog retrieved successfully: TourLog{tourLogId=2, date='2023-06-06 20:32:01', comment='My comment', difficulty=3, totalTime=8500, rating=2}
2023-06-06 20:32:01.164 [main] INFO  at.fhtw.businessLogic.BusinessLogic - BusinessLogic.getTourLog() - TourLogService.getTourLog() - not found
2023-06-06 20:32:01.189 [main] INFO  at.fhtw.businessLogic.BusinessLogic - BusinessLogic.updateTourLog() - tourLog updated successfully: TourLog{tourLogId=1, date='2023-06-06 20:32:01', comment='New comment', difficulty=3, totalTime=8500, rating=2}
2023-06-06 20:32:01.215 [main] INFO  at.fhtw.businessLogic.BusinessLogic - BusinessLogic.getTourLogs() - tourLogs retrieved successfully: [TourLog{tourLogId=2, date='2023-06-06 20:32:01', comment='My comment', difficulty=3, totalTime=8500, rating=2}, TourLog{tourLogId=1, date='2023-06-06 20:32:01', comment='New comment', difficulty=3, totalTime=8500, rating=2}]
2023-06-06 20:32:01.246 [main] INFO  at.fhtw.businessLogic.BusinessLogic - BusinessLogic.deleteTourLog() - tourLog deleted successfully: 1
2023-06-06 20:32:01.254 [main] INFO  at.fhtw.businessLogic.BusinessLogic - BusinessLogic.getTourLog() - TourLogService.getTourLog() - not found
2023-06-06 20:32:01.279 [main] INFO  at.fhtw.businessLogic.BusinessLogic - BusinessLogic.getTourLogs() - tourLogs retrieved successfully: [TourLog{tourLogId=2, date='2023-06-06 20:32:01', comment='My comment', difficulty=3, totalTime=8500, rating=2}]
2023-06-06 20:32:01.307 [main] ERROR at.fhtw.businessLogic.BusinessLogic - BusinessLogic.exportTours() - JsonFileHandler.saveJsonStringToFile() - failed to save to json file: C:\Users\Felix\Desktop\export.json
2023-06-06 20:32:01.307 [main] ERROR at.fhtw.businessLogic.BusinessLogic - BusinessLogic.importTours() - JsonFileHandler.readJsonStringFromFile() - failed to read json file: C:\Users\Felix\Desktop\import.json
