2023-06-10 02:12:21.918 [main] INFO  at.fhtw.tourplanner.TourPlannerApplication - Starting TourPlannerApplication using Java 19 with PID 14792 (C:\Users\Bea\Documents\FH_UNI\FH Technikum\4.Semester\SWEN2_Software_Engineering\Tour_Planner_v3\TourPlanner\Source\Server\target\classes started by Bea in C:\Users\Bea\Documents\FH_UNI\FH Technikum\4.Semester\SWEN2_Software_Engineering\Tour_Planner_v3\TourPlanner\Source\Server)
2023-06-10 02:12:21.930 [main] INFO  at.fhtw.tourplanner.TourPlannerApplication - No active profile set, falling back to 1 default profile: "default"
2023-06-10 02:12:22.828 [main] INFO  org.springframework.data.repository.config.RepositoryConfigurationDelegate - Bootstrapping Spring Data JPA repositories in DEFAULT mode.
2023-06-10 02:12:22.885 [main] INFO  org.springframework.data.repository.config.RepositoryConfigurationDelegate - Finished Spring Data repository scanning in 50 ms. Found 2 JPA repository interfaces.
2023-06-10 02:12:23.469 [main] INFO  org.springframework.boot.web.embedded.tomcat.TomcatWebServer - Tomcat initialized with port(s): 10001 (http)
2023-06-10 02:12:23.480 [main] INFO  org.apache.coyote.http11.Http11NioProtocol - Initializing ProtocolHandler ["http-nio-10001"]
2023-06-10 02:12:23.482 [main] INFO  org.apache.catalina.core.StandardService - Starting service [Tomcat]
2023-06-10 02:12:23.482 [main] INFO  org.apache.catalina.core.StandardEngine - Starting Servlet engine: [Apache Tomcat/10.1.8]
2023-06-10 02:12:23.589 [main] INFO  org.apache.catalina.core.ContainerBase.[Tomcat].[localhost].[/] - Initializing Spring embedded WebApplicationContext
2023-06-10 02:12:23.591 [main] INFO  org.springframework.boot.web.servlet.context.ServletWebServerApplicationContext - Root WebApplicationContext: initialization completed in 1602 ms
2023-06-10 02:12:23.817 [main] INFO  org.hibernate.jpa.internal.util.LogHelper - HHH000204: Processing PersistenceUnitInfo [name: default]
2023-06-10 02:12:23.929 [main] INFO  org.hibernate.Version - HHH000412: Hibernate ORM core version 6.1.7.Final
2023-06-10 02:12:24.325 [main] INFO  com.zaxxer.hikari.HikariDataSource - HikariPool-1 - Starting...
2023-06-10 02:12:24.543 [main] INFO  com.zaxxer.hikari.pool.HikariPool - HikariPool-1 - Added connection org.postgresql.jdbc.PgConnection@7cdfa824
2023-06-10 02:12:24.545 [main] INFO  com.zaxxer.hikari.HikariDataSource - HikariPool-1 - Start completed.
2023-06-10 02:12:24.600 [main] INFO  SQL dialect - HHH000400: Using dialect: org.hibernate.dialect.PostgreSQLDialect
2023-06-10 02:12:25.852 [main] WARN  org.hibernate.engine.jdbc.spi.SqlExceptionHelper - SQL Warning Code: 0, SQLState: 00000
2023-06-10 02:12:25.853 [main] WARN  org.hibernate.engine.jdbc.spi.SqlExceptionHelper - relation "tour_logs" does not exist, skipping
2023-06-10 02:12:25.854 [main] WARN  org.hibernate.engine.jdbc.spi.SqlExceptionHelper - SQL Warning Code: 0, SQLState: 00000
2023-06-10 02:12:25.854 [main] WARN  org.hibernate.engine.jdbc.spi.SqlExceptionHelper - table "tour_logs" does not exist, skipping
2023-06-10 02:12:25.854 [main] WARN  org.hibernate.engine.jdbc.spi.SqlExceptionHelper - SQL Warning Code: 0, SQLState: 00000
2023-06-10 02:12:25.855 [main] WARN  org.hibernate.engine.jdbc.spi.SqlExceptionHelper - table "tours" does not exist, skipping
2023-06-10 02:12:25.855 [main] WARN  org.hibernate.engine.jdbc.spi.SqlExceptionHelper - SQL Warning Code: 0, SQLState: 00000
2023-06-10 02:12:25.855 [main] WARN  org.hibernate.engine.jdbc.spi.SqlExceptionHelper - sequence "tour_logs_seq" does not exist, skipping
2023-06-10 02:12:25.856 [main] WARN  org.hibernate.engine.jdbc.spi.SqlExceptionHelper - SQL Warning Code: 0, SQLState: 00000
2023-06-10 02:12:25.856 [main] WARN  org.hibernate.engine.jdbc.spi.SqlExceptionHelper - sequence "tours_seq" does not exist, skipping
2023-06-10 02:12:25.928 [main] INFO  org.hibernate.engine.transaction.jta.platform.internal.JtaPlatformInitiator - HHH000490: Using JtaPlatform implementation: [org.hibernate.engine.transaction.jta.platform.internal.NoJtaPlatform]
2023-06-10 02:12:25.946 [main] INFO  org.springframework.orm.jpa.LocalContainerEntityManagerFactoryBean - Initialized JPA EntityManagerFactory for persistence unit 'default'
2023-06-10 02:12:26.591 [main] WARN  org.springframework.boot.autoconfigure.orm.jpa.JpaBaseConfiguration$JpaWebConfiguration - spring.jpa.open-in-view is enabled by default. Therefore, database queries may be performed during view rendering. Explicitly configure spring.jpa.open-in-view to disable this warning
2023-06-10 02:12:26.960 [main] INFO  org.apache.coyote.http11.Http11NioProtocol - Starting ProtocolHandler ["http-nio-10001"]
2023-06-10 02:12:26.977 [main] INFO  org.springframework.boot.web.embedded.tomcat.TomcatWebServer - Tomcat started on port(s): 10001 (http) with context path ''
2023-06-10 02:12:26.983 [main] INFO  at.fhtw.tourplanner.TourPlannerApplication - Started TourPlannerApplication in 5.538 seconds (process running for 9.327)
2023-06-10 02:12:45.784 [http-nio-10001-exec-1] INFO  org.apache.catalina.core.ContainerBase.[Tomcat].[localhost].[/] - Initializing Spring DispatcherServlet 'dispatcherServlet'
2023-06-10 02:12:45.784 [http-nio-10001-exec-1] INFO  org.springframework.web.servlet.DispatcherServlet - Initializing Servlet 'dispatcherServlet'
2023-06-10 02:12:45.785 [http-nio-10001-exec-1] INFO  org.springframework.web.servlet.DispatcherServlet - Completed initialization in 0 ms
2023-06-10 02:12:46.041 [http-nio-10001-exec-1] INFO  at.fhtw.tourplanner.services.tour.TourService - TourService.getTourList() - TourController.getTourList() - no content
2023-06-10 02:14:17.859 [http-nio-10001-exec-4] INFO  at.fhtw.tourplanner.services.dataTransfer.DataTransferService - DataTransferService.exportTours() - DataTransferController.exportTours() - no content
2023-06-10 02:15:05.426 [http-nio-10001-exec-2] INFO  at.fhtw.tourplanner.services.tour.TourService - TourService.createTour() - tour created successfully: Tour{tourId=1, name='tour1', tourDescription='Dada', start='Arizona', destination='Ohio', transportType='car', tourDistance=3022.4, estimatedTime=94588, popularity=1, childFriendliness=3, tourInformation='<tourInformation>', tourLogs=null}
2023-06-10 02:15:27.324 [http-nio-10001-exec-6] INFO  at.fhtw.tourplanner.services.tour.TourService - TourService.getTourList() - tourListEntries retrieved successfully: [TourListEntry{tourId=1, name='tour1'}]
2023-06-10 02:16:13.191 [http-nio-10001-exec-8] INFO  at.fhtw.tourplanner.services.tour.TourService - TourService.createTour() - tour created successfully: Tour{tourId=2, name='tour2', tourDescription='tour2', start='VIenna', destination='Berlin', transportType='car', tourDistance=683.3, estimatedTime=24077, popularity=1, childFriendliness=3, tourInformation='<tourInformation>', tourLogs=null}
2023-06-10 02:16:14.748 [http-nio-10001-exec-9] INFO  at.fhtw.tourplanner.services.tour.TourService - TourService.getTourList() - tourListEntries retrieved successfully: [TourListEntry{tourId=1, name='tour1'}, TourListEntry{tourId=2, name='tour2'}]
2023-06-10 02:16:19.495 [http-nio-10001-exec-10] INFO  at.fhtw.tourplanner.services.dataTransfer.DataTransferService - DataTransferService.exportTours() - tours exported successfully: [Tour{tourId=1, name='tour1', tourDescription='Dada', start='Arizona', destination='Ohio', transportType='car', tourDistance=3022.4, estimatedTime=94588, popularity=1, childFriendliness=3, tourInformation='<tourInformation>', tourLogs=[]}, Tour{tourId=2, name='tour2', tourDescription='tour2', start='VIenna', destination='Berlin', transportType='car', tourDistance=683.3, estimatedTime=24077, popularity=1, childFriendliness=3, tourInformation='<tourInformation>', tourLogs=[]}]
2023-06-10 02:16:24.885 [http-nio-10001-exec-3] INFO  at.fhtw.tourplanner.services.dataTransfer.DataTransferService - DataTransferService.exportTours() - tours exported successfully: [Tour{tourId=1, name='tour1', tourDescription='Dada', start='Arizona', destination='Ohio', transportType='car', tourDistance=3022.4, estimatedTime=94588, popularity=1, childFriendliness=3, tourInformation='<tourInformation>', tourLogs=[]}, Tour{tourId=2, name='tour2', tourDescription='tour2', start='VIenna', destination='Berlin', transportType='car', tourDistance=683.3, estimatedTime=24077, popularity=1, childFriendliness=3, tourInformation='<tourInformation>', tourLogs=[]}]
2023-06-10 02:16:48.142 [http-nio-10001-exec-4] INFO  at.fhtw.tourplanner.services.tour.TourService - TourService.getTourList() - tourListEntries retrieved successfully: [TourListEntry{tourId=1, name='tour1'}, TourListEntry{tourId=2, name='tour2'}]
2023-06-10 02:17:02.162 [http-nio-10001-exec-6] INFO  at.fhtw.tourplanner.services.tour.TourService - TourService.getTourList() - tourListEntries retrieved successfully: [TourListEntry{tourId=1, name='tour1'}, TourListEntry{tourId=2, name='tour2'}]
2023-06-10 02:17:04.588 [http-nio-10001-exec-7] INFO  at.fhtw.tourplanner.services.tour.TourService - TourService.getTour() - tour retrieved successfully: Tour{tourId=1, name='tour1', tourDescription='Dada', start='Arizona', destination='Ohio', transportType='car', tourDistance=3022.4, estimatedTime=94588, popularity=1, childFriendliness=3, tourInformation='<tourInformation>', tourLogs=[]}
2023-06-10 02:17:04.662 [http-nio-10001-exec-8] INFO  at.fhtw.tourplanner.services.tourLog.TourLogService - TourLogService.getTourLogs() - TourLogController.getTourLogs() - no content
2023-06-10 02:17:09.091 [http-nio-10001-exec-9] INFO  at.fhtw.tourplanner.services.tour.TourService - TourService.getTour() - tour retrieved successfully: Tour{tourId=2, name='tour2', tourDescription='tour2', start='VIenna', destination='Berlin', transportType='car', tourDistance=683.3, estimatedTime=24077, popularity=1, childFriendliness=3, tourInformation='<tourInformation>', tourLogs=[]}
2023-06-10 02:17:09.139 [http-nio-10001-exec-10] INFO  at.fhtw.tourplanner.services.tourLog.TourLogService - TourLogService.getTourLogs() - TourLogController.getTourLogs() - no content
2023-06-10 02:17:50.035 [http-nio-10001-exec-1] INFO  at.fhtw.tourplanner.services.tour.TourService - TourService.createTour() - tour created successfully: Tour{tourId=3, name='tour3', tourDescription='tour3', start='Vienna', destination='Rom', transportType='car', tourDistance=1087.4, estimatedTime=37988, popularity=1, childFriendliness=3, tourInformation='<tourInformation>', tourLogs=null}
2023-06-10 02:17:52.037 [http-nio-10001-exec-3] INFO  at.fhtw.tourplanner.services.tour.TourService - TourService.getTourList() - tourListEntries retrieved successfully: [TourListEntry{tourId=1, name='tour1'}, TourListEntry{tourId=2, name='tour2'}, TourListEntry{tourId=3, name='tour3'}]
2023-06-10 02:17:54.648 [http-nio-10001-exec-4] INFO  at.fhtw.tourplanner.services.tour.TourService - TourService.getTour() - tour retrieved successfully: Tour{tourId=3, name='tour3', tourDescription='tour3', start='Vienna', destination='Rom', transportType='car', tourDistance=1087.4, estimatedTime=37988, popularity=1, childFriendliness=3, tourInformation='<tourInformation>', tourLogs=[]}
2023-06-10 02:17:54.714 [http-nio-10001-exec-2] INFO  at.fhtw.tourplanner.services.tourLog.TourLogService - TourLogService.getTourLogs() - TourLogController.getTourLogs() - no content
2023-06-10 02:17:55.972 [http-nio-10001-exec-5] INFO  at.fhtw.tourplanner.services.tour.TourService - TourService.getTour() - tour retrieved successfully: Tour{tourId=2, name='tour2', tourDescription='tour2', start='VIenna', destination='Berlin', transportType='car', tourDistance=683.3, estimatedTime=24077, popularity=1, childFriendliness=3, tourInformation='<tourInformation>', tourLogs=[]}
2023-06-10 02:17:56.028 [http-nio-10001-exec-6] INFO  at.fhtw.tourplanner.services.tourLog.TourLogService - TourLogService.getTourLogs() - TourLogController.getTourLogs() - no content
2023-06-10 02:17:56.704 [http-nio-10001-exec-7] INFO  at.fhtw.tourplanner.services.tour.TourService - TourService.getTour() - tour retrieved successfully: Tour{tourId=1, name='tour1', tourDescription='Dada', start='Arizona', destination='Ohio', transportType='car', tourDistance=3022.4, estimatedTime=94588, popularity=1, childFriendliness=3, tourInformation='<tourInformation>', tourLogs=[]}
2023-06-10 02:17:56.759 [http-nio-10001-exec-8] INFO  at.fhtw.tourplanner.services.tourLog.TourLogService - TourLogService.getTourLogs() - TourLogController.getTourLogs() - no content
2023-06-10 02:19:03.877 [http-nio-10001-exec-9] INFO  at.fhtw.tourplanner.services.dataTransfer.DataTransferService - DataTransferService.importTours() - tours imported successfully: [Tour{tourId=4, name='tour1', tourDescription='Dada', start='Arizona', destination='Ohio', transportType='car', tourDistance=3022.4, estimatedTime=94588, popularity=1, childFriendliness=3, tourInformation='<tourInformation>', tourLogs=[]}, Tour{tourId=5, name='tour2', tourDescription='tour2', start='VIenna', destination='Berlin', transportType='car', tourDistance=677.8, estimatedTime=24113, popularity=1, childFriendliness=3, tourInformation='<tourInformation>', tourLogs=[]}]
2023-06-10 02:19:14.931 [http-nio-10001-exec-4] INFO  at.fhtw.tourplanner.services.tour.TourService - TourService.getTourList() - tourListEntries retrieved successfully: [TourListEntry{tourId=1, name='tour1'}, TourListEntry{tourId=2, name='tour2'}, TourListEntry{tourId=3, name='tour3'}, TourListEntry{tourId=4, name='tour1'}, TourListEntry{tourId=5, name='tour2'}]
2023-06-10 02:19:16.415 [http-nio-10001-exec-2] INFO  at.fhtw.tourplanner.services.tour.TourService - TourService.getTour() - tour retrieved successfully: Tour{tourId=4, name='tour1', tourDescription='Dada', start='Arizona', destination='Ohio', transportType='car', tourDistance=3022.4, estimatedTime=94588, popularity=1, childFriendliness=3, tourInformation='<tourInformation>', tourLogs=[]}
2023-06-10 02:19:16.484 [http-nio-10001-exec-5] INFO  at.fhtw.tourplanner.services.tourLog.TourLogService - TourLogService.getTourLogs() - TourLogController.getTourLogs() - no content
2023-06-10 02:19:17.800 [http-nio-10001-exec-6] INFO  at.fhtw.tourplanner.services.tour.TourService - TourService.getTour() - tour retrieved successfully: Tour{tourId=5, name='tour2', tourDescription='tour2', start='VIenna', destination='Berlin', transportType='car', tourDistance=677.8, estimatedTime=24113, popularity=1, childFriendliness=3, tourInformation='<tourInformation>', tourLogs=[]}
2023-06-10 02:19:17.869 [http-nio-10001-exec-7] INFO  at.fhtw.tourplanner.services.tourLog.TourLogService - TourLogService.getTourLogs() - TourLogController.getTourLogs() - no content
2023-06-10 02:19:18.549 [http-nio-10001-exec-8] INFO  at.fhtw.tourplanner.services.tour.TourService - TourService.getTour() - tour retrieved successfully: Tour{tourId=5, name='tour2', tourDescription='tour2', start='VIenna', destination='Berlin', transportType='car', tourDistance=677.8, estimatedTime=24113, popularity=1, childFriendliness=3, tourInformation='<tourInformation>', tourLogs=[]}
2023-06-10 02:19:18.622 [http-nio-10001-exec-10] INFO  at.fhtw.tourplanner.services.tourLog.TourLogService - TourLogService.getTourLogs() - TourLogController.getTourLogs() - no content
2023-06-10 02:19:18.790 [http-nio-10001-exec-3] INFO  at.fhtw.tourplanner.services.tour.TourService - TourService.getTour() - tour retrieved successfully: Tour{tourId=5, name='tour2', tourDescription='tour2', start='VIenna', destination='Berlin', transportType='car', tourDistance=677.8, estimatedTime=24113, popularity=1, childFriendliness=3, tourInformation='<tourInformation>', tourLogs=[]}
2023-06-10 02:19:18.863 [http-nio-10001-exec-1] INFO  at.fhtw.tourplanner.services.tourLog.TourLogService - TourLogService.getTourLogs() - TourLogController.getTourLogs() - no content
2023-06-10 02:19:23.742 [http-nio-10001-exec-9] INFO  at.fhtw.tourplanner.services.dataTransfer.DataTransferService - DataTransferService.exportTours() - tours exported successfully: [Tour{tourId=1, name='tour1', tourDescription='Dada', start='Arizona', destination='Ohio', transportType='car', tourDistance=3022.4, estimatedTime=94588, popularity=1, childFriendliness=3, tourInformation='<tourInformation>', tourLogs=[]}, Tour{tourId=2, name='tour2', tourDescription='tour2', start='VIenna', destination='Berlin', transportType='car', tourDistance=683.3, estimatedTime=24077, popularity=1, childFriendliness=3, tourInformation='<tourInformation>', tourLogs=[]}, Tour{tourId=3, name='tour3', tourDescription='tour3', start='Vienna', destination='Rom', transportType='car', tourDistance=1087.4, estimatedTime=37988, popularity=1, childFriendliness=3, tourInformation='<tourInformation>', tourLogs=[]}, Tour{tourId=4, name='tour1', tourDescription='Dada', start='Arizona', destination='Ohio', transportType='car', tourDistance=3022.4, estimatedTime=94588, popularity=1, childFriendliness=3, tourInformation='<tourInformation>', tourLogs=[]}, Tour{tourId=5, name='tour2', tourDescription='tour2', start='VIenna', destination='Berlin', transportType='car', tourDistance=677.8, estimatedTime=24113, popularity=1, childFriendliness=3, tourInformation='<tourInformation>', tourLogs=[]}]
2023-06-10 02:19:36.566 [http-nio-10001-exec-4] INFO  at.fhtw.tourplanner.services.tour.TourService - TourService.getTour() - tour retrieved successfully: Tour{tourId=1, name='tour1', tourDescription='Dada', start='Arizona', destination='Ohio', transportType='car', tourDistance=3022.4, estimatedTime=94588, popularity=1, childFriendliness=3, tourInformation='<tourInformation>', tourLogs=[]}
2023-06-10 02:19:36.622 [http-nio-10001-exec-2] INFO  at.fhtw.tourplanner.services.tourLog.TourLogService - TourLogService.getTourLogs() - TourLogController.getTourLogs() - no content
2023-06-10 02:19:40.532 [http-nio-10001-exec-5] INFO  at.fhtw.tourplanner.services.tour.TourService - TourService.getTour() - tour retrieved successfully: Tour{tourId=4, name='tour1', tourDescription='Dada', start='Arizona', destination='Ohio', transportType='car', tourDistance=3022.4, estimatedTime=94588, popularity=1, childFriendliness=3, tourInformation='<tourInformation>', tourLogs=[]}
2023-06-10 02:19:40.577 [http-nio-10001-exec-6] INFO  at.fhtw.tourplanner.services.tourLog.TourLogService - TourLogService.getTourLogs() - TourLogController.getTourLogs() - no content
2023-06-10 02:20:31.124 [http-nio-10001-exec-3] INFO  at.fhtw.tourplanner.services.tour.TourService - TourService.getTourList() - tourListEntries retrieved successfully: [TourListEntry{tourId=1, name='tour1'}, TourListEntry{tourId=2, name='tour2'}, TourListEntry{tourId=3, name='tour3'}, TourListEntry{tourId=4, name='tour1'}, TourListEntry{tourId=5, name='tour2'}]
2023-06-10 02:21:04.117 [http-nio-10001-exec-9] INFO  at.fhtw.tourplanner.services.tour.TourService - TourService.getTourList() - tourListEntries retrieved successfully: [TourListEntry{tourId=1, name='tour1'}, TourListEntry{tourId=2, name='tour2'}, TourListEntry{tourId=3, name='tour3'}, TourListEntry{tourId=4, name='tour1'}, TourListEntry{tourId=5, name='tour2'}]
2023-06-10 02:21:09.652 [http-nio-10001-exec-4] INFO  at.fhtw.tourplanner.services.tour.TourService - TourService.getTour() - tour retrieved successfully: Tour{tourId=1, name='tour1', tourDescription='Dada', start='Arizona', destination='Ohio', transportType='car', tourDistance=3022.4, estimatedTime=94588, popularity=1, childFriendliness=3, tourInformation='<tourInformation>', tourLogs=[]}
2023-06-10 02:21:09.726 [http-nio-10001-exec-2] INFO  at.fhtw.tourplanner.services.tourLog.TourLogService - TourLogService.getTourLogs() - TourLogController.getTourLogs() - no content
2023-06-10 02:21:11.315 [http-nio-10001-exec-5] INFO  at.fhtw.tourplanner.services.tour.TourService - TourService.getTour() - tour retrieved successfully: Tour{tourId=2, name='tour2', tourDescription='tour2', start='VIenna', destination='Berlin', transportType='car', tourDistance=683.3, estimatedTime=24077, popularity=1, childFriendliness=3, tourInformation='<tourInformation>', tourLogs=[]}
2023-06-10 02:21:11.369 [http-nio-10001-exec-6] INFO  at.fhtw.tourplanner.services.tourLog.TourLogService - TourLogService.getTourLogs() - TourLogController.getTourLogs() - no content
2023-06-10 02:21:12.759 [http-nio-10001-exec-7] INFO  at.fhtw.tourplanner.services.tour.TourService - TourService.getTour() - tour retrieved successfully: Tour{tourId=3, name='tour3', tourDescription='tour3', start='Vienna', destination='Rom', transportType='car', tourDistance=1087.4, estimatedTime=37988, popularity=1, childFriendliness=3, tourInformation='<tourInformation>', tourLogs=[]}
2023-06-10 02:21:12.801 [http-nio-10001-exec-8] INFO  at.fhtw.tourplanner.services.tourLog.TourLogService - TourLogService.getTourLogs() - TourLogController.getTourLogs() - no content
2023-06-10 02:21:13.663 [http-nio-10001-exec-10] INFO  at.fhtw.tourplanner.services.tour.TourService - TourService.getTour() - tour retrieved successfully: Tour{tourId=4, name='tour1', tourDescription='Dada', start='Arizona', destination='Ohio', transportType='car', tourDistance=3022.4, estimatedTime=94588, popularity=1, childFriendliness=3, tourInformation='<tourInformation>', tourLogs=[]}
2023-06-10 02:21:13.700 [http-nio-10001-exec-3] INFO  at.fhtw.tourplanner.services.tourLog.TourLogService - TourLogService.getTourLogs() - TourLogController.getTourLogs() - no content
2023-06-10 02:21:15.144 [http-nio-10001-exec-1] INFO  at.fhtw.tourplanner.services.tour.TourService - TourService.getTour() - tour retrieved successfully: Tour{tourId=5, name='tour2', tourDescription='tour2', start='VIenna', destination='Berlin', transportType='car', tourDistance=677.8, estimatedTime=24113, popularity=1, childFriendliness=3, tourInformation='<tourInformation>', tourLogs=[]}
2023-06-10 02:21:15.230 [http-nio-10001-exec-9] INFO  at.fhtw.tourplanner.services.tourLog.TourLogService - TourLogService.getTourLogs() - TourLogController.getTourLogs() - no content
2023-06-10 02:21:30.844 [http-nio-10001-exec-4] INFO  at.fhtw.tourplanner.services.tourLog.TourLogService - TourLogService.createTourLog() - tourLog created successfully: TourLog{tourLogId=1, date='2023-06-10 02:21:30', comment='fsfsfsf', difficulty=3, totalTime=3434, rating=43}
2023-06-10 02:21:30.881 [http-nio-10001-exec-2] INFO  at.fhtw.tourplanner.services.tourLog.TourLogService - TourLogService.getTourLogs() - tourLogs retrieved successfully: [TourLog{tourLogId=1, date='2023-06-10 02:21:30', comment='fsfsfsf', difficulty=3, totalTime=3434, rating=43}]
2023-06-10 02:21:32.410 [http-nio-10001-exec-5] INFO  at.fhtw.tourplanner.services.tourLog.TourLogService - TourLogService.getTourLogs() - tourLogs retrieved successfully: [TourLog{tourLogId=1, date='2023-06-10 02:21:30', comment='fsfsfsf', difficulty=3, totalTime=3434, rating=43}]
2023-06-10 02:21:48.480 [http-nio-10001-exec-6] INFO  at.fhtw.tourplanner.services.tour.TourService - TourService.getTour() - tour retrieved successfully: Tour{tourId=1, name='tour1', tourDescription='Dada', start='Arizona', destination='Ohio', transportType='car', tourDistance=3022.4, estimatedTime=94588, popularity=1, childFriendliness=3, tourInformation='<tourInformation>', tourLogs=[]}
2023-06-10 02:21:48.536 [http-nio-10001-exec-7] INFO  at.fhtw.tourplanner.services.tourLog.TourLogService - TourLogService.getTourLogs() - TourLogController.getTourLogs() - no content
2023-06-10 02:21:54.199 [http-nio-10001-exec-8] INFO  at.fhtw.tourplanner.services.tour.TourService - TourService.getTourList() - tourListEntries retrieved successfully: [TourListEntry{tourId=1, name='tour1'}, TourListEntry{tourId=2, name='tour2'}, TourListEntry{tourId=3, name='tour3'}, TourListEntry{tourId=4, name='tour1'}, TourListEntry{tourId=5, name='tour2'}]
2023-06-10 02:21:57.732 [http-nio-10001-exec-10] INFO  at.fhtw.tourplanner.services.tour.TourService - TourService.getTour() - tour retrieved successfully: Tour{tourId=1, name='tour1', tourDescription='Dada', start='Arizona', destination='Ohio', transportType='car', tourDistance=3022.4, estimatedTime=94588, popularity=1, childFriendliness=3, tourInformation='<tourInformation>', tourLogs=[]}
2023-06-10 02:21:57.777 [http-nio-10001-exec-3] INFO  at.fhtw.tourplanner.services.tourLog.TourLogService - TourLogService.getTourLogs() - TourLogController.getTourLogs() - no content
2023-06-10 02:22:00.449 [http-nio-10001-exec-1] INFO  at.fhtw.tourplanner.services.tour.TourService - TourService.getTour() - tour retrieved successfully: Tour{tourId=2, name='tour2', tourDescription='tour2', start='VIenna', destination='Berlin', transportType='car', tourDistance=683.3, estimatedTime=24077, popularity=1, childFriendliness=3, tourInformation='<tourInformation>', tourLogs=[]}
2023-06-10 02:22:00.512 [http-nio-10001-exec-9] INFO  at.fhtw.tourplanner.services.tourLog.TourLogService - TourLogService.getTourLogs() - TourLogController.getTourLogs() - no content
2023-06-10 02:22:04.563 [http-nio-10001-exec-4] INFO  at.fhtw.tourplanner.services.tour.TourService - TourService.getTourList() - tourListEntries retrieved successfully: [TourListEntry{tourId=1, name='tour1'}, TourListEntry{tourId=2, name='tour2'}, TourListEntry{tourId=3, name='tour3'}, TourListEntry{tourId=4, name='tour1'}, TourListEntry{tourId=5, name='tour2'}]
2023-06-10 02:22:22.297 [http-nio-10001-exec-2] INFO  at.fhtw.tourplanner.services.tour.TourService - TourService.getTour() - tour retrieved successfully: Tour{tourId=1, name='tour1', tourDescription='Dada', start='Arizona', destination='Ohio', transportType='car', tourDistance=3022.4, estimatedTime=94588, popularity=1, childFriendliness=3, tourInformation='<tourInformation>', tourLogs=[]}
2023-06-10 02:22:22.351 [http-nio-10001-exec-5] INFO  at.fhtw.tourplanner.services.tourLog.TourLogService - TourLogService.getTourLogs() - TourLogController.getTourLogs() - no content
2023-06-10 02:24:19.844 [http-nio-10001-exec-8] INFO  at.fhtw.tourplanner.services.tour.TourService - TourService.getTourList() - tourListEntries retrieved successfully: [TourListEntry{tourId=1, name='tour1'}, TourListEntry{tourId=2, name='tour2'}, TourListEntry{tourId=3, name='tour3'}, TourListEntry{tourId=4, name='tour1'}, TourListEntry{tourId=5, name='tour2'}]
2023-06-10 02:24:22.529 [http-nio-10001-exec-10] INFO  at.fhtw.tourplanner.services.tour.TourService - TourService.getTour() - tour retrieved successfully: Tour{tourId=1, name='tour1', tourDescription='Dada', start='Arizona', destination='Ohio', transportType='car', tourDistance=3022.4, estimatedTime=94588, popularity=1, childFriendliness=3, tourInformation='<tourInformation>', tourLogs=[]}
2023-06-10 02:24:22.598 [http-nio-10001-exec-3] INFO  at.fhtw.tourplanner.services.tourLog.TourLogService - TourLogService.getTourLogs() - TourLogController.getTourLogs() - no content
2023-06-10 02:24:35.280 [http-nio-10001-exec-4] INFO  at.fhtw.tourplanner.services.tour.TourService - TourService.getTourList() - tourListEntries retrieved successfully: [TourListEntry{tourId=1, name='tour1'}, TourListEntry{tourId=2, name='tour2'}, TourListEntry{tourId=3, name='tour3'}, TourListEntry{tourId=4, name='tour1'}, TourListEntry{tourId=5, name='tour2'}]
2023-06-10 02:24:38.039 [http-nio-10001-exec-2] INFO  at.fhtw.tourplanner.services.tour.TourService - TourService.getTour() - tour retrieved successfully: Tour{tourId=1, name='tour1', tourDescription='Dada', start='Arizona', destination='Ohio', transportType='car', tourDistance=3022.4, estimatedTime=94588, popularity=1, childFriendliness=3, tourInformation='<tourInformation>', tourLogs=[]}
2023-06-10 02:24:38.145 [http-nio-10001-exec-5] INFO  at.fhtw.tourplanner.services.tourLog.TourLogService - TourLogService.getTourLogs() - TourLogController.getTourLogs() - no content
2023-06-10 02:25:11.869 [http-nio-10001-exec-7] INFO  at.fhtw.tourplanner.services.tour.TourService - TourService.getTour() - tour retrieved successfully: Tour{tourId=1, name='tour1', tourDescription='Dada', start='Arizona', destination='Ohio', transportType='car', tourDistance=3022.4, estimatedTime=94588, popularity=1, childFriendliness=3, tourInformation='<tourInformation>', tourLogs=[]}
2023-06-10 02:25:11.935 [http-nio-10001-exec-6] INFO  at.fhtw.tourplanner.services.tourLog.TourLogService - TourLogService.getTourLogs() - TourLogController.getTourLogs() - no content
2023-06-10 02:25:13.494 [http-nio-10001-exec-8] INFO  at.fhtw.tourplanner.services.tour.TourService - TourService.getTour() - tour retrieved successfully: Tour{tourId=2, name='tour2', tourDescription='tour2', start='VIenna', destination='Berlin', transportType='car', tourDistance=683.3, estimatedTime=24077, popularity=1, childFriendliness=3, tourInformation='<tourInformation>', tourLogs=[]}
2023-06-10 02:25:13.540 [http-nio-10001-exec-10] INFO  at.fhtw.tourplanner.services.tourLog.TourLogService - TourLogService.getTourLogs() - TourLogController.getTourLogs() - no content
2023-06-10 02:25:14.422 [http-nio-10001-exec-3] INFO  at.fhtw.tourplanner.services.tour.TourService - TourService.getTour() - tour retrieved successfully: Tour{tourId=5, name='tour2', tourDescription='tour2', start='VIenna', destination='Berlin', transportType='car', tourDistance=677.8, estimatedTime=24113, popularity=1, childFriendliness=3, tourInformation='<tourInformation>', tourLogs=[TourLog{tourLogId=1, date='2023-06-10 02:21:30', comment='fsfsfsf', difficulty=3, totalTime=3434, rating=43}]}
2023-06-10 02:25:14.487 [http-nio-10001-exec-1] INFO  at.fhtw.tourplanner.services.tourLog.TourLogService - TourLogService.getTourLogs() - tourLogs retrieved successfully: [TourLog{tourLogId=1, date='2023-06-10 02:21:30', comment='fsfsfsf', difficulty=3, totalTime=3434, rating=43}]
2023-06-10 02:25:31.258 [http-nio-10001-exec-9] INFO  at.fhtw.tourplanner.services.tour.TourService - TourService.getTour() - tour retrieved successfully: Tour{tourId=5, name='tour2', tourDescription='tour2', start='VIenna', destination='Berlin', transportType='car', tourDistance=677.8, estimatedTime=24113, popularity=1, childFriendliness=3, tourInformation='<tourInformation>', tourLogs=[TourLog{tourLogId=1, date='2023-06-10 02:21:30', comment='fsfsfsf', difficulty=3, totalTime=3434, rating=43}]}
2023-06-10 02:25:35.775 [http-nio-10001-exec-4] INFO  at.fhtw.tourplanner.services.tour.TourService - TourService.getTour() - tour retrieved successfully: Tour{tourId=5, name='tour2', tourDescription='tour2', start='VIenna', destination='Berlin', transportType='car', tourDistance=677.8, estimatedTime=24113, popularity=1, childFriendliness=3, tourInformation='<tourInformation>', tourLogs=[TourLog{tourLogId=1, date='2023-06-10 02:21:30', comment='fsfsfsf', difficulty=3, totalTime=3434, rating=43}]}
2023-06-10 02:26:10.274 [http-nio-10001-exec-7] INFO  at.fhtw.tourplanner.services.tour.TourService - TourService.getTourList() - tourListEntries retrieved successfully: [TourListEntry{tourId=1, name='tour1'}, TourListEntry{tourId=2, name='tour2'}, TourListEntry{tourId=3, name='tour3'}, TourListEntry{tourId=4, name='tour1'}, TourListEntry{tourId=5, name='tour2'}]
2023-06-10 02:26:13.125 [http-nio-10001-exec-6] INFO  at.fhtw.tourplanner.services.tour.TourService - TourService.getTour() - tour retrieved successfully: Tour{tourId=5, name='tour2', tourDescription='tour2', start='VIenna', destination='Berlin', transportType='car', tourDistance=677.8, estimatedTime=24113, popularity=1, childFriendliness=3, tourInformation='<tourInformation>', tourLogs=[TourLog{tourLogId=1, date='2023-06-10 02:21:30', comment='fsfsfsf', difficulty=3, totalTime=3434, rating=43}]}
2023-06-10 02:26:13.214 [http-nio-10001-exec-8] INFO  at.fhtw.tourplanner.services.tourLog.TourLogService - TourLogService.getTourLogs() - tourLogs retrieved successfully: [TourLog{tourLogId=1, date='2023-06-10 02:21:30', comment='fsfsfsf', difficulty=3, totalTime=3434, rating=43}]
2023-06-10 02:26:15.155 [http-nio-10001-exec-10] INFO  at.fhtw.tourplanner.services.tour.TourService - TourService.getTour() - tour retrieved successfully: Tour{tourId=5, name='tour2', tourDescription='tour2', start='VIenna', destination='Berlin', transportType='car', tourDistance=677.8, estimatedTime=24113, popularity=1, childFriendliness=3, tourInformation='<tourInformation>', tourLogs=[TourLog{tourLogId=1, date='2023-06-10 02:21:30', comment='fsfsfsf', difficulty=3, totalTime=3434, rating=43}]}
2023-06-10 02:26:38.388 [http-nio-10001-exec-9] INFO  at.fhtw.tourplanner.services.tour.TourService - TourService.getTourList() - tourListEntries retrieved successfully: [TourListEntry{tourId=1, name='tour1'}, TourListEntry{tourId=2, name='tour2'}, TourListEntry{tourId=3, name='tour3'}, TourListEntry{tourId=4, name='tour1'}, TourListEntry{tourId=5, name='tour2'}]
2023-06-10 02:26:44.888 [http-nio-10001-exec-4] INFO  at.fhtw.tourplanner.services.tour.TourService - TourService.getTour() - tour retrieved successfully: Tour{tourId=2, name='tour2', tourDescription='tour2', start='VIenna', destination='Berlin', transportType='car', tourDistance=683.3, estimatedTime=24077, popularity=1, childFriendliness=3, tourInformation='<tourInformation>', tourLogs=[]}
2023-06-10 02:26:44.986 [http-nio-10001-exec-2] INFO  at.fhtw.tourplanner.services.tourLog.TourLogService - TourLogService.getTourLogs() - TourLogController.getTourLogs() - no content
2023-06-10 02:26:46.103 [http-nio-10001-exec-5] INFO  at.fhtw.tourplanner.services.tour.TourService - TourService.getTour() - tour retrieved successfully: Tour{tourId=2, name='tour2', tourDescription='tour2', start='VIenna', destination='Berlin', transportType='car', tourDistance=683.3, estimatedTime=24077, popularity=1, childFriendliness=3, tourInformation='<tourInformation>', tourLogs=[]}
2023-06-10 02:28:20.304 [http-nio-10001-exec-8] INFO  at.fhtw.tourplanner.services.tour.TourService - TourService.getTourList() - tourListEntries retrieved successfully: [TourListEntry{tourId=1, name='tour1'}, TourListEntry{tourId=2, name='tour2'}, TourListEntry{tourId=3, name='tour3'}, TourListEntry{tourId=4, name='tour1'}, TourListEntry{tourId=5, name='tour2'}]
2023-06-10 02:28:25.171 [http-nio-10001-exec-10] INFO  at.fhtw.tourplanner.services.tour.TourService - TourService.getTour() - tour retrieved successfully: Tour{tourId=1, name='tour1', tourDescription='Dada', start='Arizona', destination='Ohio', transportType='car', tourDistance=3022.4, estimatedTime=94588, popularity=1, childFriendliness=3, tourInformation='<tourInformation>', tourLogs=[]}
2023-06-10 02:28:25.250 [http-nio-10001-exec-3] INFO  at.fhtw.tourplanner.services.tourLog.TourLogService - TourLogService.getTourLogs() - TourLogController.getTourLogs() - no content
2023-06-10 02:28:26.378 [http-nio-10001-exec-1] INFO  at.fhtw.tourplanner.services.tour.TourService - TourService.getTour() - tour retrieved successfully: Tour{tourId=1, name='tour1', tourDescription='Dada', start='Arizona', destination='Ohio', transportType='car', tourDistance=3022.4, estimatedTime=94588, popularity=1, childFriendliness=3, tourInformation='<tourInformation>', tourLogs=[]}
2023-06-10 02:30:20.419 [http-nio-10001-exec-2] INFO  at.fhtw.tourplanner.services.tour.TourService - TourService.getTourList() - tourListEntries retrieved successfully: [TourListEntry{tourId=1, name='tour1'}, TourListEntry{tourId=2, name='tour2'}, TourListEntry{tourId=3, name='tour3'}, TourListEntry{tourId=4, name='tour1'}, TourListEntry{tourId=5, name='tour2'}]
2023-06-10 02:41:27.663 [http-nio-10001-exec-7] INFO  at.fhtw.tourplanner.services.tour.TourService - TourService.getTourList() - tourListEntries retrieved successfully: [TourListEntry{tourId=1, name='tour1'}, TourListEntry{tourId=2, name='tour2'}, TourListEntry{tourId=3, name='tour3'}, TourListEntry{tourId=4, name='tour1'}, TourListEntry{tourId=5, name='tour2'}]
2023-06-10 02:41:39.730 [http-nio-10001-exec-6] INFO  at.fhtw.tourplanner.services.tour.TourService - TourService.getTourList() - tourListEntries retrieved successfully: [TourListEntry{tourId=1, name='tour1'}, TourListEntry{tourId=2, name='tour2'}, TourListEntry{tourId=3, name='tour3'}, TourListEntry{tourId=4, name='tour1'}, TourListEntry{tourId=5, name='tour2'}]
2023-06-10 02:41:46.761 [http-nio-10001-exec-8] INFO  at.fhtw.tourplanner.services.tour.TourService - TourService.getTour() - tour retrieved successfully: Tour{tourId=5, name='tour2', tourDescription='tour2', start='VIenna', destination='Berlin', transportType='car', tourDistance=677.8, estimatedTime=24113, popularity=1, childFriendliness=3, tourInformation='<tourInformation>', tourLogs=[TourLog{tourLogId=1, date='2023-06-10 02:21:30', comment='fsfsfsf', difficulty=3, totalTime=3434, rating=43}]}
2023-06-10 02:41:46.848 [http-nio-10001-exec-10] INFO  at.fhtw.tourplanner.services.tourLog.TourLogService - TourLogService.getTourLogs() - tourLogs retrieved successfully: [TourLog{tourLogId=1, date='2023-06-10 02:21:30', comment='fsfsfsf', difficulty=3, totalTime=3434, rating=43}]
2023-06-10 02:44:50.643 [http-nio-10001-exec-9] INFO  at.fhtw.tourplanner.services.tour.TourService - TourService.getTourList() - tourListEntries retrieved successfully: [TourListEntry{tourId=1, name='tour1'}, TourListEntry{tourId=2, name='tour2'}, TourListEntry{tourId=3, name='tour3'}, TourListEntry{tourId=4, name='tour1'}, TourListEntry{tourId=5, name='tour2'}]
2023-06-10 02:44:54.880 [http-nio-10001-exec-4] INFO  at.fhtw.tourplanner.services.tour.TourService - TourService.getTour() - tour retrieved successfully: Tour{tourId=1, name='tour1', tourDescription='Dada', start='Arizona', destination='Ohio', transportType='car', tourDistance=3022.4, estimatedTime=94588, popularity=1, childFriendliness=3, tourInformation='<tourInformation>', tourLogs=[]}
2023-06-10 02:44:54.966 [http-nio-10001-exec-2] INFO  at.fhtw.tourplanner.services.tourLog.TourLogService - TourLogService.getTourLogs() - TourLogController.getTourLogs() - no content
2023-06-10 02:45:07.591 [http-nio-10001-exec-6] INFO  at.fhtw.tourplanner.services.tour.TourService - TourService.getTourList() - tourListEntries retrieved successfully: [TourListEntry{tourId=1, name='tour1'}, TourListEntry{tourId=2, name='tour2'}, TourListEntry{tourId=3, name='tour3'}, TourListEntry{tourId=4, name='tour1'}, TourListEntry{tourId=5, name='tour2'}]
2023-06-10 02:45:10.775 [http-nio-10001-exec-8] INFO  at.fhtw.tourplanner.services.tour.TourService - TourService.getTour() - tour retrieved successfully: Tour{tourId=1, name='tour1', tourDescription='Dada', start='Arizona', destination='Ohio', transportType='car', tourDistance=3022.4, estimatedTime=94588, popularity=1, childFriendliness=3, tourInformation='<tourInformation>', tourLogs=[]}
2023-06-10 02:45:10.879 [http-nio-10001-exec-10] INFO  at.fhtw.tourplanner.services.tourLog.TourLogService - TourLogService.getTourLogs() - TourLogController.getTourLogs() - no content
2023-06-10 02:45:23.189 [http-nio-10001-exec-3] INFO  at.fhtw.tourplanner.services.tour.TourService - TourService.getTour() - tour retrieved successfully: Tour{tourId=5, name='tour2', tourDescription='tour2', start='VIenna', destination='Berlin', transportType='car', tourDistance=677.8, estimatedTime=24113, popularity=1, childFriendliness=3, tourInformation='<tourInformation>', tourLogs=[TourLog{tourLogId=1, date='2023-06-10 02:21:30', comment='fsfsfsf', difficulty=3, totalTime=3434, rating=43}]}
2023-06-10 02:45:23.245 [http-nio-10001-exec-1] INFO  at.fhtw.tourplanner.services.tourLog.TourLogService - TourLogService.getTourLogs() - tourLogs retrieved successfully: [TourLog{tourLogId=1, date='2023-06-10 02:21:30', comment='fsfsfsf', difficulty=3, totalTime=3434, rating=43}]
2023-06-10 02:46:14.434 [http-nio-10001-exec-2] INFO  at.fhtw.tourplanner.services.tour.TourService - TourService.getTourList() - tourListEntries retrieved successfully: [TourListEntry{tourId=1, name='tour1'}, TourListEntry{tourId=2, name='tour2'}, TourListEntry{tourId=3, name='tour3'}, TourListEntry{tourId=4, name='tour1'}, TourListEntry{tourId=5, name='tour2'}]
2023-06-10 02:46:19.292 [http-nio-10001-exec-5] INFO  at.fhtw.tourplanner.services.tour.TourService - TourService.getTour() - tour retrieved successfully: Tour{tourId=5, name='tour2', tourDescription='tour2', start='VIenna', destination='Berlin', transportType='car', tourDistance=677.8, estimatedTime=24113, popularity=1, childFriendliness=3, tourInformation='<tourInformation>', tourLogs=[TourLog{tourLogId=1, date='2023-06-10 02:21:30', comment='fsfsfsf', difficulty=3, totalTime=3434, rating=43}]}
2023-06-10 02:46:19.408 [http-nio-10001-exec-7] INFO  at.fhtw.tourplanner.services.tourLog.TourLogService - TourLogService.getTourLogs() - tourLogs retrieved successfully: [TourLog{tourLogId=1, date='2023-06-10 02:21:30', comment='fsfsfsf', difficulty=3, totalTime=3434, rating=43}]
2023-06-10 02:47:07.574 [http-nio-10001-exec-10] INFO  at.fhtw.tourplanner.services.tour.TourService - TourService.getTourList() - tourListEntries retrieved successfully: [TourListEntry{tourId=1, name='tour1'}, TourListEntry{tourId=2, name='tour2'}, TourListEntry{tourId=3, name='tour3'}, TourListEntry{tourId=4, name='tour1'}, TourListEntry{tourId=5, name='tour2'}]
2023-06-10 02:47:12.157 [http-nio-10001-exec-3] INFO  at.fhtw.tourplanner.services.tour.TourService - TourService.getTour() - tour retrieved successfully: Tour{tourId=5, name='tour2', tourDescription='tour2', start='VIenna', destination='Berlin', transportType='car', tourDistance=677.8, estimatedTime=24113, popularity=1, childFriendliness=3, tourInformation='<tourInformation>', tourLogs=[TourLog{tourLogId=1, date='2023-06-10 02:21:30', comment='fsfsfsf', difficulty=3, totalTime=3434, rating=43}]}
2023-06-10 02:47:12.233 [http-nio-10001-exec-1] INFO  at.fhtw.tourplanner.services.tourLog.TourLogService - TourLogService.getTourLogs() - tourLogs retrieved successfully: [TourLog{tourLogId=1, date='2023-06-10 02:21:30', comment='fsfsfsf', difficulty=3, totalTime=3434, rating=43}]
2023-06-10 02:48:12.544 [http-nio-10001-exec-2] INFO  at.fhtw.tourplanner.services.tour.TourService - TourService.getTourList() - tourListEntries retrieved successfully: [TourListEntry{tourId=1, name='tour1'}, TourListEntry{tourId=2, name='tour2'}, TourListEntry{tourId=3, name='tour3'}, TourListEntry{tourId=4, name='tour1'}, TourListEntry{tourId=5, name='tour2'}]
2023-06-10 02:48:20.763 [http-nio-10001-exec-5] INFO  at.fhtw.tourplanner.services.tour.TourService - TourService.getTour() - tour retrieved successfully: Tour{tourId=2, name='tour2', tourDescription='tour2', start='VIenna', destination='Berlin', transportType='car', tourDistance=683.3, estimatedTime=24077, popularity=1, childFriendliness=3, tourInformation='<tourInformation>', tourLogs=[]}
2023-06-10 02:48:20.848 [http-nio-10001-exec-7] INFO  at.fhtw.tourplanner.services.tourLog.TourLogService - TourLogService.getTourLogs() - TourLogController.getTourLogs() - no content
2023-06-10 02:49:53.085 [http-nio-10001-exec-10] INFO  at.fhtw.tourplanner.services.tour.TourService - TourService.getTourList() - tourListEntries retrieved successfully: [TourListEntry{tourId=1, name='tour1'}, TourListEntry{tourId=2, name='tour2'}, TourListEntry{tourId=3, name='tour3'}, TourListEntry{tourId=4, name='tour1'}, TourListEntry{tourId=5, name='tour2'}]
2023-06-10 02:49:56.503 [http-nio-10001-exec-3] INFO  at.fhtw.tourplanner.services.tour.TourService - TourService.getTour() - tour retrieved successfully: Tour{tourId=1, name='tour1', tourDescription='Dada', start='Arizona', destination='Ohio', transportType='car', tourDistance=3022.4, estimatedTime=94588, popularity=1, childFriendliness=3, tourInformation='<tourInformation>', tourLogs=[]}
2023-06-10 02:49:56.574 [http-nio-10001-exec-1] INFO  at.fhtw.tourplanner.services.tourLog.TourLogService - TourLogService.getTourLogs() - TourLogController.getTourLogs() - no content
2023-06-10 02:50:07.384 [http-nio-10001-exec-2] INFO  at.fhtw.tourplanner.services.tour.TourService - TourService.getTourList() - tourListEntries retrieved successfully: [TourListEntry{tourId=1, name='tour1'}, TourListEntry{tourId=2, name='tour2'}, TourListEntry{tourId=3, name='tour3'}, TourListEntry{tourId=4, name='tour1'}, TourListEntry{tourId=5, name='tour2'}]
2023-06-10 02:50:16.979 [http-nio-10001-exec-7] INFO  at.fhtw.tourplanner.services.tour.TourService - TourService.getTourList() - tourListEntries retrieved successfully: [TourListEntry{tourId=1, name='tour1'}, TourListEntry{tourId=2, name='tour2'}, TourListEntry{tourId=3, name='tour3'}, TourListEntry{tourId=4, name='tour1'}, TourListEntry{tourId=5, name='tour2'}]
2023-06-10 02:50:21.004 [http-nio-10001-exec-6] INFO  at.fhtw.tourplanner.services.tour.TourService - TourService.getTour() - tour retrieved successfully: Tour{tourId=1, name='tour1', tourDescription='Dada', start='Arizona', destination='Ohio', transportType='car', tourDistance=3022.4, estimatedTime=94588, popularity=1, childFriendliness=3, tourInformation='<tourInformation>', tourLogs=[]}
2023-06-10 02:50:21.071 [http-nio-10001-exec-8] INFO  at.fhtw.tourplanner.services.tourLog.TourLogService - TourLogService.getTourLogs() - TourLogController.getTourLogs() - no content
2023-06-10 02:50:27.463 [http-nio-10001-exec-10] INFO  at.fhtw.tourplanner.services.tour.TourService - TourService.getTour() - tour retrieved successfully: Tour{tourId=5, name='tour2', tourDescription='tour2', start='VIenna', destination='Berlin', transportType='car', tourDistance=677.8, estimatedTime=24113, popularity=1, childFriendliness=3, tourInformation='<tourInformation>', tourLogs=[TourLog{tourLogId=1, date='2023-06-10 02:21:30', comment='fsfsfsf', difficulty=3, totalTime=3434, rating=43}]}
2023-06-10 02:50:27.513 [http-nio-10001-exec-3] INFO  at.fhtw.tourplanner.services.tourLog.TourLogService - TourLogService.getTourLogs() - tourLogs retrieved successfully: [TourLog{tourLogId=1, date='2023-06-10 02:21:30', comment='fsfsfsf', difficulty=3, totalTime=3434, rating=43}]
2023-06-10 02:50:56.756 [http-nio-10001-exec-4] INFO  at.fhtw.tourplanner.services.tour.TourService - TourService.getTourList() - tourListEntries retrieved successfully: [TourListEntry{tourId=1, name='tour1'}, TourListEntry{tourId=2, name='tour2'}, TourListEntry{tourId=3, name='tour3'}, TourListEntry{tourId=4, name='tour1'}, TourListEntry{tourId=5, name='tour2'}]
2023-06-10 02:51:00.704 [http-nio-10001-exec-2] INFO  at.fhtw.tourplanner.services.tour.TourService - TourService.getTour() - tour retrieved successfully: Tour{tourId=5, name='tour2', tourDescription='tour2', start='VIenna', destination='Berlin', transportType='car', tourDistance=677.8, estimatedTime=24113, popularity=1, childFriendliness=3, tourInformation='<tourInformation>', tourLogs=[TourLog{tourLogId=1, date='2023-06-10 02:21:30', comment='fsfsfsf', difficulty=3, totalTime=3434, rating=43}]}
2023-06-10 02:51:00.787 [http-nio-10001-exec-5] INFO  at.fhtw.tourplanner.services.tourLog.TourLogService - TourLogService.getTourLogs() - tourLogs retrieved successfully: [TourLog{tourLogId=1, date='2023-06-10 02:21:30', comment='fsfsfsf', difficulty=3, totalTime=3434, rating=43}]
2023-06-10 02:53:05.854 [http-nio-10001-exec-8] INFO  at.fhtw.tourplanner.services.tour.TourService - TourService.getTourList() - tourListEntries retrieved successfully: [TourListEntry{tourId=1, name='tour1'}, TourListEntry{tourId=2, name='tour2'}, TourListEntry{tourId=3, name='tour3'}, TourListEntry{tourId=4, name='tour1'}, TourListEntry{tourId=5, name='tour2'}]
2023-06-10 02:53:09.384 [http-nio-10001-exec-10] INFO  at.fhtw.tourplanner.services.tour.TourService - TourService.getTour() - tour retrieved successfully: Tour{tourId=1, name='tour1', tourDescription='Dada', start='Arizona', destination='Ohio', transportType='car', tourDistance=3022.4, estimatedTime=94588, popularity=1, childFriendliness=3, tourInformation='<tourInformation>', tourLogs=[]}
2023-06-10 02:53:09.453 [http-nio-10001-exec-3] INFO  at.fhtw.tourplanner.services.tourLog.TourLogService - TourLogService.getTourLogs() - TourLogController.getTourLogs() - no content
2023-06-10 02:53:21.468 [http-nio-10001-exec-4] INFO  at.fhtw.tourplanner.services.tour.TourService - TourService.getTourList() - tourListEntries retrieved successfully: [TourListEntry{tourId=1, name='tour1'}, TourListEntry{tourId=2, name='tour2'}, TourListEntry{tourId=3, name='tour3'}, TourListEntry{tourId=4, name='tour1'}, TourListEntry{tourId=5, name='tour2'}]
2023-06-10 02:53:24.708 [http-nio-10001-exec-2] INFO  at.fhtw.tourplanner.services.tour.TourService - TourService.getTour() - tour retrieved successfully: Tour{tourId=1, name='tour1', tourDescription='Dada', start='Arizona', destination='Ohio', transportType='car', tourDistance=3022.4, estimatedTime=94588, popularity=1, childFriendliness=3, tourInformation='<tourInformation>', tourLogs=[]}
2023-06-10 02:53:24.776 [http-nio-10001-exec-5] INFO  at.fhtw.tourplanner.services.tourLog.TourLogService - TourLogService.getTourLogs() - TourLogController.getTourLogs() - no content
2023-06-10 02:58:07.097 [http-nio-10001-exec-8] INFO  at.fhtw.tourplanner.services.tour.TourService - TourService.getTourList() - tourListEntries retrieved successfully: [TourListEntry{tourId=1, name='tour1'}, TourListEntry{tourId=2, name='tour2'}, TourListEntry{tourId=3, name='tour3'}, TourListEntry{tourId=4, name='tour1'}, TourListEntry{tourId=5, name='tour2'}]
2023-06-10 02:58:12.631 [http-nio-10001-exec-10] INFO  at.fhtw.tourplanner.services.tour.TourService - TourService.getTour() - tour retrieved successfully: Tour{tourId=2, name='tour2', tourDescription='tour2', start='VIenna', destination='Berlin', transportType='car', tourDistance=683.3, estimatedTime=24077, popularity=1, childFriendliness=3, tourInformation='<tourInformation>', tourLogs=[]}
2023-06-10 02:58:12.701 [http-nio-10001-exec-3] INFO  at.fhtw.tourplanner.services.tourLog.TourLogService - TourLogService.getTourLogs() - TourLogController.getTourLogs() - no content
2023-06-10 02:58:16.471 [http-nio-10001-exec-1] INFO  at.fhtw.tourplanner.services.tour.TourService - TourService.getTour() - tour retrieved successfully: Tour{tourId=5, name='tour2', tourDescription='tour2', start='VIenna', destination='Berlin', transportType='car', tourDistance=677.8, estimatedTime=24113, popularity=1, childFriendliness=3, tourInformation='<tourInformation>', tourLogs=[TourLog{tourLogId=1, date='2023-06-10 02:21:30', comment='fsfsfsf', difficulty=3, totalTime=3434, rating=43}]}
2023-06-10 02:58:16.529 [http-nio-10001-exec-9] INFO  at.fhtw.tourplanner.services.tourLog.TourLogService - TourLogService.getTourLogs() - tourLogs retrieved successfully: [TourLog{tourLogId=1, date='2023-06-10 02:21:30', comment='fsfsfsf', difficulty=3, totalTime=3434, rating=43}]
2023-06-10 02:59:01.609 [http-nio-10001-exec-5] INFO  at.fhtw.tourplanner.services.tour.TourService - TourService.getTourList() - tourListEntries retrieved successfully: [TourListEntry{tourId=1, name='tour1'}, TourListEntry{tourId=2, name='tour2'}, TourListEntry{tourId=3, name='tour3'}, TourListEntry{tourId=4, name='tour1'}, TourListEntry{tourId=5, name='tour2'}]
2023-06-10 02:59:04.664 [http-nio-10001-exec-7] INFO  at.fhtw.tourplanner.services.tour.TourService - TourService.getTour() - tour retrieved successfully: Tour{tourId=1, name='tour1', tourDescription='Dada', start='Arizona', destination='Ohio', transportType='car', tourDistance=3022.4, estimatedTime=94588, popularity=1, childFriendliness=3, tourInformation='<tourInformation>', tourLogs=[]}
2023-06-10 02:59:04.765 [http-nio-10001-exec-6] INFO  at.fhtw.tourplanner.services.tourLog.TourLogService - TourLogService.getTourLogs() - TourLogController.getTourLogs() - no content
2023-06-10 02:59:09.058 [http-nio-10001-exec-8] INFO  at.fhtw.tourplanner.services.tour.TourService - TourService.getTour() - tour retrieved successfully: Tour{tourId=5, name='tour2', tourDescription='tour2', start='VIenna', destination='Berlin', transportType='car', tourDistance=677.8, estimatedTime=24113, popularity=1, childFriendliness=3, tourInformation='<tourInformation>', tourLogs=[TourLog{tourLogId=1, date='2023-06-10 02:21:30', comment='fsfsfsf', difficulty=3, totalTime=3434, rating=43}]}
2023-06-10 02:59:09.108 [http-nio-10001-exec-10] INFO  at.fhtw.tourplanner.services.tourLog.TourLogService - TourLogService.getTourLogs() - tourLogs retrieved successfully: [TourLog{tourLogId=1, date='2023-06-10 02:21:30', comment='fsfsfsf', difficulty=3, totalTime=3434, rating=43}]
2023-06-10 03:02:06.021 [http-nio-10001-exec-9] INFO  at.fhtw.tourplanner.services.tour.TourService - TourService.getTourList() - tourListEntries retrieved successfully: [TourListEntry{tourId=1, name='tour1'}, TourListEntry{tourId=2, name='tour2'}, TourListEntry{tourId=3, name='tour3'}, TourListEntry{tourId=4, name='tour1'}, TourListEntry{tourId=5, name='tour2'}]
2023-06-10 03:02:09.144 [http-nio-10001-exec-4] INFO  at.fhtw.tourplanner.services.tour.TourService - TourService.getTour() - tour retrieved successfully: Tour{tourId=1, name='tour1', tourDescription='Dada', start='Arizona', destination='Ohio', transportType='car', tourDistance=3022.4, estimatedTime=94588, popularity=1, childFriendliness=3, tourInformation='<tourInformation>', tourLogs=[]}
2023-06-10 03:02:09.243 [http-nio-10001-exec-2] INFO  at.fhtw.tourplanner.services.tourLog.TourLogService - TourLogService.getTourLogs() - TourLogController.getTourLogs() - no content
2023-06-10 03:02:19.206 [http-nio-10001-exec-5] INFO  at.fhtw.tourplanner.services.tour.TourService - TourService.getTour() - tour retrieved successfully: Tour{tourId=5, name='tour2', tourDescription='tour2', start='VIenna', destination='Berlin', transportType='car', tourDistance=677.8, estimatedTime=24113, popularity=1, childFriendliness=3, tourInformation='<tourInformation>', tourLogs=[TourLog{tourLogId=1, date='2023-06-10 02:21:30', comment='fsfsfsf', difficulty=3, totalTime=3434, rating=43}]}
2023-06-10 03:02:19.269 [http-nio-10001-exec-7] INFO  at.fhtw.tourplanner.services.tourLog.TourLogService - TourLogService.getTourLogs() - tourLogs retrieved successfully: [TourLog{tourLogId=1, date='2023-06-10 02:21:30', comment='fsfsfsf', difficulty=3, totalTime=3434, rating=43}]
2023-06-10 03:02:26.126 [http-nio-10001-exec-6] INFO  at.fhtw.tourplanner.services.tour.TourService - TourService.getTour() - tour retrieved successfully: Tour{tourId=4, name='tour1', tourDescription='Dada', start='Arizona', destination='Ohio', transportType='car', tourDistance=3022.4, estimatedTime=94588, popularity=1, childFriendliness=3, tourInformation='<tourInformation>', tourLogs=[]}
2023-06-10 03:02:26.186 [http-nio-10001-exec-8] INFO  at.fhtw.tourplanner.services.tourLog.TourLogService - TourLogService.getTourLogs() - TourLogController.getTourLogs() - no content
2023-06-10 03:02:26.833 [http-nio-10001-exec-10] INFO  at.fhtw.tourplanner.services.tour.TourService - TourService.getTour() - tour retrieved successfully: Tour{tourId=4, name='tour1', tourDescription='Dada', start='Arizona', destination='Ohio', transportType='car', tourDistance=3022.4, estimatedTime=94588, popularity=1, childFriendliness=3, tourInformation='<tourInformation>', tourLogs=[]}
2023-06-10 03:02:26.884 [http-nio-10001-exec-3] INFO  at.fhtw.tourplanner.services.tourLog.TourLogService - TourLogService.getTourLogs() - TourLogController.getTourLogs() - no content
2023-06-10 03:02:27.756 [http-nio-10001-exec-1] INFO  at.fhtw.tourplanner.services.tour.TourService - TourService.getTour() - tour retrieved successfully: Tour{tourId=3, name='tour3', tourDescription='tour3', start='Vienna', destination='Rom', transportType='car', tourDistance=1087.4, estimatedTime=37988, popularity=1, childFriendliness=3, tourInformation='<tourInformation>', tourLogs=[]}
2023-06-10 03:02:27.818 [http-nio-10001-exec-9] INFO  at.fhtw.tourplanner.services.tourLog.TourLogService - TourLogService.getTourLogs() - TourLogController.getTourLogs() - no content
2023-06-10 03:02:28.467 [http-nio-10001-exec-4] INFO  at.fhtw.tourplanner.services.tour.TourService - TourService.getTour() - tour retrieved successfully: Tour{tourId=2, name='tour2', tourDescription='tour2', start='VIenna', destination='Berlin', transportType='car', tourDistance=683.3, estimatedTime=24077, popularity=1, childFriendliness=3, tourInformation='<tourInformation>', tourLogs=[]}
2023-06-10 03:02:28.542 [http-nio-10001-exec-2] INFO  at.fhtw.tourplanner.services.tourLog.TourLogService - TourLogService.getTourLogs() - TourLogController.getTourLogs() - no content
2023-06-10 03:03:58.077 [http-nio-10001-exec-6] INFO  at.fhtw.tourplanner.services.tour.TourService - TourService.getTourList() - tourListEntries retrieved successfully: [TourListEntry{tourId=1, name='tour1'}, TourListEntry{tourId=2, name='tour2'}, TourListEntry{tourId=3, name='tour3'}, TourListEntry{tourId=4, name='tour1'}, TourListEntry{tourId=5, name='tour2'}]
2023-06-10 03:04:01.090 [http-nio-10001-exec-8] INFO  at.fhtw.tourplanner.services.tour.TourService - TourService.getTour() - tour retrieved successfully: Tour{tourId=1, name='tour1', tourDescription='Dada', start='Arizona', destination='Ohio', transportType='car', tourDistance=3022.4, estimatedTime=94588, popularity=1, childFriendliness=3, tourInformation='<tourInformation>', tourLogs=[]}
2023-06-10 03:04:01.173 [http-nio-10001-exec-10] INFO  at.fhtw.tourplanner.services.tourLog.TourLogService - TourLogService.getTourLogs() - TourLogController.getTourLogs() - no content
2023-06-10 03:04:05.472 [http-nio-10001-exec-3] INFO  at.fhtw.tourplanner.services.tour.TourService - TourService.getTourList() - tourListEntries retrieved successfully: [TourListEntry{tourId=1, name='tour1'}, TourListEntry{tourId=2, name='tour2'}, TourListEntry{tourId=3, name='tour3'}, TourListEntry{tourId=4, name='tour1'}, TourListEntry{tourId=5, name='tour2'}]
2023-06-10 03:04:46.559 [http-nio-10001-exec-4] INFO  at.fhtw.tourplanner.services.tour.TourService - TourService.getTourList() - tourListEntries retrieved successfully: [TourListEntry{tourId=1, name='tour1'}, TourListEntry{tourId=2, name='tour2'}, TourListEntry{tourId=3, name='tour3'}, TourListEntry{tourId=4, name='tour1'}, TourListEntry{tourId=5, name='tour2'}]
2023-06-10 03:04:51.938 [http-nio-10001-exec-2] INFO  at.fhtw.tourplanner.services.tour.TourService - TourService.getTour() - tour retrieved successfully: Tour{tourId=1, name='tour1', tourDescription='Dada', start='Arizona', destination='Ohio', transportType='car', tourDistance=3022.4, estimatedTime=94588, popularity=1, childFriendliness=3, tourInformation='<tourInformation>', tourLogs=[]}
2023-06-10 03:04:52.016 [http-nio-10001-exec-5] INFO  at.fhtw.tourplanner.services.tourLog.TourLogService - TourLogService.getTourLogs() - TourLogController.getTourLogs() - no content
2023-06-10 03:05:20.344 [http-nio-10001-exec-8] INFO  at.fhtw.tourplanner.services.tour.TourService - TourService.getTourList() - tourListEntries retrieved successfully: [TourListEntry{tourId=1, name='tour1'}, TourListEntry{tourId=2, name='tour2'}, TourListEntry{tourId=3, name='tour3'}, TourListEntry{tourId=4, name='tour1'}, TourListEntry{tourId=5, name='tour2'}]
2023-06-10 03:05:25.552 [http-nio-10001-exec-10] INFO  at.fhtw.tourplanner.services.tour.TourService - TourService.getTour() - tour retrieved successfully: Tour{tourId=5, name='tour2', tourDescription='tour2', start='VIenna', destination='Berlin', transportType='car', tourDistance=677.8, estimatedTime=24113, popularity=1, childFriendliness=3, tourInformation='<tourInformation>', tourLogs=[TourLog{tourLogId=1, date='2023-06-10 02:21:30', comment='fsfsfsf', difficulty=3, totalTime=3434, rating=43}]}
2023-06-10 03:05:25.664 [http-nio-10001-exec-3] INFO  at.fhtw.tourplanner.services.tourLog.TourLogService - TourLogService.getTourLogs() - tourLogs retrieved successfully: [TourLog{tourLogId=1, date='2023-06-10 02:21:30', comment='fsfsfsf', difficulty=3, totalTime=3434, rating=43}]
2023-06-10 03:05:53.153 [http-nio-10001-exec-4] INFO  at.fhtw.tourplanner.services.tour.TourService - TourService.getTourList() - tourListEntries retrieved successfully: [TourListEntry{tourId=1, name='tour1'}, TourListEntry{tourId=2, name='tour2'}, TourListEntry{tourId=3, name='tour3'}, TourListEntry{tourId=4, name='tour1'}, TourListEntry{tourId=5, name='tour2'}]
2023-06-10 03:05:57.384 [http-nio-10001-exec-2] INFO  at.fhtw.tourplanner.services.tour.TourService - TourService.getTour() - tour retrieved successfully: Tour{tourId=5, name='tour2', tourDescription='tour2', start='VIenna', destination='Berlin', transportType='car', tourDistance=677.8, estimatedTime=24113, popularity=1, childFriendliness=3, tourInformation='<tourInformation>', tourLogs=[TourLog{tourLogId=1, date='2023-06-10 02:21:30', comment='fsfsfsf', difficulty=3, totalTime=3434, rating=43}]}
2023-06-10 03:05:57.472 [http-nio-10001-exec-5] INFO  at.fhtw.tourplanner.services.tourLog.TourLogService - TourLogService.getTourLogs() - tourLogs retrieved successfully: [TourLog{tourLogId=1, date='2023-06-10 02:21:30', comment='fsfsfsf', difficulty=3, totalTime=3434, rating=43}]
2023-06-10 03:06:38.754 [http-nio-10001-exec-8] INFO  at.fhtw.tourplanner.services.tour.TourService - TourService.getTourList() - tourListEntries retrieved successfully: [TourListEntry{tourId=1, name='tour1'}, TourListEntry{tourId=2, name='tour2'}, TourListEntry{tourId=3, name='tour3'}, TourListEntry{tourId=4, name='tour1'}, TourListEntry{tourId=5, name='tour2'}]
2023-06-10 03:06:41.496 [http-nio-10001-exec-10] INFO  at.fhtw.tourplanner.services.tour.TourService - TourService.getTour() - tour retrieved successfully: Tour{tourId=1, name='tour1', tourDescription='Dada', start='Arizona', destination='Ohio', transportType='car', tourDistance=3022.4, estimatedTime=94588, popularity=1, childFriendliness=3, tourInformation='<tourInformation>', tourLogs=[]}
2023-06-10 03:06:41.558 [http-nio-10001-exec-3] INFO  at.fhtw.tourplanner.services.tourLog.TourLogService - TourLogService.getTourLogs() - TourLogController.getTourLogs() - no content
2023-06-10 03:07:32.322 [http-nio-10001-exec-4] INFO  at.fhtw.tourplanner.services.tour.TourService - TourService.getTourList() - tourListEntries retrieved successfully: [TourListEntry{tourId=1, name='tour1'}, TourListEntry{tourId=2, name='tour2'}, TourListEntry{tourId=3, name='tour3'}, TourListEntry{tourId=4, name='tour1'}, TourListEntry{tourId=5, name='tour2'}]
2023-06-10 03:07:35.005 [http-nio-10001-exec-2] INFO  at.fhtw.tourplanner.services.tour.TourService - TourService.getTour() - tour retrieved successfully: Tour{tourId=5, name='tour2', tourDescription='tour2', start='VIenna', destination='Berlin', transportType='car', tourDistance=677.8, estimatedTime=24113, popularity=1, childFriendliness=3, tourInformation='<tourInformation>', tourLogs=[TourLog{tourLogId=1, date='2023-06-10 02:21:30', comment='fsfsfsf', difficulty=3, totalTime=3434, rating=43}]}
2023-06-10 03:07:35.099 [http-nio-10001-exec-5] INFO  at.fhtw.tourplanner.services.tourLog.TourLogService - TourLogService.getTourLogs() - tourLogs retrieved successfully: [TourLog{tourLogId=1, date='2023-06-10 02:21:30', comment='fsfsfsf', difficulty=3, totalTime=3434, rating=43}]
2023-06-10 03:07:45.688 [http-nio-10001-exec-8] INFO  at.fhtw.tourplanner.services.tour.TourService - TourService.getTourList() - tourListEntries retrieved successfully: [TourListEntry{tourId=1, name='tour1'}, TourListEntry{tourId=2, name='tour2'}, TourListEntry{tourId=3, name='tour3'}, TourListEntry{tourId=4, name='tour1'}, TourListEntry{tourId=5, name='tour2'}]
2023-06-10 03:07:48.386 [http-nio-10001-exec-10] INFO  at.fhtw.tourplanner.services.tour.TourService - TourService.getTour() - tour retrieved successfully: Tour{tourId=5, name='tour2', tourDescription='tour2', start='VIenna', destination='Berlin', transportType='car', tourDistance=677.8, estimatedTime=24113, popularity=1, childFriendliness=3, tourInformation='<tourInformation>', tourLogs=[TourLog{tourLogId=1, date='2023-06-10 02:21:30', comment='fsfsfsf', difficulty=3, totalTime=3434, rating=43}]}
2023-06-10 03:07:48.500 [http-nio-10001-exec-3] INFO  at.fhtw.tourplanner.services.tourLog.TourLogService - TourLogService.getTourLogs() - tourLogs retrieved successfully: [TourLog{tourLogId=1, date='2023-06-10 02:21:30', comment='fsfsfsf', difficulty=3, totalTime=3434, rating=43}]
2023-06-10 03:08:05.297 [http-nio-10001-exec-4] INFO  at.fhtw.tourplanner.services.tour.TourService - TourService.getTourList() - tourListEntries retrieved successfully: [TourListEntry{tourId=1, name='tour1'}, TourListEntry{tourId=2, name='tour2'}, TourListEntry{tourId=3, name='tour3'}, TourListEntry{tourId=4, name='tour1'}, TourListEntry{tourId=5, name='tour2'}]
2023-06-10 03:08:07.676 [http-nio-10001-exec-2] INFO  at.fhtw.tourplanner.services.tour.TourService - TourService.getTour() - tour retrieved successfully: Tour{tourId=5, name='tour2', tourDescription='tour2', start='VIenna', destination='Berlin', transportType='car', tourDistance=677.8, estimatedTime=24113, popularity=1, childFriendliness=3, tourInformation='<tourInformation>', tourLogs=[TourLog{tourLogId=1, date='2023-06-10 02:21:30', comment='fsfsfsf', difficulty=3, totalTime=3434, rating=43}]}
2023-06-10 03:08:07.752 [http-nio-10001-exec-5] INFO  at.fhtw.tourplanner.services.tourLog.TourLogService - TourLogService.getTourLogs() - tourLogs retrieved successfully: [TourLog{tourLogId=1, date='2023-06-10 02:21:30', comment='fsfsfsf', difficulty=3, totalTime=3434, rating=43}]
2023-06-10 03:08:59.276 [http-nio-10001-exec-8] INFO  at.fhtw.tourplanner.services.tour.TourService - TourService.getTourList() - tourListEntries retrieved successfully: [TourListEntry{tourId=1, name='tour1'}, TourListEntry{tourId=2, name='tour2'}, TourListEntry{tourId=3, name='tour3'}, TourListEntry{tourId=4, name='tour1'}, TourListEntry{tourId=5, name='tour2'}]
2023-06-10 03:09:03.078 [http-nio-10001-exec-10] INFO  at.fhtw.tourplanner.services.tour.TourService - TourService.getTour() - tour retrieved successfully: Tour{tourId=1, name='tour1', tourDescription='Dada', start='Arizona', destination='Ohio', transportType='car', tourDistance=3022.4, estimatedTime=94588, popularity=1, childFriendliness=3, tourInformation='<tourInformation>', tourLogs=[]}
2023-06-10 03:09:03.141 [http-nio-10001-exec-3] INFO  at.fhtw.tourplanner.services.tourLog.TourLogService - TourLogService.getTourLogs() - TourLogController.getTourLogs() - no content
2023-06-10 03:09:08.154 [http-nio-10001-exec-1] INFO  at.fhtw.tourplanner.services.tour.TourService - TourService.getTour() - tour retrieved successfully: Tour{tourId=5, name='tour2', tourDescription='tour2', start='VIenna', destination='Berlin', transportType='car', tourDistance=677.8, estimatedTime=24113, popularity=1, childFriendliness=3, tourInformation='<tourInformation>', tourLogs=[TourLog{tourLogId=1, date='2023-06-10 02:21:30', comment='fsfsfsf', difficulty=3, totalTime=3434, rating=43}]}
2023-06-10 03:09:08.199 [http-nio-10001-exec-9] INFO  at.fhtw.tourplanner.services.tourLog.TourLogService - TourLogService.getTourLogs() - tourLogs retrieved successfully: [TourLog{tourLogId=1, date='2023-06-10 02:21:30', comment='fsfsfsf', difficulty=3, totalTime=3434, rating=43}]
2023-06-10 03:09:14.532 [http-nio-10001-exec-4] INFO  at.fhtw.tourplanner.services.tour.TourService - TourService.getTour() - tour retrieved successfully: Tour{tourId=1, name='tour1', tourDescription='Dada', start='Arizona', destination='Ohio', transportType='car', tourDistance=3022.4, estimatedTime=94588, popularity=1, childFriendliness=3, tourInformation='<tourInformation>', tourLogs=[]}
2023-06-10 03:09:14.558 [http-nio-10001-exec-2] INFO  at.fhtw.tourplanner.services.tourLog.TourLogService - TourLogService.getTourLogs() - TourLogController.getTourLogs() - no content
2023-06-10 03:11:50.293 [http-nio-10001-exec-6] INFO  at.fhtw.tourplanner.services.tour.TourService - TourService.getTourList() - tourListEntries retrieved successfully: [TourListEntry{tourId=1, name='tour1'}, TourListEntry{tourId=2, name='tour2'}, TourListEntry{tourId=3, name='tour3'}, TourListEntry{tourId=4, name='tour1'}, TourListEntry{tourId=5, name='tour2'}]
2023-06-10 03:11:52.878 [http-nio-10001-exec-8] INFO  at.fhtw.tourplanner.services.tour.TourService - TourService.getTour() - tour retrieved successfully: Tour{tourId=1, name='tour1', tourDescription='Dada', start='Arizona', destination='Ohio', transportType='car', tourDistance=3022.4, estimatedTime=94588, popularity=1, childFriendliness=3, tourInformation='<tourInformation>', tourLogs=[]}
2023-06-10 03:11:52.965 [http-nio-10001-exec-10] INFO  at.fhtw.tourplanner.services.tourLog.TourLogService - TourLogService.getTourLogs() - TourLogController.getTourLogs() - no content
2023-06-10 03:12:06.069 [http-nio-10001-exec-9] INFO  at.fhtw.tourplanner.services.tour.TourService - TourService.getTourList() - tourListEntries retrieved successfully: [TourListEntry{tourId=1, name='tour1'}, TourListEntry{tourId=2, name='tour2'}, TourListEntry{tourId=3, name='tour3'}, TourListEntry{tourId=4, name='tour1'}, TourListEntry{tourId=5, name='tour2'}]
2023-06-10 03:12:10.034 [http-nio-10001-exec-4] INFO  at.fhtw.tourplanner.services.tour.TourService - TourService.getTour() - tour retrieved successfully: Tour{tourId=1, name='tour1', tourDescription='Dada', start='Arizona', destination='Ohio', transportType='car', tourDistance=3022.4, estimatedTime=94588, popularity=1, childFriendliness=3, tourInformation='<tourInformation>', tourLogs=[]}
2023-06-10 03:12:10.108 [http-nio-10001-exec-2] INFO  at.fhtw.tourplanner.services.tourLog.TourLogService - TourLogService.getTourLogs() - TourLogController.getTourLogs() - no content
2023-06-10 03:12:11.305 [http-nio-10001-exec-5] INFO  at.fhtw.tourplanner.services.tour.TourService - TourService.getTour() - tour retrieved successfully: Tour{tourId=2, name='tour2', tourDescription='tour2', start='VIenna', destination='Berlin', transportType='car', tourDistance=683.3, estimatedTime=24077, popularity=1, childFriendliness=3, tourInformation='<tourInformation>', tourLogs=[]}
2023-06-10 03:12:11.354 [http-nio-10001-exec-7] INFO  at.fhtw.tourplanner.services.tourLog.TourLogService - TourLogService.getTourLogs() - TourLogController.getTourLogs() - no content
2023-06-10 03:14:04.194 [http-nio-10001-exec-10] INFO  at.fhtw.tourplanner.services.tour.TourService - TourService.getTourList() - tourListEntries retrieved successfully: [TourListEntry{tourId=1, name='tour1'}, TourListEntry{tourId=2, name='tour2'}, TourListEntry{tourId=3, name='tour3'}, TourListEntry{tourId=4, name='tour1'}, TourListEntry{tourId=5, name='tour2'}]
2023-06-10 03:14:06.268 [http-nio-10001-exec-3] INFO  at.fhtw.tourplanner.services.tour.TourService - TourService.getTour() - tour retrieved successfully: Tour{tourId=1, name='tour1', tourDescription='Dada', start='Arizona', destination='Ohio', transportType='car', tourDistance=3022.4, estimatedTime=94588, popularity=1, childFriendliness=3, tourInformation='<tourInformation>', tourLogs=[]}
2023-06-10 03:14:06.347 [http-nio-10001-exec-1] INFO  at.fhtw.tourplanner.services.tourLog.TourLogService - TourLogService.getTourLogs() - TourLogController.getTourLogs() - no content
2023-06-10 03:14:30.861 [http-nio-10001-exec-2] INFO  at.fhtw.tourplanner.services.tour.TourService - TourService.getTourList() - tourListEntries retrieved successfully: [TourListEntry{tourId=1, name='tour1'}, TourListEntry{tourId=2, name='tour2'}, TourListEntry{tourId=3, name='tour3'}, TourListEntry{tourId=4, name='tour1'}, TourListEntry{tourId=5, name='tour2'}]
2023-06-10 03:14:33.663 [http-nio-10001-exec-5] INFO  at.fhtw.tourplanner.services.tour.TourService - TourService.getTour() - tour retrieved successfully: Tour{tourId=1, name='tour1', tourDescription='Dada', start='Arizona', destination='Ohio', transportType='car', tourDistance=3022.4, estimatedTime=94588, popularity=1, childFriendliness=3, tourInformation='<tourInformation>', tourLogs=[]}
2023-06-10 03:14:33.748 [http-nio-10001-exec-7] INFO  at.fhtw.tourplanner.services.tourLog.TourLogService - TourLogService.getTourLogs() - TourLogController.getTourLogs() - no content
2023-06-10 03:14:41.337 [http-nio-10001-exec-6] INFO  at.fhtw.tourplanner.services.tour.TourService - TourService.getTour() - tour retrieved successfully: Tour{tourId=5, name='tour2', tourDescription='tour2', start='VIenna', destination='Berlin', transportType='car', tourDistance=677.8, estimatedTime=24113, popularity=1, childFriendliness=3, tourInformation='<tourInformation>', tourLogs=[TourLog{tourLogId=1, date='2023-06-10 02:21:30', comment='fsfsfsf', difficulty=3, totalTime=3434, rating=43}]}
2023-06-10 03:14:41.384 [http-nio-10001-exec-8] INFO  at.fhtw.tourplanner.services.tourLog.TourLogService - TourLogService.getTourLogs() - tourLogs retrieved successfully: [TourLog{tourLogId=1, date='2023-06-10 02:21:30', comment='fsfsfsf', difficulty=3, totalTime=3434, rating=43}]
2023-06-10 03:15:02.794 [http-nio-10001-exec-1] INFO  at.fhtw.tourplanner.services.tour.TourService - TourService.getTourList() - tourListEntries retrieved successfully: [TourListEntry{tourId=1, name='tour1'}, TourListEntry{tourId=2, name='tour2'}, TourListEntry{tourId=3, name='tour3'}, TourListEntry{tourId=4, name='tour1'}, TourListEntry{tourId=5, name='tour2'}]
2023-06-10 03:15:05.875 [http-nio-10001-exec-9] INFO  at.fhtw.tourplanner.services.tour.TourService - TourService.getTour() - tour retrieved successfully: Tour{tourId=1, name='tour1', tourDescription='Dada', start='Arizona', destination='Ohio', transportType='car', tourDistance=3022.4, estimatedTime=94588, popularity=1, childFriendliness=3, tourInformation='<tourInformation>', tourLogs=[]}
2023-06-10 03:15:05.943 [http-nio-10001-exec-4] INFO  at.fhtw.tourplanner.services.tourLog.TourLogService - TourLogService.getTourLogs() - TourLogController.getTourLogs() - no content
2023-06-10 03:15:16.634 [http-nio-10001-exec-2] INFO  at.fhtw.tourplanner.services.tour.TourService - TourService.getTour() - tour retrieved successfully: Tour{tourId=5, name='tour2', tourDescription='tour2', start='VIenna', destination='Berlin', transportType='car', tourDistance=677.8, estimatedTime=24113, popularity=1, childFriendliness=3, tourInformation='<tourInformation>', tourLogs=[TourLog{tourLogId=1, date='2023-06-10 02:21:30', comment='fsfsfsf', difficulty=3, totalTime=3434, rating=43}]}
2023-06-10 03:15:16.674 [http-nio-10001-exec-5] INFO  at.fhtw.tourplanner.services.tourLog.TourLogService - TourLogService.getTourLogs() - tourLogs retrieved successfully: [TourLog{tourLogId=1, date='2023-06-10 02:21:30', comment='fsfsfsf', difficulty=3, totalTime=3434, rating=43}]
2023-06-10 03:15:28.928 [http-nio-10001-exec-7] INFO  at.fhtw.tourplanner.services.tour.TourService - TourService.getTour() - tour retrieved successfully: Tour{tourId=4, name='tour1', tourDescription='Dada', start='Arizona', destination='Ohio', transportType='car', tourDistance=3022.4, estimatedTime=94588, popularity=1, childFriendliness=3, tourInformation='<tourInformation>', tourLogs=[]}
2023-06-10 03:15:28.974 [http-nio-10001-exec-6] INFO  at.fhtw.tourplanner.services.tourLog.TourLogService - TourLogService.getTourLogs() - TourLogController.getTourLogs() - no content
2023-06-10 03:15:29.791 [http-nio-10001-exec-8] INFO  at.fhtw.tourplanner.services.tour.TourService - TourService.getTour() - tour retrieved successfully: Tour{tourId=3, name='tour3', tourDescription='tour3', start='Vienna', destination='Rom', transportType='car', tourDistance=1087.4, estimatedTime=37988, popularity=1, childFriendliness=3, tourInformation='<tourInformation>', tourLogs=[]}
2023-06-10 03:15:29.844 [http-nio-10001-exec-10] INFO  at.fhtw.tourplanner.services.tourLog.TourLogService - TourLogService.getTourLogs() - TourLogController.getTourLogs() - no content
2023-06-10 03:15:30.433 [http-nio-10001-exec-3] INFO  at.fhtw.tourplanner.services.tour.TourService - TourService.getTour() - tour retrieved successfully: Tour{tourId=2, name='tour2', tourDescription='tour2', start='VIenna', destination='Berlin', transportType='car', tourDistance=683.3, estimatedTime=24077, popularity=1, childFriendliness=3, tourInformation='<tourInformation>', tourLogs=[]}
2023-06-10 03:15:30.487 [http-nio-10001-exec-1] INFO  at.fhtw.tourplanner.services.tourLog.TourLogService - TourLogService.getTourLogs() - TourLogController.getTourLogs() - no content
2023-06-10 03:19:23.486 [http-nio-10001-exec-2] INFO  at.fhtw.tourplanner.services.tour.TourService - TourService.getTourList() - tourListEntries retrieved successfully: [TourListEntry{tourId=1, name='tour1'}, TourListEntry{tourId=2, name='tour2'}, TourListEntry{tourId=3, name='tour3'}, TourListEntry{tourId=4, name='tour1'}, TourListEntry{tourId=5, name='tour2'}]
2023-06-10 03:22:00.281 [http-nio-10001-exec-7] INFO  at.fhtw.tourplanner.services.tour.TourService - TourService.getTourList() - tourListEntries retrieved successfully: [TourListEntry{tourId=1, name='tour1'}, TourListEntry{tourId=2, name='tour2'}, TourListEntry{tourId=3, name='tour3'}, TourListEntry{tourId=4, name='tour1'}, TourListEntry{tourId=5, name='tour2'}]
2023-06-10 03:23:40.464 [http-nio-10001-exec-8] INFO  at.fhtw.tourplanner.services.tour.TourService - TourService.getTourList() - tourListEntries retrieved successfully: [TourListEntry{tourId=1, name='tour1'}, TourListEntry{tourId=2, name='tour2'}, TourListEntry{tourId=3, name='tour3'}, TourListEntry{tourId=4, name='tour1'}, TourListEntry{tourId=5, name='tour2'}]
2023-06-10 03:23:53.676 [http-nio-10001-exec-3] INFO  at.fhtw.tourplanner.services.tour.TourService - TourService.getTourList() - tourListEntries retrieved successfully: [TourListEntry{tourId=1, name='tour1'}, TourListEntry{tourId=2, name='tour2'}, TourListEntry{tourId=3, name='tour3'}, TourListEntry{tourId=4, name='tour1'}, TourListEntry{tourId=5, name='tour2'}]
2023-06-10 03:23:58.049 [http-nio-10001-exec-1] INFO  at.fhtw.tourplanner.services.tour.TourService - TourService.getTour() - tour retrieved successfully: Tour{tourId=5, name='tour2', tourDescription='tour2', start='VIenna', destination='Berlin', transportType='car', tourDistance=677.8, estimatedTime=24113, popularity=1, childFriendliness=3, tourInformation='<tourInformation>', tourLogs=[TourLog{tourLogId=1, date='2023-06-10 02:21:30', comment='fsfsfsf', difficulty=3, totalTime=3434, rating=43}]}
2023-06-10 03:23:58.122 [http-nio-10001-exec-9] INFO  at.fhtw.tourplanner.services.tourLog.TourLogService - TourLogService.getTourLogs() - tourLogs retrieved successfully: [TourLog{tourLogId=1, date='2023-06-10 02:21:30', comment='fsfsfsf', difficulty=3, totalTime=3434, rating=43}]
2023-06-10 03:24:58.744 [http-nio-10001-exec-5] INFO  at.fhtw.tourplanner.services.tour.TourService - TourService.getTourList() - tourListEntries retrieved successfully: [TourListEntry{tourId=1, name='tour1'}, TourListEntry{tourId=2, name='tour2'}, TourListEntry{tourId=3, name='tour3'}, TourListEntry{tourId=4, name='tour1'}, TourListEntry{tourId=5, name='tour2'}]
2023-06-10 03:25:04.536 [http-nio-10001-exec-7] INFO  at.fhtw.tourplanner.services.tour.TourService - TourService.getTour() - tour retrieved successfully: Tour{tourId=1, name='tour1', tourDescription='Dada', start='Arizona', destination='Ohio', transportType='car', tourDistance=3022.4, estimatedTime=94588, popularity=1, childFriendliness=3, tourInformation='<tourInformation>', tourLogs=[]}
2023-06-10 03:25:04.603 [http-nio-10001-exec-6] INFO  at.fhtw.tourplanner.services.tourLog.TourLogService - TourLogService.getTourLogs() - TourLogController.getTourLogs() - no content
2023-06-10 03:25:06.819 [http-nio-10001-exec-8] INFO  at.fhtw.tourplanner.services.tour.TourService - TourService.getTour() - tour retrieved successfully: Tour{tourId=5, name='tour2', tourDescription='tour2', start='VIenna', destination='Berlin', transportType='car', tourDistance=677.8, estimatedTime=24113, popularity=1, childFriendliness=3, tourInformation='<tourInformation>', tourLogs=[TourLog{tourLogId=1, date='2023-06-10 02:21:30', comment='fsfsfsf', difficulty=3, totalTime=3434, rating=43}]}
2023-06-10 03:25:06.861 [http-nio-10001-exec-10] INFO  at.fhtw.tourplanner.services.tourLog.TourLogService - TourLogService.getTourLogs() - tourLogs retrieved successfully: [TourLog{tourLogId=1, date='2023-06-10 02:21:30', comment='fsfsfsf', difficulty=3, totalTime=3434, rating=43}]
2023-06-10 03:25:43.297 [http-nio-10001-exec-9] INFO  at.fhtw.tourplanner.services.tour.TourService - TourService.getTourList() - tourListEntries retrieved successfully: [TourListEntry{tourId=1, name='tour1'}, TourListEntry{tourId=2, name='tour2'}, TourListEntry{tourId=3, name='tour3'}, TourListEntry{tourId=4, name='tour1'}, TourListEntry{tourId=5, name='tour2'}]
2023-06-10 03:25:47.362 [http-nio-10001-exec-4] INFO  at.fhtw.tourplanner.services.tour.TourService - TourService.getTour() - tour retrieved successfully: Tour{tourId=5, name='tour2', tourDescription='tour2', start='VIenna', destination='Berlin', transportType='car', tourDistance=677.8, estimatedTime=24113, popularity=1, childFriendliness=3, tourInformation='<tourInformation>', tourLogs=[TourLog{tourLogId=1, date='2023-06-10 02:21:30', comment='fsfsfsf', difficulty=3, totalTime=3434, rating=43}]}
2023-06-10 03:25:47.447 [http-nio-10001-exec-2] INFO  at.fhtw.tourplanner.services.tourLog.TourLogService - TourLogService.getTourLogs() - tourLogs retrieved successfully: [TourLog{tourLogId=1, date='2023-06-10 02:21:30', comment='fsfsfsf', difficulty=3, totalTime=3434, rating=43}]
2023-06-10 03:26:10.238 [http-nio-10001-exec-5] INFO  at.fhtw.tourplanner.services.tour.TourService - TourService.getTour() - tour retrieved successfully: Tour{tourId=5, name='tour2', tourDescription='tour2', start='VIenna', destination='Berlin', transportType='car', tourDistance=677.8, estimatedTime=24