2023-06-12 16:41:25.404 [main] INFO  at.fhtw.tourplanner.TourPlannerApplication - Starting TourPlannerApplication using Java 19 with PID 22240 (C:\Users\Bea\Documents\FH_UNI\FH Technikum\4.Semester\SWEN2_Software_Engineering\Tour_Planner_v3\TourPlanner\Source\Server\target\classes started by Bea in C:\Users\Bea\Documents\FH_UNI\FH Technikum\4.Semester\SWEN2_Software_Engineering\Tour_Planner_v3\TourPlanner\Source\Server)
2023-06-12 16:41:25.453 [main] INFO  at.fhtw.tourplanner.TourPlannerApplication - No active profile set, falling back to 1 default profile: "default"
2023-06-12 16:41:28.055 [main] INFO  org.springframework.data.repository.config.RepositoryConfigurationDelegate - Bootstrapping Spring Data JPA repositories in DEFAULT mode.
2023-06-12 16:41:28.419 [main] INFO  org.springframework.data.repository.config.RepositoryConfigurationDelegate - Finished Spring Data repository scanning in 312 ms. Found 2 JPA repository interfaces.
2023-06-12 16:41:32.046 [main] INFO  org.springframework.boot.web.embedded.tomcat.TomcatWebServer - Tomcat initialized with port(s): 10001 (http)
2023-06-12 16:41:32.086 [main] INFO  org.apache.coyote.http11.Http11NioProtocol - Initializing ProtocolHandler ["http-nio-10001"]
2023-06-12 16:41:32.090 [main] INFO  org.apache.catalina.core.StandardService - Starting service [Tomcat]
2023-06-12 16:41:32.092 [main] INFO  org.apache.catalina.core.StandardEngine - Starting Servlet engine: [Apache Tomcat/10.1.8]
2023-06-12 16:41:32.762 [main] INFO  org.apache.catalina.core.ContainerBase.[Tomcat].[localhost].[/] - Initializing Spring embedded WebApplicationContext
2023-06-12 16:41:32.763 [main] INFO  org.springframework.boot.web.servlet.context.ServletWebServerApplicationContext - Root WebApplicationContext: initialization completed in 7147 ms
2023-06-12 16:41:34.812 [main] INFO  org.hibernate.jpa.internal.util.LogHelper - HHH000204: Processing PersistenceUnitInfo [name: default]
2023-06-12 16:41:36.045 [main] INFO  org.hibernate.Version - HHH000412: Hibernate ORM core version 6.1.7.Final
2023-06-12 16:41:38.230 [main] INFO  com.zaxxer.hikari.HikariDataSource - HikariPool-1 - Starting...
2023-06-12 16:41:39.129 [main] INFO  com.zaxxer.hikari.pool.HikariPool - HikariPool-1 - Added connection org.postgresql.jdbc.PgConnection@74bdfa0b
2023-06-12 16:41:39.137 [main] INFO  com.zaxxer.hikari.HikariDataSource - HikariPool-1 - Start completed.
2023-06-12 16:41:39.429 [main] INFO  SQL dialect - HHH000400: Using dialect: org.hibernate.dialect.PostgreSQLDialect
2023-06-12 16:41:48.636 [main] WARN  org.hibernate.engine.jdbc.spi.SqlExceptionHelper - SQL Warning Code: 0, SQLState: 00000
2023-06-12 16:41:48.637 [main] WARN  org.hibernate.engine.jdbc.spi.SqlExceptionHelper - relation "tour_logs" does not exist, skipping
2023-06-12 16:41:48.642 [main] WARN  org.hibernate.engine.jdbc.spi.SqlExceptionHelper - SQL Warning Code: 0, SQLState: 00000
2023-06-12 16:41:48.643 [main] WARN  org.hibernate.engine.jdbc.spi.SqlExceptionHelper - table "tour_logs" does not exist, skipping
2023-06-12 16:41:48.645 [main] WARN  org.hibernate.engine.jdbc.spi.SqlExceptionHelper - SQL Warning Code: 0, SQLState: 00000
2023-06-12 16:41:48.645 [main] WARN  org.hibernate.engine.jdbc.spi.SqlExceptionHelper - table "tours" does not exist, skipping
2023-06-12 16:41:48.648 [main] WARN  org.hibernate.engine.jdbc.spi.SqlExceptionHelper - SQL Warning Code: 0, SQLState: 00000
2023-06-12 16:41:48.648 [main] WARN  org.hibernate.engine.jdbc.spi.SqlExceptionHelper - sequence "tour_logs_seq" does not exist, skipping
2023-06-12 16:41:48.650 [main] WARN  org.hibernate.engine.jdbc.spi.SqlExceptionHelper - SQL Warning Code: 0, SQLState: 00000
2023-06-12 16:41:48.650 [main] WARN  org.hibernate.engine.jdbc.spi.SqlExceptionHelper - sequence "tours_seq" does not exist, skipping
2023-06-12 16:41:48.895 [main] INFO  org.hibernate.engine.transaction.jta.platform.internal.JtaPlatformInitiator - HHH000490: Using JtaPlatform implementation: [org.hibernate.engine.transaction.jta.platform.internal.NoJtaPlatform]
2023-06-12 16:41:48.964 [main] INFO  org.springframework.orm.jpa.LocalContainerEntityManagerFactoryBean - Initialized JPA EntityManagerFactory for persistence unit 'default'
2023-06-12 16:41:52.124 [main] WARN  org.springframework.boot.autoconfigure.orm.jpa.JpaBaseConfiguration$JpaWebConfiguration - spring.jpa.open-in-view is enabled by default. Therefore, database queries may be performed during view rendering. Explicitly configure spring.jpa.open-in-view to disable this warning
2023-06-12 16:41:53.957 [main] INFO  org.apache.coyote.http11.Http11NioProtocol - Starting ProtocolHandler ["http-nio-10001"]
2023-06-12 16:41:54.030 [main] INFO  org.springframework.boot.web.embedded.tomcat.TomcatWebServer - Tomcat started on port(s): 10001 (http) with context path ''
2023-06-12 16:41:54.068 [main] INFO  at.fhtw.tourplanner.TourPlannerApplication - Started TourPlannerApplication in 30.441 seconds (process running for 41.814)
2023-06-12 16:42:07.715 [http-nio-10001-exec-1] INFO  org.apache.catalina.core.ContainerBase.[Tomcat].[localhost].[/] - Initializing Spring DispatcherServlet 'dispatcherServlet'
2023-06-12 16:42:07.716 [http-nio-10001-exec-1] INFO  org.springframework.web.servlet.DispatcherServlet - Initializing Servlet 'dispatcherServlet'
2023-06-12 16:42:07.718 [http-nio-10001-exec-1] INFO  org.springframework.web.servlet.DispatcherServlet - Completed initialization in 1 ms
2023-06-12 16:42:07.999 [http-nio-10001-exec-1] INFO  at.fhtw.tourplanner.services.tour.TourService - TourService.getTourList() - TourController.getTourList() - no content
2023-06-12 16:43:10.583 [http-nio-10001-exec-4] INFO  at.fhtw.tourplanner.services.tour.TourService - TourService.createTour() - tour created successfully: Tour{tourId=1, name='tour bea', tourDescription='tour', start='Berlin', destination='Vienna', transportType='bike', tourDistance=681.1, estimatedTime=23932, popularity=1, childFriendliness=3, tourInformation='<tourInformation>', tourLogs=null}
2023-06-12 16:43:12.119 [http-nio-10001-exec-3] INFO  at.fhtw.tourplanner.services.tour.TourService - TourService.getTourList() - tourListEntries retrieved successfully: [TourListEntry{tourId=1, name='tour bea'}]
2023-06-12 16:43:14.001 [http-nio-10001-exec-6] INFO  at.fhtw.tourplanner.services.tour.TourService - TourService.getTour() - tour retrieved successfully: Tour{tourId=1, name='tour bea', tourDescription='tour', start='Berlin', destination='Vienna', transportType='bike', tourDistance=681.1, estimatedTime=23932, popularity=1, childFriendliness=3, tourInformation='<tourInformation>', tourLogs=[]}
2023-06-12 16:43:14.050 [http-nio-10001-exec-7] INFO  at.fhtw.tourplanner.services.tourLog.TourLogService - TourLogService.getTourLogs() - TourLogController.getTourLogs() - no content
2023-06-12 16:44:18.113 [http-nio-10001-exec-10] INFO  at.fhtw.tourplanner.services.tour.TourService - TourService.createTour() - tour created successfully: Tour{tourId=2, name='tour2', tourDescription='TOUR"', start='Berlin', destination='Vienna', transportType='car', tourDistance=681.1, estimatedTime=23932, popularity=1, childFriendliness=3, tourInformation='<tourInformation>', tourLogs=null}
2023-06-12 16:44:19.364 [http-nio-10001-exec-1] INFO  at.fhtw.tourplanner.services.tour.TourService - TourService.getTourList() - tourListEntries retrieved successfully: [TourListEntry{tourId=1, name='tour bea'}, TourListEntry{tourId=2, name='tour2'}]
2023-06-12 16:44:21.053 [http-nio-10001-exec-2] INFO  at.fhtw.tourplanner.services.tour.TourService - TourService.getTour() - tour retrieved successfully: Tour{tourId=2, name='tour2', tourDescription='TOUR"', start='Berlin', destination='Vienna', transportType='car', tourDistance=681.1, estimatedTime=23932, popularity=1, childFriendliness=3, tourInformation='<tourInformation>', tourLogs=[]}
2023-06-12 16:44:21.095 [http-nio-10001-exec-4] INFO  at.fhtw.tourplanner.services.tourLog.TourLogService - TourLogService.getTourLogs() - TourLogController.getTourLogs() - no content
2023-06-12 16:44:22.979 [http-nio-10001-exec-5] INFO  at.fhtw.tourplanner.services.tour.TourService - TourService.getTour() - tour retrieved successfully: Tour{tourId=1, name='tour bea', tourDescription='tour', start='Berlin', destination='Vienna', transportType='bike', tourDistance=681.1, estimatedTime=23932, popularity=1, childFriendliness=3, tourInformation='<tourInformation>', tourLogs=[]}
2023-06-12 16:44:23.008 [http-nio-10001-exec-6] INFO  at.fhtw.tourplanner.services.tourLog.TourLogService - TourLogService.getTourLogs() - TourLogController.getTourLogs() - no content
2023-06-12 16:44:24.136 [http-nio-10001-exec-7] INFO  at.fhtw.tourplanner.services.tour.TourService - TourService.getTour() - tour retrieved successfully: Tour{tourId=2, name='tour2', tourDescription='TOUR"', start='Berlin', destination='Vienna', transportType='car', tourDistance=681.1, estimatedTime=23932, popularity=1, childFriendliness=3, tourInformation='<tourInformation>', tourLogs=[]}
2023-06-12 16:44:24.165 [http-nio-10001-exec-8] INFO  at.fhtw.tourplanner.services.tourLog.TourLogService - TourLogService.getTourLogs() - TourLogController.getTourLogs() - no content
2023-06-12 16:44:26.363 [http-nio-10001-exec-9] INFO  at.fhtw.tourplanner.services.tour.TourService - TourService.getTour() - tour retrieved successfully: Tour{tourId=1, name='tour bea', tourDescription='tour', start='Berlin', destination='Vienna', transportType='bike', tourDistance=681.1, estimatedTime=23932, popularity=1, childFriendliness=3, tourInformation='<tourInformation>', tourLogs=[]}
2023-06-12 16:44:26.399 [http-nio-10001-exec-10] INFO  at.fhtw.tourplanner.services.tourLog.TourLogService - TourLogService.getTourLogs() - TourLogController.getTourLogs() - no content
2023-06-12 16:44:28.348 [http-nio-10001-exec-1] INFO  at.fhtw.tourplanner.services.tour.TourService - TourService.getTour() - tour retrieved successfully: Tour{tourId=2, name='tour2', tourDescription='TOUR"', start='Berlin', destination='Vienna', transportType='car', tourDistance=681.1, estimatedTime=23932, popularity=1, childFriendliness=3, tourInformation='<tourInformation>', tourLogs=[]}
2023-06-12 16:44:28.380 [http-nio-10001-exec-2] INFO  at.fhtw.tourplanner.services.tourLog.TourLogService - TourLogService.getTourLogs() - TourLogController.getTourLogs() - no content
2023-06-12 16:44:31.146 [http-nio-10001-exec-4] INFO  at.fhtw.tourplanner.services.tour.TourService - TourService.getTour() - tour retrieved successfully: Tour{tourId=1, name='tour bea', tourDescription='tour', start='Berlin', destination='Vienna', transportType='bike', tourDistance=681.1, estimatedTime=23932, popularity=1, childFriendliness=3, tourInformation='<tourInformation>', tourLogs=[]}
2023-06-12 16:44:31.174 [http-nio-10001-exec-3] INFO  at.fhtw.tourplanner.services.tourLog.TourLogService - TourLogService.getTourLogs() - TourLogController.getTourLogs() - no content
2023-06-12 16:44:39.004 [http-nio-10001-exec-5] INFO  at.fhtw.tourplanner.services.tour.TourService - TourService.getTour() - tour retrieved successfully: Tour{tourId=2, name='tour2', tourDescription='TOUR"', start='Berlin', destination='Vienna', transportType='car', tourDistance=681.1, estimatedTime=23932, popularity=1, childFriendliness=3, tourInformation='<tourInformation>', tourLogs=[]}
2023-06-12 16:44:39.030 [http-nio-10001-exec-6] INFO  at.fhtw.tourplanner.services.tourLog.TourLogService - TourLogService.getTourLogs() - TourLogController.getTourLogs() - no content
2023-06-12 16:44:40.944 [http-nio-10001-exec-7] INFO  at.fhtw.tourplanner.services.tour.TourService - TourService.deleteTour() - tour deleted successfully: 2
2023-06-12 16:44:42.329 [http-nio-10001-exec-8] INFO  at.fhtw.tourplanner.services.tour.TourService - TourService.getTourList() - tourListEntries retrieved successfully: [TourListEntry{tourId=1, name='tour bea'}]
2023-06-12 16:44:43.560 [http-nio-10001-exec-9] INFO  at.fhtw.tourplanner.services.tour.TourService - TourService.getTour() - tour retrieved successfully: Tour{tourId=1, name='tour bea', tourDescription='tour', start='Berlin', destination='Vienna', transportType='bike', tourDistance=681.1, estimatedTime=23932, popularity=1, childFriendliness=3, tourInformation='<tourInformation>', tourLogs=[]}
2023-06-12 16:44:43.601 [http-nio-10001-exec-10] INFO  at.fhtw.tourplanner.services.tourLog.TourLogService - TourLogService.getTourLogs() - TourLogController.getTourLogs() - no content
2023-06-12 16:44:45.476 [http-nio-10001-exec-1] INFO  at.fhtw.tourplanner.services.tour.TourService - TourService.getTourList() - tourListEntries retrieved successfully: [TourListEntry{tourId=1, name='tour bea'}]
2023-06-12 16:44:50.910 [http-nio-10001-exec-2] INFO  at.fhtw.tourplanner.services.tour.TourService - TourService.getTour() - tour retrieved successfully: Tour{tourId=1, name='tour bea', tourDescription='tour', start='Berlin', destination='Vienna', transportType='bike', tourDistance=681.1, estimatedTime=23932, popularity=1, childFriendliness=3, tourInformation='<tourInformation>', tourLogs=[]}
2023-06-12 16:44:50.933 [http-nio-10001-exec-4] INFO  at.fhtw.tourplanner.services.tourLog.TourLogService - TourLogService.getTourLogs() - TourLogController.getTourLogs() - no content
2023-06-12 16:45:14.872 [http-nio-10001-exec-3] INFO  at.fhtw.tourplanner.services.tourLog.TourLogService - TourLogService.createTourLog() - tourLog created successfully: TourLog{tourLogId=1, date='2023-06-12 16:45:14', comment='dadad', difficulty=3, totalTime=217260, rating=2}
2023-06-12 16:45:14.901 [http-nio-10001-exec-5] INFO  at.fhtw.tourplanner.services.tourLog.TourLogService - TourLogService.getTourLogs() - tourLogs retrieved successfully: [TourLog{tourLogId=1, date='2023-06-12 16:45:14', comment='dadad', difficulty=3, totalTime=217260, rating=2}]
2023-06-12 16:45:15.915 [http-nio-10001-exec-6] INFO  at.fhtw.tourplanner.services.tourLog.TourLogService - TourLogService.getTourLogs() - tourLogs retrieved successfully: [TourLog{tourLogId=1, date='2023-06-12 16:45:14', comment='dadad', difficulty=3, totalTime=217260, rating=2}]
2023-06-12 16:45:27.377 [http-nio-10001-exec-7] INFO  at.fhtw.tourplanner.services.tourLog.TourLogService - TourLogService.updateTourLog() - tourLog updated successfully: TourLog{tourLogId=1, date='2023-06-12 16:45:27', comment='dadad', difficulty=3, totalTime=217260, rating=4}
2023-06-12 16:45:28.447 [http-nio-10001-exec-8] INFO  at.fhtw.tourplanner.services.tourLog.TourLogService - TourLogService.getTourLogs() - tourLogs retrieved successfully: [TourLog{tourLogId=1, date='2023-06-12 16:45:27', comment='dadad', difficulty=3, totalTime=217260, rating=4}]
2023-06-12 16:45:35.022 [http-nio-10001-exec-9] INFO  at.fhtw.tourplanner.services.tour.TourService - TourService.getTour() - tour retrieved successfully: Tour{tourId=1, name='tour bea', tourDescription='tour', start='Berlin', destination='Vienna', transportType='bike', tourDistance=681.1, estimatedTime=23932, popularity=1, childFriendliness=3, tourInformation='<tourInformation>', tourLogs=[TourLog{tourLogId=1, date='2023-06-12 16:45:27', comment='dadad', difficulty=3, totalTime=217260, rating=4}]}
2023-06-12 16:45:35.051 [http-nio-10001-exec-10] INFO  at.fhtw.tourplanner.services.tourLog.TourLogService - TourLogService.getTourLogs() - tourLogs retrieved successfully: [TourLog{tourLogId=1, date='2023-06-12 16:45:27', comment='dadad', difficulty=3, totalTime=217260, rating=4}]
2023-06-12 16:45:47.360 [http-nio-10001-exec-1] INFO  at.fhtw.tourplanner.services.dataTransfer.DataTransferService - DataTransferService.exportTours() - tours exported successfully: [Tour{tourId=1, name='tour bea', tourDescription='tour', start='Berlin', destination='Vienna', transportType='bike', tourDistance=681.1, estimatedTime=23932, popularity=1, childFriendliness=3, tourInformation='<tourInformation>', tourLogs=[TourLog{tourLogId=1, date='2023-06-12 16:45:27', comment='dadad', difficulty=3, totalTime=217260, rating=4}]}]
2023-06-12 16:46:14.636 [http-nio-10001-exec-2] INFO  at.fhtw.tourplanner.services.tour.TourService - TourService.createTour() - tour created successfully: Tour{tourId=3, name='tour2', tourDescription='tour', start='Arizona', destination='Ohio', transportType='car', tourDistance=3025.4, estimatedTime=94539, popularity=1, childFriendliness=3, tourInformation='<tourInformation>', tourLogs=null}
2023-06-12 16:46:15.614 [http-nio-10001-exec-4] INFO  at.fhtw.tourplanner.services.tour.TourService - TourService.getTourList() - tourListEntries retrieved successfully: [TourListEntry{tourId=1, name='tour bea'}, TourListEntry{tourId=3, name='tour2'}]
2023-06-12 16:46:17.094 [http-nio-10001-exec-3] INFO  at.fhtw.tourplanner.services.tour.TourService - TourService.getTour() - tour retrieved successfully: Tour{tourId=3, name='tour2', tourDescription='tour', start='Arizona', destination='Ohio', transportType='car', tourDistance=3025.4, estimatedTime=94539, popularity=1, childFriendliness=3, tourInformation='<tourInformation>', tourLogs=[]}
2023-06-12 16:46:17.128 [http-nio-10001-exec-5] INFO  at.fhtw.tourplanner.services.tourLog.TourLogService - TourLogService.getTourLogs() - TourLogController.getTourLogs() - no content
2023-06-12 16:46:18.590 [http-nio-10001-exec-6] INFO  at.fhtw.tourplanner.services.dataTransfer.DataTransferService - DataTransferService.exportTours() - tours exported successfully: [Tour{tourId=1, name='tour bea', tourDescription='tour', start='Berlin', destination='Vienna', transportType='bike', tourDistance=681.1, estimatedTime=23932, popularity=1, childFriendliness=3, tourInformation='<tourInformation>', tourLogs=[TourLog{tourLogId=1, date='2023-06-12 16:45:27', comment='dadad', difficulty=3, totalTime=217260, rating=4}]}, Tour{tourId=3, name='tour2', tourDescription='tour', start='Arizona', destination='Ohio', transportType='car', tourDistance=3025.4, estimatedTime=94539, popularity=1, childFriendliness=3, tourInformation='<tourInformation>', tourLogs=[]}]
2023-06-12 16:46:30.344 [http-nio-10001-exec-8] INFO  at.fhtw.tourplanner.services.tour.TourService - TourService.getTour() - tour retrieved successfully: Tour{tourId=1, name='tour bea', tourDescription='tour', start='Berlin', destination='Vienna', transportType='bike', tourDistance=681.1, estimatedTime=23932, popularity=1, childFriendliness=3, tourInformation='<tourInformation>', tourLogs=[TourLog{tourLogId=1, date='2023-06-12 16:45:27', comment='dadad', difficulty=3, totalTime=217260, rating=4}]}
2023-06-12 16:46:30.366 [http-nio-10001-exec-9] INFO  at.fhtw.tourplanner.services.tourLog.TourLogService - TourLogService.getTourLogs() - tourLogs retrieved successfully: [TourLog{tourLogId=1, date='2023-06-12 16:45:27', comment='dadad', difficulty=3, totalTime=217260, rating=4}]
2023-06-12 16:46:33.111 [http-nio-10001-exec-10] INFO  at.fhtw.tourplanner.services.tour.TourService - TourService.getTour() - tour retrieved successfully: Tour{tourId=1, name='tour bea', tourDescription='tour', start='Berlin', destination='Vienna', transportType='bike', tourDistance=681.1, estimatedTime=23932, popularity=1, childFriendliness=3, tourInformation='<tourInformation>', tourLogs=[TourLog{tourLogId=1, date='2023-06-12 16:45:27', comment='dadad', difficulty=3, totalTime=217260, rating=4}]}
2023-06-12 16:46:33.132 [http-nio-10001-exec-1] INFO  at.fhtw.tourplanner.services.tourLog.TourLogService - TourLogService.getTourLogs() - tourLogs retrieved successfully: [TourLog{tourLogId=1, date='2023-06-12 16:45:27', comment='dadad', difficulty=3, totalTime=217260, rating=4}]
2023-06-12 16:46:33.562 [http-nio-10001-exec-2] INFO  at.fhtw.tourplanner.services.tour.TourService - TourService.getTour() - tour retrieved successfully: Tour{tourId=1, name='tour bea', tourDescription='tour', start='Berlin', destination='Vienna', transportType='bike', tourDistance=681.1, estimatedTime=23932, popularity=1, childFriendliness=3, tourInformation='<tourInformation>', tourLogs=[TourLog{tourLogId=1, date='2023-06-12 16:45:27', comment='dadad', difficulty=3, totalTime=217260, rating=4}]}
2023-06-12 16:46:33.580 [http-nio-10001-exec-4] INFO  at.fhtw.tourplanner.services.tourLog.TourLogService - TourLogService.getTourLogs() - tourLogs retrieved successfully: [TourLog{tourLogId=1, date='2023-06-12 16:45:27', comment='dadad', difficulty=3, totalTime=217260, rating=4}]
2023-06-12 16:46:36.624 [http-nio-10001-exec-3] INFO  at.fhtw.tourplanner.services.tour.TourService - TourService.getTour() - tour retrieved successfully: Tour{tourId=1, name='tour bea', tourDescription='tour', start='Berlin', destination='Vienna', transportType='bike', tourDistance=681.1, estimatedTime=23932, popularity=1, childFriendliness=3, tourInformation='<tourInformation>', tourLogs=[TourLog{tourLogId=1, date='2023-06-12 16:45:27', comment='dadad', difficulty=3, totalTime=217260, rating=4}]}
2023-06-12 16:46:41.092 [http-nio-10001-exec-5] INFO  at.fhtw.tourplanner.services.dataTransfer.DataTransferService - DataTransferService.exportTours() - tours exported successfully: [Tour{tourId=1, name='tour bea', tourDescription='tour', start='Berlin', destination='Vienna', transportType='bike', tourDistance=681.1, estimatedTime=23932, popularity=1, childFriendliness=3, tourInformation='<tourInformation>', tourLogs=[TourLog{tourLogId=1, date='2023-06-12 16:45:27', comment='dadad', difficulty=3, totalTime=217260, rating=4}]}, Tour{tourId=3, name='tour2', tourDescription='tour', start='Arizona', destination='Ohio', transportType='car', tourDistance=3025.4, estimatedTime=94539, popularity=1, childFriendliness=3, tourInformation='<tourInformation>', tourLogs=[]}]
2023-06-12 16:47:26.186 [http-nio-10001-exec-6] INFO  at.fhtw.tourplanner.services.dataTransfer.DataTransferService - DataTransferService.importTours() - tours imported successfully: [Tour{tourId=4, name='tour bea', tourDescription='tour', start='Berlin', destination='Vienna', transportType='bike', tourDistance=681.1, estimatedTime=23932, popularity=1, childFriendliness=3, tourInformation='<tourInformation>', tourLogs=[TourLog{tourLogId=2, date='2023-06-12 16:47:21', comment='dadad', difficulty=3, totalTime=217260, rating=4}]}, Tour{tourId=5, name='tour2', tourDescription='tour', start='Arizona', destination='Ohio', transportType='car', tourDistance=3025.4, estimatedTime=94539, popularity=1, childFriendliness=3, tourInformation='<tourInformation>', tourLogs=[]}]
2023-06-12 16:47:29.712 [http-nio-10001-exec-7] INFO  at.fhtw.tourplanner.services.tour.TourService - TourService.getTourList() - tourListEntries retrieved successfully: [TourListEntry{tourId=1, name='tour bea'}, TourListEntry{tourId=3, name='tour2'}, TourListEntry{tourId=4, name='tour bea'}, TourListEntry{tourId=5, name='tour2'}]
2023-06-12 16:47:31.089 [http-nio-10001-exec-8] INFO  at.fhtw.tourplanner.services.tour.TourService - TourService.getTour() - tour retrieved successfully: Tour{tourId=5, name='tour2', tourDescription='tour', start='Arizona', destination='Ohio', transportType='car', tourDistance=3025.4, estimatedTime=94539, popularity=1, childFriendliness=3, tourInformation='<tourInformation>', tourLogs=[]}
2023-06-12 16:47:31.117 [http-nio-10001-exec-9] INFO  at.fhtw.tourplanner.services.tourLog.TourLogService - TourLogService.getTourLogs() - TourLogController.getTourLogs() - no content
2023-06-12 16:47:31.770 [http-nio-10001-exec-10] INFO  at.fhtw.tourplanner.services.tour.TourService - TourService.getTour() - tour retrieved successfully: Tour{tourId=4, name='tour bea', tourDescription='tour', start='Berlin', destination='Vienna', transportType='bike', tourDistance=681.1, estimatedTime=23932, popularity=1, childFriendliness=3, tourInformation='<tourInformation>', tourLogs=[TourLog{tourLogId=2, date='2023-06-12 16:47:21', comment='dadad', difficulty=3, totalTime=217260, rating=4}]}
2023-06-12 16:47:31.798 [http-nio-10001-exec-1] INFO  at.fhtw.tourplanner.services.tourLog.TourLogService - TourLogService.getTourLogs() - tourLogs retrieved successfully: [TourLog{tourLogId=2, date='2023-06-12 16:47:21', comment='dadad', difficulty=3, totalTime=217260, rating=4}]
2023-06-12 16:47:33.570 [http-nio-10001-exec-2] INFO  at.fhtw.tourplanner.services.tour.TourService - TourService.getTour() - tour retrieved successfully: Tour{tourId=5, name='tour2', tourDescription='tour', start='Arizona', destination='Ohio', transportType='car', tourDistance=3025.4, estimatedTime=94539, popularity=1, childFriendliness=3, tourInformation='<tourInformation>', tourLogs=[]}
2023-06-12 16:47:33.594 [http-nio-10001-exec-4] INFO  at.fhtw.tourplanner.services.tourLog.TourLogService - TourLogService.getTourLogs() - TourLogController.getTourLogs() - no content
2023-06-12 16:47:34.773 [http-nio-10001-exec-3] INFO  at.fhtw.tourplanner.services.tour.TourService - TourService.getTour() - tour retrieved successfully: Tour{tourId=4, name='tour bea', tourDescription='tour', start='Berlin', destination='Vienna', transportType='bike', tourDistance=681.1, estimatedTime=23932, popularity=1, childFriendliness=3, tourInformation='<tourInformation>', tourLogs=[TourLog{tourLogId=2, date='2023-06-12 16:47:21', comment='dadad', difficulty=3, totalTime=217260, rating=4}]}
2023-06-12 16:47:34.795 [http-nio-10001-exec-5] INFO  at.fhtw.tourplanner.services.tourLog.TourLogService - TourLogService.getTourLogs() - tourLogs retrieved successfully: [TourLog{tourLogId=2, date='2023-06-12 16:47:21', comment='dadad', difficulty=3, totalTime=217260, rating=4}]
2023-06-12 16:47:39.280 [http-nio-10001-exec-7] INFO  at.fhtw.tourplanner.services.tour.TourService - TourService.getTour() - tour retrieved successfully: Tour{tourId=3, name='tour2', tourDescription='tour', start='Arizona', destination='Ohio', transportType='car', tourDistance=3025.4, estimatedTime=94539, popularity=1, childFriendliness=3, tourInformation='<tourInformation>', tourLogs=[]}
2023-06-12 16:47:39.304 [http-nio-10001-exec-8] INFO  at.fhtw.tourplanner.services.tourLog.TourLogService - TourLogService.getTourLogs() - TourLogController.getTourLogs() - no content
2023-06-12 16:47:39.927 [http-nio-10001-exec-9] INFO  at.fhtw.tourplanner.services.tour.TourService - TourService.getTour() - tour retrieved successfully: Tour{tourId=1, name='tour bea', tourDescription='tour', start='Berlin', destination='Vienna', transportType='bike', tourDistance=681.1, estimatedTime=23932, popularity=1, childFriendliness=3, tourInformation='<tourInformation>', tourLogs=[TourLog{tourLogId=1, date='2023-06-12 16:45:27', comment='dadad', difficulty=3, totalTime=217260, rating=4}]}
2023-06-12 16:47:39.952 [http-nio-10001-exec-10] INFO  at.fhtw.tourplanner.services.tourLog.TourLogService - TourLogService.getTourLogs() - tourLogs retrieved successfully: [TourLog{tourLogId=1, date='2023-06-12 16:45:27', comment='dadad', difficulty=3, totalTime=217260, rating=4}]
2023-06-12 16:52:56.538 [http-nio-10001-exec-3] INFO  at.fhtw.tourplanner.services.tour.TourService - TourService.getTourList() - tourListEntries retrieved successfully: [TourListEntry{tourId=1, name='tour bea'}, TourListEntry{tourId=3, name='tour2'}, TourListEntry{tourId=4, name='tour bea'}, TourListEntry{tourId=5, name='tour2'}]
2023-06-12 16:53:03.440 [http-nio-10001-exec-5] INFO  at.fhtw.tourplanner.services.tour.TourService - TourService.getTour() - tour retrieved successfully: Tour{tourId=1, name='tour bea', tourDescription='tour', start='Berlin', destination='Vienna', transportType='bike', tourDistance=681.1, estimatedTime=23932, popularity=1, childFriendliness=3, tourInformation='<tourInformation>', tourLogs=[TourLog{tourLogId=1, date='2023-06-12 16:45:27', comment='dadad', difficulty=3, totalTime=217260, rating=4}]}
2023-06-12 16:53:03.564 [http-nio-10001-exec-6] INFO  at.fhtw.tourplanner.services.tourLog.TourLogService - TourLogService.getTourLogs() - tourLogs retrieved successfully: [TourLog{tourLogId=1, date='2023-06-12 16:45:27', comment='dadad', difficulty=3, totalTime=217260, rating=4}]
2023-06-12 16:53:20.966 [http-nio-10001-exec-7] INFO  at.fhtw.tourplanner.services.tour.TourService - TourService.getTour() - tour retrieved successfully: Tour{tourId=1, name='tour bea', tourDescription='tour', start='Berlin', destination='Vienna', transportType='bike', tourDistance=681.1, estimatedTime=23932, popularity=1, childFriendliness=3, tourInformation='<tourInformation>', tourLogs=[TourLog{tourLogId=1, date='2023-06-12 16:45:27', comment='dadad', difficulty=3, totalTime=217260, rating=4}]}
2023-06-12 16:53:20.989 [http-nio-10001-exec-8] INFO  at.fhtw.tourplanner.services.tourLog.TourLogService - TourLogService.getTourLogs() - tourLogs retrieved successfully: [TourLog{tourLogId=1, date='2023-06-12 16:45:27', comment='dadad', difficulty=3, totalTime=217260, rating=4}]
2023-06-12 16:53:52.007 [http-nio-10001-exec-9] INFO  at.fhtw.tourplanner.services.tour.TourService - TourService.createTour() - tour created successfully: Tour{tourId=6, name='bicycle', tourDescription='tt', start='Berlin', destination='Vienna', transportType='bicycle', tourDistance=600.3000000000001, estimatedTime=150167, popularity=1, childFriendliness=3, tourInformation='<tourInformation>', tourLogs=null}
2023-06-12 16:53:53.413 [http-nio-10001-exec-10] INFO  at.fhtw.tourplanner.services.tour.TourService - TourService.getTourList() - tourListEntries retrieved successfully: [TourListEntry{tourId=1, name='tour bea'}, TourListEntry{tourId=3, name='tour2'}, TourListEntry{tourId=4, name='tour bea'}, TourListEntry{tourId=5, name='tour2'}, TourListEntry{tourId=6, name='bicycle'}]
2023-06-12 16:54:26.693 [http-nio-10001-exec-2] INFO  at.fhtw.tourplanner.services.tour.TourService - TourService.createTour() - tour created successfully: Tour{tourId=7, name='pesdestrian', tourDescription='dad', start='Berlin', destination='Vienna', transportType='pedestrian', tourDistance=591.6, estimatedTime=593613, popularity=1, childFriendliness=3, tourInformation='<tourInformation>', tourLogs=null}
2023-06-12 16:54:27.962 [http-nio-10001-exec-3] INFO  at.fhtw.tourplanner.services.tour.TourService - TourService.getTourList() - tourListEntries retrieved successfully: [TourListEntry{tourId=1, name='tour bea'}, TourListEntry{tourId=3, name='tour2'}, TourListEntry{tourId=4, name='tour bea'}, TourListEntry{tourId=5, name='tour2'}, TourListEntry{tourId=6, name='bicycle'}, TourListEntry{tourId=7, name='pesdestrian'}]
2023-06-12 16:54:29.497 [http-nio-10001-exec-5] INFO  at.fhtw.tourplanner.services.tour.TourService - TourService.getTour() - tour retrieved successfully: Tour{tourId=6, name='bicycle', tourDescription='tt', start='Berlin', destination='Vienna', transportType='bicycle', tourDistance=600.3000000000001, estimatedTime=150167, popularity=1, childFriendliness=3, tourInformation='<tourInformation>', tourLogs=[]}
2023-06-12 16:54:29.530 [http-nio-10001-exec-6] INFO  at.fhtw.tourplanner.services.tourLog.TourLogService - TourLogService.getTourLogs() - TourLogController.getTourLogs() - no content
2023-06-12 16:54:31.177 [http-nio-10001-exec-7] INFO  at.fhtw.tourplanner.services.tour.TourService - TourService.getTour() - tour retrieved successfully: Tour{tourId=6, name='bicycle', tourDescription='tt', start='Berlin', destination='Vienna', transportType='bicycle', tourDistance=600.3000000000001, estimatedTime=150167, popularity=1, childFriendliness=3, tourInformation='<tourInformation>', tourLogs=[]}
2023-06-12 16:54:31.206 [http-nio-10001-exec-8] INFO  at.fhtw.tourplanner.services.tourLog.TourLogService - TourLogService.getTourLogs() - TourLogController.getTourLogs() - no content
2023-06-12 16:54:38.019 [http-nio-10001-exec-9] INFO  at.fhtw.tourplanner.services.tour.TourService - TourService.getTour() - tour retrieved successfully: Tour{tourId=6, name='bicycle', tourDescription='tt', start='Berlin', destination='Vienna', transportType='bicycle', tourDistance=600.3000000000001, estimatedTime=150167, popularity=1, childFriendliness=3, tourInformation='<tourInformation>', tourLogs=[]}
2023-06-12 16:54:38.040 [http-nio-10001-exec-10] INFO  at.fhtw.tourplanner.services.tourLog.TourLogService - TourLogService.getTourLogs() - TourLogController.getTourLogs() - no content
2023-06-12 16:54:38.534 [http-nio-10001-exec-1] INFO  at.fhtw.tourplanner.services.tour.TourService - TourService.getTour() - tour retrieved successfully: Tour{tourId=7, name='pesdestrian', tourDescription='dad', start='Berlin', destination='Vienna', transportType='pedestrian', tourDistance=591.6, estimatedTime=593613, popularity=1, childFriendliness=3, tourInformation='<tourInformation>', tourLogs=[]}
2023-06-12 16:54:38.572 [http-nio-10001-exec-4] INFO  at.fhtw.tourplanner.services.tourLog.TourLogService - TourLogService.getTourLogs() - TourLogController.getTourLogs() - no content
2023-06-12 16:54:41.019 [http-nio-10001-exec-2] INFO  at.fhtw.tourplanner.services.tour.TourService - TourService.getTour() - tour retrieved successfully: Tour{tourId=6, name='bicycle', tourDescription='tt', start='Berlin', destination='Vienna', transportType='bicycle', tourDistance=600.3000000000001, estimatedTime=150167, popularity=1, childFriendliness=3, tourInformation='<tourInformation>', tourLogs=[]}
2023-06-12 16:54:41.049 [http-nio-10001-exec-3] INFO  at.fhtw.tourplanner.services.tourLog.TourLogService - TourLogService.getTourLogs() - TourLogController.getTourLogs() - no content
2023-06-12 16:54:52.737 [http-nio-10001-exec-5] INFO  at.fhtw.tourplanner.services.tour.TourService - TourService.getTour() - tour retrieved successfully: Tour{tourId=7, name='pesdestrian', tourDescription='dad', start='Berlin', destination='Vienna', transportType='pedestrian', tourDistance=591.6, estimatedTime=593613, popularity=1, childFriendliness=3, tourInformation='<tourInformation>', tourLogs=[]}
2023-06-12 16:54:52.764 [http-nio-10001-exec-6] INFO  at.fhtw.tourplanner.services.tourLog.TourLogService - TourLogService.getTourLogs() - TourLogController.getTourLogs() - no content
2023-06-12 16:54:55.097 [http-nio-10001-exec-7] INFO  at.fhtw.tourplanner.services.tour.TourService - TourService.getTour() - tour retrieved successfully: Tour{tourId=5, name='tour2', tourDescription='tour', start='Arizona', destination='Ohio', transportType='car', tourDistance=3025.4, estimatedTime=94539, popularity=1, childFriendliness=3, tourInformation='<tourInformation>', tourLogs=[]}
2023-06-12 16:54:55.129 [http-nio-10001-exec-8] INFO  at.fhtw.tourplanner.services.tourLog.TourLogService - TourLogService.getTourLogs() - TourLogController.getTourLogs() - no content
2023-06-12 16:54:58.508 [http-nio-10001-exec-10] INFO  at.fhtw.tourplanner.services.tour.TourService - TourService.getTour() - tour retrieved successfully: Tour{tourId=1, name='tour bea', tourDescription='tour', start='Berlin', destination='Vienna', transportType='bike', tourDistance=681.1, estimatedTime=23932, popularity=1, childFriendliness=3, tourInformation='<tourInformation>', tourLogs=[TourLog{tourLogId=1, date='2023-06-12 16:45:27', comment='dadad', difficulty=3, totalTime=217260, rating=4}]}
2023-06-12 16:54:58.528 [http-nio-10001-exec-1] INFO  at.fhtw.tourplanner.services.tourLog.TourLogService - TourLogService.getTourLogs() - tourLogs retrieved successfully: [TourLog{tourLogId=1, date='2023-06-12 16:45:27', comment='dadad', difficulty=3, totalTime=217260, rating=4}]
2023-06-12 16:55:01.802 [http-nio-10001-exec-4] INFO  at.fhtw.tourplanner.services.tour.TourService - TourService.getTour() - tour retrieved successfully: Tour{tourId=7, name='pesdestrian', tourDescription='dad', start='Berlin', destination='Vienna', transportType='pedestrian', tourDistance=591.6, estimatedTime=593613, popularity=1, childFriendliness=3, tourInformation='<tourInformation>', tourLogs=[]}
2023-06-12 16:55:01.826 [http-nio-10001-exec-2] INFO  at.fhtw.tourplanner.services.tourLog.TourLogService - TourLogService.getTourLogs() - TourLogController.getTourLogs() - no content
2023-06-12 16:55:22.955 [http-nio-10001-exec-3] INFO  at.fhtw.tourplanner.services.tour.TourService - TourService.createTour() - tour created successfully: Tour{tourId=8, name='car', tourDescription='jkj', start='Berlin', destination='Vienna', transportType='car', tourDistance=682.1, estimatedTime=24057, popularity=1, childFriendliness=3, tourInformation='<tourInformation>', tourLogs=null}
2023-06-12 16:55:24.319 [http-nio-10001-exec-5] INFO  at.fhtw.tourplanner.services.tour.TourService - TourService.getTourList() - tourListEntries retrieved successfully: [TourListEntry{tourId=1, name='tour bea'}, TourListEntry{tourId=3, name='tour2'}, TourListEntry{tourId=4, name='tour bea'}, TourListEntry{tourId=5, name='tour2'}, TourListEntry{tourId=6, name='bicycle'}, TourListEntry{tourId=7, name='pesdestrian'}, TourListEntry{tourId=8, name='car'}]
2023-06-12 16:55:25.860 [http-nio-10001-exec-6] INFO  at.fhtw.tourplanner.services.tour.TourService - TourService.getTour() - tour retrieved successfully: Tour{tourId=8, name='car', tourDescription='jkj', start='Berlin', destination='Vienna', transportType='car', tourDistance=682.1, estimatedTime=24057, popularity=1, childFriendliness=3, tourInformation='<tourInformation>', tourLogs=[]}
2023-06-12 16:55:25.883 [http-nio-10001-exec-7] INFO  at.fhtw.tourplanner.services.tourLog.TourLogService - TourLogService.getTourLogs() - TourLogController.getTourLogs() - no content
2023-06-12 16:55:32.499 [http-nio-10001-exec-8] INFO  at.fhtw.tourplanner.services.tour.TourService - TourService.getTour() - tour retrieved successfully: Tour{tourId=7, name='pesdestrian', tourDescription='dad', start='Berlin', destination='Vienna', transportType='pedestrian', tourDistance=591.6, estimatedTime=593613, popularity=1, childFriendliness=3, tourInformation='<tourInformation>', tourLogs=[]}
2023-06-12 16:55:32.520 [http-nio-10001-exec-9] INFO  at.fhtw.tourplanner.services.tourLog.TourLogService - TourLogService.getTourLogs() - TourLogController.getTourLogs() - no content
2023-06-12 16:55:34.734 [http-nio-10001-exec-10] INFO  at.fhtw.tourplanner.services.tour.TourService - TourService.getTour() - tour retrieved successfully: Tour{tourId=6, name='bicycle', tourDescription='tt', start='Berlin', destination='Vienna', transportType='bicycle', tourDistance=600.3000000000001, estimatedTime=150167, popularity=1, childFriendliness=3, tourInformation='<tourInformation>', tourLogs=[]}
2023-06-12 16:55:34.759 [http-nio-10001-exec-1] INFO  at.fhtw.tourplanner.services.tourLog.TourLogService - TourLogService.getTourLogs() - TourLogController.getTourLogs() - no content
2023-06-12 16:55:40.952 [http-nio-10001-exec-4] INFO  at.fhtw.tourplanner.services.tour.TourService - TourService.getTour() - tour retrieved successfully: Tour{tourId=7, name='pesdestrian', tourDescription='dad', start='Berlin', destination='Vienna', transportType='pedestrian', tourDistance=591.6, estimatedTime=593613, popularity=1, childFriendliness=3, tourInformation='<tourInformation>', tourLogs=[]}
2023-06-12 16:55:40.973 [http-nio-10001-exec-2] INFO  at.fhtw.tourplanner.services.tourLog.TourLogService - TourLogService.getTourLogs() - TourLogController.getTourLogs() - no content
2023-06-12 16:55:44.927 [http-nio-10001-exec-3] INFO  at.fhtw.tourplanner.services.tour.TourService - TourService.getTour() - tour retrieved successfully: Tour{tourId=8, name='car', tourDescription='jkj', start='Berlin', destination='Vienna', transportType='car', tourDistance=682.1, estimatedTime=24057, popularity=1, childFriendliness=3, tourInformation='<tourInformation>', tourLogs=[]}
2023-06-12 16:55:44.952 [http-nio-10001-exec-5] INFO  at.fhtw.tourplanner.services.tourLog.TourLogService - TourLogService.getTourLogs() - TourLogController.getTourLogs() - no content
2023-06-12 16:55:46.190 [http-nio-10001-exec-6] INFO  at.fhtw.tourplanner.services.tour.TourService - TourService.getTour() - tour retrieved successfully: Tour{tourId=6, name='bicycle', tourDescription='tt', start='Berlin', destination='Vienna', transportType='bicycle', tourDistance=600.3000000000001, estimatedTime=150167, popularity=1, childFriendliness=3, tourInformation='<tourInformation>', tourLogs=[]}
2023-06-12 16:55:46.216 [http-nio-10001-exec-7] INFO  at.fhtw.tourplanner.services.tourLog.TourLogService - TourLogService.getTourLogs() - TourLogController.getTourLogs() - no content
2023-06-12 16:55:53.036 [http-nio-10001-exec-9] INFO  at.fhtw.tourplanner.services.tour.TourService - TourService.getTour() - tour retrieved successfully: Tour{tourId=7, name='pesdestrian', tourDescription='dad', start='Berlin', destination='Vienna', transportType='pedestrian', tourDistance=591.6, estimatedTime=593613, popularity=1, childFriendliness=3, tourInformation='<tourInformation>', tourLogs=[]}
2023-06-12 16:55:53.053 [http-nio-10001-exec-10] INFO  at.fhtw.tourplanner.services.tourLog.TourLogService - TourLogService.getTourLogs() - TourLogController.getTourLogs() - no content
2023-06-12 16:55:53.719 [http-nio-10001-exec-1] INFO  at.fhtw.tourplanner.services.tour.TourService - TourService.getTour() - tour retrieved successfully: Tour{tourId=7, name='pesdestrian', tourDescription='dad', start='Berlin', destination='Vienna', transportType='pedestrian', tourDistance=591.6, estimatedTime=593613, popularity=1, childFriendliness=3, tourInformation='<tourInformation>', tourLogs=[]}
2023-06-12 16:55:53.738 [http-nio-10001-exec-4] INFO  at.fhtw.tourplanner.services.tourLog.TourLogService - TourLogService.getTourLogs() - TourLogController.getTourLogs() - no content
2023-06-12 16:55:54.550 [http-nio-10001-exec-2] INFO  at.fhtw.tourplanner.services.tour.TourService - TourService.getTour() - tour retrieved successfully: Tour{tourId=6, name='bicycle', tourDescription='tt', start='Berlin', destination='Vienna', transportType='bicycle', tourDistance=600.3000000000001, estimatedTime=150167, popularity=1, childFriendliness=3, tourInformation='<tourInformation>', tourLogs=[]}
2023-06-12 16:55:54.592 [http-nio-10001-exec-3] INFO  at.fhtw.tourplanner.services.tourLog.TourLogService - TourLogService.getTourLogs() - TourLogController.getTourLogs() - no content
2023-06-12 16:55:55.793 [http-nio-10001-exec-5] INFO  at.fhtw.tourplanner.services.tour.TourService - TourService.getTour() - tour retrieved successfully: Tour{tourId=7, name='pesdestrian', tourDescription='dad', start='Berlin', destination='Vienna', transportType='pedestrian', tourDistance=591.6, estimatedTime=593613, popularity=1, childFriendliness=3, tourInformation='<tourInformation>', tourLogs=[]}
2023-06-12 16:55:55.815 [http-nio-10001-exec-6] INFO  at.fhtw.tourplanner.services.tourLog.TourLogService - TourLogService.getTourLogs() - TourLogController.getTourLogs() - no content
2023-06-12 16:55:58.780 [http-nio-10001-exec-7] INFO  at.fhtw.tourplanner.services.tour.TourService - TourService.getTour() - tour retrieved successfully: Tour{tourId=8, name='car', tourDescription='jkj', start='Berlin', destination='Vienna', transportType='car', tourDistance=682.1, estimatedTime=24057, popularity=1, childFriendliness=3, tourInformation='<tourInformation>', tourLogs=[]}
2023-06-12 16:55:58.802 [http-nio-10001-exec-8] INFO  at.fhtw.tourplanner.services.tourLog.TourLogService - TourLogService.getTourLogs() - TourLogController.getTourLogs() - no content
2023-06-12 16:56:12.408 [http-nio-10001-exec-9] INFO  at.fhtw.tourplanner.services.dataTransfer.DataTransferService - DataTransferService.exportTours() - tours exported successfully: [Tour{tourId=1, name='tour bea', tourDescription='tour', start='Berlin', destination='Vienna', transportType='bike', tourDistance=681.1, estimatedTime=23932, popularity=1, childFriendliness=3, tourInformation='<tourInformation>', tourLogs=[TourLog{tourLogId=1, date='2023-06-12 16:45:27', comment='dadad', difficulty=3, totalTime=217260, rating=4}]}, Tour{tourId=3, name='tour2', tourDescription='tour', start='Arizona', destination='Ohio', transportType='car', tourDistance=3025.4, estimatedTime=94539, popularity=1, childFriendliness=3, tourInformation='<tourInformation>', tourLogs=[]}, Tour{tourId=4, name='tour bea', tourDescription='tour', start='Berlin', destination='Vienna', transportType='bike', tourDistance=681.1, estimatedTime=23932, popularity=1, childFriendliness=3, tourInformation='<tourInformation>', tourLogs=[TourLog{tourLogId=2, date='2023-06-12 16:47:21', comment='dadad', difficulty=3, totalTime=217260, rating=4}]}, Tour{tourId=5, name='tour2', tourDescription='tour', start='Arizona', destination='Ohio', transportType='car', tourDistance=3025.4, estimatedTime=94539, popularity=1, childFriendliness=3, tourInformation='<tourInformation>', tourLogs=[]}, Tour{tourId=6, name='bicycle', tourDescription='tt', start='Berlin', destination='Vienna', transportType='bicycle', tourDistance=600.3000000000001, estimatedTime=150167, popularity=1, childFriendliness=3, tourInformation='<tourInformation>', tourLogs=[]}, Tour{tourId=7, name='pesdestrian', tourDescription='dad', start='Berlin', destination='Vienna', transportType='pedestrian', tourDistance=591.6, estimatedTime=593613, popularity=1, childFriendliness=3, tourInformation='<tourInformation>', tourLogs=[]}, Tour{tourId=8, name='car', tourDescription='jkj', start='Berlin', destination='Vienna', transportType='car', tourDistance=682.1, estimatedTime=24057, popularity=1, childFriendliness=3, tourInformation='<tourInformation>', tourLogs=[]}]
2023-06-12 16:56:25.678 [http-nio-10001-exec-10] INFO  at.fhtw.tourplanner.services.dataTransfer.DataTransferService - DataTransferService.exportTours() - tours exported successfully: [Tour{tourId=1, name='tour bea', tourDescription='tour', start='Berlin', destination='Vienna', transportType='bike', tourDistance=681.1, estimatedTime=23932, popularity=1, childFriendliness=3, tourInformation='<tourInformation>', tourLogs=[TourLog{tourLogId=1, date='2023-06-12 16:45:27', comment='dadad', difficulty=3, totalTime=217260, rating=4}]}, Tour{tourId=3, name='tour2', tourDescription='tour', start='Arizona', destination='Ohio', transportType='car', tourDistance=3025.4, estimatedTime=94539, popularity=1, childFriendliness=3, tourInformation='<tourInformation>', tourLogs=[]}, Tour{tourId=4, name='tour bea', tourDescription='tour', start='Berlin', destination='Vienna', transportType='bike', tourDistance=681.1, estimatedTime=23932, popularity=1, childFriendliness=3, tourInformation='<tourInformation>', tourLogs=[TourLog{tourLogId=2, date='2023-06-12 16:47:21', comment='dadad', difficulty=3, totalTime=217260, rating=4}]}, Tour{tourId=5, name='tour2', tourDescription='tour', start='Arizona', destination='Ohio', transportType='car', tourDistance=3025.4, estimatedTime=94539, popularity=1, childFriendliness=3, tourInformation='<tourInformation>', tourLogs=[]}, Tour{tourId=6, name='bicycle', tourDescription='tt', start='Berlin', destination='Vienna', transportType='bicycle', tourDistance=600.3000000000001, estimatedTime=150167, popularity=1, childFriendliness=3, tourInformation='<tourInformation>', tourLogs=[]}, Tour{tourId=7, name='pesdestrian', tourDescription='dad', start='Berlin', destination='Vienna', transportType='pedestrian', tourDistance=591.6, estimatedTime=593613, popularity=1, childFriendliness=3, tourInformation='<tourInformation>', tourLogs=[]}, Tour{tourId=8, name='car', tourDescription='jkj', start='Berlin', destination='Vienna', transportType='car', tourDistance=682.1, estimatedTime=24057, popularity=1, childFriendliness=3, tourInformation='<tourInformation>', tourLogs=[]}]
2023-06-12 16:56:38.169 [http-nio-10001-exec-1] INFO  at.fhtw.tourplanner.services.tour.TourService - TourService.getTour() - tour retrieved successfully: Tour{tourId=8, name='car', tourDescription='jkj', start='Berlin', destination='Vienna', transportType='car', tourDistance=682.1, estimatedTime=24057, popularity=1, childFriendliness=3, tourInformation='<tourInformation>', tourLogs=[]}
2023-06-12 16:57:42.078 [http-nio-10001-exec-6] INFO  at.fhtw.tourplanner.services.dataTransfer.DataTransferService - DataTransferService.exportTours() - tours exported successfully: [Tour{tourId=1, name='tour bea', tourDescription='tour', start='Berlin', destination='Vienna', transportType='bike', tourDistance=681.1, estimatedTime=23932, popularity=1, childFriendliness=3, tourInformation='<tourInformation>', tourLogs=[TourLog{tourLogId=1, date='2023-06-12 16:45:27', comment='dadad', difficulty=3, totalTime=217260, rating=4}]}, Tour{tourId=3, name='tour2', tourDescription='tour', start='Arizona', destination='Ohio', transportType='car', tourDistance=3025.4, estimatedTime=94539, popularity=1, childFriendliness=3, tourInformation='<tourInformation>', tourLogs=[]}, Tour{tourId=4, name='tour bea', tourDescription='tour', start='Berlin', destination='Vienna', transportType='bike', tourDistance=681.1, estimatedTime=23932, popularity=1, childFriendliness=3, tourInformation='<tourInformation>', tourLogs=[TourLog{tourLogId=2, date='2023-06-12 16:47:21', comment='dadad', difficulty=3, totalTime=217260, rating=4}]}, Tour{tourId=5, name='tour2', tourDescription='tour', start='Arizona', destination='Ohio', transportType='car', tourDistance=3025.4, estimatedTime=94539, popularity=1, childFriendliness=3, tourInformation='<tourInformation>', tourLogs=[]}, Tour{tourId=6, name='bicycle', tourDescription='tt', start='Berlin', destination='Vienna', transportType='bicycle', tourDistance=600.3000000000001, estimatedTime=150167, popularity=1, childFriendliness=3, tourInformation='<tourInformation>', tourLogs=[]}, Tour{tourId=7, name='pesdestrian', tourDescription='dad', start='Berlin', destination='Vienna', transportType='pedestrian', tourDistance=591.6, estimatedTime=593613, popularity=1, childFriendliness=3, tourInformation='<tourInformation>', tourLogs=[]}, Tour{tourId=8, name='car', tourDescription='jkj', start='Berlin', destination='Vienna', transportType='car', tourDistance=682.1, estimatedTime=24057, popularity=1, childFriendliness=3, tourInformation='<tourInformation>', tourLogs=[]}]
2023-06-12 16:58:40.177 [http-nio-10001-exec-8] INFO  at.fhtw.tourplanner.services.tour.TourService - TourService.getTourList() - tourListEntries retrieved successfully: [TourListEntry{tourId=1, name='tour bea'}, TourListEntry{tourId=3, name='tour2'}, TourListEntry{tourId=4, name='tour bea'}, TourListEntry{tourId=5, name='tour2'}, TourListEntry{tourId=6, name='bicycle'}, TourListEntry{tourId=7, name='pesdestrian'}, TourListEntry{tourId=8, name='car'}]
2023-06-12 16:58:46.876 [http-nio-10001-exec-9] INFO  at.fhtw.tourplanner.services.dataTransfer.DataTransferService - DataTransferService.exportTours() - tours exported successfully: [Tour{tourId=1, name='tour bea', tourDescription='tour', start='Berlin', destination='Vienna', transportType='bike', tourDistance=681.1, estimatedTime=23932, popularity=1, childFriendliness=3, tourInformation='<tourInformation>', tourLogs=[TourLog{tourLogId=1, date='2023-06-12 16:45:27', comment='dadad', difficulty=3, totalTime=217260, rating=4}]}, Tour{tourId=3, name='tour2', tourDescription='tour', start='Arizona', destination='Ohio', transportType='car', tourDistance=3025.4, estimatedTime=94539, popularity=1, childFriendliness=3, tourInformation='<tourInformation>', tourLogs=[]}, Tour{tourId=4, name='tour bea', tourDescription='tour', start='Berlin', destination='Vienna', transportType='bike', tourDistance=681.1, estimatedTime=23932, popularity=1, childFriendliness=3, tourInformation='<tourInformation>', tourLogs=[TourLog{tourLogId=2, date='2023-06-12 16:47:21', comment='dadad', difficulty=3, totalTime=217260, rating=4}]}, Tour{tourId=5, name='tour2', tourDescription='tour', start='Arizona', destination='Ohio', transportType='car', tourDistance=3025.4, estimatedTime=94539, popularity=1, childFriendliness=3, tourInformation='<tourInformation>', tourLogs=[]}, Tour{tourId=6, name='bicycle', tourDescription='tt', start='Berlin', destination='Vienna', transportType='bicycle', tourDistance=600.3000000000001, estimatedTime=150167, popularity=1, childFriendliness=3, tourInformation='<tourInformation>', tourLogs=[]}, Tour{tourId=7, name='pesdestrian', tourDescription='dad', start='Berlin', destination='Vienna', transportType='pedestrian', tourDistance=591.6, estimatedTime=593613, popularity=1, childFriendliness=3, tourInformation='<tourInformation>', tourLogs=[]}, Tour{tourId=8, name='car', tourDescription='jkj', start='Berlin', destination='Vienna', transportType='car', tourDistance=682.1, estimatedTime=24057, popularity=1, childFriendliness=3, tourInformation='<tourInformation>', tourLogs=[]}]
2023-06-12 16:59:35.410 [http-nio-10001-exec-10] INFO  at.fhtw.tourplanner.services.tour.TourService - TourService.getTour() - tour retrieved successfully: Tour{tourId=1, name='tour bea', tourDescription='tour', start='Berlin', destination='Vienna', transportType='bike', tourDistance=681.1, estimatedTime=23932, popularity=1, childFriendliness=3, tourInformation='<tourInformation>', tourLogs=[TourLog{tourLogId=1, date='2023-06-12 16:45:27', comment='dadad', difficulty=3, totalTime=217260, rating=4}]}
2023-06-12 16:59:35.467 [http-nio-10001-exec-1] INFO  at.fhtw.tourplanner.services.tourLog.TourLogService - TourLogService.getTourLogs() - tourLogs retrieved successfully: [TourLog{tourLogId=1, date='2023-06-12 16:45:27', comment='dadad', difficulty=3, totalTime=217260, rating=4}]
2023-06-12 17:00:52.275 [http-nio-10001-exec-5] INFO  at.fhtw.tourplanner.services.tour.TourService - TourService.getTourList() - tourListEntries retrieved successfully: [TourListEntry{tourId=1, name='tour bea'}, TourListEntry{tourId=3, name='tour2'}, TourListEntry{tourId=4, name='tour bea'}, TourListEntry{tourId=5, name='tour2'}, TourListEntry{tourId=6, name='bicycle'}, TourListEntry{tourId=7, name='pesdestrian'}, TourListEntry{tourId=8, name='car'}]
2023-06-12 17:01:06.412 [http-nio-10001-exec-6] INFO  at.fhtw.tourplanner.services.tour.TourService - TourService.getTour() - tour retrieved successfully: Tour{tourId=1, name='tour bea', tourDescription='tour', start='Berlin', destination='Vienna', transportType='bike', tourDistance=681.1, estimatedTime=23932, popularity=1, childFriendliness=3, tourInformation='<tourInformation>', tourLogs=[TourLog{tourLogId=1, date='2023-06-12 16:45:27', comment='dadad', difficulty=3, totalTime=217260, rating=4}]}
2023-06-12 17:01:06.513 [http-nio-10001-exec-7] INFO  at.fhtw.tourplanner.services.tourLog.TourLogService - TourLogService.getTourLogs() - tourLogs retrieved successfully: [TourLog{tourLogId=1, date='2023-06-12 16:45:27', comment='dadad', difficulty=3, totalTime=217260, rating=4}]
2023-06-12 17:01:23.698 [http-nio-10001-exec-8] INFO  at.fhtw.tourplanner.services.tourLog.TourLogService - TourLogService.updateTourLog() - tourLog updated successfully: TourLog{tourLogId=1, date='2023-06-12 17:01:23', comment='dadad', difficulty=3, totalTime=44460, rating=4}
2023-06-12 17:01:24.664 [http-nio-10001-exec-9] INFO  at.fhtw.tourplanner.services.tourLog.TourLogService - TourLogService.getTourLogs() - tourLogs retrieved successfully: [TourLog{tourLogId=1, date='2023-06-12 17:01:23', comment='dadad', difficulty=3, totalTime=44460, rating=4}]
2023-06-12 17:01:27.624 [http-nio-10001-exec-10] INFO  at.fhtw.tourplanner.services.dataTransfer.DataTransferService - DataTransferService.exportTours() - tours exported successfully: [Tour{tourId=1, name='tour bea', tourDescription='tour', start='Berlin', destination='Vienna', transportType='bike', tourDistance=681.1, estimatedTime=23932, popularity=1, childFriendliness=3, tourInformation='<tourInformation>', tourLogs=[TourLog{tourLogId=1, date='2023-06-12 17:01:23', comment='dadad', difficulty=3, totalTime=44460, rating=4}]}, Tour{tourId=3, name='tour2', tourDescription='tour', start='Arizona', destination='Ohio', transportType='car', tourDistance=3025.4, estimatedTime=94539, popularity=1, childFriendliness=3, tourInformation='<tourInformation>', tourLogs=[]}, Tour{tourId=4, name='tour bea', tourDescription='tour', start='Berlin', destination='Vienna', transportType='bike', tourDistance=681.1, estimatedTime=23932, popularity=1, childFriendliness=3, tourInformation='<tourInformation>', tourLogs=[TourLog{tourLogId=2, date='2023-06-12 16:47:21', comment='dadad', difficulty=3, totalTime=217260, rating=4}]}, Tour{tourId=5, name='tour2', tourDescription='tour', start='Arizona', destination='Ohio', transportType='car', tourDistance=3025.4, estimatedTime=94539, popularity=1, childFriendliness=3, tourInformation='<tourInformation>', tourLogs=[]}, Tour{tourId=6, name='bicycle', tourDescription='tt', start='Berlin', destination='Vienna', transportType='bicycle', tourDistance=600.3000000000001, estimatedTime=150167, popularity=1, childFriendliness=3, tourInformation='<tourInformation>', tourLogs=[]}, Tour{tourId=7, name='pesdestrian', tourDescription='dad', start='Berlin', destination='Vienna', transportType='pedestrian', tourDistance=591.6, estimatedTime=593613, popularity=1, childFriendliness=3, tourInformation='<tourInformation>', tourLogs=[]}, Tour{tourId=8, name='car', tourDescription='jkj', start='Berlin', destination='Vienna', transportType='car', tourDistance=682.1, estimatedTime=24057, popularity=1, childFriendliness=3, tourInformation='<tourInformation>', tourLogs=[]}]
2023-06-12 17:01:37.384 [http-nio-10001-exec-1] INFO  at.fhtw.tourplanner.services.tour.TourService - TourService.deleteTour() - tour deleted successfully: 1
2023-06-12 17:01:38.676 [http-nio-10001-exec-4] INFO  at.fhtw.tourplanner.services.tour.TourService - TourService.getTourList() - tourListEntries retrieved successfully: [TourListEntry{tourId=3, name='tour2'}, TourListEntry{tourId=4, name='tour bea'}, TourListEntry{tourId=5, name='tour2'}, TourListEntry{tourId=6, name='bicycle'}, TourListEntry{tourId=7, name='pesdestrian'}, TourListEntry{tourId=8, name='car'}]
2023-06-12 17:01:43.776 [http-nio-10001-exec-2] INFO  at.fhtw.tourplanner.services.tour.TourService - TourService.getTour() - tour retrieved successfully: Tour{tourId=3, name='tour2', tourDescription='tour', start='Arizona', destination='Ohio', transportType='car', tourDistance=3025.4, estimatedTime=94539, popularity=1, childFriendliness=3, tourInformation='<tourInformation>', tourLogs=[]}
2023-06-12 17:01:43.808 [http-nio-10001-exec-3] INFO  at.fhtw.tourplanner.services.tourLog.TourLogService - TourLogService.getTourLogs() - TourLogController.getTourLogs() - no content
2023-06-12 17:01:45.167 [http-nio-10001-exec-5] INFO  at.fhtw.tourplanner.services.tour.TourService - TourService.deleteTour() - tour deleted successfully: 3
2023-06-12 17:01:46.341 [http-nio-10001-exec-6] INFO  at.fhtw.tourplanner.services.tour.TourService - TourService.getTourList() - tourListEntries retrieved successfully: [TourListEntry{tourId=4, name='tour bea'}, TourListEntry{tourId=5, name='tour2'}, TourListEntry{tourId=6, name='bicycle'}, TourListEntry{tourId=7, name='pesdestrian'}, TourListEntry{tourId=8, name='car'}]
2023-06-12 17:01:48.266 [http-nio-10001-exec-7] INFO  at.fhtw.tourplanner.services.tour.TourService - TourService.getTour() - tour retrieved successfully: Tour{tourId=6, name='bicycle', tourDescription='tt', start='Berlin', destination='Vienna', transportType='bicycle', tourDistance=600.3000000000001, estimatedTime=150167, popularity=1, childFriendliness=3, tourInformation='<tourInformation>', tourLogs=[]}
2023-06-12 17:01:48.300 [http-nio-10001-exec-8] INFO  at.fhtw.tourplanner.services.tourLog.TourLogService - TourLogService.getTourLogs() - TourLogController.getTourLogs() - no content
2023-06-12 17:01:49.927 [http-nio-10001-exec-9] INFO  at.fhtw.tourplanner.services.tour.TourService - TourService.deleteTour() - tour deleted successfully: 6
2023-06-12 17:01:50.980 [http-nio-10001-exec-10] INFO  at.fhtw.tourplanner.services.tour.TourService - TourService.getTourList() - tourListEntries retrieved successfully: [TourListEntry{tourId=4, name='tour bea'}, TourListEntry{tourId=5, name='tour2'}, TourListEntry{tourId=7, name='pesdestrian'}, TourListEntry{tourId=8, name='car'}]
2023-06-12 17:01:51.764 [http-nio-10001-exec-1] INFO  at.fhtw.tourplanner.services.tour.TourService - TourService.getTour() - tour retrieved successfully: Tour{tourId=7, name='pesdestrian', tourDescription='dad', start='Berlin', destination='Vienna', transportType='pedestrian', tourDistance=591.6, estimatedTime=593613, popularity=1, childFriendliness=3, tourInformation='<tourInformation>', tourLogs=[]}
2023-06-12 17:01:51.811 [http-nio-10001-exec-4] INFO  at.fhtw.tourplanner.services.tourLog.TourLogService - TourLogService.getTourLogs() - TourLogController.getTourLogs() - no content
2023-06-12 17:01:53.332 [http-nio-10001-exec-2] INFO  at.fhtw.tourplanner.services.tour.TourService - TourService.deleteTour() - tour deleted successfully: 7
2023-06-12 17:01:54.061 [http-nio-10001-exec-3] INFO  at.fhtw.tourplanner.services.tour.TourService - TourService.getTourList() - tourListEntries retrieved successfully: [TourListEntry{tourId=4, name='tour bea'}, TourListEntry{tourId=5, name='tour2'}, TourListEntry{tourId=8, name='car'}]
2023-06-12 17:01:55.084 [http-nio-10001-exec-5] INFO  at.fhtw.tourplanner.services.tour.TourService - TourService.getTour() - tour retrieved successfully: Tour{tourId=5, name='tour2', tourDescription='tour', start='Arizona', destination='Ohio', transportType='car', tourDistance=3025.4, estimatedTime=94539, popularity=1, childFriendliness=3, tourInformation='<tourInformation>', tourLogs=[]}
2023-06-12 17:01:55.126 [http-nio-10001-exec-6] INFO  at.fhtw.tourplanner.services.tourLog.TourLogService - TourLogService.getTourLogs() - TourLogController.getTourLogs() - no content
2023-06-12 17:01:56.276 [http-nio-10001-exec-7] INFO  at.fhtw.tourplanner.services.tour.TourService - TourService.getTour() - tour retrieved successfully: Tour{tourId=5, name='tour2', tourDescription='tour', start='Arizona', destination='Ohio', transportType='car', tourDistance=3025.4, estimatedTime=94539, popularity=1, childFriendliness=3, tourInformation='<tourInformation>', tourLogs=[]}
2023-06-12 17:01:56.300 [http-nio-10001-exec-8] INFO  at.fhtw.tourplanner.services.tourLog.TourLogService - TourLogService.getTourLogs() - TourLogController.getTourLogs() - no content
2023-06-12 17:01:56.906 [http-nio-10001-exec-9] INFO  at.fhtw.tourplanner.services.tour.TourService - TourService.getTour() - tour retrieved successfully: Tour{tourId=4, name='tour bea', tourDescription='tour', start='Berlin', destination='Vienna', transportType='bike', tourDistance=681.1, estimatedTime=23932, popularity=1, childFriendliness=3, tourInformation='<tourInformation>', tourLogs=[TourLog{tourLogId=2, date='2023-06-12 16:47:21', comment='dadad', difficulty=3, totalTime=217260, rating=4}]}
2023-06-12 17:01:56.926 [http-nio-10001-exec-10] INFO  at.fhtw.tourplanner.services.tourLog.TourLogService - TourLogService.getTourLogs() - tourLogs retrieved successfully: [TourLog{tourLogId=2, date='2023-06-12 16:47:21', comment='dadad', difficulty=3, totalTime=217260, rating=4}]
2023-06-12 17:02:04.482 [http-nio-10001-exec-1] INFO  at.fhtw.tourplanner.services.tour.TourService - TourService.deleteTour() - tour deleted successfully: 4
2023-06-12 17:02:05.209 [http-nio-10001-exec-4] INFO  at.fhtw.tourplanner.services.tour.TourService - TourService.getTourList() - tourListEntries retrieved successfully: [TourListEntry{tourId=5, name='tour2'}, TourListEntry{tourId=8, name='car'}]
2023-06-12 17:02:06.078 [http-nio-10001-exec-2] INFO  at.fhtw.tourplanner.services.tour.TourService - TourService.getTour() - tour retrieved successfully: Tour{tourId=8, name='car', tourDescription='jkj', start='Berlin', destination='Vienna', transportType='car', tourDistance=682.1, estimatedTime=24057, popularity=1, childFriendliness=3, tourInformation='<tourInformation>', tourLogs=[]}
2023-06-12 17:02:06.129 [http-nio-10001-exec-3] INFO  at.fhtw.tourplanner.services.tourLog.TourLogService - TourLogService.getTourLogs() - TourLogController.getTourLogs() - no content
2023-06-12 17:02:06.537 [http-nio-10001-exec-5] INFO  at.fhtw.tourplanner.services.tour.TourService - TourService.getTour() - tour retrieved successfully: Tour{tourId=5, name='tour2', tourDescription='tour', start='Arizona', destination='Ohio', transportType='car', tourDistance=3025.4, estimatedTime=94539, popularity=1, childFriendliness=3, tourInformation='<tourInformation>', tourLogs=[]}
2023-06-12 17:02:06.571 [http-nio-10001-exec-6] INFO  at.fhtw.tourplanner.services.tourLog.TourLogService - TourLogService.getTourLogs() - TourLogController.getTourLogs() - no content
2023-06-12 17:02:07.547 [http-nio-10001-exec-7] INFO  at.fhtw.tourplanner.services.tour.TourService - TourService.getTour() - tour retrieved successfully: Tour{tourId=8, name='car', tourDescription='jkj', start='Berlin', destination='Vienna', transportType='car', tourDistance=682.1, estimatedTime=24057, popularity=1, childFriendliness=3, tourInformation='<tourInformation>', tourLogs=[]}
2023-06-12 17:02:07.576 [http-nio-10001-exec-8] INFO  at.fhtw.tourplanner.services.tourLog.TourLogService - TourLogService.getTourLogs() - TourLogController.getTourLogs() - no content
2023-06-12 17:02:11.102 [http-nio-10001-exec-9] INFO  at.fhtw.tourplanner.services.tour.TourService - TourService.getTour() - tour retrieved successfully: Tour{tourId=5, name='tour2', tourDescription='tour', start='Arizona', destination='Ohio', transportType='car', tourDistance=3025.4, estimatedTime=94539, popularity=1, childFriendliness=3, tourInformation='<tourInformation>', tourLogs=[]}
2023-06-12 17:02:11.120 [http-nio-10001-exec-10] INFO  at.fhtw.tourplanner.services.tourLog.TourLogService - TourLogService.getTourLogs() - TourLogController.getTourLogs() - no content
2023-06-12 17:02:16.633 [http-nio-10001-exec-1] INFO  at.fhtw.tourplanner.services.tour.TourService - TourService.deleteTour() - tour deleted successfully: 5
2023-06-12 17:02:17.379 [http-nio-10001-exec-4] INFO  at.fhtw.tourplanner.services.tour.TourService - TourService.getTourList() - tourListEntries retrieved successfully: [TourListEntry{tourId=8, name='car'}]
2023-06-12 17:02:51.641 [http-nio-10001-exec-3] INFO  at.fhtw.tourplanner.services.tour.TourService - TourService.createTour() - tour created successfully: Tour{tourId=9, name='tour2', tourDescription='tour2', start='Vienna', destination='Berlin', transportType='car', tourDistance=682.7, estimatedTime=24178, popularity=1, childFriendliness=3, tourInformation='<tourInformation>', tourLogs=null}
2023-06-12 17:02:52.879 [http-nio-10001-exec-5] INFO  at.fhtw.tourplanner.services.tour.TourService - TourService.getTourList() - tourListEntries retrieved successfully: [TourListEntry{tourId=8, name='car'}, TourListEntry{tourId=9, name='tour2'}]
2023-06-12 17:02:54.427 [http-nio-10001-exec-6] INFO  at.fhtw.tourplanner.services.tour.TourService - TourService.getTour() - tour retrieved successfully: Tour{tourId=8, name='car', tourDescription='jkj', start='Berlin', destination='Vienna', transportType='car', tourDistance=682.1, estimatedTime=24057, popularity=1, childFriendliness=3, tourInformation='<tourInformation>', tourLogs=[]}
2023-06-12 17:02:54.454 [http-nio-10001-exec-7] INFO  at.fhtw.tourplanner.services.tourLog.TourLogService - TourLogService.getTourLogs() - TourLogController.getTourLogs() - no content
2023-06-12 17:02:55.799 [http-nio-10001-exec-9] INFO  at.fhtw.tourplanner.services.tour.TourService - TourService.getTour() - tour retrieved successfully: Tour{tourId=9, name='tour2', tourDescription='tour2', start='Vienna', destination='Berlin', transportType='car', tourDistance=682.7, estimatedTime=24178, popularity=1, childFriendliness=3, tourInformation='<tourInformation>', tourLogs=[]}
2023-06-12 17:02:55.817 [http-nio-10001-exec-10] INFO  at.fhtw.tourplanner.services.tourLog.TourLogService - TourLogService.getTourLogs() - TourLogController.getTourLogs() - no content
2023-06-12 17:02:57.137 [http-nio-10001-exec-1] INFO  at.fhtw.tourplanner.services.tour.TourService - TourService.getTour() - tour retrieved successfully: Tour{tourId=8, name='car', tourDescription='jkj', start='Berlin', destination='Vienna', transportType='car', tourDistance=682.1, estimatedTime=24057, popularity=1, childFriendliness=3, tourInformation='<tourInformation>', tourLogs=[]}
2023-06-12 17:02:57.163 [http-nio-10001-exec-4] INFO  at.fhtw.tourplanner.services.tourLog.TourLogService - TourLogService.getTourLogs() - TourLogController.getTourLogs() - no content
2023-06-12 17:02:59.051 [http-nio-10001-exec-2] INFO  at.fhtw.tourplanner.services.tour.TourService - TourService.getTour() - tour retrieved successfully: Tour{tourId=9, name='tour2', tourDescription='tour2', start='Vienna', destination='Berlin', transportType='car', tourDistance=682.7, estimatedTime=24178, popularity=1, childFriendliness=3, tourInformation='<tourInformation>', tourLogs=[]}
2023-06-12 17:02:59.077 [http-nio-10001-exec-3] INFO  at.fhtw.tourplanner.services.tourLog.TourLogService - TourLogService.getTourLogs() - TourLogController.getTourLogs() - no content
2023-06-12 17:03:01.503 [http-nio-10001-exec-5] INFO  at.fhtw.tourplanner.services.tour.TourService - TourService.getTour() - tour retrieved successfully: Tour{tourId=8, name='car', tourDescription='jkj', start='Berlin', destination='Vienna', transportType='car', tourDistance=682.1, estimatedTime=24057, popularity=1, childFriendliness=3, tourInformation='<tourInformation>', tourLogs=[]}
2023-06-12 17:03:01.520 [http-nio-10001-exec-6] INFO  at.fhtw.tourplanner.services.tourLog.TourLogService - TourLogService.getTourLogs() - TourLogController.getTourLogs() - no content
2023-06-12 17:03:03.526 [http-nio-10001-exec-7] INFO  at.fhtw.tourplanner.services.dataTransfer.DataTransferService - DataTransferService.exportTours() - tours exported successfully: [Tour{tourId=8, name='car', tourDescription='jkj', start='Berlin', destination='Vienna', transportType='car', tourDistance=682.1, estimatedTime=24057, popularity=1, childFriendliness=3, tourInformation='<tourInformation>', tourLogs=[]}, Tour{tourId=9, name='tour2', tourDescription='tour2', start='Vienna', destination='Berlin', transportType='car', tourDistance=682.7, estimatedTime=24178, popularity=1, childFriendliness=3, tourInformation='<tourInformation>', tourLogs=[]}]
2023-06-12 17:03:33.142 [http-nio-10001-exec-8] INFO  at.fhtw.tourplanner.services.tour.TourService - TourService.createTour() - tour created successfully: Tour{tourId=10, name='days', tourDescription='dkads', start='Arizona', destination='Ohio', transportType='car', tourDistance=3025.4, estimatedTime=94535, popularity=1, childFriendliness=3, tourInformation='<tourInformation>', tourLogs=null}
2023-06-12 17:03:34.240 [http-nio-10001-exec-9] INFO  at.fhtw.tourplanner.services.tour.TourService - TourService.getTourList() - tourListEntries retrieved successfully: [TourListEntry{tourId=8, name='car'}, TourListEntry{tourId=9, name='tour2'}, TourListEntry{tourId=10, name='days'}]
2023-06-12 17:03:36.669 [http-nio-10001-exec-10] INFO  at.fhtw.tourplanner.services.tour.TourService - TourService.getTour() - tour retrieved successfully: Tour{tourId=10, name='days', tourDescription='dkads', start='Arizona', destination='Ohio', transportType='car', tourDistance=3025.4, estimatedTime=94535, popularity=1, childFriendliness=3, tourInformation='<tourInformation>', tourLogs=[]}
2023-06-12 17:03:36.700 [http-nio-10001-exec-1] INFO  at.fhtw.tourplanner.services.tourLog.TourLogService - TourLogService.getTourLogs() - TourLogController.getTourLogs() - no content
2023-06-12 17:03:41.979 [http-nio-10001-exec-4] INFO  at.fhtw.tourplanner.services.dataTransfer.DataTransferService - DataTransferService.exportTours() - tours exported successfully: [Tour{tourId=8, name='car', tourDescription='jkj', start='Berlin', destination='Vienna', transportType='car', tourDistance=682.1, estimatedTime=24057, popularity=1, childFriendliness=3, tourInformation='<tourInformation>', tourLogs=[]}, Tour{tourId=9, name='tour2', tourDescription='tour2', start='Vienna', destination='Berlin', transportType='car', tourDistance=682.7, estimatedTime=24178, popularity=1, childFriendliness=3, tourInformation='<tourInformation>', tourLogs=[]}, Tour{tourId=10, name='days', tourDescription='dkads', start='Arizona', destination='Ohio', transportType='car', tourDistance=3025.4, estimatedTime=94535, popularity=1, childFriendliness=3, tourInformation='<tourInformation>', tourLogs=[]}]
2023-06-12 17:05:27.436 [http-nio-10001-exec-7] INFO  at.fhtw.tourplanner.services.tour.TourService - TourService.getTour() - tour retrieved successfully: Tour{tourId=8, name='car', tourDescription='jkj', start='Berlin', destination='Vienna', transportType='car', tourDistance=682.1, estimatedTime=24057, popularity=1, childFriendliness=3, tourInformation='<tourInformation>', tourLogs=[]}
2023-06-12 17:05:27.471 [http-nio-10001-exec-8] INFO  at.fhtw.tourplanner.services.tourLog.TourLogService - TourLogService.getTourLogs() - TourLogController.getTourLogs() - no content
2023-06-12 17:07:29.308 [http-nio-10001-exec-1] INFO  at.fhtw.tourplanner.services.tour.TourService - TourService.getTour() - tour retrieved successfully: Tour{tourId=9, name='tour2', tourDescription='tour2', start='Vienna', destination='Berlin', transportType='car', tourDistance=682.7, estimatedTime=24178, popularity=1, childFriendliness=3, tourInformation='<tourInformation>', tourLogs=[]}
2023-06-12 17:07:29.350 [http-nio-10001-exec-4] INFO  at.fhtw.tourplanner.services.tourLog.TourLogService - TourLogService.getTourLogs() - TourLogController.getTourLogs() - no content
2023-06-12 17:07:34.202 [http-nio-10001-exec-2] INFO  at.fhtw.tourplanner.services.t