2023-05-25 11:00:17.580 [main] INFO  at.fhtw.tourplanner.TourPlannerApplication - Starting TourPlannerApplication using Java 20.0.1 with PID 2004 (C:\Users\Felix\OneDrive - FH Technikum Wien\BIF\4_Semester\SWEN2\Projekte\TourPlanner\Source\Server\target\classes started by Felix in C:\Users\Felix\OneDrive - FH Technikum Wien\BIF\4_Semester\SWEN2\Projekte\TourPlanner\Source\Server)
2023-05-25 11:00:17.589 [main] INFO  at.fhtw.tourplanner.TourPlannerApplication - No active profile set, falling back to 1 default profile: "default"
2023-05-25 11:00:18.307 [main] INFO  org.springframework.data.repository.config.RepositoryConfigurationDelegate - Bootstrapping Spring Data JPA repositories in DEFAULT mode.
2023-05-25 11:00:18.373 [main] INFO  org.springframework.data.repository.config.RepositoryConfigurationDelegate - Finished Spring Data repository scanning in 57 ms. Found 2 JPA repository interfaces.
2023-05-25 11:00:18.841 [main] INFO  org.springframework.boot.web.embedded.tomcat.TomcatWebServer - Tomcat initialized with port(s): 10001 (http)
2023-05-25 11:00:18.850 [main] INFO  org.apache.coyote.http11.Http11NioProtocol - Initializing ProtocolHandler ["http-nio-10001"]
2023-05-25 11:00:18.851 [main] INFO  org.apache.catalina.core.StandardService - Starting service [Tomcat]
2023-05-25 11:00:18.851 [main] INFO  org.apache.catalina.core.StandardEngine - Starting Servlet engine: [Apache Tomcat/10.1.8]
2023-05-25 11:00:18.927 [main] INFO  org.apache.catalina.core.ContainerBase.[Tomcat].[localhost].[/] - Initializing Spring embedded WebApplicationContext
2023-05-25 11:00:18.928 [main] INFO  org.springframework.boot.web.servlet.context.ServletWebServerApplicationContext - Root WebApplicationContext: initialization completed in 1297 ms
2023-05-25 11:00:19.098 [main] INFO  org.hibernate.jpa.internal.util.LogHelper - HHH000204: Processing PersistenceUnitInfo [name: default]
2023-05-25 11:00:19.150 [main] INFO  org.hibernate.Version - HHH000412: Hibernate ORM core version 6.1.7.Final
2023-05-25 11:00:19.414 [main] INFO  com.zaxxer.hikari.HikariDataSource - HikariPool-1 - Starting...
2023-05-25 11:00:19.623 [main] INFO  com.zaxxer.hikari.pool.HikariPool - HikariPool-1 - Added connection org.postgresql.jdbc.PgConnection@6c70b7c3
2023-05-25 11:00:19.625 [main] INFO  com.zaxxer.hikari.HikariDataSource - HikariPool-1 - Start completed.
2023-05-25 11:00:19.698 [main] INFO  SQL dialect - HHH000400: Using dialect: org.hibernate.dialect.PostgreSQLDialect
2023-05-25 11:00:20.574 [main] WARN  org.hibernate.engine.jdbc.spi.SqlExceptionHelper - SQL Warning Code: 0, SQLState: 00000
2023-05-25 11:00:20.575 [main] WARN  org.hibernate.engine.jdbc.spi.SqlExceptionHelper - Relation »tour_logs« existiert nicht, wird übersprungen
2023-05-25 11:00:20.576 [main] WARN  org.hibernate.engine.jdbc.spi.SqlExceptionHelper - SQL Warning Code: 0, SQLState: 00000
2023-05-25 11:00:20.577 [main] WARN  org.hibernate.engine.jdbc.spi.SqlExceptionHelper - Tabelle »tour_logs« existiert nicht, wird übersprungen
2023-05-25 11:00:20.577 [main] WARN  org.hibernate.engine.jdbc.spi.SqlExceptionHelper - SQL Warning Code: 0, SQLState: 00000
2023-05-25 11:00:20.577 [main] WARN  org.hibernate.engine.jdbc.spi.SqlExceptionHelper - Tabelle »tours« existiert nicht, wird übersprungen
2023-05-25 11:00:20.578 [main] WARN  org.hibernate.engine.jdbc.spi.SqlExceptionHelper - SQL Warning Code: 0, SQLState: 00000
2023-05-25 11:00:20.578 [main] WARN  org.hibernate.engine.jdbc.spi.SqlExceptionHelper - Sequenz »tour_logs_seq« existiert nicht, wird übersprungen
2023-05-25 11:00:20.579 [main] WARN  org.hibernate.engine.jdbc.spi.SqlExceptionHelper - SQL Warning Code: 0, SQLState: 00000
2023-05-25 11:00:20.579 [main] WARN  org.hibernate.engine.jdbc.spi.SqlExceptionHelper - Sequenz »tours_seq« existiert nicht, wird übersprungen
2023-05-25 11:00:20.651 [main] INFO  org.hibernate.engine.transaction.jta.platform.internal.JtaPlatformInitiator - HHH000490: Using JtaPlatform implementation: [org.hibernate.engine.transaction.jta.platform.internal.NoJtaPlatform]
2023-05-25 11:00:20.663 [main] INFO  org.springframework.orm.jpa.LocalContainerEntityManagerFactoryBean - Initialized JPA EntityManagerFactory for persistence unit 'default'
2023-05-25 11:00:21.291 [main] WARN  org.springframework.boot.autoconfigure.orm.jpa.JpaBaseConfiguration$JpaWebConfiguration - spring.jpa.open-in-view is enabled by default. Therefore, database queries may be performed during view rendering. Explicitly configure spring.jpa.open-in-view to disable this warning
2023-05-25 11:00:21.584 [main] INFO  org.apache.coyote.http11.Http11NioProtocol - Starting ProtocolHandler ["http-nio-10001"]
2023-05-25 11:00:21.596 [main] INFO  org.springframework.boot.web.embedded.tomcat.TomcatWebServer - Tomcat started on port(s): 10001 (http) with context path ''
2023-05-25 11:00:21.603 [main] INFO  at.fhtw.tourplanner.TourPlannerApplication - Started TourPlannerApplication in 4.368 seconds (process running for 7.165)
2023-05-25 11:00:29.708 [http-nio-10001-exec-1] INFO  org.apache.catalina.core.ContainerBase.[Tomcat].[localhost].[/] - Initializing Spring DispatcherServlet 'dispatcherServlet'
2023-05-25 11:00:29.708 [http-nio-10001-exec-1] INFO  org.springframework.web.servlet.DispatcherServlet - Initializing Servlet 'dispatcherServlet'
2023-05-25 11:00:29.710 [http-nio-10001-exec-1] INFO  org.springframework.web.servlet.DispatcherServlet - Completed initialization in 1 ms
2023-05-25 11:00:32.169 [http-nio-10001-exec-1] INFO  at.fhtw.tourplanner.services.tour.TourService - TourService.createTour() - tour created successfully: Tour{tourId=1, name='Vienna-Bratislava tour', tourDescription='Vienna-Bratislava (car)', start='Vienna', destination='Bratislava', transportType='car', tourDistance=80.0, estimatedTime=3365, popularity=1, childFriendliness=3, tourInformation='<tourInformation>', tourLogs=null}
2023-05-25 11:01:19.458 [http-nio-10001-exec-6] INFO  at.fhtw.tourplanner.services.tour.TourService - TourService.getTour() - TourController.getTour() - tourId not found: 2
2023-05-25 11:01:25.218 [http-nio-10001-exec-3] INFO  at.fhtw.tourplanner.services.tour.TourService - TourService.createTour() - tour created successfully: Tour{tourId=2, name='MyTour', tourDescription='My beautiful tour', start='Vienna', destination='Bratislava', transportType='Car', tourDistance=81.7, estimatedTime=3366, popularity=1, childFriendliness=3, tourInformation='<tourInformation>', tourLogs=[]}
2023-05-25 11:01:29.720 [http-nio-10001-exec-4] INFO  at.fhtw.tourplanner.services.tour.TourService - TourService.getTour() - tour retrieved successfully: Tour{tourId=2, name='MyTour', tourDescription='My beautiful tour', start='Vienna', destination='Bratislava', transportType='Car', tourDistance=81.7, estimatedTime=3366, popularity=1, childFriendliness=3, tourInformation='<tourInformation>', tourLogs=[]}
2023-05-25 11:02:10.910 [SpringApplicationShutdownHook] INFO  org.springframework.orm.jpa.LocalContainerEntityManagerFactoryBean - Closing JPA EntityManagerFactory for persistence unit 'default'
2023-05-25 11:02:10.911 [SpringApplicationShutdownHook] INFO  org.hibernate.tool.schema.internal.SchemaDropperImpl$DelayedDropActionImpl - HHH000477: Starting delayed evictData of schema as part of SessionFactory shut-down'
2023-05-25 11:02:10.935 [SpringApplicationShutdownHook] INFO  com.zaxxer.hikari.HikariDataSource - HikariPool-1 - Shutdown initiated...
2023-05-25 11:02:10.940 [SpringApplicationShutdownHook] INFO  com.zaxxer.hikari.HikariDataSource - HikariPool-1 - Shutdown completed.
2023-05-25 11:02:15.556 [main] INFO  at.fhtw.tourplanner.TourPlannerApplication - Starting TourPlannerApplication using Java 20.0.1 with PID 10508 (C:\Users\Felix\OneDrive - FH Technikum Wien\BIF\4_Semester\SWEN2\Projekte\TourPlanner\Source\Server\target\classes started by Felix in C:\Users\Felix\OneDrive - FH Technikum Wien\BIF\4_Semester\SWEN2\Projekte\TourPlanner\Source\Server)
2023-05-25 11:02:15.565 [main] INFO  at.fhtw.tourplanner.TourPlannerApplication - No active profile set, falling back to 1 default profile: "default"
2023-05-25 11:02:16.292 [main] INFO  org.springframework.data.repository.config.RepositoryConfigurationDelegate - Bootstrapping Spring Data JPA repositories in DEFAULT mode.
2023-05-25 11:02:16.364 [main] INFO  org.springframework.data.repository.config.RepositoryConfigurationDelegate - Finished Spring Data repository scanning in 62 ms. Found 2 JPA repository interfaces.
2023-05-25 11:02:16.873 [main] INFO  org.springframework.boot.web.embedded.tomcat.TomcatWebServer - Tomcat initialized with port(s): 10001 (http)
2023-05-25 11:02:16.882 [main] INFO  org.apache.coyote.http11.Http11NioProtocol - Initializing ProtocolHandler ["http-nio-10001"]
2023-05-25 11:02:16.883 [main] INFO  org.apache.catalina.core.StandardService - Starting service [Tomcat]
2023-05-25 11:02:16.884 [main] INFO  org.apache.catalina.core.StandardEngine - Starting Servlet engine: [Apache Tomcat/10.1.8]
2023-05-25 11:02:16.987 [main] INFO  org.apache.catalina.core.ContainerBase.[Tomcat].[localhost].[/] - Initializing Spring embedded WebApplicationContext
2023-05-25 11:02:16.987 [main] INFO  org.springframework.boot.web.servlet.context.ServletWebServerApplicationContext - Root WebApplicationContext: initialization completed in 1376 ms
2023-05-25 11:02:17.173 [main] INFO  org.hibernate.jpa.internal.util.LogHelper - HHH000204: Processing PersistenceUnitInfo [name: default]
2023-05-25 11:02:17.226 [main] INFO  org.hibernate.Version - HHH000412: Hibernate ORM core version 6.1.7.Final
2023-05-25 11:02:17.537 [main] INFO  com.zaxxer.hikari.HikariDataSource - HikariPool-1 - Starting...
2023-05-25 11:02:17.693 [main] INFO  com.zaxxer.hikari.pool.HikariPool - HikariPool-1 - Added connection org.postgresql.jdbc.PgConnection@1ddf42dd
2023-05-25 11:02:17.694 [main] INFO  com.zaxxer.hikari.HikariDataSource - HikariPool-1 - Start completed.
2023-05-25 11:02:17.720 [main] INFO  SQL dialect - HHH000400: Using dialect: org.hibernate.dialect.PostgreSQLDialect
2023-05-25 11:02:18.569 [main] WARN  org.hibernate.engine.jdbc.spi.SqlExceptionHelper - SQL Warning Code: 0, SQLState: 00000
2023-05-25 11:02:18.569 [main] WARN  org.hibernate.engine.jdbc.spi.SqlExceptionHelper - Relation »tour_logs« existiert nicht, wird übersprungen
2023-05-25 11:02:18.570 [main] WARN  org.hibernate.engine.jdbc.spi.SqlExceptionHelper - SQL Warning Code: 0, SQLState: 00000
2023-05-25 11:02:18.570 [main] WARN  org.hibernate.engine.jdbc.spi.SqlExceptionHelper - Tabelle »tour_logs« existiert nicht, wird übersprungen
2023-05-25 11:02:18.571 [main] WARN  org.hibernate.engine.jdbc.spi.SqlExceptionHelper - SQL Warning Code: 0, SQLState: 00000
2023-05-25 11:02:18.571 [main] WARN  org.hibernate.engine.jdbc.spi.SqlExceptionHelper - Tabelle »tours« existiert nicht, wird übersprungen
2023-05-25 11:02:18.572 [main] WARN  org.hibernate.engine.jdbc.spi.SqlExceptionHelper - SQL Warning Code: 0, SQLState: 00000
2023-05-25 11:02:18.572 [main] WARN  org.hibernate.engine.jdbc.spi.SqlExceptionHelper - Sequenz »tour_logs_seq« existiert nicht, wird übersprungen
2023-05-25 11:02:18.573 [main] WARN  org.hibernate.engine.jdbc.spi.SqlExceptionHelper - SQL Warning Code: 0, SQLState: 00000
2023-05-25 11:02:18.573 [main] WARN  org.hibernate.engine.jdbc.spi.SqlExceptionHelper - Sequenz »tours_seq« existiert nicht, wird übersprungen
2023-05-25 11:02:18.610 [main] INFO  org.hibernate.engine.transaction.jta.platform.internal.JtaPlatformInitiator - HHH000490: Using JtaPlatform implementation: [org.hibernate.engine.transaction.jta.platform.internal.NoJtaPlatform]
2023-05-25 11:02:18.618 [main] INFO  org.springframework.orm.jpa.LocalContainerEntityManagerFactoryBean - Initialized JPA EntityManagerFactory for persistence unit 'default'
2023-05-25 11:02:19.142 [main] WARN  org.springframework.boot.autoconfigure.orm.jpa.JpaBaseConfiguration$JpaWebConfiguration - spring.jpa.open-in-view is enabled by default. Therefore, database queries may be performed during view rendering. Explicitly configure spring.jpa.open-in-view to disable this warning
2023-05-25 11:02:19.451 [main] INFO  org.apache.coyote.http11.Http11NioProtocol - Starting ProtocolHandler ["http-nio-10001"]
2023-05-25 11:02:19.463 [main] INFO  org.springframework.boot.web.embedded.tomcat.TomcatWebServer - Tomcat started on port(s): 10001 (http) with context path ''
2023-05-25 11:02:19.471 [main] INFO  at.fhtw.tourplanner.TourPlannerApplication - Started TourPlannerApplication in 4.493 seconds (process running for 6.23)
2023-05-25 11:04:47.092 [http-nio-10001-exec-1] INFO  org.apache.catalina.core.ContainerBase.[Tomcat].[localhost].[/] - Initializing Spring DispatcherServlet 'dispatcherServlet'
2023-05-25 11:04:47.093 [http-nio-10001-exec-1] INFO  org.springframework.web.servlet.DispatcherServlet - Initializing Servlet 'dispatcherServlet'
2023-05-25 11:04:47.094 [http-nio-10001-exec-1] INFO  org.springframework.web.servlet.DispatcherServlet - Completed initialization in 1 ms
2023-05-25 11:04:49.208 [http-nio-10001-exec-1] INFO  at.fhtw.tourplanner.services.tour.TourService - TourService.createTour() - tour created successfully: Tour{tourId=1, name='Vienna-Bratislava tour', tourDescription='Vienna-Bratislava (car)', start='Vienna', destination='Bratislava', transportType='car', tourDistance=81.7, estimatedTime=3366, popularity=1, childFriendliness=3, tourInformation='<tourInformation>', tourLogs=null}
2023-05-25 11:05:17.210 [http-nio-10001-exec-5] INFO  at.fhtw.tourplanner.services.tour.TourService - TourService.createTour() - tour created successfully: Tour{tourId=2, name='MyTour', tourDescription='My beautiful tour', start='Vienna', destination='Bratislava', transportType='Car', tourDistance=81.7, estimatedTime=3366, popularity=1, childFriendliness=3, tourInformation='<tourInformation>', tourLogs=[]}
2023-05-25 11:05:46.713 [http-nio-10001-exec-4] INFO  at.fhtw.tourplanner.services.tour.TourService - TourService.getTour() - tour retrieved successfully: Tour{tourId=2, name='MyTour', tourDescription='My beautiful tour', start='Vienna', destination='Bratislava', transportType='Car', tourDistance=81.7, estimatedTime=3366, popularity=1, childFriendliness=3, tourInformation='<tourInformation>', tourLogs=[]}
2023-05-25 11:20:16.861 [SpringApplicationShutdownHook] INFO  org.springframework.orm.jpa.LocalContainerEntityManagerFactoryBean - Closing JPA EntityManagerFactory for persistence unit 'default'
2023-05-25 11:20:16.862 [SpringApplicationShutdownHook] INFO  org.hibernate.tool.schema.internal.SchemaDropperImpl$DelayedDropActionImpl - HHH000477: Starting delayed evictData of schema as part of SessionFactory shut-down'
2023-05-25 11:20:16.877 [SpringApplicationShutdownHook] INFO  com.zaxxer.hikari.HikariDataSource - HikariPool-1 - Shutdown initiated...
2023-05-25 11:20:16.880 [SpringApplicationShutdownHook] INFO  com.zaxxer.hikari.HikariDataSource - HikariPool-1 - Shutdown completed.
2023-05-25 12:37:14.881 [main] INFO  at.fhtw.tourplanner.TourPlannerApplication - Starting TourPlannerApplication using Java 20.0.1 with PID 1984 (C:\Users\Felix\OneDrive - FH Technikum Wien\BIF\4_Semester\SWEN2\Projekte\TourPlanner\Source\Server\target\classes started by Felix in C:\Users\Felix\OneDrive - FH Technikum Wien\BIF\4_Semester\SWEN2\Projekte\TourPlanner\Source\Server)
2023-05-25 12:37:14.888 [main] INFO  at.fhtw.tourplanner.TourPlannerApplication - No active profile set, falling back to 1 default profile: "default"
2023-05-25 12:37:15.435 [main] INFO  org.springframework.data.repository.config.RepositoryConfigurationDelegate - Bootstrapping Spring Data JPA repositories in DEFAULT mode.
2023-05-25 12:37:15.487 [main] INFO  org.springframework.data.repository.config.RepositoryConfigurationDelegate - Finished Spring Data repository scanning in 45 ms. Found 2 JPA repository interfaces.
2023-05-25 12:37:15.922 [main] INFO  org.springframework.boot.web.embedded.tomcat.TomcatWebServer - Tomcat initialized with port(s): 10001 (http)
2023-05-25 12:37:15.930 [main] INFO  org.apache.coyote.http11.Http11NioProtocol - Initializing ProtocolHandler ["http-nio-10001"]
2023-05-25 12:37:15.931 [main] INFO  org.apache.catalina.core.StandardService - Starting service [Tomcat]
2023-05-25 12:37:15.931 [main] INFO  org.apache.catalina.core.StandardEngine - Starting Servlet engine: [Apache Tomcat/10.1.8]
2023-05-25 12:37:16.045 [main] INFO  org.apache.catalina.core.ContainerBase.[Tomcat].[localhost].[/] - Initializing Spring embedded WebApplicationContext
2023-05-25 12:37:16.045 [main] INFO  org.springframework.boot.web.servlet.context.ServletWebServerApplicationContext - Root WebApplicationContext: initialization completed in 1122 ms
2023-05-25 12:37:16.197 [main] INFO  org.hibernate.jpa.internal.util.LogHelper - HHH000204: Processing PersistenceUnitInfo [name: default]
2023-05-25 12:37:16.252 [main] INFO  org.hibernate.Version - HHH000412: Hibernate ORM core version 6.1.7.Final
2023-05-25 12:37:16.490 [main] INFO  com.zaxxer.hikari.HikariDataSource - HikariPool-1 - Starting...
2023-05-25 12:37:16.627 [main] INFO  com.zaxxer.hikari.pool.HikariPool - HikariPool-1 - Added connection org.postgresql.jdbc.PgConnection@6076c66
2023-05-25 12:37:16.629 [main] INFO  com.zaxxer.hikari.HikariDataSource - HikariPool-1 - Start completed.
2023-05-25 12:37:16.658 [main] INFO  SQL dialect - HHH000400: Using dialect: org.hibernate.dialect.PostgreSQLDialect
2023-05-25 12:37:17.449 [main] WARN  org.hibernate.engine.jdbc.spi.SqlExceptionHelper - SQL Warning Code: 0, SQLState: 00000
2023-05-25 12:37:17.449 [main] WARN  org.hibernate.engine.jdbc.spi.SqlExceptionHelper - Relation »tour_logs« existiert nicht, wird übersprungen
2023-05-25 12:37:17.450 [main] WARN  org.hibernate.engine.jdbc.spi.SqlExceptionHelper - SQL Warning Code: 0, SQLState: 00000
2023-05-25 12:37:17.450 [main] WARN  org.hibernate.engine.jdbc.spi.SqlExceptionHelper - Tabelle »tour_logs« existiert nicht, wird übersprungen
2023-05-25 12:37:17.451 [main] WARN  org.hibernate.engine.jdbc.spi.SqlExceptionHelper - SQL Warning Code: 0, SQLState: 00000
2023-05-25 12:37:17.451 [main] WARN  org.hibernate.engine.jdbc.spi.SqlExceptionHelper - Tabelle »tours« existiert nicht, wird übersprungen
2023-05-25 12:37:17.451 [main] WARN  org.hibernate.engine.jdbc.spi.SqlExceptionHelper - SQL Warning Code: 0, SQLState: 00000
2023-05-25 12:37:17.451 [main] WARN  org.hibernate.engine.jdbc.spi.SqlExceptionHelper - Sequenz »tour_logs_seq« existiert nicht, wird übersprungen
2023-05-25 12:37:17.452 [main] WARN  org.hibernate.engine.jdbc.spi.SqlExceptionHelper - SQL Warning Code: 0, SQLState: 00000
2023-05-25 12:37:17.452 [main] WARN  org.hibernate.engine.jdbc.spi.SqlExceptionHelper - Sequenz »tours_seq« existiert nicht, wird übersprungen
2023-05-25 12:37:17.478 [main] INFO  org.hibernate.engine.transaction.jta.platform.internal.JtaPlatformInitiator - HHH000490: Using JtaPlatform implementation: [org.hibernate.engine.transaction.jta.platform.internal.NoJtaPlatform]
2023-05-25 12:37:17.486 [main] INFO  org.springframework.orm.jpa.LocalContainerEntityManagerFactoryBean - Initialized JPA EntityManagerFactory for persistence unit 'default'
2023-05-25 12:37:17.920 [main] WARN  org.springframework.boot.autoconfigure.orm.jpa.JpaBaseConfiguration$JpaWebConfiguration - spring.jpa.open-in-view is enabled by default. Therefore, database queries may be performed during view rendering. Explicitly configure spring.jpa.open-in-view to disable this warning
2023-05-25 12:37:18.194 [main] INFO  org.apache.coyote.http11.Http11NioProtocol - Starting ProtocolHandler ["http-nio-10001"]
2023-05-25 12:37:18.206 [main] INFO  org.springframework.boot.web.embedded.tomcat.TomcatWebServer - Tomcat started on port(s): 10001 (http) with context path ''
2023-05-25 12:37:18.213 [main] INFO  at.fhtw.tourplanner.TourPlannerApplication - Started TourPlannerApplication in 3.677 seconds (process running for 5.004)
2023-05-25 12:37:47.157 [http-nio-10001-exec-1] INFO  org.apache.catalina.core.ContainerBase.[Tomcat].[localhost].[/] - Initializing Spring DispatcherServlet 'dispatcherServlet'
2023-05-25 12:37:47.158 [http-nio-10001-exec-1] INFO  org.springframework.web.servlet.DispatcherServlet - Initializing Servlet 'dispatcherServlet'
2023-05-25 12:37:47.159 [http-nio-10001-exec-1] INFO  org.springframework.web.servlet.DispatcherServlet - Completed initialization in 1 ms
2023-05-25 12:37:51.906 [http-nio-10001-exec-1] INFO  at.fhtw.tourplanner.services.dataTransfer.DataTransferService - DataTransferService.importTours() - tours imported successfully: [Tour{tourId=1, name='MyTour', tourDescription='My beautiful tour 1', start='Vienna', destination='Bratislava', transportType='Car', tourDistance=80.0, estimatedTime=3358, popularity=2, childFriendliness=5, tourInformation='<tourInformation>', tourLogs=[TourLog{tourLogId=1, date='2023-05-25 12:37:47', comment='Me likes!', difficulty=1, totalTime=3480, rating=5}, TourLog{tourLogId=2, date='2023-05-25 12:37:47', comment='Me likes!', difficulty=1, totalTime=3480, rating=5}, TourLog{tourLogId=3, date='2023-05-25 12:37:47', comment='Me likes!', difficulty=1, totalTime=3480, rating=5}, TourLog{tourLogId=4, date='2023-05-25 12:37:47', comment='Me likes!', difficulty=1, totalTime=3480, rating=5}]}, Tour{tourId=2, name='MyTour', tourDescription='My beautiful tour 2', start='Vienna', destination='Bratislava', transportType='Car', tourDistance=80.0, estimatedTime=3358, popularity=1, childFriendliness=3, tourInformation='<tourInformation>', tourLogs=[]}, Tour{tourId=3, name='MyTour', tourDescription='My beautiful tour 3', start='Vienna', destination='Bratislava', transportType='Car', tourDistance=80.0, estimatedTime=3358, popularity=1, childFriendliness=5, tourInformation='<tourInformation>', tourLogs=[TourLog{tourLogId=5, date='2023-05-25 12:37:47', comment='Me likes!', difficulty=1, totalTime=3480, rating=5}, TourLog{tourLogId=6, date='2023-05-25 12:37:47', comment='Me likes!', difficulty=1, totalTime=3480, rating=5}]}]
2023-05-25 12:39:01.277 [http-nio-10001-exec-3] INFO  at.fhtw.tourplanner.services.dataTransfer.DataTransferService - DataTransferService.exportTours() - tours exported successfully: [Tour{tourId=1, name='MyTour', tourDescription='My beautiful tour 1', start='Vienna', destination='Bratislava', transportType='Car', tourDistance=80.0, estimatedTime=3358, popularity=2, childFriendliness=5, tourInformation='<tourInformation>', tourLogs=[TourLog{tourLogId=1, date='2023-05-25 12:37:47', comment='Me likes!', difficulty=1, totalTime=3480, rating=5}, TourLog{tourLogId=2, date='2023-05-25 12:37:47', comment='Me likes!', difficulty=1, totalTime=3480, rating=5}, TourLog{tourLogId=3, date='2023-05-25 12:37:47', comment='Me likes!', difficulty=1, totalTime=3480, rating=5}, TourLog{tourLogId=4, date='2023-05-25 12:37:47', comment='Me likes!', difficulty=1, totalTime=3480, rating=5}]}, Tour{tourId=2, name='MyTour', tourDescription='My beautiful tour 2', start='Vienna', destination='Bratislava', transportType='Car', tourDistance=80.0, estimatedTime=3358, popularity=1, childFriendliness=3, tourInformation='<tourInformation>', tourLogs=[]}, Tour{tourId=3, name='MyTour', tourDescription='My beautiful tour 3', start='Vienna', destination='Bratislava', transportType='Car', tourDistance=80.0, estimatedTime=3358, popularity=1, childFriendliness=5, tourInformation='<tourInformation>', tourLogs=[TourLog{tourLogId=5, date='2023-05-25 12:37:47', comment='Me likes!', difficulty=1, totalTime=3480, rating=5}, TourLog{tourLogId=6, date='2023-05-25 12:37:47', comment='Me likes!', difficulty=1, totalTime=3480, rating=5}]}]
2023-05-25 12:39:02.043 [http-nio-10001-exec-8] INFO  at.fhtw.tourplanner.services.tour.TourService - TourService.getTour() - tour retrieved successfully: Tour{tourId=2, name='MyTour', tourDescription='My beautiful tour 2', start='Vienna', destination='Bratislava', transportType='Car', tourDistance=80.0, estimatedTime=3358, popularity=1, childFriendliness=3, tourInformation='<tourInformation>', tourLogs=[]}
2023-05-25 12:40:57.172 [http-nio-10001-exec-10] INFO  at.fhtw.tourplanner.services.dataTransfer.DataTransferService - DataTransferService.exportTours() - tours exported successfully: [Tour{tourId=1, name='MyTour', tourDescription='My beautiful tour 1', start='Vienna', destination='Bratislava', transportType='Car', tourDistance=80.0, estimatedTime=3358, popularity=2, childFriendliness=5, tourInformation='<tourInformation>', tourLogs=[TourLog{tourLogId=1, date='2023-05-25 12:37:47', comment='Me likes!', difficulty=1, totalTime=3480, rating=5}, TourLog{tourLogId=2, date='2023-05-25 12:37:47', comment='Me likes!', difficulty=1, totalTime=3480, rating=5}, TourLog{tourLogId=3, date='2023-05-25 12:37:47', comment='Me likes!', difficulty=1, totalTime=3480, rating=5}, TourLog{tourLogId=4, date='2023-05-25 12:37:47', comment='Me likes!', difficulty=1, totalTime=3480, rating=5}]}, Tour{tourId=2, name='MyTour', tourDescription='My beautiful tour 2', start='Vienna', destination='Bratislava', transportType='Car', tourDistance=80.0, estimatedTime=3358, popularity=1, childFriendliness=3, tourInformation='<tourInformation>', tourLogs=[]}, Tour{tourId=3, name='MyTour', tourDescription='My beautiful tour 3', start='Vienna', destination='Bratislava', transportType='Car', tourDistance=80.0, estimatedTime=3358, popularity=1, childFriendliness=5, tourInformation='<tourInformation>', tourLogs=[TourLog{tourLogId=5, date='2023-05-25 12:37:47', comment='Me likes!', difficulty=1, totalTime=3480, rating=5}, TourLog{tourLogId=6, date='2023-05-25 12:37:47', comment='Me likes!', difficulty=1, totalTime=3480, rating=5}]}]
2023-05-25 12:40:57.856 [http-nio-10001-exec-5] INFO  at.fhtw.tourplanner.services.tour.TourService - TourService.getTour() - tour retrieved successfully: Tour{tourId=2, name='MyTour', tourDescription='My beautiful tour 2', start='Vienna', destination='Bratislava', transportType='Car', tourDistance=80.0, estimatedTime=3358, popularity=1, childFriendliness=3, tourInformation='<tourInformation>', tourLogs=[]}
2023-05-25 12:41:29.873 [http-nio-10001-exec-1] INFO  at.fhtw.tourplanner.services.dataTransfer.DataTransferService - DataTransferService.exportTours() - tours exported successfully: [Tour{tourId=1, name='MyTour', tourDescription='My beautiful tour 1', start='Vienna', destination='Bratislava', transportType='Car', tourDistance=80.0, estimatedTime=3358, popularity=2, childFriendliness=5, tourInformation='<tourInformation>', tourLogs=[TourLog{tourLogId=1, date='2023-05-25 12:37:47', comment='Me likes!', difficulty=1, totalTime=3480, rating=5}, TourLog{tourLogId=2, date='2023-05-25 12:37:47', comment='Me likes!', difficulty=1, totalTime=3480, rating=5}, TourLog{tourLogId=3, date='2023-05-25 12:37:47', comment='Me likes!', difficulty=1, totalTime=3480, rating=5}, TourLog{tourLogId=4, date='2023-05-25 12:37:47', comment='Me likes!', difficulty=1, totalTime=3480, rating=5}]}, Tour{tourId=2, name='MyTour', tourDescription='My beautiful tour 2', start='Vienna', destination='Bratislava', transportType='Car', tourDistance=80.0, estimatedTime=3358, popularity=1, childFriendliness=3, tourInformation='<tourInformation>', tourLogs=[]}, Tour{tourId=3, name='MyTour', tourDescription='My beautiful tour 3', start='Vienna', destination='Bratislava', transportType='Car', tourDistance=80.0, estimatedTime=3358, popularity=1, childFriendliness=5, tourInformation='<tourInformation>', tourLogs=[TourLog{tourLogId=5, date='2023-05-25 12:37:47', comment='Me likes!', difficulty=1, totalTime=3480, rating=5}, TourLog{tourLogId=6, date='2023-05-25 12:37:47', comment='Me likes!', difficulty=1, totalTime=3480, rating=5}]}]
2023-05-25 12:41:30.533 [http-nio-10001-exec-2] INFO  at.fhtw.tourplanner.services.tour.TourService - TourService.getTour() - tour retrieved successfully: Tour{tourId=2, name='MyTour', tourDescription='My beautiful tour 2', start='Vienna', destination='Bratislava', transportType='Car', tourDistance=80.0, estimatedTime=3358, popularity=1, childFriendliness=3, tourInformation='<tourInformation>', tourLogs=[]}
2023-05-25 12:44:53.283 [http-nio-10001-exec-4] INFO  at.fhtw.tourplanner.services.dataTransfer.DataTransferService - DataTransferService.exportTours() - tours exported successfully: [Tour{tourId=1, name='MyTour', tourDescription='My beautiful tour 1', start='Vienna', destination='Bratislava', transportType='Car', tourDistance=80.0, estimatedTime=3358, popularity=2, childFriendliness=5, tourInformation='<tourInformation>', tourLogs=[TourLog{tourLogId=1, date='2023-05-25 12:37:47', comment='Me likes!', difficulty=1, totalTime=3480, rating=5}, TourLog{tourLogId=2, date='2023-05-25 12:37:47', comment='Me likes!', difficulty=1, totalTime=3480, rating=5}, TourLog{tourLogId=3, date='2023-05-25 12:37:47', comment='Me likes!', difficulty=1, totalTime=3480, rating=5}, TourLog{tourLogId=4, date='2023-05-25 12:37:47', comment='Me likes!', difficulty=1, totalTime=3480, rating=5}]}, Tour{tourId=2, name='MyTour', tourDescription='My beautiful tour 2', start='Vienna', destination='Bratislava', transportType='Car', tourDistance=80.0, estimatedTime=3358, popularity=1, childFriendliness=3, tourInformation='<tourInformation>', tourLogs=[]}, Tour{tourId=3, name='MyTour', tourDescription='My beautiful tour 3', start='Vienna', destination='Bratislava', transportType='Car', tourDistance=80.0, estimatedTime=3358, popularity=1, childFriendliness=5, tourInformation='<tourInformation>', tourLogs=[TourLog{tourLogId=5, date='2023-05-25 12:37:47', comment='Me likes!', difficulty=1, totalTime=3480, rating=5}, TourLog{tourLogId=6, date='2023-05-25 12:37:47', comment='Me likes!', difficulty=1, totalTime=3480, rating=5}]}]
2023-05-25 12:44:53.931 [http-nio-10001-exec-6] INFO  at.fhtw.tourplanner.services.tour.TourService - TourService.getTour() - tour retrieved successfully: Tour{tourId=2, name='MyTour', tourDescription='My beautiful tour 2', start='Vienna', destination='Bratislava', transportType='Car', tourDistance=80.0, estimatedTime=3358, popularity=1, childFriendliness=3, tourInformation='<tourInformation>', tourLogs=[]}
2023-05-25 12:46:37.823 [http-nio-10001-exec-9] INFO  at.fhtw.tourplanner.services.dataTransfer.DataTransferService - DataTransferService.exportTours() - tours exported successfully: [Tour{tourId=1, name='MyTour', tourDescription='My beautiful tour 1', start='Vienna', destination='Bratislava', transportType='Car', tourDistance=80.0, estimatedTime=3358, popularity=2, childFriendliness=5, tourInformation='<tourInformation>', tourLogs=[TourLog{tourLogId=1, date='2023-05-25 12:37:47', comment='Me likes!', difficulty=1, totalTime=3480, rating=5}, TourLog{tourLogId=2, date='2023-05-25 12:37:47', comment='Me likes!', difficulty=1, totalTime=3480, rating=5}, TourLog{tourLogId=3, date='2023-05-25 12:37:47', comment='Me likes!', difficulty=1, totalTime=3480, rating=5}, TourLog{tourLogId=4, date='2023-05-25 12:37:47', comment='Me likes!', difficulty=1, totalTime=3480, rating=5}]}, Tour{tourId=2, name='MyTour', tourDescription='My beautiful tour 2', start='Vienna', destination='Bratislava', transportType='Car', tourDistance=80.0, estimatedTime=3358, popularity=1, childFriendliness=3, tourInformation='<tourInformation>', tourLogs=[]}, Tour{tourId=3, name='MyTour', tourDescription='My beautiful tour 3', start='Vienna', destination='Bratislava', transportType='Car', tourDistance=80.0, estimatedTime=3358, popularity=1, childFriendliness=5, tourInformation='<tourInformation>', tourLogs=[TourLog{tourLogId=5, date='2023-05-25 12:37:47', comment='Me likes!', difficulty=1, totalTime=3480, rating=5}, TourLog{tourLogId=6, date='2023-05-25 12:37:47', comment='Me likes!', difficulty=1, totalTime=3480, rating=5}]}]
2023-05-25 12:46:38.484 [http-nio-10001-exec-7] INFO  at.fhtw.tourplanner.services.tour.TourService - TourService.getTour() - tour retrieved successfully: Tour{tourId=2, name='MyTour', tourDescription='My beautiful tour 2', start='Vienna', destination='Bratislava', transportType='Car', tourDistance=80.0, estimatedTime=3358, popularity=1, childFriendliness=3, tourInformation='<tourInformation>', tourLogs=[]}
2023-05-25 12:49:33.502 [http-nio-10001-exec-8] INFO  at.fhtw.tourplanner.services.dataTransfer.DataTransferService - DataTransferService.exportTours() - tours exported successfully: [Tour{tourId=1, name='MyTour', tourDescription='My beautiful tour 1', start='Vienna', destination='Bratislava', transportType='Car', tourDistance=80.0, estimatedTime=3358, popularity=2, childFriendliness=5, tourInformation='<tourInformation>', tourLogs=[TourLog{tourLogId=1, date='2023-05-25 12:37:47', comment='Me likes!', difficulty=1, totalTime=3480, rating=5}, TourLog{tourLogId=2, date='2023-05-25 12:37:47', comment='Me likes!', difficulty=1, totalTime=3480, rating=5}, TourLog{tourLogId=3, date='2023-05-25 12:37:47', comment='Me likes!', difficulty=1, totalTime=3480, rating=5}, TourLog{tourLogId=4, date='2023-05-25 12:37:47', comment='Me likes!', difficulty=1, totalTime=3480, rating=5}]}, Tour{tourId=2, name='MyTour', tourDescription='My beautiful tour 2', start='Vienna', destination='Bratislava', transportType='Car', tourDistance=80.0, estimatedTime=3358, popularity=1, childFriendliness=3, tourInformation='<tourInformation>', tourLogs=[]}, Tour{tourId=3, name='MyTour', tourDescription='My beautiful tour 3', start='Vienna', destination='Bratislava', transportType='Car', tourDistance=80.0, estimatedTime=3358, popularity=1, childFriendliness=5, tourInformation='<tourInformation>', tourLogs=[TourLog{tourLogId=5, date='2023-05-25 12:37:47', comment='Me likes!', difficulty=1, totalTime=3480, rating=5}, TourLog{tourLogId=6, date='2023-05-25 12:37:47', comment='Me likes!', difficulty=1, totalTime=3480, rating=5}]}]
2023-05-25 12:49:34.175 [http-nio-10001-exec-3] INFO  at.fhtw.tourplanner.services.tour.TourService - TourService.getTour() - tour retrieved successfully: Tour{tourId=2, name='MyTour', tourDescription='My beautiful tour 2', start='Vienna', destination='Bratislava', transportType='Car', tourDistance=80.0, estimatedTime=3358, popularity=1, childFriendliness=3, tourInformation='<tourInformation>', tourLogs=[]}
2023-05-25 12:52:11.023 [http-nio-10001-exec-10] INFO  at.fhtw.tourplanner.services.dataTransfer.DataTransferService - DataTransferService.exportTours() - tours exported successfully: [Tour{tourId=1, name='MyTour', tourDescription='My beautiful tour 1', start='Vienna', destination='Bratislava', transportType='Car', tourDistance=80.0, estimatedTime=3358, popularity=2, childFriendliness=5, tourInformation='<tourInformation>', tourLogs=[TourLog{tourLogId=1, date='2023-05-25 12:37:47', comment='Me likes!', difficulty=1, totalTime=3480, rating=5}, TourLog{tourLogId=2, date='2023-05-25 12:37:47', comment='Me likes!', difficulty=1, totalTime=3480, rating=5}, TourLog{tourLogId=3, date='2023-05-25 12:37:47', comment='Me likes!', difficulty=1, totalTime=3480, rating=5}, TourLog{tourLogId=4, date='2023-05-25 12:37:47', comment='Me likes!', difficulty=1, totalTime=3480, rating=5}]}, Tour{tourId=2, name='MyTour', tourDescription='My beautiful tour 2', start='Vienna', destination='Bratislava', transportType='Car', tourDistance=80.0, estimatedTime=3358, popularity=1, childFriendliness=3, tourInformation='<tourInformation>', tourLogs=[]}, Tour{tourId=3, name='MyTour', tourDescription='My beautiful tour 3', start='Vienna', destination='Bratislava', transportType='Car', tourDistance=80.0, estimatedTime=3358, popularity=1, childFriendliness=5, tourInformation='<tourInformation>', tourLogs=[TourLog{tourLogId=5, date='2023-05-25 12:37:47', comment='Me likes!', difficulty=1, totalTime=3480, rating=5}, TourLog{tourLogId=6, date='2023-05-25 12:37:47', comment='Me likes!', difficulty=1, totalTime=3480, rating=5}]}]
2023-05-25 12:52:11.733 [http-nio-10001-exec-5] INFO  at.fhtw.tourplanner.services.tour.TourService - TourService.getTour() - tour retrieved successfully: Tour{tourId=2, name='MyTour', tourDescription='My beautiful tour 2', start='Vienna', destination='Bratislava', transportType='Car', tourDistance=80.0, estimatedTime=3358, popularity=1, childFriendliness=3, tourInformation='<tourInformation>', tourLogs=[]}
2023-05-25 12:53:13.298 [http-nio-10001-exec-2] INFO  at.fhtw.tourplanner.services.dataTransfer.DataTransferService - DataTransferService.exportTours() - tours exported successfully: [Tour{tourId=1, name='MyTour', tourDescription='My beautiful tour 1', start='Vienna', destination='Bratislava', transportType='Car', tourDistance=80.0, estimatedTime=3358, popularity=2, childFriendliness=5, tourInformation='<tourInformation>', tourLogs=[TourLog{tourLogId=1, date='2023-05-25 12:37:47', comment='Me likes!', difficulty=1, totalTime=3480, rating=5}, TourLog{tourLogId=2, date='2023-05-25 12:37:47', comment='Me likes!', difficulty=1, totalTime=3480, rating=5}, TourLog{tourLogId=3, date='2023-05-25 12:37:47', comment='Me likes!', difficulty=1, totalTime=3480, rating=5}, TourLog{tourLogId=4, date='2023-05-25 12:37:47', comment='Me likes!', difficulty=1, totalTime=3480, rating=5}]}, Tour{tourId=2, name='MyTour', tourDescription='My beautiful tour 2', start='Vienna', destination='Bratislava', transportType='Car', tourDistance=80.0, estimatedTime=3358, popularity=1, childFriendliness=3, tourInformation='<tourInformation>', tourLogs=[]}, Tour{tourId=3, name='MyTour', tourDescription='My beautiful tour 3', start='Vienna', destination='Bratislava', transportType='Car', tourDistance=80.0, estimatedTime=3358, popularity=1, childFriendliness=5, tourInformation='<tourInformation>', tourLogs=[TourLog{tourLogId=5, date='2023-05-25 12:37:47', comment='Me likes!', difficulty=1, totalTime=3480, rating=5}, TourLog{tourLogId=6, date='2023-05-25 12:37:47', comment='Me likes!', difficulty=1, totalTime=3480, rating=5}]}]
2023-05-25 12:53:13.982 [http-nio-10001-exec-1] INFO  at.fhtw.tourplanner.services.tour.TourService - TourService.getTour() - tour retrieved successfully: Tour{tourId=2, name='MyTour', tourDescription='My beautiful tour 2', start='Vienna', destination='Bratislava', transportType='Car', tourDistance=80.0, estimatedTime=3358, popularity=1, childFriendliness=3, tourInformation='<tourInformation>', tourLogs=[]}
2023-05-25 12:55:18.049 [http-nio-10001-exec-6] INFO  at.fhtw.tourplanner.services.dataTransfer.DataTransferService - DataTransferService.exportTours() - tours exported successfully: [Tour{tourId=1, name='MyTour', tourDescription='My beautiful tour 1', start='Vienna', destination='Bratislava', transportType='Car', tourDistance=80.0, estimatedTime=3358, popularity=2, childFriendliness=5, tourInformation='<tourInformation>', tourLogs=[TourLog{tourLogId=1, date='2023-05-25 12:37:47', comment='Me likes!', difficulty=1, totalTime=3480, rating=5}, TourLog{tourLogId=2, date='2023-05-25 12:37:47', comment='Me likes!', difficulty=1, totalTime=3480, rating=5}, TourLog{tourLogId=3, date='2023-05-25 12:37:47', comment='Me likes!', difficulty=1, totalTime=3480, rating=5}, TourLog{tourLogId=4, date='2023-05-25 12:37:47', comment='Me likes!', difficulty=1, totalTime=3480, rating=5}]}, Tour{tourId=2, name='MyTour', tourDescription='My beautiful tour 2', start='Vienna', destination='Bratislava', transportType='Car', tourDistance=80.0, estimatedTime=3358, popularity=1, childFriendliness=3, tourInformation='<tourInformation>', tourLogs=[]}, Tour{tourId=3, name='MyTour', tourDescription='My beautiful tour 3', start='Vienna', destination='Bratislava', transportType='Car', tourDistance=80.0, estimatedTime=3358, popularity=1, childFriendliness=5, tourInformation='<tourInformation>', tourLogs=[TourLog{tourLogId=5, date='2023-05-25 12:37:47', comment='Me likes!', difficulty=1, totalTime=3480, rating=5}, TourLog{tourLogId=6, date='2023-05-25 12:37:47', comment='Me likes!', difficulty=1, totalTime=3480, rating=5}]}]
2023-05-25 12:55:18.796 [http-nio-10001-exec-4] INFO  at.fhtw.tourplanner.services.tour.TourService - TourService.getTour() - tour retrieved successfully: Tour{tourId=2, name='MyTour', tourDescription='My beautiful tour 2', start='Vienna', destination='Bratislava', transportType='Car', tourDistance=80.0, estimatedTime=3358, popularity=1, childFriendliness=3, tourInformation='<tourInformation>', tourLogs=[]}
2023-05-25 14:44:46.532 [http-nio-10001-exec-9] INFO  at.fhtw.tourplanner.services.dataTransfer.DataTransferService - DataTransferService.exportTours() - tours exported successfully: [Tour{tourId=1, name='MyTour', tourDescription='My beautiful tour 1', start='Vienna', destination='Bratislava', transportType='Car', tourDistance=80.0, estimatedTime=3358, popularity=2, childFriendliness=5, tourInformation='<tourInformation>', tourLogs=[TourLog{tourLogId=1, date='2023-05-25 12:37:47', comment='Me likes!', difficulty=1, totalTime=3480, rating=5}, TourLog{tourLogId=2, date='2023-05-25 12:37:47', comment='Me likes!', difficulty=1, totalTime=3480, rating=5}, TourLog{tourLogId=3, date='2023-05-25 12:37:47', comment='Me likes!', difficulty=1, totalTime=3480, rating=5}, TourLog{tourLogId=4, date='2023-05-25 12:37:47', comment='Me likes!', difficulty=1, totalTime=3480, rating=5}]}, Tour{tourId=2, name='MyTour', tourDescription='My beautiful tour 2', start='Vienna', destination='Bratislava', transportType='Car', tourDistance=80.0, estimatedTime=3358, popularity=1, childFriendliness=3, tourInformation='<tourInformation>', tourLogs=[]}, Tour{tourId=3, name='MyTour', tourDescription='My beautiful tour 3', start='Vienna', destination='Bratislava', transportType='Car', tourDistance=80.0, estimatedTime=3358, popularity=1, childFriendliness=5, tourInformation='<tourInformation>', tourLogs=[TourLog{tourLogId=5, date='2023-05-25 12:37:47', comment='Me likes!', difficulty=1, totalTime=3480, rating=5}, TourLog{tourLogId=6, date='2023-05-25 12:37:47', comment='Me likes!', difficulty=1, totalTime=3480, rating=5}]}]
2023-05-25 14:44:47.270 [http-nio-10001-exec-7] INFO  at.fhtw.tourplanner.services.tour.TourService - TourService.getTour() - tour retrieved successfully: Tour{tourId=2, name='MyTour', tourDescription='My beautiful tour 2', start='Vienna', destination='Bratislava', transportType='Car', tourDistance=80.0, estimatedTime=3358, popularity=1, childFriendliness=3, tourInformation='<tourInformation>', tourLogs=[]}
2023-05-25 14:48:07.765 [http-nio-10001-exec-8] INFO  at.fhtw.tourplanner.services.dataTransfer.DataTransferService - DataTransferService.exportTours() - tours exported successfully: [Tour{tourId=1, name='MyTour', tourDescription='My beautiful tour 1', start='Vienna', destination='Bratislava', transportType='Car', tourDistance=80.0, estimatedTime=3358, popularity=2, childFriendliness=5, tourInformation='<tourInformation>', tourLogs=[TourLog{tourLogId=1, date='2023-05-25 12:37:47', comment='Me likes!', difficulty=1, totalTime=3480, rating=5}, TourLog{tourLogId=2, date='2023-05-25 12:37:47', comment='Me likes!', difficulty=1, totalTime=3480, rating=5}, TourLog{tourLogId=3, date='2023-05-25 12:37:47', comment='Me likes!', difficulty=1, totalTime=3480, rating=5}, TourLog{tourLogId=4, date='2023-05-25 12:37:47', comment='Me likes!', difficulty=1, totalTime=3480, rating=5}]}, Tour{tourId=2, name='MyTour', tourDescription='My beautiful tour 2', start='Vienna', destination='Bratislava', transportType='Car', tourDistance=80.0, estimatedTime=3358, popularity=1, childFriendliness=3, tourInformation='<tourInformation>', tourLogs=[]}, Tour{tourId=3, name='MyTour', tourDescription='My beautiful tour 3', start='Vienna', destination='Bratislava', transportType='Car', tourDistance=80.0, estimatedTime=3358, popularity=1, childFriendliness=5, tourInformation='<tourInformation>', tourLogs=[TourLog{tourLogId=5, date='2023-05-25 12:37:47', comment='Me likes!', difficulty=1, totalTime=3480, rating=5}, TourLog{tourLogId=6, date='2023-05-25 12:37:47', comment='Me likes!', difficulty=1, totalTime=3480, rating=5}]}]
2023-05-25 14:48:08.474 [http-nio-10001-exec-3] INFO  at.fhtw.tourplanner.services.tour.TourService - TourService.getTour() - tour retrieved successfully: Tour{tourId=1, name='MyTour', tourDescription='My beautiful tour 1', start='Vienna', destination='Bratislava', transportType='Car', tourDistance=80.0, estimatedTime=3358, popularity=2, childFriendliness=5, tourInformation='<tourInformation>', tourLogs=[TourLog{tourLogId=1, date='2023-05-25 12:37:47', comment='Me likes!', difficulty=1, totalTime=3480, rating=5}, TourLog{tourLogId=2, date='2023-05-25 12:37:47', comment='Me likes!', difficulty=1, totalTime=3480, rating=5}, TourLog{tourLogId=3, date='2023-05-25 12:37:47', comment='Me likes!', difficulty=1, totalTime=3480, rating=5}, TourLog{tourLogId=4, date='2023-05-25 12:37:47', comment='Me likes!', difficulty=1, totalTime=3480, rating=5}]}
2023-05-25 14:48:08.574 [http-nio-10001-exec-6] INFO  at.fhtw.tourplanner.services.dataTransfer.DataTransferService - DataTransferService.exportTours() - tours exported successfully: [Tour{tourId=1, name='MyTour', tourDescription='My beautiful tour 1', start='Vienna', destination='Bratislava', transportType='Car', tourDistance=80.0, estimatedTime=3358, popularity=2, childFriendliness=5, tourInformation='<tourInformation>', tourLogs=[TourLog{tourLogId=1, date='2023-05-25 12:37:47', comment='Me likes!', difficulty=1, totalTime=3480, rating=5}, TourLog{tourLogId=2, date='2023-05-25 12:37:47', comment='Me likes!', difficulty=1, totalTime=3480, rating=5}, TourLog{tourLogId=3, date='2023-05-25 12:37:47', comment='Me likes!', difficulty=1, totalTime=3480, rating=5}, TourLog{tourLogId=4, date='2023-05-25 12:37:47', comment='Me likes!', difficulty=1, totalTime=3480, rating=5}]}, Tour{tourId=2, name='MyTour', tourDescription='My beautiful tour 2', start='Vienna', destination='Bratislava', transportType='Car', tourDistance=80.0, estimatedTime=3358, popularity=1, childFriendliness=3, tourInformation='<tourInformation>', tourLogs=[]}, Tour{tourId=3, name='MyTour', tourDescription='My beautiful tour 3', start='Vienna', destination='Bratislava', transportType='Car', tourDistance=80.0, estimatedTime=3358, popularity=1, childFriendliness=5, tourInformation='<tourInformation>', tourLogs=[TourLog{tourLogId=5, date='2023-05-25 12:37:47', comment='Me likes!', difficulty=1, totalTime=3480, rating=5}, TourLog{tourLogId=6, date='2023-05-25 12:37:47', comment='Me likes!', difficulty=1, totalTime=3480, rating=5}]}]
2023-05-25 14:48:08.738 [http-nio-10001-exec-4] INFO  at.fhtw.tourplanner.services.dataTransfer.DataTransferService - DataTransferService.exportTours() - tours exported successfully: [Tour{tourId=1, name='MyTour', tourDescription='My beautiful tour 1', start='Vienna', destination='Bratislava', transportType='Car', tourDistance=80.0, estimatedTime=3358, popularity=2, childFriendliness=5, tourInformation='<tourInformation>', tourLogs=[TourLog{tourLogId=1, date='2023-05-25 12:37:47', comment='Me likes!', difficulty=1, totalTime=3480, rating=5}, TourLog{tourLogId=2, date='2023-05-25 12:37:47', comment='Me likes!', difficulty=1, totalTime=3480, rating=5}, TourLog{tourLogId=3, date='2023-05-25 12:37:47', comment='Me likes!', difficulty=1, totalTime=3480, rating=5}, TourLog{tourLogId=4, date='2023-05-25 12:37:47', comment='Me likes!', difficulty=1, totalTime=3480, rating=5}]}, Tour{tourId=2, name='MyTour', tourDescription='My beautiful tour 2', start='Vienna', destination='Bratislava', transportType='Car', tourDistance=80.0, estimatedTime=3358, popularity=1, childFriendliness=3, tourInformation='<tourInformation>', tourLogs=[]}, Tour{tourId=3, name='MyTour', tourDescription='My beautiful tour 3', start='Vienna', destination='Bratislava', transportType='Car', tourDistance=80.0, estimatedTime=3358, popularity=1, childFriendliness=5, tourInformation='<tourInformation>', tourLogs=[TourLog{tourLogId=5, date='2023-05-25 12:37:47', comment='Me likes!', difficulty=1, totalTime=3480, rating=5}, TourLog{tourLogId=6, date='2023-05-25 12:37:47', comment='Me likes!', difficulty=1, totalTime=3480, rating=5}]}]
2023-05-25 14:48:10.476 [http-nio-10001-exec-10] INFO  at.fhtw.tourplanner.services.tour.TourService - TourService.createTour() - tour created successfully: Tour{tourId=4, name='Vienna-Bratislava tour', tourDescription='Vienna-Bratislava (car)', start='Vienna', destination='Bratislava', transportType='car', tourDistance=80.8, estimatedTime=3375, popularity=1, childFriendliness=3, tourInformation='<tourInformation>', tourLogs=null}
2023-05-25 14:48:10.498 [http-nio-10001-exec-5] INFO  at.fhtw.tourplanner.services.tour.TourService - TourService.getTour() - tour retrieved successfully: Tour{tourId=2, name='MyTour', tourDescription='My beautiful tour 2', start='Vienna', destination='Bratislava', transportType='Car', tourDistance=80.0, estimatedTime=3358, popularity=1, childFriendliness=3, tourInformation='<tourInformation>', tourLogs=[]}
2023-05-25 14:48:10.565 [http-nio-10001-exec-9] INFO  at.fhtw.tourplanner.services.tour.TourService - TourService.searchTour() - TourController.searchTour() - keyword not found: aaaaaaaaaa
2023-05-25 14:48:10.583 [http-nio-10001-exec-7] INFO  at.fhtw.tourplanner.services.tour.TourService - TourService.getTour() - tour retrieved successfully: Tour{tourId=1, name='MyTour', tourDescription='My beautiful tour 1', start='Vienna', destination='Bratislava', transportType='Car', tourDistance=80.0, estimatedTime=3358, popularity=2, childFriendliness=5, tourInformation='<tourInformation>', tourLogs=[TourLog{tourLogId=1, date='2023-05-25 12:37:47', comment='Me likes!', difficulty=1, totalTime=3480, rating=5}, TourLog{tourLogId=2, date='2023-05-25 12:37:47', comment='Me likes!', difficulty=1, totalTime=3480, rating=5}, TourLog{tourLogId=3, date='2023-05-25 12:37:47', comment='Me likes!', difficulty=1, totalTime=3480, rating=5}, TourLog{tourLogId=4, date='2023-05-25 12:37:47', comment='Me likes!', difficulty=1, totalTime=3480, rating=5}]}
2023-05-25 14:48:10.621 [http-nio-10001-exec-2] INFO  at.fhtw.tourplanner.services.tour.TourService - TourService.getTourList() - tourListEntries retrieved successfully: [TourListEntry{tourId=1, name='MyTour'}, TourListEntry{tourId=2, name='MyTour'}, TourListEntry{tourId=3, name='MyTour'}, TourListEntry{tourId=4, name='Vienna-Bratislava tour'}]
2023-05-25 14:48:10.643 [http-nio-10001-exec-1] INFO  at.fhtw.tourplanner.services.tour.TourService - TourService.getTour() - tour retrieved successfully: Tour{tourId=1, name='MyTour', tourDescription='My beautiful tour 1', start='Vienna', destination='Bratislava', transportType='Car', tourDistance=80.0, estimatedTime=3358, popularity=2, childFriendliness=5, tourInformation='<tourInformation>', tourLogs=[TourLog{tourLogId=1, date='2023-05-25 12:37:47', comment='Me likes!', difficulty=1, totalTime=3480, rating=5}, TourLog{tourLogId=2, date='2023-05-25 12:37:47', comment='Me likes!', difficulty=1, totalTime=3480, rating=5}, TourLog{tourLogId=3, date='2023-05-25 12:37:47', comment='Me likes!', difficulty=1, totalTime=3480, rating=5}, TourLog{tourLogId=4, date='2023-05-25 12:37:47', comment='Me likes!', difficulty=1, totalTime=3480, rating=5}]}
2023-05-25 14:48:11.512 [http-nio-10001-exec-8] INFO  at.fhtw.tourplanner.services.tour.TourService - TourService.updateTour() - tour updated successfully: Tour{tourId=1, name='MyTour', tourDescription='New description', start='Vienna', destination='Wien Mitte', transportType='Car', tourDistance=1.6, estimatedTime=220, popularity=2, childFriendliness=5, tourInformation='<tourInformation>', tourLogs=[TourLog{tourLogId=1, date='2023-05-25 12:37:47', comment='Me likes!', difficulty=1, totalTime=3480, rating=5}, TourLog{tourLogId=2, date='2023-05-25 12:37:47', comment='Me likes!', difficulty=1, totalTime=3480, rating=5}, TourLog{tourLogId=3, date='2023-05-25 12:37:47', comment='Me likes!', difficulty=1, totalTime=3480, rating=5}, TourLog{tourLogId=4, date='2023-05-25 12:37:47', comment='Me likes!', difficulty=1, totalTime=3480, rating=5}]}
2023-05-25 14:48:11.587 [http-nio-10001-exec-3] INFO  at.fhtw.tourplanner.services.tour.TourService - TourService.deleteTour() - tour deleted successfully: 1
2023-05-25 14:48:11.594 [http-nio-10001-exec-6] INFO  at.fhtw.tourplanner.services.tour.TourService - TourService.getTour() - TourController.getTour() - tourId not found: 1
2023-05-25 14:48:12.577 [http-nio-10001-exec-4] INFO  at.fhtw.tourplanner.services.tour.TourService - TourService.createTour() - tour created successfully: Tour{tourId=5, name='Vienna-Bratislava tour', tourDescription='Vienna-Bratislava (car)', start='Vienna', destination='Bratislava', transportType='car', tourDistance=80.8, estimatedTime=3375, popularity=1, childFriendliness=3, tourInformation='<tourInformation>', tourLogs=null}
2023-05-25 14:48:12.599 [http-nio-10001-exec-10] INFO  at.fhtw.tourplanner.services.tourLog.TourLogService - TourLogService.getTourLogs() - tourLogs retrieved successfully: []
2023-05-25 14:48:12.619 [http-nio-10001-exec-5] INFO  at.fhtw.tourplanner.services.tourLog.TourLogService - TourLogService.getTourLogs() - tourLogs retrieved successfully: [TourLog{tourLogId=5, date='2023-05-25 12:37:47', comment='Me likes!', difficulty=1, totalTime=3480, rating=5}, TourLog{tourLogId=6, date='2023-05-25 12:37:47', comment='Me likes!', difficulty=1, totalTime=3480, rating=5}]
2023-05-25 14:48:12.638 [http-nio-10001-exec-9] INFO  at.fhtw.tourplanner.services.tourLog.TourLogService - TourLogService.createTourLog() - tourLog created successfully: TourLog{tourLogId=7, date='2023-05-25 14:48:12', comment='My comment', difficulty=3, totalTime=8500, rating=2}
2023-05-25 14:48:12.653 [http-nio-10001-exec-7] INFO  at.fhtw.tourplanner.services.tourLog.TourLogService - TourLogService.createTourLog() - tourLog created successfully: TourLog{tourLogId=8, date='2023-05-25 14:48:12', comment='My comment', difficulty=3, totalTime=8500, rating=2}
2023-05-25 14:48:12.666 [http-nio-10001-exec-2] INFO  at.fhtw.tourplanner.services.tourLog.TourLogService - TourLogService.getTourLogs() - tourLogs retrieved successfully: [TourLog{tourLogId=7, date='2023-05-25 14:48:12', comment='My comment', difficulty=3, totalTime=8500, rating=2}, TourLog{tourLogId=8, date='2023-05-25 14:48:12', comment='My comment', difficulty=3, totalTime=8500, rating=2}]
2023-05-25 14:48:12.672 [http-nio-10001-exec-1] INFO  at.fhtw.tourplanner.services.tourLog.TourLogService - TourLogService.getTourLog() - TourLogController.getTourLog() - tourLogId not found: 1
2023-05-25 14:48:12.677 [http-nio-10001-exec-8] INFO  at.fhtw.tourplanner.services.tourLog.TourLogService - TourLogService.getTourLog() - TourLogController.getTourLog() - tourLogId not found: 2
2023-05-25 14:48:12.682 [http-nio-10001-exec-3] INFO  at.fhtw.tourplanner.services.tourLog.TourLogService - TourLogService.getTourLog() - TourLogController.getTourLog() - tourLogId not found: 10
2023-05-25 14:48:12.688 [http-nio-10001-exec-6] INFO  at.fhtw.tourplanner.services.tourLog.TourLogService - TourLogService.updateTourLog() - TourLogController.updateTourLog() - tourLogId not found: 1
2023-05-25 14:48:12.699 [http-nio-10001-exec-4] INFO  at.fhtw.tourplanner.services.tourLog.TourLogService - TourLogService.getTourLogs() - tourLogs retrieved successfully: [TourLog{tourLogId=7, date='2023-05-25 14:48:12', comment='My comment', difficulty=3, totalTime=8500, rating=2}, TourLog{tourLogId=8, date='2023-05-25 14:48:12', comment='My comment', difficulty=3, totalTime=8500, rating=2}]
2023-05-25 14:48:12.706 [http-nio-10001-exec-10] INFO  at.fhtw.tourplanner.services.tourLog.TourLogService - TourLogService.deleteTourLog() - TourLogController.deleteTourLog() - tourLogId not found: 1
2023-05-25 14:48:12.711 [http-nio-10001-exec-5] INFO  at.fhtw.tourplanner.services.tourLog.TourLogService - TourLogService.getTourLog() - TourLogController.getTourLog() - tourLogId not found: 1
2023-05-25 14:48:12.723 [http-nio-10001-exec-9] INFO  at.fhtw.tourplanner.services.tourLog.TourLogService - TourLogService.getTourLogs() - tourLogs retrieved successfully: [TourLog{tourLogId=7, date='2023-05-25 14:48:12', comment='My comment', difficulty=3, totalTime=8500, rating=2}, TourLog{tourLogId=8, date='2023-05-25 14:48:12', comment='My comment', difficulty=3, totalTime=8500, rating=2}]
2023-05-25 14:48:12.757 [http-nio-10001-exec-7] INFO  at.fhtw.tourplanner.services.dataTransfer.DataTransferService - DataTransferService.exportTours() - tours exported successfully: [Tour{tourId=2, name='MyTour', tourDescription='My beautiful tour 2', start='Vienna', destination='Bratislava', transportType='Car', tourDistance=80.0, estimatedTime=3358, popularity=1, childFriendliness=3, tourInformation='<tourInformation>', tourLogs=[TourLog{tourLogId=7, date='2023-05-25 14:48:12', comment='My comment', difficulty=3, totalTime=8500, rating=2}, TourLog{tourLogId=8, date='2023-05-25 14:48:12', comment='My comment', difficulty=3, totalTime=8500, rating=2}]}, Tour{tourId=3, name='MyTour', tourDescription='My beautiful tour 3', start='Vienna', destination='Bratislava', transportType='Car', tourDistance=80.0, estimatedTime=3358, popularity=1, childFriendliness=5, tourInformation='<tourInformation>', tourLogs=[TourLog{tourLogId=5, date='2023-05-25 12:37:47', comment='Me likes!', difficulty=1, totalTime=3480, rating=5}, TourLog{tourLogId=6, date='2023-05-25 12:37:47', comment='Me likes!', difficulty=1, totalTime=3480, rating=5}]}, Tour{tourId=4, name='Vienna-Bratislava tour', tourDescription='Vienna-Bratislava (car)', start='Vienna', destination='Bratislava', transportType='car', tourDistance=80.8, estimatedTime=3375, popularity=1, childFriendliness=3, tourInformation='<tourInformation>', tourLogs=[]}, Tour{tourId=5, name='Vienna-Bratislava tour', tourDescription='Vienna-Bratislava (car)', start='Vienna', destination='Bratislava', transportType='car', tourDistance=80.8, estimatedTime=3375, popularity=1, childFriendliness=3, tourInformation='<tourInformation>', tourLogs=[]}]
2023-05-25 14:48:42.738 [SpringApplicationShutdownHook] INFO  org.springframework.orm.jpa.LocalContainerEntityManagerFactoryBean - Closing JPA EntityManagerFactory for persistence unit 'default'
2023-05-25 14:48:42.741 [SpringApplicationShutdownHook] INFO  org.hibernate.tool.schema.internal.SchemaDropperImpl$DelayedDropActionImpl - HHH000477: Starting delayed evictData of schema as part of SessionFactory shut-down'
2023-05-25 14:48:42.766 [SpringApplicationShutdownHook] INFO  com.zaxxer.hikari.HikariDataSource - HikariPool-1 - Shutdown initiated...
2023-05-25 14:48:42.770 [SpringApplicationShutdownHook] INFO  com.zaxxer.hikari.HikariDataSource - HikariPool-1 - Shutdown completed.
