2023-06-06 20:00:16.461 [main] ERROR at.fhtw.tourplanner.utils.ApplicationFileParser - ApplicationFileParser.parseApiKey() - src\main\resources\application.yml (Das System kann die angegebene Datei nicht finden)
2023-06-06 20:00:16.890 [main] INFO  at.fhtw.tourplanner.TourPlannerApplication - Starting TourPlannerApplication using Java 20.0.1 with PID 17156 (C:\Users\Felix\OneDrive - FH Technikum Wien\BIF\4_Semester\SWEN2\Projekte\TourPlanner_felix\Source\Server\target\classes started by Felix in C:\Users\Felix\OneDrive - FH Technikum Wien\BIF\4_Semester\SWEN2\Projekte\TourPlanner_felix\Source\Server)
2023-06-06 20:00:16.893 [main] INFO  at.fhtw.tourplanner.TourPlannerApplication - No active profile set, falling back to 1 default profile: "default"
2023-06-06 20:00:17.485 [main] INFO  org.springframework.data.repository.config.RepositoryConfigurationDelegate - Bootstrapping Spring Data JPA repositories in DEFAULT mode.
2023-06-06 20:00:17.542 [main] INFO  org.springframework.data.repository.config.RepositoryConfigurationDelegate - Finished Spring Data repository scanning in 48 ms. Found 2 JPA repository interfaces.
2023-06-06 20:00:18.000 [main] INFO  org.springframework.boot.web.embedded.tomcat.TomcatWebServer - Tomcat initialized with port(s): 8080 (http)
2023-06-06 20:00:18.010 [main] INFO  org.apache.coyote.http11.Http11NioProtocol - Initializing ProtocolHandler ["http-nio-8080"]
2023-06-06 20:00:18.011 [main] INFO  org.apache.catalina.core.StandardService - Starting service [Tomcat]
2023-06-06 20:00:18.011 [main] INFO  org.apache.catalina.core.StandardEngine - Starting Servlet engine: [Apache Tomcat/10.1.8]
2023-06-06 20:00:18.086 [main] INFO  org.apache.catalina.core.ContainerBase.[Tomcat].[localhost].[/] - Initializing Spring embedded WebApplicationContext
2023-06-06 20:00:18.086 [main] INFO  org.springframework.boot.web.servlet.context.ServletWebServerApplicationContext - Root WebApplicationContext: initialization completed in 1158 ms
2023-06-06 20:00:18.141 [main] WARN  org.springframework.boot.web.servlet.context.AnnotationConfigServletWebServerApplicationContext - Exception encountered during context initialization - cancelling refresh attempt: org.springframework.beans.factory.UnsatisfiedDependencyException: Error creating bean with name 'dataSourceScriptDatabaseInitializer' defined in class path resource [org/springframework/boot/autoconfigure/sql/init/DataSourceInitializationConfiguration.class]: Unsatisfied dependency expressed through method 'dataSourceScriptDatabaseInitializer' parameter 0: Error creating bean with name 'dataSource' defined in class path resource [org/springframework/boot/autoconfigure/jdbc/DataSourceConfiguration$Hikari.class]: Failed to instantiate [com.zaxxer.hikari.HikariDataSource]: Factory method 'dataSource' threw exception with message: Failed to determine a suitable driver class
2023-06-06 20:00:18.144 [main] INFO  org.apache.catalina.core.StandardService - Stopping service [Tomcat]
2023-06-06 20:00:18.159 [main] INFO  org.springframework.boot.autoconfigure.logging.ConditionEvaluationReportLogger - 

Error starting ApplicationContext. To display the condition evaluation report re-run your application with 'debug' enabled.
2023-06-06 20:00:18.174 [main] ERROR org.springframework.boot.diagnostics.LoggingFailureAnalysisReporter - 

***************************
APPLICATION FAILED TO START
***************************

Description:

Failed to configure a DataSource: 'url' attribute is not specified and no embedded datasource could be configured.

Reason: Failed to determine a suitable driver class


Action:

Consider the following:
	If you want an embedded database (H2, HSQL or Derby), please put it on the classpath.
	If you have database settings to be loaded from a particular profile you may need to activate it (no profiles are currently active).

2023-06-06 20:01:48.535 [main] INFO  at.fhtw.tourplanner.TourPlannerApplication - Starting TourPlannerApplication using Java 20.0.1 with PID 14844 (C:\Users\Felix\OneDrive - FH Technikum Wien\BIF\4_Semester\SWEN2\Projekte\TourPlanner_felix\Source\Server\target\classes started by Felix in C:\Users\Felix\OneDrive - FH Technikum Wien\BIF\4_Semester\SWEN2\Projekte\TourPlanner_felix\Source\Server)
2023-06-06 20:01:48.542 [main] INFO  at.fhtw.tourplanner.TourPlannerApplication - No active profile set, falling back to 1 default profile: "default"
2023-06-06 20:01:49.085 [main] INFO  org.springframework.data.repository.config.RepositoryConfigurationDelegate - Bootstrapping Spring Data JPA repositories in DEFAULT mode.
2023-06-06 20:01:49.144 [main] INFO  org.springframework.data.repository.config.RepositoryConfigurationDelegate - Finished Spring Data repository scanning in 49 ms. Found 2 JPA repository interfaces.
2023-06-06 20:01:49.608 [main] INFO  org.springframework.boot.web.embedded.tomcat.TomcatWebServer - Tomcat initialized with port(s): 10001 (http)
2023-06-06 20:01:49.615 [main] INFO  org.apache.coyote.http11.Http11NioProtocol - Initializing ProtocolHandler ["http-nio-10001"]
2023-06-06 20:01:49.616 [main] INFO  org.apache.catalina.core.StandardService - Starting service [Tomcat]
2023-06-06 20:01:49.616 [main] INFO  org.apache.catalina.core.StandardEngine - Starting Servlet engine: [Apache Tomcat/10.1.8]
2023-06-06 20:01:49.694 [main] INFO  org.apache.catalina.core.ContainerBase.[Tomcat].[localhost].[/] - Initializing Spring embedded WebApplicationContext
2023-06-06 20:01:49.694 [main] INFO  org.springframework.boot.web.servlet.context.ServletWebServerApplicationContext - Root WebApplicationContext: initialization completed in 1113 ms
2023-06-06 20:01:49.852 [main] INFO  org.hibernate.jpa.internal.util.LogHelper - HHH000204: Processing PersistenceUnitInfo [name: default]
2023-06-06 20:01:49.914 [main] INFO  org.hibernate.Version - HHH000412: Hibernate ORM core version 6.1.7.Final
2023-06-06 20:01:50.187 [main] INFO  com.zaxxer.hikari.HikariDataSource - HikariPool-1 - Starting...
2023-06-06 20:01:50.385 [main] INFO  com.zaxxer.hikari.pool.HikariPool - HikariPool-1 - Added connection org.postgresql.jdbc.PgConnection@5d37aa0f
2023-06-06 20:01:50.386 [main] INFO  com.zaxxer.hikari.HikariDataSource - HikariPool-1 - Start completed.
2023-06-06 20:01:50.458 [main] INFO  SQL dialect - HHH000400: Using dialect: org.hibernate.dialect.PostgreSQLDialect
2023-06-06 20:01:51.340 [main] WARN  org.hibernate.engine.jdbc.spi.SqlExceptionHelper - SQL Warning Code: 0, SQLState: 00000
2023-06-06 20:01:51.341 [main] WARN  org.hibernate.engine.jdbc.spi.SqlExceptionHelper - Relation »tour_logs« existiert nicht, wird übersprungen
2023-06-06 20:01:51.342 [main] WARN  org.hibernate.engine.jdbc.spi.SqlExceptionHelper - SQL Warning Code: 0, SQLState: 00000
2023-06-06 20:01:51.343 [main] WARN  org.hibernate.engine.jdbc.spi.SqlExceptionHelper - Tabelle »tour_logs« existiert nicht, wird übersprungen
2023-06-06 20:01:51.343 [main] WARN  org.hibernate.engine.jdbc.spi.SqlExceptionHelper - SQL Warning Code: 0, SQLState: 00000
2023-06-06 20:01:51.343 [main] WARN  org.hibernate.engine.jdbc.spi.SqlExceptionHelper - Tabelle »tours« existiert nicht, wird übersprungen
2023-06-06 20:01:51.344 [main] WARN  org.hibernate.engine.jdbc.spi.SqlExceptionHelper - SQL Warning Code: 0, SQLState: 00000
2023-06-06 20:01:51.344 [main] WARN  org.hibernate.engine.jdbc.spi.SqlExceptionHelper - Sequenz »tour_logs_seq« existiert nicht, wird übersprungen
2023-06-06 20:01:51.344 [main] WARN  org.hibernate.engine.jdbc.spi.SqlExceptionHelper - SQL Warning Code: 0, SQLState: 00000
2023-06-06 20:01:51.344 [main] WARN  org.hibernate.engine.jdbc.spi.SqlExceptionHelper - Sequenz »tours_seq« existiert nicht, wird übersprungen
2023-06-06 20:01:51.396 [main] INFO  org.hibernate.engine.transaction.jta.platform.internal.JtaPlatformInitiator - HHH000490: Using JtaPlatform implementation: [org.hibernate.engine.transaction.jta.platform.internal.NoJtaPlatform]
2023-06-06 20:01:51.407 [main] INFO  org.springframework.orm.jpa.LocalContainerEntityManagerFactoryBean - Initialized JPA EntityManagerFactory for persistence unit 'default'
2023-06-06 20:01:51.925 [main] WARN  org.springframework.boot.autoconfigure.orm.jpa.JpaBaseConfiguration$JpaWebConfiguration - spring.jpa.open-in-view is enabled by default. Therefore, database queries may be performed during view rendering. Explicitly configure spring.jpa.open-in-view to disable this warning
2023-06-06 20:01:52.242 [main] INFO  org.apache.coyote.http11.Http11NioProtocol - Starting ProtocolHandler ["http-nio-10001"]
2023-06-06 20:01:52.255 [main] INFO  org.springframework.boot.web.embedded.tomcat.TomcatWebServer - Tomcat started on port(s): 10001 (http) with context path ''
2023-06-06 20:01:52.262 [main] INFO  at.fhtw.tourplanner.TourPlannerApplication - Started TourPlannerApplication in 4.058 seconds (process running for 5.189)
2023-06-06 20:02:23.973 [http-nio-10001-exec-1] INFO  org.apache.catalina.core.ContainerBase.[Tomcat].[localhost].[/] - Initializing Spring DispatcherServlet 'dispatcherServlet'
2023-06-06 20:02:23.974 [http-nio-10001-exec-1] INFO  org.springframework.web.servlet.DispatcherServlet - Initializing Servlet 'dispatcherServlet'
2023-06-06 20:02:23.974 [http-nio-10001-exec-1] INFO  org.springframework.web.servlet.DispatcherServlet - Completed initialization in 0 ms
2023-06-06 20:02:24.109 [http-nio-10001-exec-1] INFO  at.fhtw.tourplanner.services.dataTransfer.DataTransferService - DataTransferService.exportTours() - DataTransferController.exportTours() - no content
2023-06-06 20:02:24.167 [http-nio-10001-exec-4] INFO  at.fhtw.tourplanner.services.tour.TourService - TourService.getTour() - TourController.getTour() - tourId not found: 1
2023-06-06 20:03:08.592 [http-nio-10001-exec-5] INFO  at.fhtw.tourplanner.services.dataTransfer.DataTransferService - DataTransferService.exportTours() - DataTransferController.exportTours() - no content
2023-06-06 20:03:08.620 [http-nio-10001-exec-6] INFO  at.fhtw.tourplanner.services.tour.TourService - TourService.getTour() - TourController.getTour() - tourId not found: 1
2023-06-06 20:05:07.030 [http-nio-10001-exec-2] INFO  at.fhtw.tourplanner.services.tour.TourService - TourService.getTourList() - TourController.getTourList() - no content
2023-06-06 20:05:14.205 [http-nio-10001-exec-10] INFO  at.fhtw.tourplanner.services.dataTransfer.DataTransferService - DataTransferService.exportTours() - DataTransferController.exportTours() - no content
2023-06-06 20:05:14.220 [http-nio-10001-exec-1] INFO  at.fhtw.tourplanner.services.tour.TourService - TourService.getTour() - TourController.getTour() - tourId not found: 1
2023-06-06 20:05:14.235 [http-nio-10001-exec-4] INFO  at.fhtw.tourplanner.services.dataTransfer.DataTransferService - DataTransferService.exportTours() - DataTransferController.exportTours() - no content
2023-06-06 20:05:14.248 [http-nio-10001-exec-7] INFO  at.fhtw.tourplanner.services.dataTransfer.DataTransferService - DataTransferService.exportTours() - DataTransferController.exportTours() - no content
2023-06-06 20:05:16.487 [http-nio-10001-exec-9] INFO  at.fhtw.tourplanner.services.tour.TourService - TourService.createTour() - tour created successfully: Tour{tourId=1, name='Vienna-Bratislava tour', tourDescription='Vienna-Bratislava (car)', start='Vienna', destination='Bratislava', transportType='car', tourDistance=80.3, estimatedTime=3302, popularity=1, childFriendliness=3, tourInformation='<tourInformation>', tourLogs=null}
2023-06-06 20:05:16.543 [http-nio-10001-exec-5] INFO  at.fhtw.tourplanner.services.tour.TourService - TourService.getTour() - TourController.getTour() - tourId not found: 2
2023-06-06 20:05:16.592 [http-nio-10001-exec-6] INFO  at.fhtw.tourplanner.services.tour.TourService - TourService.searchTour() - TourController.searchTour() - keyword not found: aaaaaaaaaa
2023-06-06 20:05:16.611 [http-nio-10001-exec-8] INFO  at.fhtw.tourplanner.services.tour.TourService - TourService.getTour() - tour retrieved successfully: Tour{tourId=1, name='Vienna-Bratislava tour', tourDescription='Vienna-Bratislava (car)', start='Vienna', destination='Bratislava', transportType='car', tourDistance=80.3, estimatedTime=3302, popularity=1, childFriendliness=3, tourInformation='<tourInformation>', tourLogs=[]}
2023-06-06 20:05:16.644 [http-nio-10001-exec-3] INFO  at.fhtw.tourplanner.services.tour.TourService - TourService.getTourList() - tourListEntries retrieved successfully: [TourListEntry{tourId=1, name='Vienna-Bratislava tour'}]
2023-06-06 20:05:16.683 [http-nio-10001-exec-2] INFO  at.fhtw.tourplanner.services.tour.TourService - TourService.getTour() - tour retrieved successfully: Tour{tourId=1, name='Vienna-Bratislava tour', tourDescription='Vienna-Bratislava (car)', start='Vienna', destination='Bratislava', transportType='car', tourDistance=80.3, estimatedTime=3302, popularity=1, childFriendliness=3, tourInformation='<tourInformation>', tourLogs=[]}
2023-06-06 20:05:17.534 [http-nio-10001-exec-10] INFO  at.fhtw.tourplanner.services.tour.TourService - TourService.updateTour() - tour updated successfully: Tour{tourId=1, name='Vienna-Bratislava tour', tourDescription='New description', start='Vienna', destination='Wien Mitte', transportType='car', tourDistance=1.6, estimatedTime=209, popularity=1, childFriendliness=3, tourInformation='<tourInformation>', tourLogs=[]}
2023-06-06 20:05:17.578 [http-nio-10001-exec-1] INFO  at.fhtw.tourplanner.services.tour.TourService - TourService.deleteTour() - tour deleted successfully: 1
2023-06-06 20:05:17.584 [http-nio-10001-exec-4] INFO  at.fhtw.tourplanner.services.tour.TourService - TourService.getTour() - TourController.getTour() - tourId not found: 1
2023-06-06 20:05:18.935 [http-nio-10001-exec-7] INFO  at.fhtw.tourplanner.services.tour.TourService - TourService.createTour() - tour created successfully: Tour{tourId=2, name='Vienna-Bratislava tour', tourDescription='Vienna-Bratislava (car)', start='Vienna', destination='Bratislava', transportType='car', tourDistance=80.3, estimatedTime=3302, popularity=1, childFriendliness=3, tourInformation='<tourInformation>', tourLogs=null}
2023-06-06 20:05:18.957 [http-nio-10001-exec-9] INFO  at.fhtw.tourplanner.services.tourLog.TourLogService - TourLogService.getTourLogs() - TourLogController.getTourLogs() - no content
2023-06-06 20:05:18.964 [http-nio-10001-exec-5] INFO  at.fhtw.tourplanner.services.tourLog.TourLogService - TourLogService.getTourLogs() - TourLogController.getTourLogs() - tourId not found: 3
2023-06-06 20:05:18.984 [http-nio-10001-exec-6] INFO  at.fhtw.tourplanner.services.tourLog.TourLogService - TourLogService.createTourLog() - tourLog created successfully: TourLog{tourLogId=1, date='2023-06-06 20:05:18', comment='My comment', difficulty=3, totalTime=8500, rating=2}
2023-06-06 20:05:19.004 [http-nio-10001-exec-8] INFO  at.fhtw.tourplanner.services.tourLog.TourLogService - TourLogService.createTourLog() - tourLog created successfully: TourLog{tourLogId=2, date='2023-06-06 20:05:18', comment='My comment', difficulty=3, totalTime=8500, rating=2}
2023-06-06 20:05:19.018 [http-nio-10001-exec-3] INFO  at.fhtw.tourplanner.services.tourLog.TourLogService - TourLogService.getTourLogs() - tourLogs retrieved successfully: [TourLog{tourLogId=1, date='2023-06-06 20:05:18', comment='My comment', difficulty=3, totalTime=8500, rating=2}, TourLog{tourLogId=2, date='2023-06-06 20:05:18', comment='My comment', difficulty=3, totalTime=8500, rating=2}]
2023-06-06 20:05:19.033 [http-nio-10001-exec-2] INFO  at.fhtw.tourplanner.services.tourLog.TourLogService - TourLogService.getTourLog() - tourLog retrieved successfully: TourLog{tourLogId=1, date='2023-06-06 20:05:18', comment='My comment', difficulty=3, totalTime=8500, rating=2}
2023-06-06 20:05:19.047 [http-nio-10001-exec-10] INFO  at.fhtw.tourplanner.services.tourLog.TourLogService - TourLogService.getTourLog() - tourLog retrieved successfully: TourLog{tourLogId=2, date='2023-06-06 20:05:18', comment='My comment', difficulty=3, totalTime=8500, rating=2}
2023-06-06 20:05:19.053 [http-nio-10001-exec-1] INFO  at.fhtw.tourplanner.services.tourLog.TourLogService - TourLogService.getTourLog() - TourLogController.getTourLog() - tourLogId not found: 10
2023-06-06 20:05:19.067 [http-nio-10001-exec-4] INFO  at.fhtw.tourplanner.services.tourLog.TourLogService - TourLogService.updateTourLog() - tourLog updated successfully: TourLog{tourLogId=1, date='2023-06-06 20:05:19', comment='New comment', difficulty=3, totalTime=8500, rating=2}
2023-06-06 20:05:19.079 [http-nio-10001-exec-7] INFO  at.fhtw.tourplanner.services.tourLog.TourLogService - TourLogService.getTourLogs() - tourLogs retrieved successfully: [TourLog{tourLogId=2, date='2023-06-06 20:05:18', comment='My comment', difficulty=3, totalTime=8500, rating=2}, TourLog{tourLogId=1, date='2023-06-06 20:05:19', comment='New comment', difficulty=3, totalTime=8500, rating=2}]
2023-06-06 20:05:19.095 [http-nio-10001-exec-9] INFO  at.fhtw.tourplanner.services.tourLog.TourLogService - TourLogService.deleteTourLog() - tourLog deleted successfully: 1
2023-06-06 20:05:19.103 [http-nio-10001-exec-5] INFO  at.fhtw.tourplanner.services.tourLog.TourLogService - TourLogService.getTourLog() - TourLogController.getTourLog() - tourLogId not found: 1
2023-06-06 20:05:19.119 [http-nio-10001-exec-6] INFO  at.fhtw.tourplanner.services.tourLog.TourLogService - TourLogService.getTourLogs() - tourLogs retrieved successfully: [TourLog{tourLogId=2, date='2023-06-06 20:05:18', comment='My comment', difficulty=3, totalTime=8500, rating=2}]
2023-06-06 20:05:19.138 [http-nio-10001-exec-8] INFO  at.fhtw.tourplanner.services.dataTransfer.DataTransferService - DataTransferService.exportTours() - tours exported successfully: [Tour{tourId=2, name='Vienna-Bratislava tour', tourDescription='Vienna-Bratislava (car)', start='Vienna', destination='Bratislava', transportType='car', tourDistance=80.3, estimatedTime=3302, popularity=1, childFriendliness=3, tourInformation='<tourInformation>', tourLogs=[TourLog{tourLogId=2, date='2023-06-06 20:05:18', comment='My comment', difficulty=3, totalTime=8500, rating=2}]}]
2023-06-06 20:05:48.925 [http-nio-10001-exec-4] INFO  at.fhtw.tourplanner.services.dataTransfer.DataTransferService - DataTransferService.exportTours() - tours exported successfully: [Tour{tourId=2, name='Vienna-Bratislava tour', tourDescription='Vienna-Bratislava (car)', start='Vienna', destination='Bratislava', transportType='car', tourDistance=80.3, estimatedTime=3302, popularity=1, childFriendliness=3, tourInformation='<tourInformation>', tourLogs=[TourLog{tourLogId=2, date='2023-06-06 20:05:18', comment='My comment', difficulty=3, totalTime=8500, rating=2}]}]
2023-06-06 20:05:49.504 [http-nio-10001-exec-7] INFO  at.fhtw.tourplanner.services.tour.TourService - TourService.getTour() - TourController.getTour() - tourId not found: 1
2023-06-06 20:05:49.518 [http-nio-10001-exec-9] INFO  at.fhtw.tourplanner.services.dataTransfer.DataTransferService - DataTransferService.exportTours() - tours exported successfully: [Tour{tourId=2, name='Vienna-Bratislava tour', tourDescription='Vienna-Bratislava (car)', start='Vienna', destination='Bratislava', transportType='car', tourDistance=80.3, estimatedTime=3302, popularity=1, childFriendliness=3, tourInformation='<tourInformation>', tourLogs=[TourLog{tourLogId=2, date='2023-06-06 20:05:18', comment='My comment', difficulty=3, totalTime=8500, rating=2}]}]
2023-06-06 20:05:52.187 [http-nio-10001-exec-5] INFO  at.fhtw.tourplanner.services.dataTransfer.DataTransferService - DataTransferService.importTours() - tours imported successfully: [Tour{tourId=3, name='Vienna-Bratislava tour', tourDescription='Vienna-Bratislava (car)', start='Vienna', destination='Bratislava', transportType='car', tourDistance=81.7, estimatedTime=3358, popularity=1, childFriendliness=3, tourInformation='<tourInformation>', tourLogs=[TourLog{tourLogId=3, date='2023-06-06 20:05:49', comment='My comment', difficulty=3, totalTime=8500, rating=2}]}]
2023-06-06 20:05:52.216 [http-nio-10001-exec-6] INFO  at.fhtw.tourplanner.services.dataTransfer.DataTransferService - DataTransferService.exportTours() - tours exported successfully: [Tour{tourId=2, name='Vienna-Bratislava tour', tourDescription='Vienna-Bratislava (car)', start='Vienna', destination='Bratislava', transportType='car', tourDistance=80.3, estimatedTime=3302, popularity=1, childFriendliness=3, tourInformation='<tourInformation>', tourLogs=[TourLog{tourLogId=2, date='2023-06-06 20:05:18', comment='My comment', difficulty=3, totalTime=8500, rating=2}]}, Tour{tourId=3, name='Vienna-Bratislava tour', tourDescription='Vienna-Bratislava (car)', start='Vienna', destination='Bratislava', transportType='car', tourDistance=81.7, estimatedTime=3358, popularity=1, childFriendliness=3, tourInformation='<tourInformation>', tourLogs=[TourLog{tourLogId=3, date='2023-06-06 20:05:49', comment='My comment', difficulty=3, totalTime=8500, rating=2}]}]
2023-06-06 20:05:53.549 [http-nio-10001-exec-8] INFO  at.fhtw.tourplanner.services.tour.TourService - TourService.createTour() - tour created successfully: Tour{tourId=4, name='Vienna-Bratislava tour', tourDescription='Vienna-Bratislava (car)', start='Vienna', destination='Bratislava', transportType='car', tourDistance=81.7, estimatedTime=3358, popularity=1, childFriendliness=3, tourInformation='<tourInformation>', tourLogs=null}
2023-06-06 20:05:53.569 [http-nio-10001-exec-2] INFO  at.fhtw.tourplanner.services.tour.TourService - TourService.getTour() - tour retrieved successfully: Tour{tourId=2, name='Vienna-Bratislava tour', tourDescription='Vienna-Bratislava (car)', start='Vienna', destination='Bratislava', transportType='car', tourDistance=80.3, estimatedTime=3302, popularity=1, childFriendliness=3, tourInformation='<tourInformation>', tourLogs=[TourLog{tourLogId=2, date='2023-06-06 20:05:18', comment='My comment', difficulty=3, totalTime=8500, rating=2}]}
2023-06-06 20:05:53.598 [http-nio-10001-exec-3] INFO  at.fhtw.tourplanner.services.tour.TourService - TourService.searchTour() - TourController.searchTour() - keyword not found: aaaaaaaaaa
2023-06-06 20:05:53.603 [http-nio-10001-exec-10] INFO  at.fhtw.tourplanner.services.tour.TourService - TourService.getTour() - TourController.getTour() - tourId not found: 1
2023-06-06 20:05:53.626 [http-nio-10001-exec-1] INFO  at.fhtw.tourplanner.services.tour.TourService - TourService.getTourList() - tourListEntries retrieved successfully: [TourListEntry{tourId=2, name='Vienna-Bratislava tour'}, TourListEntry{tourId=3, name='Vienna-Bratislava tour'}, TourListEntry{tourId=4, name='Vienna-Bratislava tour'}]
2023-06-06 20:05:53.633 [http-nio-10001-exec-4] INFO  at.fhtw.tourplanner.services.tour.TourService - TourService.getTour() - TourController.getTour() - tourId not found: 1
2023-06-06 20:05:53.639 [http-nio-10001-exec-7] INFO  at.fhtw.tourplanner.services.tour.TourService - TourService.updateTour() - TourController.updateTour() - tourId not found: 1
2023-06-06 20:05:53.644 [http-nio-10001-exec-9] INFO  at.fhtw.tourplanner.services.tour.TourService - TourService.deleteTour() - TourController.deleteTour() - tourId not found: 1
2023-06-06 20:05:53.649 [http-nio-10001-exec-5] INFO  at.fhtw.tourplanner.services.tour.TourService - TourService.getTour() - TourController.getTour() - tourId not found: 1
2023-06-06 20:05:54.862 [http-nio-10001-exec-6] INFO  at.fhtw.tourplanner.services.tour.TourService - TourService.createTour() - tour created successfully: Tour{tourId=5, name='Vienna-Bratislava tour', tourDescription='Vienna-Bratislava (car)', start='Vienna', destination='Bratislava', transportType='car', tourDistance=81.7, estimatedTime=3358, popularity=1, childFriendliness=3, tourInformation='<tourInformation>', tourLogs=null}
2023-06-06 20:05:54.881 [http-nio-10001-exec-8] INFO  at.fhtw.tourplanner.services.tourLog.TourLogService - TourLogService.getTourLogs() - tourLogs retrieved successfully: [TourLog{tourLogId=2, date='2023-06-06 20:05:18', comment='My comment', difficulty=3, totalTime=8500, rating=2}]
2023-06-06 20:05:54.894 [http-nio-10001-exec-2] INFO  at.fhtw.tourplanner.services.tourLog.TourLogService - TourLogService.getTourLogs() - tourLogs retrieved successfully: [TourLog{tourLogId=3, date='2023-06-06 20:05:49', comment='My comment', difficulty=3, totalTime=8500, rating=2}]
2023-06-06 20:05:54.909 [http-nio-10001-exec-3] INFO  at.fhtw.tourplanner.services.tourLog.TourLogService - TourLogService.createTourLog() - tourLog created successfully: TourLog{tourLogId=4, date='2023-06-06 20:05:54', comment='My comment', difficulty=3, totalTime=8500, rating=2}
2023-06-06 20:05:54.922 [http-nio-10001-exec-10] INFO  at.fhtw.tourplanner.services.tourLog.TourLogService - TourLogService.createTourLog() - tourLog created successfully: TourLog{tourLogId=5, date='2023-06-06 20:05:54', comment='My comment', difficulty=3, totalTime=8500, rating=2}
2023-06-06 20:05:54.934 [http-nio-10001-exec-1] INFO  at.fhtw.tourplanner.services.tourLog.TourLogService - TourLogService.getTourLogs() - tourLogs retrieved successfully: [TourLog{tourLogId=2, date='2023-06-06 20:05:18', comment='My comment', difficulty=3, totalTime=8500, rating=2}, TourLog{tourLogId=4, date='2023-06-06 20:05:54', comment='My comment', difficulty=3, totalTime=8500, rating=2}, TourLog{tourLogId=5, date='2023-06-06 20:05:54', comment='My comment', difficulty=3, totalTime=8500, rating=2}]
2023-06-06 20:05:54.940 [http-nio-10001-exec-4] INFO  at.fhtw.tourplanner.services.tourLog.TourLogService - TourLogService.getTourLog() - TourLogController.getTourLog() - tourLogId not found: 1
2023-06-06 20:05:54.950 [http-nio-10001-exec-7] INFO  at.fhtw.tourplanner.services.tourLog.TourLogService - TourLogService.getTourLog() - tourLog retrieved successfully: TourLog{tourLogId=2, date='2023-06-06 20:05:18', comment='My comment', difficulty=3, totalTime=8500, rating=2}
2023-06-06 20:05:54.957 [http-nio-10001-exec-9] INFO  at.fhtw.tourplanner.services.tourLog.TourLogService - TourLogService.getTourLog() - TourLogController.getTourLog() - tourLogId not found: 10
2023-06-06 20:05:54.962 [http-nio-10001-exec-5] INFO  at.fhtw.tourplanner.services.tourLog.TourLogService - TourLogService.updateTourLog() - TourLogController.updateTourLog() - tourLogId not found: 1
2023-06-06 20:05:54.975 [http-nio-10001-exec-6] INFO  at.fhtw.tourplanner.services.tourLog.TourLogService - TourLogService.getTourLogs() - tourLogs retrieved successfully: [TourLog{tourLogId=2, date='2023-06-06 20:05:18', comment='My comment', difficulty=3, totalTime=8500, rating=2}, TourLog{tourLogId=4, date='2023-06-06 20:05:54', comment='My comment', difficulty=3, totalTime=8500, rating=2}, TourLog{tourLogId=5, date='2023-06-06 20:05:54', comment='My comment', difficulty=3, totalTime=8500, rating=2}]
2023-06-06 20:05:54.981 [http-nio-10001-exec-8] INFO  at.fhtw.tourplanner.services.tourLog.TourLogService - TourLogService.deleteTourLog() - TourLogController.deleteTourLog() - tourLogId not found: 1
2023-06-06 20:05:54.986 [http-nio-10001-exec-2] INFO  at.fhtw.tourplanner.services.tourLog.TourLogService - TourLogService.getTourLog() - TourLogController.getTourLog() - tourLogId not found: 1
2023-06-06 20:05:54.998 [http-nio-10001-exec-3] INFO  at.fhtw.tourplanner.services.tourLog.TourLogService - TourLogService.getTourLogs() - tourLogs retrieved successfully: [TourLog{tourLogId=2, date='2023-06-06 20:05:18', comment='My comment', difficulty=3, totalTime=8500, rating=2}, TourLog{tourLogId=4, date='2023-06-06 20:05:54', comment='My comment', difficulty=3, totalTime=8500, rating=2}, TourLog{tourLogId=5, date='2023-06-06 20:05:54', comment='My comment', difficulty=3, totalTime=8500, rating=2}]
2023-06-06 20:05:55.032 [http-nio-10001-exec-10] INFO  at.fhtw.tourplanner.services.dataTransfer.DataTransferService - DataTransferService.exportTours() - tours exported successfully: [Tour{tourId=2, name='Vienna-Bratislava tour', tourDescription='Vienna-Bratislava (car)', start='Vienna', destination='Bratislava', transportType='car', tourDistance=80.3, estimatedTime=3302, popularity=2, childFriendliness=3, tourInformation='<tourInformation>', tourLogs=[TourLog{tourLogId=2, date='2023-06-06 20:05:18', comment='My comment', difficulty=3, totalTime=8500, rating=2}, TourLog{tourLogId=4, date='2023-06-06 20:05:54', comment='My comment', d